[ 2010-11-03T11:23:39+08:00 ] SQL: SHOW COLUMNS FROM think_demo [ RunTime:0.055476s ]
[ 2010-11-03T11:23:39+08:00 ] SQL: SELECT * FROM `think_demo` [ RunTime:0.000592s ]
[ 2010-11-03T11:24:35+08:00 ] SQL: SHOW COLUMNS FROM think_demo [ RunTime:0.071937s ]
[ 2010-11-03T11:24:35+08:00 ] SQL: SELECT * FROM `think_demo` [ RunTime:0.000512s ]
[ 2010-11-03T11:24:36+08:00 ] SQL: SHOW COLUMNS FROM think_demo [ RunTime:0.031104s ]
[ 2010-11-03T11:24:36+08:00 ] SQL: SELECT * FROM `think_demo` [ RunTime:0.000536s ]
[ 2010-11-03T11:24:37+08:00 ] SQL: SHOW COLUMNS FROM think_demo [ RunTime:0.031112s ]
[ 2010-11-03T11:24:37+08:00 ] SQL: SELECT * FROM `think_demo` [ RunTime:0.000511s ]
[ 2010-11-03T11:24:38+08:00 ] SQL: SHOW COLUMNS FROM think_demo [ RunTime:0.039217s ]
[ 2010-11-03T11:24:38+08:00 ] SQL: SELECT * FROM `think_demo` [ RunTime:0.000533s ]
[ 2010-11-03T11:24:38+08:00 ] SQL: SHOW COLUMNS FROM think_demo [ RunTime:0.030729s ]
[ 2010-11-03T11:24:38+08:00 ] SQL: SELECT * FROM `think_demo` [ RunTime:0.000539s ]
[ 2010-11-03T11:24:39+08:00 ] SQL: SHOW COLUMNS FROM think_demo [ RunTime:0.031649s ]
[ 2010-11-03T11:24:39+08:00 ] SQL: SELECT * FROM `think_demo` [ RunTime:0.000549s ]
[ 2010-11-03T11:24:40+08:00 ] SQL: SHOW COLUMNS FROM think_demo [ RunTime:0.032095s ]
[ 2010-11-03T11:24:40+08:00 ] SQL: SELECT * FROM `think_demo` [ RunTime:0.000507s ]
[ 2010-11-03T11:24:40+08:00 ] SQL: SHOW COLUMNS FROM think_demo [ RunTime:0.031051s ]
[ 2010-11-03T11:24:40+08:00 ] SQL: SELECT * FROM `think_demo` [ RunTime:0.000539s ]
[ 2010-11-03T11:24:57+08:00 ] SQL: SHOW COLUMNS FROM think_demo [ RunTime:0.086616s ]
[ 2010-11-03T11:24:57+08:00 ] ERR: (ThinkException) 无法加载模块Think_flowg
[ 2010-11-03T11:27:48+08:00 ] SQL: SHOW COLUMNS FROM think_demo [ RunTime:0.128356s ]
[ 2010-11-03T11:27:48+08:00 ] SQL: SELECT * FROM `think_demo` [ RunTime:0.000615s ]
[ 2010-11-03T11:28:26+08:00 ] SQL: SHOW COLUMNS FROM think_demo [ RunTime:0.030458s ]
[ 2010-11-03T11:28:26+08:00 ] SQL: SELECT * FROM `think_demo` [ RunTime:0.000521s ]
[ 2010-11-03T11:28:45+08:00 ] ERR: (ThinkException) 无法加载模块Think_flowg
[ 2010-11-03T11:28:50+08:00 ] SQL: SHOW COLUMNS FROM think_demo [ RunTime:0.032957s ]
[ 2010-11-03T11:28:50+08:00 ] SQL: SELECT * FROM `think_demo` [ RunTime:0.000533s ]
[ 2010-11-03T11:28:52+08:00 ] SQL: SHOW COLUMNS FROM think_demo [ RunTime:0.030219s ]
[ 2010-11-03T11:28:52+08:00 ] SQL: SELECT * FROM `think_demo` [ RunTime:0.000521s ]
[ 2010-11-03T11:28:53+08:00 ] SQL: SHOW COLUMNS FROM think_demo [ RunTime:0.033633s ]
[ 2010-11-03T11:28:53+08:00 ] SQL: SELECT * FROM `think_demo` [ RunTime:0.000507s ]
[ 2010-11-03T11:28:54+08:00 ] SQL: SHOW COLUMNS FROM think_demo [ RunTime:0.029019s ]
[ 2010-11-03T11:28:54+08:00 ] SQL: SELECT * FROM `think_demo` [ RunTime:0.000592s ]
[ 2010-11-03T11:28:55+08:00 ] SQL: SHOW COLUMNS FROM think_demo [ RunTime:0.041475s ]
[ 2010-11-03T11:28:55+08:00 ] ERR: (ThinkException) 无法加载模块Think_flowg
[ 2010-11-03T11:30:23+08:00 ] SQL: SHOW COLUMNS FROM think_demo [ RunTime:0.076194s ]
[ 2010-11-03T11:30:23+08:00 ] SQL: SELECT * FROM `think_demo` [ RunTime:0.000514s ]
[ 2010-11-03T11:30:26+08:00 ] SQL: SHOW COLUMNS FROM think_demo [ RunTime:0.034997s ]
[ 2010-11-03T11:30:26+08:00 ] ERR: (ThinkException) 无法加载模块Think_flowg
[ 2010-11-03T11:30:40+08:00 ] ERR: (ThinkException) 无法加载模块Think_flowg
[ 2010-11-03T11:30:43+08:00 ] SQL: SHOW COLUMNS FROM think_demo [ RunTime:0.066176s ]
[ 2010-11-03T11:30:43+08:00 ] ERR: (ThinkException) 无法加载模块Think_flowg
[ 2010-11-03T11:30:53+08:00 ] SQL: SHOW COLUMNS FROM think_demo [ RunTime:0.106054s ]
[ 2010-11-03T11:30:53+08:00 ] SQL: SELECT * FROM `think_demo` [ RunTime:0.000832s ]
[ 2010-11-03T11:31:36+08:00 ] SQL: SHOW COLUMNS FROM think_demo [ RunTime:0.047842s ]
[ 2010-11-03T11:31:36+08:00 ] SQL: SELECT * FROM `think_demo` [ RunTime:0.000504s ]
[ 2010-11-03T11:31:46+08:00 ] SQL: SHOW COLUMNS FROM think_demo [ RunTime:0.070586s ]
[ 2010-11-03T11:31:46+08:00 ] SQL: SELECT * FROM `think_demo` [ RunTime:0.000626s ]
[ 2010-11-03T11:31:48+08:00 ] SQL: SHOW COLUMNS FROM think_demo [ RunTime:0.067829s ]
[ 2010-11-03T11:31:48+08:00 ] ERR: (ThinkException) 无法加载模块Think_flowg
[ 2010-11-03T11:32:08+08:00 ] SQL: SHOW COLUMNS FROM think_demo [ RunTime:0.042529s ]
[ 2010-11-03T11:32:08+08:00 ] SQL: SELECT * FROM `think_demo` [ RunTime:0.000522s ]
[ 2010-11-03T11:32:30+08:00 ] SQL: SHOW COLUMNS FROM think_demo [ RunTime:0.027473s ]
[ 2010-11-03T11:32:30+08:00 ] SQL: SELECT * FROM `think_demo` [ RunTime:0.000511s ]
[ 2010-11-03T11:32:36+08:00 ] SQL: SHOW COLUMNS FROM think_demo [ RunTime:0.126702s ]
[ 2010-11-03T11:32:36+08:00 ] SQL: SELECT * FROM `think_demo` [ RunTime:0.000646s ]
[ 2010-11-03T11:32:47+08:00 ] SQL: SHOW COLUMNS FROM think_demo [ RunTime:0.086348s ]
[ 2010-11-03T11:32:47+08:00 ] SQL: SELECT * FROM `think_demo` [ RunTime:0.000573s ]
[ 2010-11-03T11:33:18+08:00 ] SQL: SHOW COLUMNS FROM think_demo [ RunTime:0.074448s ]
[ 2010-11-03T11:33:18+08:00 ] SQL: SELECT * FROM `think_demo` [ RunTime:0.000541s ]
[ 2010-11-03T11:33:20+08:00 ] SQL: SHOW COLUMNS FROM think_demo [ RunTime:0.064109s ]
[ 2010-11-03T11:33:20+08:00 ] ERR: (ThinkException) 无法加载模块Think_flowg
[ 2010-11-03T11:33:38+08:00 ] SQL: SHOW COLUMNS FROM think_demo [ RunTime:0.073834s ]
[ 2010-11-03T11:33:38+08:00 ] SQL: SELECT * FROM `think_demo` [ RunTime:0.000515s ]
[ 2010-11-03T11:33:41+08:00 ] SQL: SHOW COLUMNS FROM think_demo [ RunTime:0.100063s ]
[ 2010-11-03T11:33:41+08:00 ] ERR: (ThinkException) 无法加载模块Think_flowg
[ 2010-11-03T11:33:59+08:00 ] SQL: SHOW COLUMNS FROM think_demo [ RunTime:0.074778s ]
[ 2010-11-03T11:33:59+08:00 ] SQL: SELECT * FROM `think_demo` [ RunTime:0.000515s ]
[ 2010-11-03T11:34:38+08:00 ] SQL: SHOW COLUMNS FROM think_demo [ RunTime:0.034128s ]
[ 2010-11-03T11:34:38+08:00 ] SQL: SELECT * FROM `think_demo` [ RunTime:0.000642s ]
[ 2010-11-03T11:35:41+08:00 ] SQL: SHOW COLUMNS FROM think_demo [ RunTime:0.076942s ]
[ 2010-11-03T11:35:41+08:00 ] SQL: SELECT * FROM `think_demo` [ RunTime:0.000529s ]
[ 2010-11-03T11:36:08+08:00 ] SQL: SHOW COLUMNS FROM think_demo [ RunTime:0.079322s ]
[ 2010-11-03T11:36:08+08:00 ] SQL: SELECT * FROM `think_demo` [ RunTime:0.000517s ]
[ 2010-11-03T11:40:35+08:00 ] SQL: SHOW COLUMNS FROM think_demo [ RunTime:0.080267s ]
[ 2010-11-03T11:40:35+08:00 ] SQL: SELECT * FROM `think_demo` [ RunTime:0.000527s ]
[ 2010-11-03T11:40:41+08:00 ] SQL: SHOW COLUMNS FROM think_demo [ RunTime:0.080181s ]
[ 2010-11-03T11:40:41+08:00 ] SQL: SELECT * FROM `think_demo` [ RunTime:0.000523s ]
[ 2010-11-03T11:40:43+08:00 ] SQL: SHOW COLUMNS FROM think_demo [ RunTime:0.039203s ]
[ 2010-11-03T11:40:43+08:00 ] ERR: (ThinkException) 无法加载模块Think_flowg
[ 2010-11-03T11:40:52+08:00 ] ERR: (ThinkException) 无法加载模块Think_flowg
[ 2010-11-03T11:40:57+08:00 ] ERR: (ThinkException) 无法加载模块Think_flowg
[ 2010-11-03T11:40:58+08:00 ] ERR: (ThinkException) 无法加载模块Think_flowg
[ 2010-11-03T11:41:22+08:00 ] SQL: SHOW COLUMNS FROM think_demo [ RunTime:0.031769s ]
[ 2010-11-03T11:41:22+08:00 ] SQL: SELECT * FROM `think_demo` [ RunTime:0.000530s ]
[ 2010-11-03T11:41:25+08:00 ] SQL: SHOW COLUMNS FROM think_demo [ RunTime:0.268868s ]
[ 2010-11-03T11:41:25+08:00 ] ERR: (ThinkException) 无法加载模块Think_flowg
[ 2010-11-03T11:45:08+08:00 ] SQL: SHOW COLUMNS FROM think_demo [ RunTime:0.116796s ]
[ 2010-11-03T11:45:08+08:00 ] SQL: SELECT * FROM `think_demo` [ RunTime:0.000643s ]
[ 2010-11-03T11:45:15+08:00 ] SQL: SHOW COLUMNS FROM think_demo [ RunTime:0.032039s ]
[ 2010-11-03T11:45:15+08:00 ] SQL: SELECT * FROM `think_demo` [ RunTime:0.000522s ]
[ 2010-11-03T11:50:01+08:00 ] SQL: SHOW COLUMNS FROM think_demo [ RunTime:0.081863s ]
[ 2010-11-03T11:50:01+08:00 ] SQL: SELECT * FROM `think_demo` [ RunTime:0.000706s ]
[ 2010-11-03T11:50:11+08:00 ] SQL: SHOW COLUMNS FROM think_demo [ RunTime:0.043176s ]
[ 2010-11-03T11:50:11+08:00 ] SQL: SELECT * FROM `think_demo` [ RunTime:0.000571s ]
[ 2010-11-03T11:50:33+08:00 ] SQL: SHOW COLUMNS FROM think_think_flowg [ RunTime:0.032651s ]
[ 2010-11-03T11:50:33+08:00 ] SQL: SELECT * FROM `think_think_flowg` [ RunTime:0.000595s ]
[ 2010-11-03T11:50:36+08:00 ] SQL: SHOW COLUMNS FROM think_think_flowg [ RunTime:0.056110s ]
[ 2010-11-03T11:50:36+08:00 ] ERR: (ThinkException) 无法加载模块Think_flowg
[ 2010-11-03T11:53:05+08:00 ] SQL: SHOW COLUMNS FROM think_think_flowg [ RunTime:0.079481s ]
[ 2010-11-03T11:53:05+08:00 ] SQL: SELECT * FROM `think_think_flowg` [ RunTime:0.000516s ]
[ 2010-11-03T11:53:08+08:00 ] SQL: SHOW COLUMNS FROM think_think_flowg [ RunTime:0.032937s ]
[ 2010-11-03T11:53:08+08:00 ] SQL: SELECT * FROM `think_think_flowg` [ RunTime:0.000529s ]
[ 2010-11-03T11:53:17+08:00 ] SQL: SHOW COLUMNS FROM think_think_flowg [ RunTime:0.081908s ]
[ 2010-11-03T11:53:17+08:00 ] ERR: (ThinkException) 无法加载模块Think_flowg
[ 2010-11-03T11:53:42+08:00 ] SQL: SHOW COLUMNS FROM think_think_flowg [ RunTime:0.044725s ]
[ 2010-11-03T11:53:42+08:00 ] SQL: SELECT * FROM `think_think_flowg` [ RunTime:0.000624s ]
[ 2010-11-03T11:54:04+08:00 ] SQL: SHOW COLUMNS FROM think_think_flowg [ RunTime:0.077769s ]
[ 2010-11-03T11:54:04+08:00 ] SQL: SELECT * FROM `think_think_flowg` [ RunTime:0.000816s ]
[ 2010-11-03T12:06:22+08:00 ] SQL: SHOW COLUMNS FROM think_think_flowg [ RunTime:0.116016s ]
[ 2010-11-03T12:06:22+08:00 ] SQL: SELECT * FROM `think_think_flowg` [ RunTime:0.000646s ]
[ 2010-11-03T12:06:26+08:00 ] SQL: SHOW COLUMNS FROM think_think_flowg [ RunTime:0.034727s ]
[ 2010-11-03T12:06:26+08:00 ] SQL: SELECT * FROM `think_think_flowg` [ RunTime:0.000516s ]
[ 2010-11-03T20:57:35+08:00 ] SQL: SHOW COLUMNS FROM think_think_flowg [ RunTime:0.638157s ]
[ 2010-11-03T20:57:35+08:00 ] SQL: SELECT * FROM `think_think_flowg` [ RunTime:0.092763s ]
[ 2010-11-03T20:57:57+08:00 ] SQL: SHOW COLUMNS FROM think_think_flowg [ RunTime:0.008158s ]
[ 2010-11-03T20:57:57+08:00 ] SQL: SELECT * FROM `think_think_flowg` [ RunTime:0.000411s ]
[ 2010-11-03T20:58:10+08:00 ] SQL: SHOW COLUMNS FROM think_think_flowg [ RunTime:0.008081s ]
[ 2010-11-03T20:58:10+08:00 ] SQL: SELECT * FROM `think_think_flowg` [ RunTime:0.000522s ]
[ 2010-11-03T20:58:16+08:00 ] SQL: SHOW COLUMNS FROM think_think_flowg [ RunTime:0.009041s ]
[ 2010-11-03T20:58:16+08:00 ] ERR: (ThinkException) 无法加载模块Think_flowg
[ 2010-11-03T20:59:00+08:00 ] SQL: SHOW COLUMNS FROM think_think_flowg [ RunTime:0.014592s ]
[ 2010-11-03T20:59:00+08:00 ] SQL: SELECT * FROM `think_think_flowg` [ RunTime:0.000370s ]
[ 2010-11-03T20:59:14+08:00 ] SQL: SHOW COLUMNS FROM think_think_flowg [ RunTime:0.019195s ]
[ 2010-11-03T20:59:14+08:00 ] SQL: SELECT * FROM `think_think_flowg` [ RunTime:0.000897s ]
[ 2010-11-03T21:00:47+08:00 ] SQL: SHOW COLUMNS FROM think_think_flowg [ RunTime:0.007499s ]
[ 2010-11-03T21:00:47+08:00 ] SQL: SELECT * FROM `think_think_flowg` [ RunTime:0.001297s ]
[ 2010-11-03T21:04:10+08:00 ] SQL: SHOW COLUMNS FROM think_think_flowg [ RunTime:0.007513s ]
[ 2010-11-03T21:04:10+08:00 ] SQL: SELECT * FROM `think_think_flowg` [ RunTime:0.000410s ]
[ 2010-11-03T21:04:57+08:00 ] SQL: SHOW COLUMNS FROM think_think_flowg [ RunTime:0.007454s ]
[ 2010-11-03T21:04:57+08:00 ] SQL: SELECT * FROM `think_think_flowg` [ RunTime:0.001060s ]
[ 2010-11-03T21:20:36+08:00 ] SQL: SHOW COLUMNS FROM think_demo [ RunTime:0.024947s ]
[ 2010-11-03T21:20:36+08:00 ] SQL: SELECT * FROM `think_demo` [ RunTime:0.033688s ]
[ 2010-11-03T21:20:38+08:00 ] SQL: SHOW COLUMNS FROM think_demo [ RunTime:0.009080s ]
[ 2010-11-03T21:20:38+08:00 ] SQL: SELECT * FROM `think_demo` [ RunTime:0.000365s ]
[ 2010-11-03T21:20:43+08:00 ] SQL: SHOW COLUMNS FROM think_demo [ RunTime:0.006695s ]
[ 2010-11-03T21:20:43+08:00 ] SQL: SELECT * FROM `think_demo` [ RunTime:0.000485s ]
[ 2010-11-03T21:20:47+08:00 ] SQL: SHOW COLUMNS FROM think_demo [ RunTime:0.008572s ]
[ 2010-11-03T21:20:47+08:00 ] ERR: (ThinkException) 无法加载模块Think_flowg
[ 2010-11-03T21:23:44+08:00 ] SQL: SHOW COLUMNS FROM think_demo [ RunTime:0.007795s ]
[ 2010-11-03T21:23:44+08:00 ] SQL: SELECT * FROM `think_demo` [ RunTime:0.000377s ]
[ 2010-11-03T21:24:19+08:00 ] SQL: SHOW COLUMNS FROM think_demo [ RunTime:0.007271s ]
[ 2010-11-03T21:24:19+08:00 ] SQL: SELECT * FROM `think_demo` [ RunTime:0.000369s ]
[ 2010-11-03T21:27:23+08:00 ] SQL: SHOW COLUMNS FROM think_demo [ RunTime:0.007312s ]
[ 2010-11-03T21:27:23+08:00 ] SQL: SELECT * FROM `think_demo` [ RunTime:0.000386s ]
[ 2010-11-03T21:27:28+08:00 ] SQL: SHOW COLUMNS FROM think_demo [ RunTime:0.008052s ]
[ 2010-11-03T21:27:28+08:00 ] ERR: (ThinkException) 无法加载模块Think_flowg
