[ 2010-12-19T16:29:57+08:00 ] ERR: (ThinkException) 非法操作js
[ 2010-12-19T16:29:58+08:00 ] ERR: (ThinkException) 非法操作js
[ 2010-12-19T16:29:58+08:00 ] ERR: (ThinkException) 非法操作js
[ 2010-12-19T16:29:58+08:00 ] ERR: (ThinkException) 非法操作css
[ 2010-12-19T16:29:58+08:00 ] ERR: (ThinkException) 非法操作css
[ 2010-12-19T16:29:58+08:00 ] ERR: (ThinkException) 非法操作css
[ 2010-12-19T16:29:58+08:00 ] ERR: (ThinkException) 非法操作css
[ 2010-12-19T16:30:01+08:00 ] ERR: (ThinkException) 非法操作js
[ 2010-12-19T16:30:02+08:00 ] ERR: (ThinkException) 非法操作js
[ 2010-12-19T16:30:02+08:00 ] ERR: (ThinkException) 非法操作css
[ 2010-12-19T16:30:02+08:00 ] ERR: (ThinkException) 非法操作css
[ 2010-12-19T16:30:02+08:00 ] ERR: (ThinkException) 非法操作js
[ 2010-12-19T16:30:02+08:00 ] ERR: (ThinkException) 非法操作css
[ 2010-12-19T16:30:02+08:00 ] ERR: (ThinkException) 非法操作css
[ 2010-12-19T16:30:09+08:00 ] ERR: (ThinkException) 非法操作js
[ 2010-12-19T16:30:09+08:00 ] ERR: (ThinkException) 非法操作js
[ 2010-12-19T16:30:09+08:00 ] ERR: (ThinkException) 非法操作js
[ 2010-12-19T16:33:05+08:00 ] NOTIC: [8] Undefined index:  rememberme GlobalAction.class.php 第 91 行.
[ 2010-12-19T16:33:05+08:00 ] SQL: SHOW COLUMNS FROM fl_user [ RunTime:0.088277s ]
[ 2010-12-19T16:33:05+08:00 ] SQL: SELECT * FROM `fl_user` WHERE ( `userid` = 'admin' ) AND ( `password` = '21232f297a57a5a743894a0e4a801fc3' ) LIMIT 1  [ RunTime:0.046149s ]
[ 2010-12-19T16:33:05+08:00 ] SQL: UPDATE `fl_user` SET `login_time`=1292747585,`login_ip`='127.0.0.1' WHERE id=1 [ RunTime:0.000593s ]
[ 2010-12-19T16:35:43+08:00 ] SQL: SHOW COLUMNS FROM fl_user [ RunTime:0.080061s ]
[ 2010-12-19T16:35:43+08:00 ] SQL: SELECT * FROM `fl_user` WHERE userid='admin' LIMIT 1  [ RunTime:0.045310s ]
[ 2010-12-19T16:35:43+08:00 ] SQL: SELECT * FROM `fl_user` WHERE id='1' LIMIT 1  [ RunTime:0.000352s ]
[ 2010-12-19T16:35:43+08:00 ] SQL: SHOW COLUMNS FROM fl_follow [ RunTime:0.081450s ]
[ 2010-12-19T16:35:43+08:00 ] NOTIC: [8] Undefined variable: uid CommonAction.class.php 第 81 行.
[ 2010-12-19T16:35:43+08:00 ] SQL: SELECT COUNT(*) AS tp_count FROM `fl_follow` WHERE objuid= LIMIT 1  [ RunTime:0.087347s ]
[ 2010-12-19T16:35:43+08:00 ] NOTIC: [8] Undefined variable: uid CommonAction.class.php 第 82 行.
[ 2010-12-19T16:35:43+08:00 ] SQL: SELECT COUNT(*) AS tp_count FROM `fl_follow` WHERE uid= LIMIT 1  [ RunTime:0.001386s ]
[ 2010-12-19T16:35:44+08:00 ] SQL: SHOW COLUMNS FROM fl_news [ RunTime:0.097840s ]
[ 2010-12-19T16:35:44+08:00 ] SQL: SELECT * FROM `fl_news` ORDER BY id desc LIMIT 6  [ RunTime:0.049082s ]
[ 2010-12-19T16:35:44+08:00 ] SQL: SHOW COLUMNS FROM fl_topic [ RunTime:0.061261s ]
[ 2010-12-19T16:35:44+08:00 ] SQL: SELECT id,uid,count(id) as num FROM `fl_topic` GROUP BY userid ORDER BY num desc LIMIT 8  [ RunTime:0.063295s ]
[ 2010-12-19T16:35:44+08:00 ] SQL: SHOW COLUMNS FROM fl_tag [ RunTime:0.077618s ]
[ 2010-12-19T16:35:44+08:00 ] SQL: SELECT id,tagid,count(id) as count FROM `fl_topic` WHERE tagid>0 GROUP BY tagid ORDER BY count desc LIMIT 20  [ RunTime:0.086513s ]
[ 2010-12-19T16:35:44+08:00 ] SQL: SELECT * FROM `fl_tag` WHERE id='4' LIMIT 1  [ RunTime:0.000610s ]
[ 2010-12-19T16:35:44+08:00 ] SQL: SELECT * FROM `fl_tag` WHERE id='1' LIMIT 1  [ RunTime:0.000371s ]
[ 2010-12-19T16:35:44+08:00 ] SQL: SELECT * FROM `fl_tag` WHERE id='2' LIMIT 1  [ RunTime:0.000458s ]
[ 2010-12-19T16:35:44+08:00 ] SQL: SELECT * FROM `fl_tag` WHERE id='3' LIMIT 1  [ RunTime:0.000479s ]
[ 2010-12-19T16:35:44+08:00 ] SQL: SELECT * FROM `fl_tag` WHERE id='5' LIMIT 1  [ RunTime:0.000294s ]
[ 2010-12-19T16:35:44+08:00 ] SQL: SELECT * FROM `fl_tag` WHERE id='6' LIMIT 1  [ RunTime:0.000513s ]
[ 2010-12-19T16:35:44+08:00 ] SQL: SELECT * FROM `fl_tag` WHERE id='7' LIMIT 1  [ RunTime:0.000605s ]
[ 2010-12-19T16:35:44+08:00 ] SQL: SELECT *,count(id) as num FROM `fl_follow` GROUP BY objuid ORDER BY num desc LIMIT 8  [ RunTime:0.000524s ]
[ 2010-12-19T16:35:44+08:00 ] SQL: SELECT * FROM `fl_topic` WHERE ( `rootid` = 0 ) AND ( `status` = 1 ) AND ( `type` = 'first' ) ORDER BY id desc LIMIT 64  [ RunTime:0.001970s ]
[ 2010-12-19T16:35:44+08:00 ] SQL: SELECT COUNT(*) AS tp_count FROM `fl_topic` WHERE rootid=92 LIMIT 1  [ RunTime:0.000520s ]
[ 2010-12-19T16:35:44+08:00 ] SQL: SELECT `nickname` FROM `fl_user` WHERE id='1' LIMIT 1  [ RunTime:0.000309s ]
[ 2010-12-19T16:35:44+08:00 ] SQL: SELECT COUNT(*) AS tp_count FROM `fl_topic` WHERE rootid=91 LIMIT 1  [ RunTime:0.000420s ]
[ 2010-12-19T16:35:44+08:00 ] SQL: SELECT `nickname` FROM `fl_user` WHERE id='1' LIMIT 1  [ RunTime:0.000113s ]
[ 2010-12-19T16:35:44+08:00 ] SQL: SELECT COUNT(*) AS tp_count FROM `fl_topic` WHERE rootid=90 LIMIT 1  [ RunTime:0.000491s ]
[ 2010-12-19T16:35:44+08:00 ] SQL: SELECT `nickname` FROM `fl_user` WHERE id='1' LIMIT 1  [ RunTime:0.000571s ]
[ 2010-12-19T16:35:44+08:00 ] SQL: SELECT COUNT(*) AS tp_count FROM `fl_topic` WHERE rootid=89 LIMIT 1  [ RunTime:0.000606s ]
[ 2010-12-19T16:35:44+08:00 ] SQL: SELECT `nickname` FROM `fl_user` WHERE id='1' LIMIT 1  [ RunTime:0.000113s ]
[ 2010-12-19T16:35:44+08:00 ] SQL: SELECT COUNT(*) AS tp_count FROM `fl_topic` WHERE rootid=88 LIMIT 1  [ RunTime:0.000313s ]
[ 2010-12-19T16:35:44+08:00 ] SQL: SELECT `nickname` FROM `fl_user` WHERE id='1' LIMIT 1  [ RunTime:0.000106s ]
[ 2010-12-19T16:35:44+08:00 ] SQL: SELECT COUNT(*) AS tp_count FROM `fl_topic` WHERE rootid=87 LIMIT 1  [ RunTime:0.000320s ]
[ 2010-12-19T16:35:44+08:00 ] SQL: SELECT `nickname` FROM `fl_user` WHERE id='1' LIMIT 1  [ RunTime:0.000109s ]
[ 2010-12-19T16:35:44+08:00 ] SQL: SELECT COUNT(*) AS tp_count FROM `fl_topic` WHERE rootid=86 LIMIT 1  [ RunTime:0.000289s ]
[ 2010-12-19T16:35:44+08:00 ] SQL: SELECT `nickname` FROM `fl_user` WHERE id='1' LIMIT 1  [ RunTime:0.000107s ]
[ 2010-12-19T16:35:44+08:00 ] SQL: SELECT COUNT(*) AS tp_count FROM `fl_topic` WHERE rootid=85 LIMIT 1  [ RunTime:0.000275s ]
[ 2010-12-19T16:35:44+08:00 ] SQL: SELECT `nickname` FROM `fl_user` WHERE id='1' LIMIT 1  [ RunTime:0.000111s ]
[ 2010-12-19T16:35:44+08:00 ] SQL: SELECT COUNT(*) AS tp_count FROM `fl_topic` WHERE rootid=84 LIMIT 1  [ RunTime:0.000279s ]
[ 2010-12-19T16:35:44+08:00 ] SQL: SELECT `nickname` FROM `fl_user` WHERE id='1' LIMIT 1  [ RunTime:0.000115s ]
[ 2010-12-19T16:35:44+08:00 ] SQL: SELECT COUNT(*) AS tp_count FROM `fl_topic` WHERE rootid=83 LIMIT 1  [ RunTime:0.000283s ]
[ 2010-12-19T16:35:44+08:00 ] SQL: SELECT `nickname` FROM `fl_user` WHERE id='1' LIMIT 1  [ RunTime:0.000106s ]
[ 2010-12-19T16:35:44+08:00 ] SQL: SELECT COUNT(*) AS tp_count FROM `fl_topic` WHERE rootid=82 LIMIT 1  [ RunTime:0.000296s ]
[ 2010-12-19T16:35:44+08:00 ] SQL: SELECT `nickname` FROM `fl_user` WHERE id='1' LIMIT 1  [ RunTime:0.000105s ]
[ 2010-12-19T16:35:44+08:00 ] SQL: SELECT COUNT(*) AS tp_count FROM `fl_topic` WHERE rootid=81 LIMIT 1  [ RunTime:0.000357s ]
[ 2010-12-19T16:35:44+08:00 ] SQL: SELECT `nickname` FROM `fl_user` WHERE id='1' LIMIT 1  [ RunTime:0.000110s ]
[ 2010-12-19T16:35:44+08:00 ] SQL: SELECT COUNT(*) AS tp_count FROM `fl_topic` WHERE rootid=80 LIMIT 1  [ RunTime:0.000317s ]
[ 2010-12-19T16:35:44+08:00 ] SQL: SELECT `nickname` FROM `fl_user` WHERE id='1' LIMIT 1  [ RunTime:0.000105s ]
[ 2010-12-19T16:35:44+08:00 ] SQL: SELECT COUNT(*) AS tp_count FROM `fl_topic` WHERE rootid=79 LIMIT 1  [ RunTime:0.000930s ]
[ 2010-12-19T16:35:44+08:00 ] SQL: SELECT `nickname` FROM `fl_user` WHERE id='1' LIMIT 1  [ RunTime:0.000125s ]
[ 2010-12-19T16:35:44+08:00 ] SQL: SELECT COUNT(*) AS tp_count FROM `fl_topic` WHERE rootid=78 LIMIT 1  [ RunTime:0.000311s ]
[ 2010-12-19T16:35:44+08:00 ] SQL: SELECT `nickname` FROM `fl_user` WHERE id='1' LIMIT 1  [ RunTime:0.000117s ]
[ 2010-12-19T16:35:44+08:00 ] SQL: SELECT COUNT(*) AS tp_count FROM `fl_topic` WHERE rootid=77 LIMIT 1  [ RunTime:0.000290s ]
[ 2010-12-19T16:35:44+08:00 ] SQL: SELECT `nickname` FROM `fl_user` WHERE id='1' LIMIT 1  [ RunTime:0.000131s ]
[ 2010-12-19T16:35:44+08:00 ] SQL: SELECT COUNT(*) AS tp_count FROM `fl_topic` WHERE rootid=76 LIMIT 1  [ RunTime:0.000363s ]
[ 2010-12-19T16:35:44+08:00 ] SQL: SELECT `nickname` FROM `fl_user` WHERE id='1' LIMIT 1  [ RunTime:0.000107s ]
[ 2010-12-19T16:35:44+08:00 ] SQL: SELECT COUNT(*) AS tp_count FROM `fl_topic` WHERE rootid=75 LIMIT 1  [ RunTime:0.000312s ]
[ 2010-12-19T16:35:44+08:00 ] SQL: SELECT `nickname` FROM `fl_user` WHERE id='1' LIMIT 1  [ RunTime:0.000106s ]
[ 2010-12-19T16:35:44+08:00 ] SQL: SELECT COUNT(*) AS tp_count FROM `fl_topic` WHERE rootid=74 LIMIT 1  [ RunTime:0.000329s ]
[ 2010-12-19T16:35:44+08:00 ] SQL: SELECT `nickname` FROM `fl_user` WHERE id='1' LIMIT 1  [ RunTime:0.000108s ]
[ 2010-12-19T16:35:44+08:00 ] SQL: SELECT COUNT(*) AS tp_count FROM `fl_topic` WHERE rootid=73 LIMIT 1  [ RunTime:0.000291s ]
[ 2010-12-19T16:35:44+08:00 ] SQL: SELECT `nickname` FROM `fl_user` WHERE id='1' LIMIT 1  [ RunTime:0.000105s ]
[ 2010-12-19T16:35:44+08:00 ] SQL: SELECT COUNT(*) AS tp_count FROM `fl_topic` WHERE rootid=72 LIMIT 1  [ RunTime:0.000357s ]
[ 2010-12-19T16:35:44+08:00 ] SQL: SELECT `nickname` FROM `fl_user` WHERE id='1' LIMIT 1  [ RunTime:0.000169s ]
[ 2010-12-19T16:35:44+08:00 ] SQL: SELECT COUNT(*) AS tp_count FROM `fl_topic` WHERE rootid=71 LIMIT 1  [ RunTime:0.000400s ]
[ 2010-12-19T16:35:44+08:00 ] SQL: SELECT `nickname` FROM `fl_user` WHERE id='1' LIMIT 1  [ RunTime:0.000111s ]
[ 2010-12-19T16:35:44+08:00 ] SQL: SELECT COUNT(*) AS tp_count FROM `fl_topic` WHERE rootid=70 LIMIT 1  [ RunTime:0.000421s ]
[ 2010-12-19T16:35:44+08:00 ] SQL: SELECT `nickname` FROM `fl_user` WHERE id='1' LIMIT 1  [ RunTime:0.000142s ]
[ 2010-12-19T16:35:44+08:00 ] SQL: SELECT COUNT(*) AS tp_count FROM `fl_topic` WHERE rootid=69 LIMIT 1  [ RunTime:0.000676s ]
[ 2010-12-19T16:35:44+08:00 ] SQL: SELECT `nickname` FROM `fl_user` WHERE id='1' LIMIT 1  [ RunTime:0.000194s ]
[ 2010-12-19T16:35:44+08:00 ] SQL: SELECT COUNT(*) AS tp_count FROM `fl_topic` WHERE rootid=68 LIMIT 1  [ RunTime:0.000718s ]
[ 2010-12-19T16:35:44+08:00 ] SQL: SELECT `nickname` FROM `fl_user` WHERE id='1' LIMIT 1  [ RunTime:0.000156s ]
[ 2010-12-19T16:35:44+08:00 ] SQL: SELECT COUNT(*) AS tp_count FROM `fl_topic` WHERE rootid=67 LIMIT 1  [ RunTime:0.000427s ]
[ 2010-12-19T16:35:44+08:00 ] SQL: SELECT `nickname` FROM `fl_user` WHERE id='1' LIMIT 1  [ RunTime:0.000159s ]
[ 2010-12-19T16:35:44+08:00 ] SQL: SELECT COUNT(*) AS tp_count FROM `fl_topic` WHERE rootid=66 LIMIT 1  [ RunTime:0.000437s ]
[ 2010-12-19T16:35:44+08:00 ] SQL: SELECT `nickname` FROM `fl_user` WHERE id='1' LIMIT 1  [ RunTime:0.000164s ]
[ 2010-12-19T16:35:44+08:00 ] SQL: SELECT COUNT(*) AS tp_count FROM `fl_topic` WHERE rootid=65 LIMIT 1  [ RunTime:0.000384s ]
[ 2010-12-19T16:35:44+08:00 ] SQL: SELECT `nickname` FROM `fl_user` WHERE id='1' LIMIT 1  [ RunTime:0.000119s ]
[ 2010-12-19T16:35:44+08:00 ] SQL: SELECT COUNT(*) AS tp_count FROM `fl_topic` WHERE rootid=64 LIMIT 1  [ RunTime:0.000448s ]
[ 2010-12-19T16:35:44+08:00 ] SQL: SELECT `nickname` FROM `fl_user` WHERE id='1' LIMIT 1  [ RunTime:0.000212s ]
[ 2010-12-19T16:35:44+08:00 ] SQL: SELECT COUNT(*) AS tp_count FROM `fl_topic` WHERE rootid=63 LIMIT 1  [ RunTime:0.000322s ]
[ 2010-12-19T16:35:44+08:00 ] SQL: SELECT `nickname` FROM `fl_user` WHERE id='1' LIMIT 1  [ RunTime:0.000297s ]
[ 2010-12-19T16:35:44+08:00 ] SQL: SELECT COUNT(*) AS tp_count FROM `fl_topic` WHERE rootid=62 LIMIT 1  [ RunTime:0.000577s ]
[ 2010-12-19T16:35:44+08:00 ] SQL: SELECT `nickname` FROM `fl_user` WHERE id='1' LIMIT 1  [ RunTime:0.000344s ]
[ 2010-12-19T16:35:44+08:00 ] SQL: SELECT COUNT(*) AS tp_count FROM `fl_topic` WHERE rootid=61 LIMIT 1  [ RunTime:0.000675s ]
[ 2010-12-19T16:35:44+08:00 ] SQL: SELECT `nickname` FROM `fl_user` WHERE id='1' LIMIT 1  [ RunTime:0.000181s ]
[ 2010-12-19T16:35:44+08:00 ] SQL: SELECT COUNT(*) AS tp_count FROM `fl_topic` WHERE rootid=60 LIMIT 1  [ RunTime:0.000450s ]
[ 2010-12-19T16:35:44+08:00 ] SQL: SELECT `nickname` FROM `fl_user` WHERE id='1' LIMIT 1  [ RunTime:0.000123s ]
[ 2010-12-19T16:35:44+08:00 ] SQL: SELECT COUNT(*) AS tp_count FROM `fl_topic` WHERE rootid=59 LIMIT 1  [ RunTime:0.000326s ]
[ 2010-12-19T16:35:44+08:00 ] SQL: SELECT `nickname` FROM `fl_user` WHERE id='1' LIMIT 1  [ RunTime:0.000107s ]
[ 2010-12-19T16:35:44+08:00 ] SQL: SELECT COUNT(*) AS tp_count FROM `fl_topic` WHERE rootid=58 LIMIT 1  [ RunTime:0.000290s ]
[ 2010-12-19T16:35:44+08:00 ] SQL: SELECT `nickname` FROM `fl_user` WHERE id='1' LIMIT 1  [ RunTime:0.000120s ]
[ 2010-12-19T16:35:44+08:00 ] SQL: SELECT COUNT(*) AS tp_count FROM `fl_topic` WHERE rootid=57 LIMIT 1  [ RunTime:0.000301s ]
[ 2010-12-19T16:35:44+08:00 ] SQL: SELECT `nickname` FROM `fl_user` WHERE id='1' LIMIT 1  [ RunTime:0.000140s ]
[ 2010-12-19T16:35:44+08:00 ] SQL: SELECT COUNT(*) AS tp_count FROM `fl_topic` WHERE rootid=56 LIMIT 1  [ RunTime:0.000323s ]
[ 2010-12-19T16:35:44+08:00 ] SQL: SELECT `nickname` FROM `fl_user` WHERE id='1' LIMIT 1  [ RunTime:0.000126s ]
[ 2010-12-19T16:35:44+08:00 ] SQL: SELECT COUNT(*) AS tp_count FROM `fl_topic` WHERE rootid=55 LIMIT 1  [ RunTime:0.000302s ]
[ 2010-12-19T16:35:44+08:00 ] SQL: SELECT `nickname` FROM `fl_user` WHERE id='1' LIMIT 1  [ RunTime:0.000106s ]
[ 2010-12-19T16:35:44+08:00 ] SQL: SELECT COUNT(*) AS tp_count FROM `fl_topic` WHERE rootid=54 LIMIT 1  [ RunTime:0.000327s ]
[ 2010-12-19T16:35:44+08:00 ] SQL: SELECT `nickname` FROM `fl_user` WHERE id='1' LIMIT 1  [ RunTime:0.000106s ]
[ 2010-12-19T16:35:44+08:00 ] SQL: SELECT COUNT(*) AS tp_count FROM `fl_topic` WHERE rootid=53 LIMIT 1  [ RunTime:0.000355s ]
[ 2010-12-19T16:35:44+08:00 ] SQL: SELECT `nickname` FROM `fl_user` WHERE id='1' LIMIT 1  [ RunTime:0.000109s ]
[ 2010-12-19T16:35:44+08:00 ] SQL: SELECT COUNT(*) AS tp_count FROM `fl_topic` WHERE rootid=52 LIMIT 1  [ RunTime:0.000345s ]
[ 2010-12-19T16:35:44+08:00 ] SQL: SELECT `nickname` FROM `fl_user` WHERE id='1' LIMIT 1  [ RunTime:0.000110s ]
[ 2010-12-19T16:35:44+08:00 ] SQL: SELECT COUNT(*) AS tp_count FROM `fl_topic` WHERE rootid=51 LIMIT 1  [ RunTime:0.000731s ]
[ 2010-12-19T16:35:44+08:00 ] SQL: SELECT `nickname` FROM `fl_user` WHERE id='1' LIMIT 1  [ RunTime:0.000245s ]
[ 2010-12-19T16:35:44+08:00 ] SQL: SELECT COUNT(*) AS tp_count FROM `fl_topic` WHERE rootid=50 LIMIT 1  [ RunTime:0.000349s ]
[ 2010-12-19T16:35:44+08:00 ] SQL: SELECT `nickname` FROM `fl_user` WHERE id='1' LIMIT 1  [ RunTime:0.000126s ]
[ 2010-12-19T16:35:44+08:00 ] SQL: SELECT COUNT(*) AS tp_count FROM `fl_topic` WHERE rootid=49 LIMIT 1  [ RunTime:0.000309s ]
[ 2010-12-19T16:35:44+08:00 ] SQL: SELECT `nickname` FROM `fl_user` WHERE id='1' LIMIT 1  [ RunTime:0.000767s ]
[ 2010-12-19T16:35:44+08:00 ] SQL: SELECT COUNT(*) AS tp_count FROM `fl_topic` WHERE rootid=48 LIMIT 1  [ RunTime:0.000490s ]
[ 2010-12-19T16:35:44+08:00 ] SQL: SELECT `nickname` FROM `fl_user` WHERE id='1' LIMIT 1  [ RunTime:0.000114s ]
[ 2010-12-19T16:35:44+08:00 ] SQL: SELECT COUNT(*) AS tp_count FROM `fl_topic` WHERE rootid=47 LIMIT 1  [ RunTime:0.000332s ]
[ 2010-12-19T16:35:44+08:00 ] SQL: SELECT `nickname` FROM `fl_user` WHERE id='1' LIMIT 1  [ RunTime:0.000109s ]
[ 2010-12-19T16:35:44+08:00 ] SQL: SELECT COUNT(*) AS tp_count FROM `fl_topic` WHERE rootid=46 LIMIT 1  [ RunTime:0.000320s ]
[ 2010-12-19T16:35:44+08:00 ] SQL: SELECT `nickname` FROM `fl_user` WHERE id='1' LIMIT 1  [ RunTime:0.000109s ]
[ 2010-12-19T16:35:44+08:00 ] SQL: SELECT COUNT(*) AS tp_count FROM `fl_topic` WHERE rootid=45 LIMIT 1  [ RunTime:0.000392s ]
[ 2010-12-19T16:35:44+08:00 ] SQL: SELECT `nickname` FROM `fl_user` WHERE id='1' LIMIT 1  [ RunTime:0.000196s ]
[ 2010-12-19T16:35:44+08:00 ] SQL: SELECT COUNT(*) AS tp_count FROM `fl_topic` WHERE rootid=44 LIMIT 1  [ RunTime:0.000383s ]
[ 2010-12-19T16:35:44+08:00 ] SQL: SELECT `nickname` FROM `fl_user` WHERE id='1' LIMIT 1  [ RunTime:0.000108s ]
[ 2010-12-19T16:35:44+08:00 ] SQL: SELECT COUNT(*) AS tp_count FROM `fl_topic` WHERE rootid=43 LIMIT 1  [ RunTime:0.000354s ]
[ 2010-12-19T16:35:44+08:00 ] SQL: SELECT `nickname` FROM `fl_user` WHERE id='1' LIMIT 1  [ RunTime:0.000106s ]
[ 2010-12-19T16:35:44+08:00 ] SQL: SELECT COUNT(*) AS tp_count FROM `fl_topic` WHERE rootid=42 LIMIT 1  [ RunTime:0.000802s ]
[ 2010-12-19T16:35:44+08:00 ] SQL: SELECT `nickname` FROM `fl_user` WHERE id='1' LIMIT 1  [ RunTime:0.000200s ]
[ 2010-12-19T16:35:44+08:00 ] SQL: SELECT COUNT(*) AS tp_count FROM `fl_topic` WHERE rootid=41 LIMIT 1  [ RunTime:0.000543s ]
[ 2010-12-19T16:35:44+08:00 ] SQL: SELECT `nickname` FROM `fl_user` WHERE id='1' LIMIT 1  [ RunTime:0.000119s ]
[ 2010-12-19T16:35:44+08:00 ] SQL: SELECT COUNT(*) AS tp_count FROM `fl_topic` WHERE rootid=40 LIMIT 1  [ RunTime:0.000355s ]
[ 2010-12-19T16:35:44+08:00 ] SQL: SELECT `nickname` FROM `fl_user` WHERE id='1' LIMIT 1  [ RunTime:0.000114s ]
[ 2010-12-19T16:35:44+08:00 ] SQL: SELECT COUNT(*) AS tp_count FROM `fl_topic` WHERE rootid=34 LIMIT 1  [ RunTime:0.000325s ]
[ 2010-12-19T16:35:44+08:00 ] SQL: SELECT `nickname` FROM `fl_user` WHERE id='1' LIMIT 1  [ RunTime:0.000122s ]
[ 2010-12-19T16:35:44+08:00 ] SQL: SELECT COUNT(*) AS tp_count FROM `fl_topic` WHERE rootid=33 LIMIT 1  [ RunTime:0.000311s ]
[ 2010-12-19T16:35:44+08:00 ] SQL: SELECT `nickname` FROM `fl_user` WHERE id='1' LIMIT 1  [ RunTime:0.000118s ]
[ 2010-12-19T16:35:44+08:00 ] SQL: SELECT COUNT(*) AS tp_count FROM `fl_topic` WHERE rootid=32 LIMIT 1  [ RunTime:0.000310s ]
[ 2010-12-19T16:35:44+08:00 ] SQL: SELECT `nickname` FROM `fl_user` WHERE id='1' LIMIT 1  [ RunTime:0.000361s ]
[ 2010-12-19T16:35:44+08:00 ] SQL: SELECT COUNT(*) AS tp_count FROM `fl_topic` WHERE rootid=31 LIMIT 1  [ RunTime:0.000487s ]
[ 2010-12-19T16:35:44+08:00 ] SQL: SELECT `nickname` FROM `fl_user` WHERE id='1' LIMIT 1  [ RunTime:0.000115s ]
[ 2010-12-19T16:35:44+08:00 ] SQL: SELECT COUNT(*) AS tp_count FROM `fl_topic` WHERE rootid=30 LIMIT 1  [ RunTime:0.000420s ]
[ 2010-12-19T16:35:44+08:00 ] SQL: SELECT `nickname` FROM `fl_user` WHERE id='1' LIMIT 1  [ RunTime:0.000118s ]
[ 2010-12-19T16:35:44+08:00 ] SQL: SELECT COUNT(*) AS tp_count FROM `fl_topic` WHERE rootid=28 LIMIT 1  [ RunTime:0.000454s ]
[ 2010-12-19T16:35:44+08:00 ] SQL: SELECT `nickname` FROM `fl_user` WHERE id='1' LIMIT 1  [ RunTime:0.000546s ]
[ 2010-12-19T16:35:44+08:00 ] SQL: SELECT COUNT(*) AS tp_count FROM `fl_topic` WHERE rootid=27 LIMIT 1  [ RunTime:0.000672s ]
[ 2010-12-19T16:35:44+08:00 ] SQL: SELECT `nickname` FROM `fl_user` WHERE id='1' LIMIT 1  [ RunTime:0.000293s ]
[ 2010-12-19T16:35:44+08:00 ] SQL: SELECT COUNT(*) AS tp_count FROM `fl_topic` WHERE rootid=26 LIMIT 1  [ RunTime:0.001172s ]
[ 2010-12-19T16:35:44+08:00 ] SQL: SELECT `nickname` FROM `fl_user` WHERE id='1' LIMIT 1  [ RunTime:0.000485s ]
[ 2010-12-19T16:35:44+08:00 ] SQL: SELECT COUNT(*) AS tp_count FROM `fl_topic` WHERE rootid=25 LIMIT 1  [ RunTime:0.000600s ]
[ 2010-12-19T16:35:44+08:00 ] SQL: SELECT `nickname` FROM `fl_user` WHERE id='1' LIMIT 1  [ RunTime:0.000143s ]
[ 2010-12-19T16:35:44+08:00 ] SQL: SELECT COUNT(*) AS tp_count FROM `fl_topic` WHERE rootid=24 LIMIT 1  [ RunTime:0.000377s ]
[ 2010-12-19T16:35:44+08:00 ] SQL: SELECT `nickname` FROM `fl_user` WHERE id='1' LIMIT 1  [ RunTime:0.000115s ]
[ 2010-12-19T16:35:44+08:00 ] SQL: SELECT COUNT(*) AS tp_count FROM `fl_topic` WHERE rootid=23 LIMIT 1  [ RunTime:0.000381s ]
[ 2010-12-19T16:35:44+08:00 ] SQL: SELECT `nickname` FROM `fl_user` WHERE id='1' LIMIT 1  [ RunTime:0.000111s ]
[ 2010-12-19T16:35:44+08:00 ] NOTIC: [8] Undefined variable: topiccount 101e51ccf1bba3bb0d0dc49c0a4c6abf.php 第 82 行.
[ 2010-12-19T16:35:45+08:00 ] ERR: (ThinkException) 非法操作50.jpg
[ 2010-12-19T22:51:30+08:00 ] NOTIC: [8] Undefined index:  invitecode GlobalAction.class.php 第 155 行.
[ 2010-12-19T22:51:30+08:00 ] NOTIC: [8] Undefined variable: homepage GlobalAction.class.php 第 194 行.
[ 2010-12-19T22:51:31+08:00 ] SQL: SHOW COLUMNS FROM fl_user [ RunTime:0.118597s ]
[ 2010-12-19T22:51:31+08:00 ] SQL: SELECT * FROM `fl_user` WHERE ( `userid` = 'leyteris' ) LIMIT 1  [ RunTime:0.033188s ]
[ 2010-12-19T22:51:31+08:00 ] SQL: SELECT * FROM `fl_user` WHERE mail='asd@asd.com' and status=1 LIMIT 1  [ RunTime:0.000221s ]
[ 2010-12-19T22:51:31+08:00 ] SQL: INSERT INTO `fl_user` (`userid`,`homepage`,`create_time`,`create_ip`,`roleid`,`address`,`status`) VALUES ('leyteris','',1292770291,'127.0.0.1',0,'',1) [ RunTime:0.028687s ]
[ 2010-12-19T22:51:44+08:00 ] ERR: (ThinkException) 非法操作index
[ 2010-12-19T22:52:16+08:00 ] SQL: SHOW COLUMNS FROM fl_user [ RunTime:0.065879s ]
[ 2010-12-19T22:52:16+08:00 ] SQL: SELECT * FROM `fl_user` WHERE userid='leyteris' LIMIT 1  [ RunTime:0.039253s ]
[ 2010-12-19T22:52:16+08:00 ] SQL: SELECT * FROM `fl_user` WHERE id='2' LIMIT 1  [ RunTime:0.000647s ]
[ 2010-12-19T22:52:16+08:00 ] SQL: SHOW COLUMNS FROM fl_follow [ RunTime:0.080828s ]
[ 2010-12-19T22:52:16+08:00 ] NOTIC: [8] Undefined variable: uid CommonAction.class.php 第 81 行.
[ 2010-12-19T22:52:16+08:00 ] SQL: SELECT COUNT(*) AS tp_count FROM `fl_follow` WHERE objuid= LIMIT 1  [ RunTime:0.034366s ]
[ 2010-12-19T22:52:16+08:00 ] NOTIC: [8] Undefined variable: uid CommonAction.class.php 第 82 行.
[ 2010-12-19T22:52:16+08:00 ] SQL: SELECT COUNT(*) AS tp_count FROM `fl_follow` WHERE uid= LIMIT 1  [ RunTime:0.000289s ]
[ 2010-12-19T22:52:16+08:00 ] SQL: SHOW COLUMNS FROM fl_news [ RunTime:0.062942s ]
[ 2010-12-19T22:52:16+08:00 ] SQL: SELECT * FROM `fl_news` ORDER BY id desc LIMIT 6  [ RunTime:0.037364s ]
[ 2010-12-19T22:52:16+08:00 ] SQL: SHOW COLUMNS FROM fl_topic [ RunTime:0.050252s ]
[ 2010-12-19T22:52:16+08:00 ] SQL: SELECT id,uid,count(id) as num FROM `fl_topic` GROUP BY userid ORDER BY num desc LIMIT 8  [ RunTime:0.033522s ]
[ 2010-12-19T22:52:16+08:00 ] SQL: SHOW COLUMNS FROM fl_tag [ RunTime:0.055039s ]
[ 2010-12-19T22:52:16+08:00 ] SQL: SELECT id,tagid,count(id) as count FROM `fl_topic` WHERE tagid>0 GROUP BY tagid ORDER BY count desc LIMIT 20  [ RunTime:0.052945s ]
[ 2010-12-19T22:52:16+08:00 ] SQL: SELECT * FROM `fl_tag` WHERE id='4' LIMIT 1  [ RunTime:0.000422s ]
[ 2010-12-19T22:52:16+08:00 ] SQL: SELECT * FROM `fl_tag` WHERE id='5' LIMIT 1  [ RunTime:0.000538s ]
[ 2010-12-19T22:52:16+08:00 ] SQL: SELECT * FROM `fl_tag` WHERE id='6' LIMIT 1  [ RunTime:0.000515s ]
[ 2010-12-19T22:52:16+08:00 ] SQL: SELECT * FROM `fl_tag` WHERE id='7' LIMIT 1  [ RunTime:0.000253s ]
[ 2010-12-19T22:52:16+08:00 ] SQL: SELECT * FROM `fl_tag` WHERE id='1' LIMIT 1  [ RunTime:0.000259s ]
[ 2010-12-19T22:52:16+08:00 ] SQL: SELECT * FROM `fl_tag` WHERE id='2' LIMIT 1  [ RunTime:0.000221s ]
[ 2010-12-19T22:52:16+08:00 ] SQL: SELECT * FROM `fl_tag` WHERE id='3' LIMIT 1  [ RunTime:0.000254s ]
[ 2010-12-19T22:52:16+08:00 ] SQL: SELECT *,count(id) as num FROM `fl_follow` GROUP BY objuid ORDER BY num desc LIMIT 8  [ RunTime:0.000669s ]
[ 2010-12-19T22:52:16+08:00 ] SQL: SELECT * FROM `fl_topic` WHERE ( `rootid` = 0 ) AND ( `status` = 1 ) AND ( `type` = 'first' ) ORDER BY id desc LIMIT 64  [ RunTime:0.001499s ]
[ 2010-12-19T22:52:16+08:00 ] SQL: SELECT COUNT(*) AS tp_count FROM `fl_topic` WHERE rootid=92 LIMIT 1  [ RunTime:0.000673s ]
[ 2010-12-19T22:52:16+08:00 ] SQL: SELECT `nickname` FROM `fl_user` WHERE id='1' LIMIT 1  [ RunTime:0.000329s ]
[ 2010-12-19T22:52:16+08:00 ] SQL: SELECT COUNT(*) AS tp_count FROM `fl_topic` WHERE rootid=91 LIMIT 1  [ RunTime:0.000350s ]
[ 2010-12-19T22:52:16+08:00 ] SQL: SELECT `nickname` FROM `fl_user` WHERE id='1' LIMIT 1  [ RunTime:0.000137s ]
[ 2010-12-19T22:52:16+08:00 ] SQL: SELECT COUNT(*) AS tp_count FROM `fl_topic` WHERE rootid=90 LIMIT 1  [ RunTime:0.000299s ]
[ 2010-12-19T22:52:16+08:00 ] SQL: SELECT `nickname` FROM `fl_user` WHERE id='1' LIMIT 1  [ RunTime:0.000211s ]
[ 2010-12-19T22:52:16+08:00 ] SQL: SELECT COUNT(*) AS tp_count FROM `fl_topic` WHERE rootid=89 LIMIT 1  [ RunTime:0.000316s ]
[ 2010-12-19T22:52:16+08:00 ] SQL: SELECT `nickname` FROM `fl_user` WHERE id='1' LIMIT 1  [ RunTime:0.000138s ]
[ 2010-12-19T22:52:16+08:00 ] SQL: SELECT COUNT(*) AS tp_count FROM `fl_topic` WHERE rootid=88 LIMIT 1  [ RunTime:0.000308s ]
[ 2010-12-19T22:52:16+08:00 ] SQL: SELECT `nickname` FROM `fl_user` WHERE id='1' LIMIT 1  [ RunTime:0.000122s ]
[ 2010-12-19T22:52:16+08:00 ] SQL: SELECT COUNT(*) AS tp_count FROM `fl_topic` WHERE rootid=87 LIMIT 1  [ RunTime:0.000351s ]
[ 2010-12-19T22:52:16+08:00 ] SQL: SELECT `nickname` FROM `fl_user` WHERE id='1' LIMIT 1  [ RunTime:0.000141s ]
[ 2010-12-19T22:52:16+08:00 ] SQL: SELECT COUNT(*) AS tp_count FROM `fl_topic` WHERE rootid=86 LIMIT 1  [ RunTime:0.000307s ]
[ 2010-12-19T22:52:16+08:00 ] SQL: SELECT `nickname` FROM `fl_user` WHERE id='1' LIMIT 1  [ RunTime:0.000122s ]
[ 2010-12-19T22:52:16+08:00 ] SQL: SELECT COUNT(*) AS tp_count FROM `fl_topic` WHERE rootid=85 LIMIT 1  [ RunTime:0.000310s ]
[ 2010-12-19T22:52:16+08:00 ] SQL: SELECT `nickname` FROM `fl_user` WHERE id='1' LIMIT 1  [ RunTime:0.000121s ]
[ 2010-12-19T22:52:16+08:00 ] SQL: SELECT COUNT(*) AS tp_count FROM `fl_topic` WHERE rootid=84 LIMIT 1  [ RunTime:0.000642s ]
[ 2010-12-19T22:52:16+08:00 ] SQL: SELECT `nickname` FROM `fl_user` WHERE id='1' LIMIT 1  [ RunTime:0.000204s ]
[ 2010-12-19T22:52:16+08:00 ] SQL: SELECT COUNT(*) AS tp_count FROM `fl_topic` WHERE rootid=83 LIMIT 1  [ RunTime:0.000444s ]
[ 2010-12-19T22:52:16+08:00 ] SQL: SELECT `nickname` FROM `fl_user` WHERE id='1' LIMIT 1  [ RunTime:0.000126s ]
[ 2010-12-19T22:52:16+08:00 ] SQL: SELECT COUNT(*) AS tp_count FROM `fl_topic` WHERE rootid=82 LIMIT 1  [ RunTime:0.000372s ]
[ 2010-12-19T22:52:16+08:00 ] SQL: SELECT `nickname` FROM `fl_user` WHERE id='1' LIMIT 1  [ RunTime:0.000164s ]
[ 2010-12-19T22:52:16+08:00 ] SQL: SELECT COUNT(*) AS tp_count FROM `fl_topic` WHERE rootid=81 LIMIT 1  [ RunTime:0.000395s ]
[ 2010-12-19T22:52:16+08:00 ] SQL: SELECT `nickname` FROM `fl_user` WHERE id='1' LIMIT 1  [ RunTime:0.000127s ]
[ 2010-12-19T22:52:16+08:00 ] SQL: SELECT COUNT(*) AS tp_count FROM `fl_topic` WHERE rootid=80 LIMIT 1  [ RunTime:0.000337s ]
[ 2010-12-19T22:52:16+08:00 ] SQL: SELECT `nickname` FROM `fl_user` WHERE id='1' LIMIT 1  [ RunTime:0.000161s ]
[ 2010-12-19T22:52:16+08:00 ] SQL: SELECT COUNT(*) AS tp_count FROM `fl_topic` WHERE rootid=79 LIMIT 1  [ RunTime:0.000506s ]
[ 2010-12-19T22:52:16+08:00 ] SQL: SELECT `nickname` FROM `fl_user` WHERE id='1' LIMIT 1  [ RunTime:0.000243s ]
[ 2010-12-19T22:52:16+08:00 ] SQL: SELECT COUNT(*) AS tp_count FROM `fl_topic` WHERE rootid=78 LIMIT 1  [ RunTime:0.000487s ]
[ 2010-12-19T22:52:16+08:00 ] SQL: SELECT `nickname` FROM `fl_user` WHERE id='1' LIMIT 1  [ RunTime:0.000145s ]
[ 2010-12-19T22:52:16+08:00 ] SQL: SELECT COUNT(*) AS tp_count FROM `fl_topic` WHERE rootid=77 LIMIT 1  [ RunTime:0.000350s ]
[ 2010-12-19T22:52:16+08:00 ] SQL: SELECT `nickname` FROM `fl_user` WHERE id='1' LIMIT 1  [ RunTime:0.000129s ]
[ 2010-12-19T22:52:16+08:00 ] SQL: SELECT COUNT(*) AS tp_count FROM `fl_topic` WHERE rootid=76 LIMIT 1  [ RunTime:0.000307s ]
[ 2010-12-19T22:52:16+08:00 ] SQL: SELECT `nickname` FROM `fl_user` WHERE id='1' LIMIT 1  [ RunTime:0.000132s ]
[ 2010-12-19T22:52:16+08:00 ] SQL: SELECT COUNT(*) AS tp_count FROM `fl_topic` WHERE rootid=75 LIMIT 1  [ RunTime:0.000310s ]
[ 2010-12-19T22:52:16+08:00 ] SQL: SELECT `nickname` FROM `fl_user` WHERE id='1' LIMIT 1  [ RunTime:0.000166s ]
[ 2010-12-19T22:52:16+08:00 ] SQL: SELECT COUNT(*) AS tp_count FROM `fl_topic` WHERE rootid=74 LIMIT 1  [ RunTime:0.000407s ]
[ 2010-12-19T22:52:16+08:00 ] SQL: SELECT `nickname` FROM `fl_user` WHERE id='1' LIMIT 1  [ RunTime:0.000250s ]
[ 2010-12-19T22:52:16+08:00 ] SQL: SELECT COUNT(*) AS tp_count FROM `fl_topic` WHERE rootid=73 LIMIT 1  [ RunTime:0.000370s ]
[ 2010-12-19T22:52:16+08:00 ] SQL: SELECT `nickname` FROM `fl_user` WHERE id='1' LIMIT 1  [ RunTime:0.000133s ]
[ 2010-12-19T22:52:16+08:00 ] SQL: SELECT COUNT(*) AS tp_count FROM `fl_topic` WHERE rootid=72 LIMIT 1  [ RunTime:0.000389s ]
[ 2010-12-19T22:52:16+08:00 ] SQL: SELECT `nickname` FROM `fl_user` WHERE id='1' LIMIT 1  [ RunTime:0.000151s ]
[ 2010-12-19T22:52:16+08:00 ] SQL: SELECT COUNT(*) AS tp_count FROM `fl_topic` WHERE rootid=71 LIMIT 1  [ RunTime:0.000394s ]
[ 2010-12-19T22:52:16+08:00 ] SQL: SELECT `nickname` FROM `fl_user` WHERE id='1' LIMIT 1  [ RunTime:0.000145s ]
[ 2010-12-19T22:52:16+08:00 ] SQL: SELECT COUNT(*) AS tp_count FROM `fl_topic` WHERE rootid=70 LIMIT 1  [ RunTime:0.000331s ]
[ 2010-12-19T22:52:16+08:00 ] SQL: SELECT `nickname` FROM `fl_user` WHERE id='1' LIMIT 1  [ RunTime:0.000148s ]
[ 2010-12-19T22:52:16+08:00 ] SQL: SELECT COUNT(*) AS tp_count FROM `fl_topic` WHERE rootid=69 LIMIT 1  [ RunTime:0.000320s ]
[ 2010-12-19T22:52:16+08:00 ] SQL: SELECT `nickname` FROM `fl_user` WHERE id='1' LIMIT 1  [ RunTime:0.000158s ]
[ 2010-12-19T22:52:16+08:00 ] SQL: SELECT COUNT(*) AS tp_count FROM `fl_topic` WHERE rootid=68 LIMIT 1  [ RunTime:0.000409s ]
[ 2010-12-19T22:52:16+08:00 ] SQL: SELECT `nickname` FROM `fl_user` WHERE id='1' LIMIT 1  [ RunTime:0.000128s ]
[ 2010-12-19T22:52:16+08:00 ] SQL: SELECT COUNT(*) AS tp_count FROM `fl_topic` WHERE rootid=67 LIMIT 1  [ RunTime:0.000482s ]
[ 2010-12-19T22:52:16+08:00 ] SQL: SELECT `nickname` FROM `fl_user` WHERE id='1' LIMIT 1  [ RunTime:0.000152s ]
[ 2010-12-19T22:52:16+08:00 ] SQL: SELECT COUNT(*) AS tp_count FROM `fl_topic` WHERE rootid=66 LIMIT 1  [ RunTime:0.000382s ]
[ 2010-12-19T22:52:16+08:00 ] SQL: SELECT `nickname` FROM `fl_user` WHERE id='1' LIMIT 1  [ RunTime:0.000126s ]
[ 2010-12-19T22:52:16+08:00 ] SQL: SELECT COUNT(*) AS tp_count FROM `fl_topic` WHERE rootid=65 LIMIT 1  [ RunTime:0.000332s ]
[ 2010-12-19T22:52:16+08:00 ] SQL: SELECT `nickname` FROM `fl_user` WHERE id='1' LIMIT 1  [ RunTime:0.000159s ]
[ 2010-12-19T22:52:16+08:00 ] SQL: SELECT COUNT(*) AS tp_count FROM `fl_topic` WHERE rootid=64 LIMIT 1  [ RunTime:0.000396s ]
[ 2010-12-19T22:52:16+08:00 ] SQL: SELECT `nickname` FROM `fl_user` WHERE id='1' LIMIT 1  [ RunTime:0.000125s ]
[ 2010-12-19T22:52:16+08:00 ] SQL: SELECT COUNT(*) AS tp_count FROM `fl_topic` WHERE rootid=63 LIMIT 1  [ RunTime:0.000819s ]
[ 2010-12-19T22:52:16+08:00 ] SQL: SELECT `nickname` FROM `fl_user` WHERE id='1' LIMIT 1  [ RunTime:0.000407s ]
[ 2010-12-19T22:52:16+08:00 ] SQL: SELECT COUNT(*) AS tp_count FROM `fl_topic` WHERE rootid=62 LIMIT 1  [ RunTime:0.000771s ]
[ 2010-12-19T22:52:16+08:00 ] SQL: SELECT `nickname` FROM `fl_user` WHERE id='1' LIMIT 1  [ RunTime:0.000117s ]
[ 2010-12-19T22:52:16+08:00 ] SQL: SELECT COUNT(*) AS tp_count FROM `fl_topic` WHERE rootid=61 LIMIT 1  [ RunTime:0.000343s ]
[ 2010-12-19T22:52:16+08:00 ] SQL: SELECT `nickname` FROM `fl_user` WHERE id='1' LIMIT 1  [ RunTime:0.000107s ]
[ 2010-12-19T22:52:16+08:00 ] SQL: SELECT COUNT(*) AS tp_count FROM `fl_topic` WHERE rootid=60 LIMIT 1  [ RunTime:0.000378s ]
[ 2010-12-19T22:52:16+08:00 ] SQL: SELECT `nickname` FROM `fl_user` WHERE id='1' LIMIT 1  [ RunTime:0.000109s ]
[ 2010-12-19T22:52:16+08:00 ] SQL: SELECT COUNT(*) AS tp_count FROM `fl_topic` WHERE rootid=59 LIMIT 1  [ RunTime:0.000329s ]
[ 2010-12-19T22:52:16+08:00 ] SQL: SELECT `nickname` FROM `fl_user` WHERE id='1' LIMIT 1  [ RunTime:0.000110s ]
[ 2010-12-19T22:52:16+08:00 ] SQL: SELECT COUNT(*) AS tp_count FROM `fl_topic` WHERE rootid=58 LIMIT 1  [ RunTime:0.000332s ]
[ 2010-12-19T22:52:16+08:00 ] SQL: SELECT `nickname` FROM `fl_user` WHERE id='1' LIMIT 1  [ RunTime:0.000108s ]
[ 2010-12-19T22:52:16+08:00 ] SQL: SELECT COUNT(*) AS tp_count FROM `fl_topic` WHERE rootid=57 LIMIT 1  [ RunTime:0.000298s ]
[ 2010-12-19T22:52:16+08:00 ] SQL: SELECT `nickname` FROM `fl_user` WHERE id='1' LIMIT 1  [ RunTime:0.000106s ]
[ 2010-12-19T22:52:16+08:00 ] SQL: SELECT COUNT(*) AS tp_count FROM `fl_topic` WHERE rootid=56 LIMIT 1  [ RunTime:0.000283s ]
[ 2010-12-19T22:52:16+08:00 ] SQL: SELECT `nickname` FROM `fl_user` WHERE id='1' LIMIT 1  [ RunTime:0.000206s ]
[ 2010-12-19T22:52:16+08:00 ] SQL: SELECT COUNT(*) AS tp_count FROM `fl_topic` WHERE rootid=55 LIMIT 1  [ RunTime:0.000535s ]
[ 2010-12-19T22:52:16+08:00 ] SQL: SELECT `nickname` FROM `fl_user` WHERE id='1' LIMIT 1  [ RunTime:0.000128s ]
[ 2010-12-19T22:52:16+08:00 ] SQL: SELECT COUNT(*) AS tp_count FROM `fl_topic` WHERE rootid=54 LIMIT 1  [ RunTime:0.000362s ]
[ 2010-12-19T22:52:16+08:00 ] SQL: SELECT `nickname` FROM `fl_user` WHERE id='1' LIMIT 1  [ RunTime:0.000125s ]
[ 2010-12-19T22:52:16+08:00 ] SQL: SELECT COUNT(*) AS tp_count FROM `fl_topic` WHERE rootid=53 LIMIT 1  [ RunTime:0.000314s ]
[ 2010-12-19T22:52:16+08:00 ] SQL: SELECT `nickname` FROM `fl_user` WHERE id='1' LIMIT 1  [ RunTime:0.000112s ]
[ 2010-12-19T22:52:16+08:00 ] SQL: SELECT COUNT(*) AS tp_count FROM `fl_topic` WHERE rootid=52 LIMIT 1  [ RunTime:0.000294s ]
[ 2010-12-19T22:52:16+08:00 ] SQL: SELECT `nickname` FROM `fl_user` WHERE id='1' LIMIT 1  [ RunTime:0.000912s ]
[ 2010-12-19T22:52:16+08:00 ] SQL: SELECT COUNT(*) AS tp_count FROM `fl_topic` WHERE rootid=51 LIMIT 1  [ RunTime:0.000773s ]
[ 2010-12-19T22:52:16+08:00 ] SQL: SELECT `nickname` FROM `fl_user` WHERE id='1' LIMIT 1  [ RunTime:0.000137s ]
[ 2010-12-19T22:52:16+08:00 ] SQL: SELECT COUNT(*) AS tp_count FROM `fl_topic` WHERE rootid=50 LIMIT 1  [ RunTime:0.000390s ]
[ 2010-12-19T22:52:16+08:00 ] SQL: SELECT `nickname` FROM `fl_user` WHERE id='1' LIMIT 1  [ RunTime:0.000118s ]
[ 2010-12-19T22:52:16+08:00 ] SQL: SELECT COUNT(*) AS tp_count FROM `fl_topic` WHERE rootid=49 LIMIT 1  [ RunTime:0.000472s ]
[ 2010-12-19T22:52:16+08:00 ] SQL: SELECT `nickname` FROM `fl_user` WHERE id='1' LIMIT 1  [ RunTime:0.000113s ]
[ 2010-12-19T22:52:16+08:00 ] SQL: SELECT COUNT(*) AS tp_count FROM `fl_topic` WHERE rootid=48 LIMIT 1  [ RunTime:0.000350s ]
[ 2010-12-19T22:52:16+08:00 ] SQL: SELECT `nickname` FROM `fl_user` WHERE id='1' LIMIT 1  [ RunTime:0.000117s ]
[ 2010-12-19T22:52:16+08:00 ] SQL: SELECT COUNT(*) AS tp_count FROM `fl_topic` WHERE rootid=47 LIMIT 1  [ RunTime:0.000344s ]
[ 2010-12-19T22:52:16+08:00 ] SQL: SELECT `nickname` FROM `fl_user` WHERE id='1' LIMIT 1  [ RunTime:0.000110s ]
[ 2010-12-19T22:52:16+08:00 ] SQL: SELECT COUNT(*) AS tp_count FROM `fl_topic` WHERE rootid=46 LIMIT 1  [ RunTime:0.000319s ]
[ 2010-12-19T22:52:16+08:00 ] SQL: SELECT `nickname` FROM `fl_user` WHERE id='1' LIMIT 1  [ RunTime:0.000115s ]
[ 2010-12-19T22:52:16+08:00 ] SQL: SELECT COUNT(*) AS tp_count FROM `fl_topic` WHERE rootid=45 LIMIT 1  [ RunTime:0.000299s ]
[ 2010-12-19T22:52:16+08:00 ] SQL: SELECT `nickname` FROM `fl_user` WHERE id='1' LIMIT 1  [ RunTime:0.000174s ]
[ 2010-12-19T22:52:16+08:00 ] SQL: SELECT COUNT(*) AS tp_count FROM `fl_topic` WHERE rootid=44 LIMIT 1  [ RunTime:0.000450s ]
[ 2010-12-19T22:52:16+08:00 ] SQL: SELECT `nickname` FROM `fl_user` WHERE id='1' LIMIT 1  [ RunTime:0.000114s ]
[ 2010-12-19T22:52:16+08:00 ] SQL: SELECT COUNT(*) AS tp_count FROM `fl_topic` WHERE rootid=43 LIMIT 1  [ RunTime:0.000309s ]
[ 2010-12-19T22:52:16+08:00 ] SQL: SELECT `nickname` FROM `fl_user` WHERE id='1' LIMIT 1  [ RunTime:0.000177s ]
[ 2010-12-19T22:52:16+08:00 ] SQL: SELECT COUNT(*) AS tp_count FROM `fl_topic` WHERE rootid=42 LIMIT 1  [ RunTime:0.000516s ]
[ 2010-12-19T22:52:16+08:00 ] SQL: SELECT `nickname` FROM `fl_user` WHERE id='1' LIMIT 1  [ RunTime:0.000121s ]
[ 2010-12-19T22:52:16+08:00 ] SQL: SELECT COUNT(*) AS tp_count FROM `fl_topic` WHERE rootid=41 LIMIT 1  [ RunTime:0.000348s ]
[ 2010-12-19T22:52:16+08:00 ] SQL: SELECT `nickname` FROM `fl_user` WHERE id='1' LIMIT 1  [ RunTime:0.000109s ]
[ 2010-12-19T22:52:16+08:00 ] SQL: SELECT COUNT(*) AS tp_count FROM `fl_topic` WHERE rootid=40 LIMIT 1  [ RunTime:0.000332s ]
[ 2010-12-19T22:52:16+08:00 ] SQL: SELECT `nickname` FROM `fl_user` WHERE id='1' LIMIT 1  [ RunTime:0.000118s ]
[ 2010-12-19T22:52:16+08:00 ] SQL: SELECT COUNT(*) AS tp_count FROM `fl_topic` WHERE rootid=34 LIMIT 1  [ RunTime:0.000302s ]
[ 2010-12-19T22:52:16+08:00 ] SQL: SELECT `nickname` FROM `fl_user` WHERE id='1' LIMIT 1  [ RunTime:0.000498s ]
[ 2010-12-19T22:52:16+08:00 ] SQL: SELECT COUNT(*) AS tp_count FROM `fl_topic` WHERE rootid=33 LIMIT 1  [ RunTime:0.000989s ]
[ 2010-12-19T22:52:16+08:00 ] SQL: SELECT `nickname` FROM `fl_user` WHERE id='1' LIMIT 1  [ RunTime:0.000198s ]
[ 2010-12-19T22:52:16+08:00 ] SQL: SELECT COUNT(*) AS tp_count FROM `fl_topic` WHERE rootid=32 LIMIT 1  [ RunTime:0.000431s ]
[ 2010-12-19T22:52:16+08:00 ] SQL: SELECT `nickname` FROM `fl_user` WHERE id='1' LIMIT 1  [ RunTime:0.000112s ]
[ 2010-12-19T22:52:16+08:00 ] SQL: SELECT COUNT(*) AS tp_count FROM `fl_topic` WHERE rootid=31 LIMIT 1  [ RunTime:0.000315s ]
[ 2010-12-19T22:52:16+08:00 ] SQL: SELECT `nickname` FROM `fl_user` WHERE id='1' LIMIT 1  [ RunTime:0.000108s ]
[ 2010-12-19T22:52:16+08:00 ] SQL: SELECT COUNT(*) AS tp_count FROM `fl_topic` WHERE rootid=30 LIMIT 1  [ RunTime:0.000455s ]
[ 2010-12-19T22:52:16+08:00 ] SQL: SELECT `nickname` FROM `fl_user` WHERE id='1' LIMIT 1  [ RunTime:0.000118s ]
[ 2010-12-19T22:52:16+08:00 ] SQL: SELECT COUNT(*) AS tp_count FROM `fl_topic` WHERE rootid=28 LIMIT 1  [ RunTime:0.000353s ]
[ 2010-12-19T22:52:16+08:00 ] SQL: SELECT `nickname` FROM `fl_user` WHERE id='1' LIMIT 1  [ RunTime:0.000187s ]
[ 2010-12-19T22:52:16+08:00 ] SQL: SELECT COUNT(*) AS tp_count FROM `fl_topic` WHERE rootid=27 LIMIT 1  [ RunTime:0.000610s ]
[ 2010-12-19T22:52:16+08:00 ] SQL: SELECT `nickname` FROM `fl_user` WHERE id='1' LIMIT 1  [ RunTime:0.000116s ]
[ 2010-12-19T22:52:16+08:00 ] SQL: SELECT COUNT(*) AS tp_count FROM `fl_topic` WHERE rootid=26 LIMIT 1  [ RunTime:0.000323s ]
[ 2010-12-19T22:52:16+08:00 ] SQL: SELECT `nickname` FROM `fl_user` WHERE id='1' LIMIT 1  [ RunTime:0.000108s ]
[ 2010-12-19T22:52:16+08:00 ] SQL: SELECT COUNT(*) AS tp_count FROM `fl_topic` WHERE rootid=25 LIMIT 1  [ RunTime:0.000393s ]
[ 2010-12-19T22:52:16+08:00 ] SQL: SELECT `nickname` FROM `fl_user` WHERE id='1' LIMIT 1  [ RunTime:0.000109s ]
[ 2010-12-19T22:52:16+08:00 ] SQL: SELECT COUNT(*) AS tp_count FROM `fl_topic` WHERE rootid=24 LIMIT 1  [ RunTime:0.000374s ]
[ 2010-12-19T22:52:16+08:00 ] SQL: SELECT `nickname` FROM `fl_user` WHERE id='1' LIMIT 1  [ RunTime:0.000108s ]
[ 2010-12-19T22:52:16+08:00 ] SQL: SELECT COUNT(*) AS tp_count FROM `fl_topic` WHERE rootid=23 LIMIT 1  [ RunTime:0.000409s ]
[ 2010-12-19T22:52:16+08:00 ] SQL: SELECT `nickname` FROM `fl_user` WHERE id='1' LIMIT 1  [ RunTime:0.000194s ]
[ 2010-12-19T22:52:16+08:00 ] NOTIC: [8] Undefined variable: topiccount 101e51ccf1bba3bb0d0dc49c0a4c6abf.php 第 82 行.
[ 2010-12-19T22:52:17+08:00 ] ERR: (ThinkException) 非法操作50.jpg
[ 2010-12-19T22:52:24+08:00 ] SQL: SHOW COLUMNS FROM fl_user [ RunTime:0.122525s ]
[ 2010-12-19T22:52:24+08:00 ] SQL: SELECT * FROM `fl_user` WHERE userid='leyteris' LIMIT 1  [ RunTime:0.063624s ]
[ 2010-12-19T22:52:24+08:00 ] SQL: SELECT * FROM `fl_user` WHERE id='2' LIMIT 1  [ RunTime:0.000151s ]
[ 2010-12-19T22:52:24+08:00 ] SQL: SHOW COLUMNS FROM fl_follow [ RunTime:0.016120s ]
[ 2010-12-19T22:52:24+08:00 ] NOTIC: [8] Undefined variable: uid CommonAction.class.php 第 81 行.
[ 2010-12-19T22:52:24+08:00 ] SQL: SELECT COUNT(*) AS tp_count FROM `fl_follow` WHERE objuid= LIMIT 1  [ RunTime:0.044765s ]
[ 2010-12-19T22:52:24+08:00 ] NOTIC: [8] Undefined variable: uid CommonAction.class.php 第 82 行.
[ 2010-12-19T22:52:24+08:00 ] SQL: SELECT COUNT(*) AS tp_count FROM `fl_follow` WHERE uid= LIMIT 1  [ RunTime:0.000263s ]
[ 2010-12-19T22:52:24+08:00 ] SQL: SELECT * FROM `fl_user` WHERE userid='leyteris' LIMIT 1  [ RunTime:0.000144s ]
[ 2010-12-19T22:52:24+08:00 ] SQL: SELECT * FROM `fl_user` WHERE id='2' LIMIT 1  [ RunTime:0.000205s ]
[ 2010-12-19T22:52:24+08:00 ] SQL: SELECT * FROM `fl_user` WHERE userid='leyteris' LIMIT 1  [ RunTime:0.000279s ]
[ 2010-12-19T22:52:24+08:00 ] NOTIC: [8] Undefined index:  tid AjaxAction.class.php 第 95 行.
[ 2010-12-19T22:52:24+08:00 ] NOTIC: [8] Undefined variable: tid AjaxAction.class.php 第 96 行.
[ 2010-12-19T22:52:24+08:00 ] SQL: SHOW COLUMNS FROM fl_mention [ RunTime:0.077632s ]
[ 2010-12-19T22:52:24+08:00 ] SQL: SHOW COLUMNS FROM fl_topic [ RunTime:0.047336s ]
[ 2010-12-19T22:52:24+08:00 ] SQL: INSERT INTO `fl_topic` (`content`,`uid`,`create_time`,`rootid`,`tagid`,`status`) VALUES ('阿四大四大','2',1292770344,0,0,1) [ RunTime:0.044796s ]
[ 2010-12-19T22:52:24+08:00 ] NOTIC: [8] Undefined index:  from AjaxAction.class.php 第 181 行.
[ 2010-12-19T22:52:24+08:00 ] NOTIC: [8] Use of undefined constant json - assumed 'json' AjaxAction.class.php 第 182 行.
[ 2010-12-19T22:56:15+08:00 ] NOTIC: [8] Undefined index:  invitecode GlobalAction.class.php 第 155 行.
[ 2010-12-19T22:56:15+08:00 ] NOTIC: [8] Undefined variable: homepage GlobalAction.class.php 第 194 行.
[ 2010-12-19T22:56:15+08:00 ] SQL: SHOW COLUMNS FROM fl_user [ RunTime:0.043337s ]
[ 2010-12-19T22:56:16+08:00 ] SQL: SELECT * FROM `fl_user` WHERE ( `userid` = 'asdasd' ) LIMIT 1  [ RunTime:0.050417s ]
[ 2010-12-19T22:56:16+08:00 ] SQL: SELECT * FROM `fl_user` WHERE mail='asd@asd.com' and status=1 LIMIT 1  [ RunTime:0.000343s ]
[ 2010-12-19T22:56:16+08:00 ] SQL: INSERT INTO `fl_user` (`userid`,`nickname`,`homepage`,`password`,`create_time`,`create_ip`,`email`,`address`,`status`) VALUES ('asdasd','asdasd','asdasd','a8f5f167f44f4964e6c998dee827110c',1292770576,'127.0.0.1','asd@asd.com','',1) [ RunTime:0.000789s ]
[ 2010-12-19T22:56:21+08:00 ] ERR: (ThinkException) 非法操作index
[ 2010-12-19T22:56:25+08:00 ] SQL: SHOW COLUMNS FROM fl_user [ RunTime:0.022500s ]
[ 2010-12-19T22:56:25+08:00 ] SQL: SELECT * FROM `fl_user` WHERE userid='asdasd' LIMIT 1  [ RunTime:0.051639s ]
[ 2010-12-19T22:56:25+08:00 ] SQL: SELECT * FROM `fl_user` WHERE id='3' LIMIT 1  [ RunTime:0.000286s ]
[ 2010-12-19T22:56:25+08:00 ] SQL: SHOW COLUMNS FROM fl_follow [ RunTime:0.017266s ]
[ 2010-12-19T22:56:25+08:00 ] NOTIC: [8] Undefined variable: uid CommonAction.class.php 第 81 行.
[ 2010-12-19T22:56:25+08:00 ] SQL: SELECT COUNT(*) AS tp_count FROM `fl_follow` WHERE objuid= LIMIT 1  [ RunTime:0.035548s ]
[ 2010-12-19T22:56:25+08:00 ] NOTIC: [8] Undefined variable: uid CommonAction.class.php 第 82 行.
[ 2010-12-19T22:56:25+08:00 ] SQL: SELECT COUNT(*) AS tp_count FROM `fl_follow` WHERE uid= LIMIT 1  [ RunTime:0.000154s ]
[ 2010-12-19T22:56:25+08:00 ] SQL: SHOW COLUMNS FROM fl_news [ RunTime:0.025006s ]
[ 2010-12-19T22:56:25+08:00 ] SQL: SELECT * FROM `fl_news` ORDER BY id desc LIMIT 6  [ RunTime:0.034549s ]
[ 2010-12-19T22:56:25+08:00 ] SQL: SHOW COLUMNS FROM fl_topic [ RunTime:0.019063s ]
[ 2010-12-19T22:56:25+08:00 ] SQL: SELECT id,uid,count(id) as num FROM `fl_topic` GROUP BY userid ORDER BY num desc LIMIT 8  [ RunTime:0.036995s ]
[ 2010-12-19T22:56:25+08:00 ] SQL: SHOW COLUMNS FROM fl_tag [ RunTime:0.017908s ]
[ 2010-12-19T22:56:25+08:00 ] SQL: SELECT id,tagid,count(id) as count FROM `fl_topic` WHERE tagid>0 GROUP BY tagid ORDER BY count desc LIMIT 20  [ RunTime:0.038198s ]
[ 2010-12-19T22:56:25+08:00 ] SQL: SELECT * FROM `fl_tag` WHERE id='4' LIMIT 1  [ RunTime:0.000289s ]
[ 2010-12-19T22:56:25+08:00 ] SQL: SELECT * FROM `fl_tag` WHERE id='1' LIMIT 1  [ RunTime:0.000110s ]
[ 2010-12-19T22:56:25+08:00 ] SQL: SELECT * FROM `fl_tag` WHERE id='2' LIMIT 1  [ RunTime:0.000180s ]
[ 2010-12-19T22:56:25+08:00 ] SQL: SELECT * FROM `fl_tag` WHERE id='3' LIMIT 1  [ RunTime:0.000167s ]
[ 2010-12-19T22:56:25+08:00 ] SQL: SELECT * FROM `fl_tag` WHERE id='5' LIMIT 1  [ RunTime:0.000216s ]
[ 2010-12-19T22:56:25+08:00 ] SQL: SELECT * FROM `fl_tag` WHERE id='6' LIMIT 1  [ RunTime:0.000163s ]
[ 2010-12-19T22:56:25+08:00 ] SQL: SELECT * FROM `fl_tag` WHERE id='7' LIMIT 1  [ RunTime:0.000157s ]
[ 2010-12-19T22:56:25+08:00 ] SQL: SELECT *,count(id) as num FROM `fl_follow` GROUP BY objuid ORDER BY num desc LIMIT 8  [ RunTime:0.000338s ]
[ 2010-12-19T22:56:25+08:00 ] SQL: SELECT * FROM `fl_topic` WHERE ( `rootid` = 0 ) AND ( `status` = 1 ) AND ( `type` = 'first' ) ORDER BY id desc LIMIT 64  [ RunTime:0.001493s ]
[ 2010-12-19T22:56:25+08:00 ] SQL: SELECT COUNT(*) AS tp_count FROM `fl_topic` WHERE rootid=93 LIMIT 1  [ RunTime:0.000683s ]
[ 2010-12-19T22:56:25+08:00 ] SQL: SELECT `nickname` FROM `fl_user` WHERE id='2' LIMIT 1  [ RunTime:0.000430s ]
[ 2010-12-19T22:56:25+08:00 ] SQL: SELECT COUNT(*) AS tp_count FROM `fl_topic` WHERE rootid=92 LIMIT 1  [ RunTime:0.000521s ]
[ 2010-12-19T22:56:25+08:00 ] SQL: SELECT `nickname` FROM `fl_user` WHERE id='1' LIMIT 1  [ RunTime:0.000416s ]
[ 2010-12-19T22:56:25+08:00 ] SQL: SELECT COUNT(*) AS tp_count FROM `fl_topic` WHERE rootid=91 LIMIT 1  [ RunTime:0.000498s ]
[ 2010-12-19T22:56:25+08:00 ] SQL: SELECT `nickname` FROM `fl_user` WHERE id='1' LIMIT 1  [ RunTime:0.000236s ]
[ 2010-12-19T22:56:25+08:00 ] SQL: SELECT COUNT(*) AS tp_count FROM `fl_topic` WHERE rootid=90 LIMIT 1  [ RunTime:0.000476s ]
[ 2010-12-19T22:56:25+08:00 ] SQL: SELECT `nickname` FROM `fl_user` WHERE id='1' LIMIT 1  [ RunTime:0.000637s ]
[ 2010-12-19T22:56:25+08:00 ] SQL: SELECT COUNT(*) AS tp_count FROM `fl_topic` WHERE rootid=89 LIMIT 1  [ RunTime:0.000608s ]
[ 2010-12-19T22:56:25+08:00 ] SQL: SELECT `nickname` FROM `fl_user` WHERE id='1' LIMIT 1  [ RunTime:0.000190s ]
[ 2010-12-19T22:56:25+08:00 ] SQL: SELECT COUNT(*) AS tp_count FROM `fl_topic` WHERE rootid=88 LIMIT 1  [ RunTime:0.001065s ]
[ 2010-12-19T22:56:25+08:00 ] SQL: SELECT `nickname` FROM `fl_user` WHERE id='1' LIMIT 1  [ RunTime:0.000231s ]
[ 2010-12-19T22:56:25+08:00 ] SQL: SELECT COUNT(*) AS tp_count FROM `fl_topic` WHERE rootid=87 LIMIT 1  [ RunTime:0.000570s ]
[ 2010-12-19T22:56:25+08:00 ] SQL: SELECT `nickname` FROM `fl_user` WHERE id='1' LIMIT 1  [ RunTime:0.000335s ]
[ 2010-12-19T22:56:25+08:00 ] SQL: SELECT COUNT(*) AS tp_count FROM `fl_topic` WHERE rootid=86 LIMIT 1  [ RunTime:0.000566s ]
[ 2010-12-19T22:56:25+08:00 ] SQL: SELECT `nickname` FROM `fl_user` WHERE id='1' LIMIT 1  [ RunTime:0.000189s ]
[ 2010-12-19T22:56:25+08:00 ] SQL: SELECT COUNT(*) AS tp_count FROM `fl_topic` WHERE rootid=85 LIMIT 1  [ RunTime:0.000500s ]
[ 2010-12-19T22:56:25+08:00 ] SQL: SELECT `nickname` FROM `fl_user` WHERE id='1' LIMIT 1  [ RunTime:0.000184s ]
[ 2010-12-19T22:56:25+08:00 ] SQL: SELECT COUNT(*) AS tp_count FROM `fl_topic` WHERE rootid=84 LIMIT 1  [ RunTime:0.000507s ]
[ 2010-12-19T22:56:25+08:00 ] SQL: SELECT `nickname` FROM `fl_user` WHERE id='1' LIMIT 1  [ RunTime:0.000923s ]
[ 2010-12-19T22:56:25+08:00 ] SQL: SELECT COUNT(*) AS tp_count FROM `fl_topic` WHERE rootid=83 LIMIT 1  [ RunTime:0.000410s ]
[ 2010-12-19T22:56:25+08:00 ] SQL: SELECT `nickname` FROM `fl_user` WHERE id='1' LIMIT 1  [ RunTime:0.000128s ]
[ 2010-12-19T22:56:25+08:00 ] SQL: SELECT COUNT(*) AS tp_count FROM `fl_topic` WHERE rootid=82 LIMIT 1  [ RunTime:0.000688s ]
[ 2010-12-19T22:56:25+08:00 ] SQL: SELECT `nickname` FROM `fl_user` WHERE id='1' LIMIT 1  [ RunTime:0.000184s ]
[ 2010-12-19T22:56:25+08:00 ] SQL: SELECT COUNT(*) AS tp_count FROM `fl_topic` WHERE rootid=81 LIMIT 1  [ RunTime:0.000330s ]
[ 2010-12-19T22:56:25+08:00 ] SQL: SELECT `nickname` FROM `fl_user` WHERE id='1' LIMIT 1  [ RunTime:0.000301s ]
[ 2010-12-19T22:56:25+08:00 ] SQL: SELECT COUNT(*) AS tp_count FROM `fl_topic` WHERE rootid=80 LIMIT 1  [ RunTime:0.000744s ]
[ 2010-12-19T22:56:25+08:00 ] SQL: SELECT `nickname` FROM `fl_user` WHERE id='1' LIMIT 1  [ RunTime:0.000137s ]
[ 2010-12-19T22:56:25+08:00 ] SQL: SELECT COUNT(*) AS tp_count FROM `fl_topic` WHERE rootid=79 LIMIT 1  [ RunTime:0.000368s ]
[ 2010-12-19T22:56:25+08:00 ] SQL: SELECT `nickname` FROM `fl_user` WHERE id='1' LIMIT 1  [ RunTime:0.000111s ]
[ 2010-12-19T22:56:25+08:00 ] SQL: SELECT COUNT(*) AS tp_count FROM `fl_topic` WHERE rootid=78 LIMIT 1  [ RunTime:0.000313s ]
[ 2010-12-19T22:56:25+08:00 ] SQL: SELECT `nickname` FROM `fl_user` WHERE id='1' LIMIT 1  [ RunTime:0.000138s ]
[ 2010-12-19T22:56:25+08:00 ] SQL: SELECT COUNT(*) AS tp_count FROM `fl_topic` WHERE rootid=77 LIMIT 1  [ RunTime:0.000387s ]
[ 2010-12-19T22:56:25+08:00 ] SQL: SELECT `nickname` FROM `fl_user` WHERE id='1' LIMIT 1  [ RunTime:0.000130s ]
[ 2010-12-19T22:56:25+08:00 ] SQL: SELECT COUNT(*) AS tp_count FROM `fl_topic` WHERE rootid=76 LIMIT 1  [ RunTime:0.000353s ]
[ 2010-12-19T22:56:25+08:00 ] SQL: SELECT `nickname` FROM `fl_user` WHERE id='1' LIMIT 1  [ RunTime:0.000108s ]
[ 2010-12-19T22:56:25+08:00 ] SQL: SELECT COUNT(*) AS tp_count FROM `fl_topic` WHERE rootid=75 LIMIT 1  [ RunTime:0.000321s ]
[ 2010-12-19T22:56:25+08:00 ] SQL: SELECT `nickname` FROM `fl_user` WHERE id='1' LIMIT 1  [ RunTime:0.000105s ]
[ 2010-12-19T22:56:25+08:00 ] SQL: SELECT COUNT(*) AS tp_count FROM `fl_topic` WHERE rootid=74 LIMIT 1  [ RunTime:0.000329s ]
[ 2010-12-19T22:56:25+08:00 ] SQL: SELECT `nickname` FROM `fl_user` WHERE id='1' LIMIT 1  [ RunTime:0.000105s ]
[ 2010-12-19T22:56:25+08:00 ] SQL: SELECT COUNT(*) AS tp_count FROM `fl_topic` WHERE rootid=73 LIMIT 1  [ RunTime:0.000379s ]
[ 2010-12-19T22:56:25+08:00 ] SQL: SELECT `nickname` FROM `fl_user` WHERE id='1' LIMIT 1  [ RunTime:0.000113s ]
[ 2010-12-19T22:56:25+08:00 ] SQL: SELECT COUNT(*) AS tp_count FROM `fl_topic` WHERE rootid=72 LIMIT 1  [ RunTime:0.000316s ]
[ 2010-12-19T22:56:25+08:00 ] SQL: SELECT `nickname` FROM `fl_user` WHERE id='1' LIMIT 1  [ RunTime:0.000106s ]
[ 2010-12-19T22:56:25+08:00 ] SQL: SELECT COUNT(*) AS tp_count FROM `fl_topic` WHERE rootid=71 LIMIT 1  [ RunTime:0.000402s ]
[ 2010-12-19T22:56:25+08:00 ] SQL: SELECT `nickname` FROM `fl_user` WHERE id='1' LIMIT 1  [ RunTime:0.000154s ]
[ 2010-12-19T22:56:25+08:00 ] SQL: SELECT COUNT(*) AS tp_count FROM `fl_topic` WHERE rootid=70 LIMIT 1  [ RunTime:0.000514s ]
[ 2010-12-19T22:56:25+08:00 ] SQL: SELECT `nickname` FROM `fl_user` WHERE id='1' LIMIT 1  [ RunTime:0.000195s ]
[ 2010-12-19T22:56:25+08:00 ] SQL: SELECT COUNT(*) AS tp_count FROM `fl_topic` WHERE rootid=69 LIMIT 1  [ RunTime:0.000338s ]
[ 2010-12-19T22:56:25+08:00 ] SQL: SELECT `nickname` FROM `fl_user` WHERE id='1' LIMIT 1  [ RunTime:0.000148s ]
[ 2010-12-19T22:56:25+08:00 ] SQL: SELECT COUNT(*) AS tp_count FROM `fl_topic` WHERE rootid=68 LIMIT 1  [ RunTime:0.000328s ]
[ 2010-12-19T22:56:25+08:00 ] SQL: SELECT `nickname` FROM `fl_user` WHERE id='1' LIMIT 1  [ RunTime:0.000107s ]
[ 2010-12-19T22:56:25+08:00 ] SQL: SELECT COUNT(*) AS tp_count FROM `fl_topic` WHERE rootid=67 LIMIT 1  [ RunTime:0.000458s ]
[ 2010-12-19T22:56:25+08:00 ] SQL: SELECT `nickname` FROM `fl_user` WHERE id='1' LIMIT 1  [ RunTime:0.000120s ]
[ 2010-12-19T22:56:25+08:00 ] SQL: SELECT COUNT(*) AS tp_count FROM `fl_topic` WHERE rootid=66 LIMIT 1  [ RunTime:0.000301s ]
[ 2010-12-19T22:56:25+08:00 ] SQL: SELECT `nickname` FROM `fl_user` WHERE id='1' LIMIT 1  [ RunTime:0.000118s ]
[ 2010-12-19T22:56:25+08:00 ] SQL: SELECT COUNT(*) AS tp_count FROM `fl_topic` WHERE rootid=65 LIMIT 1  [ RunTime:0.000290s ]
[ 2010-12-19T22:56:25+08:00 ] SQL: SELECT `nickname` FROM `fl_user` WHERE id='1' LIMIT 1  [ RunTime:0.000159s ]
[ 2010-12-19T22:56:25+08:00 ] SQL: SELECT COUNT(*) AS tp_count FROM `fl_topic` WHERE rootid=64 LIMIT 1  [ RunTime:0.000326s ]
[ 2010-12-19T22:56:25+08:00 ] SQL: SELECT `nickname` FROM `fl_user` WHERE id='1' LIMIT 1  [ RunTime:0.000201s ]
[ 2010-12-19T22:56:25+08:00 ] SQL: SELECT COUNT(*) AS tp_count FROM `fl_topic` WHERE rootid=63 LIMIT 1  [ RunTime:0.000543s ]
[ 2010-12-19T22:56:25+08:00 ] SQL: SELECT `nickname` FROM `fl_user` WHERE id='1' LIMIT 1  [ RunTime:0.000133s ]
[ 2010-12-19T22:56:25+08:00 ] SQL: SELECT COUNT(*) AS tp_count FROM `fl_topic` WHERE rootid=62 LIMIT 1  [ RunTime:0.000389s ]
[ 2010-12-19T22:56:25+08:00 ] SQL: SELECT `nickname` FROM `fl_user` WHERE id='1' LIMIT 1  [ RunTime:0.000174s ]
[ 2010-12-19T22:56:25+08:00 ] SQL: SELECT COUNT(*) AS tp_count FROM `fl_topic` WHERE rootid=61 LIMIT 1  [ RunTime:0.000414s ]
[ 2010-12-19T22:56:25+08:00 ] SQL: SELECT `nickname` FROM `fl_user` WHERE id='1' LIMIT 1  [ RunTime:0.000111s ]
[ 2010-12-19T22:56:25+08:00 ] SQL: SELECT COUNT(*) AS tp_count FROM `fl_topic` WHERE rootid=60 LIMIT 1  [ RunTime:0.000346s ]
[ 2010-12-19T22:56:25+08:00 ] SQL: SELECT `nickname` FROM `fl_user` WHERE id='1' LIMIT 1  [ RunTime:0.000106s ]
[ 2010-12-19T22:56:25+08:00 ] SQL: SELECT COUNT(*) AS tp_count FROM `fl_topic` WHERE rootid=59 LIMIT 1  [ RunTime:0.000351s ]
[ 2010-12-19T22:56:25+08:00 ] SQL: SELECT `nickname` FROM `fl_user` WHERE id='1' LIMIT 1  [ RunTime:0.000107s ]
[ 2010-12-19T22:56:25+08:00 ] SQL: SELECT COUNT(*) AS tp_count FROM `fl_topic` WHERE rootid=58 LIMIT 1  [ RunTime:0.000387s ]
[ 2010-12-19T22:56:25+08:00 ] SQL: SELECT `nickname` FROM `fl_user` WHERE id='1' LIMIT 1  [ RunTime:0.000112s ]
[ 2010-12-19T22:56:25+08:00 ] SQL: SELECT COUNT(*) AS tp_count FROM `fl_topic` WHERE rootid=57 LIMIT 1  [ RunTime:0.000314s ]
[ 2010-12-19T22:56:25+08:00 ] SQL: SELECT `nickname` FROM `fl_user` WHERE id='1' LIMIT 1  [ RunTime:0.000108s ]
[ 2010-12-19T22:56:25+08:00 ] SQL: SELECT COUNT(*) AS tp_count FROM `fl_topic` WHERE rootid=56 LIMIT 1  [ RunTime:0.000312s ]
[ 2010-12-19T22:56:25+08:00 ] SQL: SELECT `nickname` FROM `fl_user` WHERE id='1' LIMIT 1  [ RunTime:0.000107s ]
[ 2010-12-19T22:56:25+08:00 ] SQL: SELECT COUNT(*) AS tp_count FROM `fl_topic` WHERE rootid=55 LIMIT 1  [ RunTime:0.000305s ]
[ 2010-12-19T22:56:25+08:00 ] SQL: SELECT `nickname` FROM `fl_user` WHERE id='1' LIMIT 1  [ RunTime:0.000108s ]
[ 2010-12-19T22:56:25+08:00 ] SQL: SELECT COUNT(*) AS tp_count FROM `fl_topic` WHERE rootid=54 LIMIT 1  [ RunTime:0.000300s ]
[ 2010-12-19T22:56:25+08:00 ] SQL: SELECT `nickname` FROM `fl_user` WHERE id='1' LIMIT 1  [ RunTime:0.000109s ]
[ 2010-12-19T22:56:25+08:00 ] SQL: SELECT COUNT(*) AS tp_count FROM `fl_topic` WHERE rootid=53 LIMIT 1  [ RunTime:0.000299s ]
[ 2010-12-19T22:56:25+08:00 ] SQL: SELECT `nickname` FROM `fl_user` WHERE id='1' LIMIT 1  [ RunTime:0.000132s ]
[ 2010-12-19T22:56:25+08:00 ] SQL: SELECT COUNT(*) AS tp_count FROM `fl_topic` WHERE rootid=52 LIMIT 1  [ RunTime:0.000316s ]
[ 2010-12-19T22:56:25+08:00 ] SQL: SELECT `nickname` FROM `fl_user` WHERE id='1' LIMIT 1  [ RunTime:0.000142s ]
[ 2010-12-19T22:56:25+08:00 ] SQL: SELECT COUNT(*) AS tp_count FROM `fl_topic` WHERE rootid=51 LIMIT 1  [ RunTime:0.000322s ]
[ 2010-12-19T22:56:25+08:00 ] SQL: SELECT `nickname` FROM `fl_user` WHERE id='1' LIMIT 1  [ RunTime:0.000135s ]
[ 2010-12-19T22:56:25+08:00 ] SQL: SELECT COUNT(*) AS tp_count FROM `fl_topic` WHERE rootid=50 LIMIT 1  [ RunTime:0.000309s ]
[ 2010-12-19T22:56:25+08:00 ] SQL: SELECT `nickname` FROM `fl_user` WHERE id='1' LIMIT 1  [ RunTime:0.000144s ]
[ 2010-12-19T22:56:25+08:00 ] SQL: SELECT COUNT(*) AS tp_count FROM `fl_topic` WHERE rootid=49 LIMIT 1  [ RunTime:0.000323s ]
[ 2010-12-19T22:56:25+08:00 ] SQL: SELECT `nickname` FROM `fl_user` WHERE id='1' LIMIT 1  [ RunTime:0.000107s ]
[ 2010-12-19T22:56:25+08:00 ] SQL: SELECT COUNT(*) AS tp_count FROM `fl_topic` WHERE rootid=48 LIMIT 1  [ RunTime:0.000317s ]
[ 2010-12-19T22:56:25+08:00 ] SQL: SELECT `nickname` FROM `fl_user` WHERE id='1' LIMIT 1  [ RunTime:0.000106s ]
[ 2010-12-19T22:56:25+08:00 ] SQL: SELECT COUNT(*) AS tp_count FROM `fl_topic` WHERE rootid=47 LIMIT 1  [ RunTime:0.000584s ]
[ 2010-12-19T22:56:25+08:00 ] SQL: SELECT `nickname` FROM `fl_user` WHERE id='1' LIMIT 1  [ RunTime:0.000323s ]
[ 2010-12-19T22:56:25+08:00 ] SQL: SELECT COUNT(*) AS tp_count FROM `fl_topic` WHERE rootid=46 LIMIT 1  [ RunTime:0.000445s ]
[ 2010-12-19T22:56:25+08:00 ] SQL: SELECT `nickname` FROM `fl_user` WHERE id='1' LIMIT 1  [ RunTime:0.000113s ]
[ 2010-12-19T22:56:25+08:00 ] SQL: SELECT COUNT(*) AS tp_count FROM `fl_topic` WHERE rootid=45 LIMIT 1  [ RunTime:0.000504s ]
[ 2010-12-19T22:56:25+08:00 ] SQL: SELECT `nickname` FROM `fl_user` WHERE id='1' LIMIT 1  [ RunTime:0.000189s ]
[ 2010-12-19T22:56:25+08:00 ] SQL: SELECT COUNT(*) AS tp_count FROM `fl_topic` WHERE rootid=44 LIMIT 1  [ RunTime:0.000425s ]
[ 2010-12-19T22:56:25+08:00 ] SQL: SELECT `nickname` FROM `fl_user` WHERE id='1' LIMIT 1  [ RunTime:0.000112s ]
[ 2010-12-19T22:56:25+08:00 ] SQL: SELECT COUNT(*) AS tp_count FROM `fl_topic` WHERE rootid=43 LIMIT 1  [ RunTime:0.000359s ]
[ 2010-12-19T22:56:25+08:00 ] SQL: SELECT `nickname` FROM `fl_user` WHERE id='1' LIMIT 1  [ RunTime:0.000107s ]
[ 2010-12-19T22:56:25+08:00 ] SQL: SELECT COUNT(*) AS tp_count FROM `fl_topic` WHERE rootid=42 LIMIT 1  [ RunTime:0.000432s ]
[ 2010-12-19T22:56:25+08:00 ] SQL: SELECT `nickname` FROM `fl_user` WHERE id='1' LIMIT 1  [ RunTime:0.000154s ]
[ 2010-12-19T22:56:25+08:00 ] SQL: SELECT COUNT(*) AS tp_count FROM `fl_topic` WHERE rootid=41 LIMIT 1  [ RunTime:0.000356s ]
[ 2010-12-19T22:56:25+08:00 ] SQL: SELECT `nickname` FROM `fl_user` WHERE id='1' LIMIT 1  [ RunTime:0.000142s ]
[ 2010-12-19T22:56:25+08:00 ] SQL: SELECT COUNT(*) AS tp_count FROM `fl_topic` WHERE rootid=40 LIMIT 1  [ RunTime:0.000315s ]
[ 2010-12-19T22:56:25+08:00 ] SQL: SELECT `nickname` FROM `fl_user` WHERE id='1' LIMIT 1  [ RunTime:0.000106s ]
[ 2010-12-19T22:56:25+08:00 ] SQL: SELECT COUNT(*) AS tp_count FROM `fl_topic` WHERE rootid=34 LIMIT 1  [ RunTime:0.000333s ]
[ 2010-12-19T22:56:25+08:00 ] SQL: SELECT `nickname` FROM `fl_user` WHERE id='1' LIMIT 1  [ RunTime:0.000106s ]
[ 2010-12-19T22:56:25+08:00 ] SQL: SELECT COUNT(*) AS tp_count FROM `fl_topic` WHERE rootid=33 LIMIT 1  [ RunTime:0.000378s ]
[ 2010-12-19T22:56:25+08:00 ] SQL: SELECT `nickname` FROM `fl_user` WHERE id='1' LIMIT 1  [ RunTime:0.000203s ]
[ 2010-12-19T22:56:25+08:00 ] SQL: SELECT COUNT(*) AS tp_count FROM `fl_topic` WHERE rootid=32 LIMIT 1  [ RunTime:0.000354s ]
[ 2010-12-19T22:56:25+08:00 ] SQL: SELECT `nickname` FROM `fl_user` WHERE id='1' LIMIT 1  [ RunTime:0.000224s ]
[ 2010-12-19T22:56:25+08:00 ] SQL: SELECT COUNT(*) AS tp_count FROM `fl_topic` WHERE rootid=31 LIMIT 1  [ RunTime:0.000461s ]
[ 2010-12-19T22:56:25+08:00 ] SQL: SELECT `nickname` FROM `fl_user` WHERE id='1' LIMIT 1  [ RunTime:0.000115s ]
[ 2010-12-19T22:56:25+08:00 ] SQL: SELECT COUNT(*) AS tp_count FROM `fl_topic` WHERE rootid=30 LIMIT 1  [ RunTime:0.000401s ]
[ 2010-12-19T22:56:25+08:00 ] SQL: SELECT `nickname` FROM `fl_user` WHERE id='1' LIMIT 1  [ RunTime:0.000182s ]
[ 2010-12-19T22:56:25+08:00 ] SQL: SELECT COUNT(*) AS tp_count FROM `fl_topic` WHERE rootid=28 LIMIT 1  [ RunTime:0.000507s ]
[ 2010-12-19T22:56:25+08:00 ] SQL: SELECT `nickname` FROM `fl_user` WHERE id='1' LIMIT 1  [ RunTime:0.000117s ]
[ 2010-12-19T22:56:25+08:00 ] SQL: SELECT COUNT(*) AS tp_count FROM `fl_topic` WHERE rootid=27 LIMIT 1  [ RunTime:0.000389s ]
[ 2010-12-19T22:56:25+08:00 ] SQL: SELECT `nickname` FROM `fl_user` WHERE id='1' LIMIT 1  [ RunTime:0.000110s ]
[ 2010-12-19T22:56:25+08:00 ] SQL: SELECT COUNT(*) AS tp_count FROM `fl_topic` WHERE rootid=26 LIMIT 1  [ RunTime:0.000500s ]
[ 2010-12-19T22:56:25+08:00 ] SQL: SELECT `nickname` FROM `fl_user` WHERE id='1' LIMIT 1  [ RunTime:0.000171s ]
[ 2010-12-19T22:56:25+08:00 ] SQL: SELECT COUNT(*) AS tp_count FROM `fl_topic` WHERE rootid=25 LIMIT 1  [ RunTime:0.000335s ]
[ 2010-12-19T22:56:25+08:00 ] SQL: SELECT `nickname` FROM `fl_user` WHERE id='1' LIMIT 1  [ RunTime:0.000107s ]
[ 2010-12-19T22:56:25+08:00 ] SQL: SELECT COUNT(*) AS tp_count FROM `fl_topic` WHERE rootid=24 LIMIT 1  [ RunTime:0.000437s ]
[ 2010-12-19T22:56:25+08:00 ] SQL: SELECT `nickname` FROM `fl_user` WHERE id='1' LIMIT 1  [ RunTime:0.000205s ]
[ 2010-12-19T22:56:25+08:00 ] NOTIC: [8] Undefined variable: topiccount 101e51ccf1bba3bb0d0dc49c0a4c6abf.php 第 82 行.
[ 2010-12-19T22:56:26+08:00 ] ERR: (ThinkException) 非法操作50.jpg
[ 2010-12-19T22:56:54+08:00 ] SQL: SHOW COLUMNS FROM fl_user [ RunTime:0.074622s ]
[ 2010-12-19T22:56:54+08:00 ] SQL: SELECT * FROM `fl_user` WHERE userid='asdasd' LIMIT 1  [ RunTime:0.036371s ]
[ 2010-12-19T22:56:54+08:00 ] SQL: SELECT * FROM `fl_user` WHERE id='3' LIMIT 1  [ RunTime:0.000197s ]
[ 2010-12-19T22:56:54+08:00 ] SQL: SHOW COLUMNS FROM fl_follow [ RunTime:0.016240s ]
[ 2010-12-19T22:56:54+08:00 ] NOTIC: [8] Undefined variable: uid CommonAction.class.php 第 81 行.
[ 2010-12-19T22:56:54+08:00 ] SQL: SELECT COUNT(*) AS tp_count FROM `fl_follow` WHERE objuid= LIMIT 1  [ RunTime:0.035327s ]
[ 2010-12-19T22:56:54+08:00 ] NOTIC: [8] Undefined variable: uid CommonAction.class.php 第 82 行.
[ 2010-12-19T22:56:54+08:00 ] SQL: SELECT COUNT(*) AS tp_count FROM `fl_follow` WHERE uid= LIMIT 1  [ RunTime:0.000264s ]
[ 2010-12-19T22:56:54+08:00 ] SQL: SELECT * FROM `fl_user` WHERE userid='asdasd' LIMIT 1  [ RunTime:0.000219s ]
[ 2010-12-19T22:56:54+08:00 ] SQL: SELECT * FROM `fl_user` WHERE id='3' LIMIT 1  [ RunTime:0.000152s ]
[ 2010-12-19T22:56:54+08:00 ] SQL: SELECT * FROM `fl_user` WHERE userid='asdasd' LIMIT 1  [ RunTime:0.000268s ]
[ 2010-12-19T22:56:54+08:00 ] NOTIC: [8] Undefined index:  tid AjaxAction.class.php 第 95 行.
[ 2010-12-19T22:56:54+08:00 ] NOTIC: [8] Undefined variable: tid AjaxAction.class.php 第 96 行.
[ 2010-12-19T22:56:54+08:00 ] SQL: SHOW COLUMNS FROM fl_mention [ RunTime:0.015045s ]
[ 2010-12-19T22:56:54+08:00 ] SQL: SHOW COLUMNS FROM fl_topic [ RunTime:0.050718s ]
[ 2010-12-19T22:56:54+08:00 ] SQL: INSERT INTO `fl_topic` (`content`,`uid`,`create_time`,`rootid`,`tagid`,`status`) VALUES ('asdjkfhasdjkhasdfjkhdksfj','3',1292770614,0,0,1) [ RunTime:0.046575s ]
[ 2010-12-19T22:56:54+08:00 ] NOTIC: [8] Undefined index:  from AjaxAction.class.php 第 181 行.
[ 2010-12-19T22:56:54+08:00 ] NOTIC: [8] Use of undefined constant json - assumed 'json' AjaxAction.class.php 第 182 行.
