[ 2010-12-10T09:58:37+08:00 ] SQL: SHOW COLUMNS FROM fl_topic [ RunTime:0.049740s ]
[ 2010-12-10T09:58:37+08:00 ] SQL: SELECT * FROM `fl_topic` ORDER BY id desc LIMIT 15  [ RunTime:0.006736s ]
[ 2010-12-10T10:03:56+08:00 ] SQL: SHOW COLUMNS FROM fl_topic [ RunTime:0.006527s ]
[ 2010-12-10T10:03:56+08:00 ] SQL: SELECT * FROM `fl_topic` ORDER BY id desc LIMIT 15  [ RunTime:0.006641s ]
[ 2010-12-10T10:04:19+08:00 ] SQL: SHOW COLUMNS FROM fl_topic [ RunTime:0.008152s ]
[ 2010-12-10T10:04:19+08:00 ] SQL: SELECT * FROM `fl_topic` ORDER BY id desc LIMIT 15  [ RunTime:0.006445s ]
[ 2010-12-10T10:06:11+08:00 ] SQL: SHOW COLUMNS FROM fl_topic [ RunTime:0.007929s ]
[ 2010-12-10T10:06:11+08:00 ] SQL: SELECT * FROM `fl_topic` ORDER BY id desc LIMIT 15  [ RunTime:0.007365s ]
[ 2010-12-10T10:07:06+08:00 ] SQL: SHOW COLUMNS FROM fl_topic [ RunTime:0.006237s ]
[ 2010-12-10T10:07:06+08:00 ] NOTIC: [8] Undefined offset:  3 Model.class.php 第 858 行.
[ 2010-12-10T10:07:06+08:00 ] NOTIC: [8] Undefined offset:  3 Model.class.php 第 858 行.
[ 2010-12-10T10:07:06+08:00 ] SQL: INSERT INTO `fl_topic` (`content`,`uid`,`create_time`) VALUES ('jkasddasdjk阿斯的哦阿斯大四就达斯看了','1',1291946826) [ RunTime:0.012248s ]
[ 2010-12-10T10:07:06+08:00 ] NOTIC: [8] Use of undefined constant json - assumed 'json' IndexAction.class.php 第 22 行.
[ 2010-12-10T10:08:20+08:00 ] SQL: SHOW COLUMNS FROM fl_topic [ RunTime:0.006800s ]
[ 2010-12-10T10:08:20+08:00 ] SQL: SELECT * FROM `fl_topic` ORDER BY id desc LIMIT 15  [ RunTime:0.007872s ]
[ 2010-12-10T10:08:23+08:00 ] SQL: SHOW COLUMNS FROM fl_topic [ RunTime:0.008283s ]
[ 2010-12-10T10:08:23+08:00 ] SQL: SELECT * FROM `fl_topic` ORDER BY id desc LIMIT 15  [ RunTime:0.006892s ]
[ 2010-12-10T10:08:25+08:00 ] SQL: SHOW COLUMNS FROM fl_topic [ RunTime:0.006893s ]
[ 2010-12-10T10:08:25+08:00 ] SQL: SELECT * FROM `fl_topic` ORDER BY id desc LIMIT 15  [ RunTime:0.007014s ]
[ 2010-12-10T10:08:28+08:00 ] SQL: SHOW COLUMNS FROM fl_topic [ RunTime:0.007032s ]
[ 2010-12-10T10:08:28+08:00 ] SQL: SELECT * FROM `fl_topic` ORDER BY id desc LIMIT 15  [ RunTime:0.007266s ]
[ 2010-12-10T10:08:34+08:00 ] SQL: SHOW COLUMNS FROM fl_topic [ RunTime:0.007700s ]
[ 2010-12-10T10:08:34+08:00 ] NOTIC: [8] Undefined offset:  3 Model.class.php 第 858 行.
[ 2010-12-10T10:08:34+08:00 ] NOTIC: [8] Undefined offset:  3 Model.class.php 第 858 行.
[ 2010-12-10T10:08:34+08:00 ] SQL: INSERT INTO `fl_topic` (`content`,`uid`,`create_time`) VALUES ('jkasddasdjk阿斯的哦阿斯大四就达斯看了阿萨斯打算打算的阿斯','1',1291946914) [ RunTime:0.006279s ]
[ 2010-12-10T10:08:34+08:00 ] NOTIC: [8] Use of undefined constant json - assumed 'json' IndexAction.class.php 第 22 行.
[ 2010-12-10T10:11:00+08:00 ] SQL: SHOW COLUMNS FROM fl_topic [ RunTime:0.006657s ]
[ 2010-12-10T10:11:00+08:00 ] SQL: SELECT * FROM `fl_topic` ORDER BY id desc LIMIT 15  [ RunTime:0.008289s ]
[ 2010-12-10T10:11:09+08:00 ] SQL: SHOW COLUMNS FROM fl_topic [ RunTime:0.007587s ]
[ 2010-12-10T10:11:09+08:00 ] NOTIC: [8] Undefined offset:  3 Model.class.php 第 858 行.
[ 2010-12-10T10:11:09+08:00 ] NOTIC: [8] Undefined offset:  3 Model.class.php 第 858 行.
[ 2010-12-10T10:11:09+08:00 ] SQL: INSERT INTO `fl_topic` (`content`,`uid`,`create_time`) VALUES ('asd  s adas 奥斯丁奥斯丁奥斯丁阿斯奥斯丁阿斯','1',1291947069) [ RunTime:0.010799s ]
[ 2010-12-10T10:11:09+08:00 ] NOTIC: [8] Undefined index:  from IndexAction.class.php 第 22 行.
[ 2010-12-10T10:11:09+08:00 ] NOTIC: [8] Undefined index:  replys IndexAction.class.php 第 23 行.
[ 2010-12-10T10:11:09+08:00 ] NOTIC: [8] Use of undefined constant json - assumed 'json' IndexAction.class.php 第 24 行.
[ 2010-12-10T10:14:01+08:00 ] SQL: SHOW COLUMNS FROM fl_topic [ RunTime:0.007791s ]
[ 2010-12-10T10:14:01+08:00 ] SQL: SELECT * FROM `fl_topic` ORDER BY id desc LIMIT 15  [ RunTime:0.006525s ]
[ 2010-12-10T10:14:11+08:00 ] SQL: SHOW COLUMNS FROM fl_topic [ RunTime:0.006904s ]
[ 2010-12-10T10:14:11+08:00 ] NOTIC: [8] Undefined offset:  3 Model.class.php 第 858 行.
[ 2010-12-10T10:14:11+08:00 ] NOTIC: [8] Undefined offset:  3 Model.class.php 第 858 行.
[ 2010-12-10T10:14:11+08:00 ] SQL: INSERT INTO `fl_topic` (`content`,`uid`,`create_time`) VALUES ('asd  s adas 奥斯丁奥斯丁奥斯丁阿斯奥斯丁阿斯阿萨斯的','1',1291947251) [ RunTime:0.007188s ]
[ 2010-12-10T10:14:11+08:00 ] NOTIC: [8] Undefined index:  from IndexAction.class.php 第 22 行.
[ 2010-12-10T10:14:11+08:00 ] NOTIC: [8] Use of undefined constant json - assumed 'json' IndexAction.class.php 第 24 行.
[ 2010-12-10T10:15:12+08:00 ] SQL: SHOW COLUMNS FROM fl_topic [ RunTime:0.008165s ]
[ 2010-12-10T10:15:12+08:00 ] SQL: SELECT * FROM `fl_topic` ORDER BY id desc LIMIT 15  [ RunTime:0.007305s ]
[ 2010-12-10T10:15:19+08:00 ] SQL: SHOW COLUMNS FROM fl_topic [ RunTime:0.006552s ]
[ 2010-12-10T10:15:19+08:00 ] NOTIC: [8] Undefined offset:  3 Model.class.php 第 858 行.
[ 2010-12-10T10:15:19+08:00 ] NOTIC: [8] Undefined offset:  3 Model.class.php 第 858 行.
[ 2010-12-10T10:15:19+08:00 ] SQL: INSERT INTO `fl_topic` (`content`,`uid`,`create_time`) VALUES ('asdasdasd asd as奥斯丁奥斯丁','1',1291947319) [ RunTime:0.006960s ]
[ 2010-12-10T10:15:19+08:00 ] NOTIC: [8] Undefined index:  from IndexAction.class.php 第 22 行.
[ 2010-12-10T10:15:19+08:00 ] NOTIC: [8] Use of undefined constant json - assumed 'json' IndexAction.class.php 第 24 行.
[ 2010-12-10T10:16:07+08:00 ] SQL: SHOW COLUMNS FROM fl_topic [ RunTime:0.006765s ]
[ 2010-12-10T10:16:07+08:00 ] NOTIC: [8] Undefined offset:  3 Model.class.php 第 858 行.
[ 2010-12-10T10:16:07+08:00 ] NOTIC: [8] Undefined offset:  3 Model.class.php 第 858 行.
[ 2010-12-10T10:16:07+08:00 ] SQL: INSERT INTO `fl_topic` (`content`,`uid`,`create_time`) VALUES ('aasdad asdas 阿斯奥斯丁奥斯丁奥斯丁奥斯丁阿斯阿斯','1',1291947367) [ RunTime:0.006618s ]
[ 2010-12-10T10:16:07+08:00 ] NOTIC: [8] Undefined index:  from IndexAction.class.php 第 22 行.
[ 2010-12-10T10:16:07+08:00 ] NOTIC: [8] Use of undefined constant json - assumed 'json' IndexAction.class.php 第 24 行.
[ 2010-12-10T20:04:03+08:00 ] SQL: SHOW COLUMNS FROM fl_topic [ RunTime:0.325888s ]
[ 2010-12-10T20:04:03+08:00 ] SQL: SELECT * FROM `fl_topic` ORDER BY id desc LIMIT 15  [ RunTime:0.059130s ]
