[ 2010-11-05T09:49:12+08:00 ] SQL: SHOW COLUMNS FROM think_demo [ RunTime:0.012805s ]
[ 2010-11-05T09:49:12+08:00 ] SQL: SELECT * FROM `think_demo` [ RunTime:0.047363s ]
[ 2010-11-05T09:49:16+08:00 ] SQL: SHOW COLUMNS FROM think_demo [ RunTime:0.053049s ]
[ 2010-11-05T09:49:16+08:00 ] SQL: INSERT INTO `think_demo` (`title`,`content`) VALUES ('d','d') [ RunTime:0.030225s ]
[ 2010-11-05T09:49:16+08:00 ] ERR: (ThinkException) 无法加载模块Think_flowg
[ 2010-11-05T09:49:58+08:00 ] SQL: SHOW COLUMNS FROM think_demo [ RunTime:0.051391s ]
[ 2010-11-05T09:49:58+08:00 ] SQL: SELECT * FROM `think_demo` [ RunTime:0.042416s ]
[ 2010-11-05T09:50:07+08:00 ] SQL: SHOW COLUMNS FROM think_demo [ RunTime:0.068350s ]
[ 2010-11-05T09:50:07+08:00 ] SQL: INSERT INTO `think_demo` (`title`,`content`) VALUES ('asd','asd') [ RunTime:0.115962s ]
[ 2010-11-05T09:50:07+08:00 ] SQL: SHOW COLUMNS FROM think_demo [ RunTime:0.011098s ]
[ 2010-11-05T09:50:07+08:00 ] SQL: SELECT * FROM `think_demo` [ RunTime:0.027168s ]
[ 2010-11-05T09:50:25+08:00 ] SQL: SHOW COLUMNS FROM think_demo [ RunTime:0.055077s ]
[ 2010-11-05T09:50:25+08:00 ] SQL: SELECT * FROM `think_demo` [ RunTime:0.065283s ]
[ 2010-11-05T09:50:29+08:00 ] SQL: SHOW COLUMNS FROM think_demo [ RunTime:0.069449s ]
[ 2010-11-05T09:50:29+08:00 ] SQL: INSERT INTO `think_demo` (`title`,`content`) VALUES ('sdasdasdasd','asdasdasdas') [ RunTime:0.078155s ]
[ 2010-11-05T09:50:29+08:00 ] SQL: SHOW COLUMNS FROM think_demo [ RunTime:0.068857s ]
[ 2010-11-05T09:50:29+08:00 ] SQL: SELECT * FROM `think_demo` [ RunTime:0.025774s ]
[ 2010-11-05T09:52:03+08:00 ] SQL: SHOW COLUMNS FROM think_demo [ RunTime:0.063149s ]
[ 2010-11-05T09:52:03+08:00 ] SQL: SELECT * FROM `think_demo` [ RunTime:0.056648s ]
[ 2010-11-05T09:52:08+08:00 ] SQL: SHOW COLUMNS FROM think_demo [ RunTime:0.011246s ]
[ 2010-11-05T09:52:08+08:00 ] SQL: SELECT * FROM `think_demo` [ RunTime:0.046968s ]
[ 2010-11-05T18:05:42+08:00 ] SQL: SHOW COLUMNS FROM think_demo [ RunTime:0.079588s ]
[ 2010-11-05T18:05:42+08:00 ] SQL: SELECT * FROM `think_demo` [ RunTime:0.028141s ]
[ 2010-11-05T21:36:00+08:00 ] SQL: SHOW COLUMNS FROM think_demo [ RunTime:1.162675s ]
[ 2010-11-05T21:36:00+08:00 ] SQL: SELECT * FROM `think_demo` [ RunTime:0.013088s ]
