[ 2011-02-24T15:01:40+08:00 ] SQL: SHOW COLUMNS FROM fl_user [ RunTime:0.057770s ]
[ 2011-02-24T15:01:40+08:00 ] SQL: SHOW COLUMNS FROM fl_user [ RunTime:0.085230s ]
[ 2011-02-24T15:01:40+08:00 ] SQL: SELECT * FROM `fl_user` WHERE userid='admin' LIMIT 1  [ RunTime:0.061409s ]
[ 2011-02-24T15:01:40+08:00 ] SQL: SHOW COLUMNS FROM fl_tag [ RunTime:0.072954s ]
[ 2011-02-24T15:01:40+08:00 ] SQL: SHOW COLUMNS FROM fl_tag [ RunTime:0.065891s ]
[ 2011-02-24T15:01:40+08:00 ] SQL: SHOW COLUMNS FROM fl_topic [ RunTime:0.085487s ]
[ 2011-02-24T15:01:40+08:00 ] SQL: SHOW COLUMNS FROM fl_topic [ RunTime:0.068159s ]
[ 2011-02-24T15:01:40+08:00 ] SQL: SHOW COLUMNS FROM fl_user [ RunTime:0.066138s ]
[ 2011-02-24T15:01:40+08:00 ] SQL: SELECT Tag.id AS id,Tag.tagname AS tagname,COUNT(Topic.id) AS count FROM fl_tag Tag  JOIN fl_topic Topic ON Tag.id=Topic.tagid  JOIN fl_user User ON Topic.uid=User.id WHERE Topic.status=1 GROUP BY Tag.id ORDER BY Count desc LIMIT 8  [ RunTime:0.080761s ]
[ 2011-02-24T15:01:41+08:00 ] SQL: SHOW COLUMNS FROM fl_news [ RunTime:0.096359s ]
[ 2011-02-24T15:01:41+08:00 ] SQL: SHOW COLUMNS FROM fl_news [ RunTime:0.069797s ]
[ 2011-02-24T15:01:41+08:00 ] SQL: SELECT * FROM `fl_news` ORDER BY id desc LIMIT 6  [ RunTime:0.105646s ]
[ 2011-02-24T15:01:41+08:00 ] SQL: SELECT * FROM `fl_user` WHERE userid='admin' LIMIT 1  [ RunTime:0.000526s ]
[ 2011-02-24T15:01:41+08:00 ] SQL: SELECT * FROM `fl_user` WHERE id='1' LIMIT 1  [ RunTime:0.000935s ]
[ 2011-02-24T15:01:41+08:00 ] SQL: SHOW COLUMNS FROM fl_follow [ RunTime:0.091080s ]
[ 2011-02-24T15:01:41+08:00 ] SQL: SELECT COUNT(*) AS tp_count FROM `fl_follow` WHERE objuid=1 LIMIT 1  [ RunTime:0.045199s ]
[ 2011-02-24T15:01:41+08:00 ] SQL: SELECT COUNT(*) AS tp_count FROM `fl_follow` WHERE uid=1 LIMIT 1  [ RunTime:0.000522s ]
[ 2011-02-24T15:01:41+08:00 ] SQL: SELECT COUNT(*) AS tp_count FROM `fl_topic` WHERE uid=1 and status=1 and (type="first" or type="transmit") LIMIT 1  [ RunTime:0.006192s ]
[ 2011-02-24T15:01:41+08:00 ] SQL: SHOW COLUMNS FROM fl_style [ RunTime:0.093379s ]
[ 2011-02-24T15:01:41+08:00 ] SQL: SELECT * FROM `fl_style` WHERE id=6 LIMIT 1  [ RunTime:0.046063s ]
[ 2011-02-24T15:01:41+08:00 ] SQL: SELECT * FROM `fl_user` WHERE userid='admin' LIMIT 1  [ RunTime:0.001077s ]
[ 2011-02-24T15:01:41+08:00 ] SQL: SELECT * FROM `fl_follow` WHERE uid=1 [ RunTime:0.000718s ]
[ 2011-02-24T15:01:41+08:00 ] SQL: SELECT COUNT(*) AS tp_count FROM `fl_topic` WHERE  instr('2,4,6,1',uid) and status=1 and (type='first' or type='transmit') LIMIT 1  [ RunTime:0.011309s ]
[ 2011-02-24T15:01:41+08:00 ] SQL: SELECT * FROM `fl_topic` WHERE  instr('2,4,6,1',uid) and status=1 and (type='first' or type='transmit') ORDER BY id desc LIMIT 0,20  [ RunTime:0.001360s ]
[ 2011-02-24T15:01:41+08:00 ] SQL: SELECT COUNT(*) AS tp_count FROM `fl_topic` WHERE rootid=304 LIMIT 1  [ RunTime:0.000951s ]
[ 2011-02-24T15:01:41+08:00 ] SQL: SELECT nickname,homepage,avatar FROM `fl_user` WHERE id='1' LIMIT 1  [ RunTime:0.000489s ]
[ 2011-02-24T15:01:41+08:00 ] SQL: SELECT COUNT(*) AS tp_count FROM `fl_topic` WHERE rootid=302 LIMIT 1  [ RunTime:0.000783s ]
[ 2011-02-24T15:01:41+08:00 ] SQL: SELECT nickname,homepage,avatar FROM `fl_user` WHERE id='1' LIMIT 1  [ RunTime:0.000245s ]
[ 2011-02-24T15:01:41+08:00 ] SQL: SELECT COUNT(*) AS tp_count FROM `fl_topic` WHERE rootid=301 LIMIT 1  [ RunTime:0.000747s ]
[ 2011-02-24T15:01:41+08:00 ] SQL: SELECT nickname,homepage,avatar FROM `fl_user` WHERE id='1' LIMIT 1  [ RunTime:0.000239s ]
[ 2011-02-24T15:01:41+08:00 ] SQL: SELECT COUNT(*) AS tp_count FROM `fl_topic` WHERE rootid=300 LIMIT 1  [ RunTime:0.000734s ]
[ 2011-02-24T15:01:41+08:00 ] SQL: SELECT nickname,homepage,avatar FROM `fl_user` WHERE id='1' LIMIT 1  [ RunTime:0.000254s ]
[ 2011-02-24T15:01:41+08:00 ] SQL: SELECT COUNT(*) AS tp_count FROM `fl_topic` WHERE rootid=299 LIMIT 1  [ RunTime:0.000763s ]
[ 2011-02-24T15:01:41+08:00 ] SQL: SELECT nickname,homepage,avatar FROM `fl_user` WHERE id='1' LIMIT 1  [ RunTime:0.000251s ]
[ 2011-02-24T15:01:41+08:00 ] SQL: SELECT COUNT(*) AS tp_count FROM `fl_topic` WHERE rootid=298 LIMIT 1  [ RunTime:0.000811s ]
[ 2011-02-24T15:01:41+08:00 ] SQL: SELECT nickname,homepage,avatar FROM `fl_user` WHERE id='1' LIMIT 1  [ RunTime:0.000237s ]
[ 2011-02-24T15:01:41+08:00 ] SQL: SELECT COUNT(*) AS tp_count FROM `fl_topic` WHERE rootid=297 LIMIT 1  [ RunTime:0.000751s ]
[ 2011-02-24T15:01:41+08:00 ] SQL: SELECT nickname,homepage,avatar FROM `fl_user` WHERE id='1' LIMIT 1  [ RunTime:0.000720s ]
[ 2011-02-24T15:01:41+08:00 ] SQL: SELECT COUNT(*) AS tp_count FROM `fl_topic` WHERE rootid=296 LIMIT 1  [ RunTime:0.001309s ]
[ 2011-02-24T15:01:41+08:00 ] SQL: SELECT nickname,homepage,avatar FROM `fl_user` WHERE id='1' LIMIT 1  [ RunTime:0.001698s ]
[ 2011-02-24T15:01:41+08:00 ] SQL: SELECT COUNT(*) AS tp_count FROM `fl_topic` WHERE rootid=295 LIMIT 1  [ RunTime:0.000934s ]
[ 2011-02-24T15:01:41+08:00 ] SQL: SELECT nickname,homepage,avatar FROM `fl_user` WHERE id='2' LIMIT 1  [ RunTime:0.000982s ]
[ 2011-02-24T15:01:41+08:00 ] SQL: SHOW COLUMNS FROM fl_image [ RunTime:0.058895s ]
[ 2011-02-24T15:01:41+08:00 ] SQL: SELECT * FROM `fl_image` WHERE id='30' LIMIT 1  [ RunTime:0.091844s ]
[ 2011-02-24T15:01:41+08:00 ] SQL: SELECT COUNT(*) AS tp_count FROM `fl_topic` WHERE rootid=293 LIMIT 1  [ RunTime:0.001236s ]
[ 2011-02-24T15:01:41+08:00 ] SQL: SELECT nickname,homepage,avatar FROM `fl_user` WHERE id='2' LIMIT 1  [ RunTime:0.000256s ]
[ 2011-02-24T15:01:41+08:00 ] SQL: SELECT COUNT(*) AS tp_count FROM `fl_topic` WHERE rootid=292 LIMIT 1  [ RunTime:0.000776s ]
[ 2011-02-24T15:01:41+08:00 ] SQL: SELECT nickname,homepage,avatar FROM `fl_user` WHERE id='2' LIMIT 1  [ RunTime:0.000276s ]
[ 2011-02-24T15:01:41+08:00 ] SQL: SELECT COUNT(*) AS tp_count FROM `fl_topic` WHERE rootid=291 LIMIT 1  [ RunTime:0.000801s ]
[ 2011-02-24T15:01:41+08:00 ] SQL: SELECT nickname,homepage,avatar FROM `fl_user` WHERE id='2' LIMIT 1  [ RunTime:0.000246s ]
[ 2011-02-24T15:01:41+08:00 ] SQL: SELECT * FROM `fl_image` WHERE id='29' LIMIT 1  [ RunTime:0.000506s ]
[ 2011-02-24T15:01:41+08:00 ] SQL: SELECT COUNT(*) AS tp_count FROM `fl_topic` WHERE rootid=290 LIMIT 1  [ RunTime:0.001026s ]
[ 2011-02-24T15:01:41+08:00 ] SQL: SELECT nickname,homepage,avatar FROM `fl_user` WHERE id='2' LIMIT 1  [ RunTime:0.000252s ]
[ 2011-02-24T15:01:41+08:00 ] SQL: SELECT COUNT(*) AS tp_count FROM `fl_topic` WHERE rootid=289 LIMIT 1  [ RunTime:0.000816s ]
[ 2011-02-24T15:01:41+08:00 ] SQL: SELECT nickname,homepage,avatar FROM `fl_user` WHERE id='2' LIMIT 1  [ RunTime:0.000237s ]
[ 2011-02-24T15:01:41+08:00 ] SQL: SELECT COUNT(*) AS tp_count FROM `fl_topic` WHERE rootid=288 LIMIT 1  [ RunTime:0.000871s ]
[ 2011-02-24T15:01:41+08:00 ] SQL: SELECT nickname,homepage,avatar FROM `fl_user` WHERE id='1' LIMIT 1  [ RunTime:0.000256s ]
[ 2011-02-24T15:01:41+08:00 ] SQL: SELECT * FROM `fl_image` WHERE id='28' LIMIT 1  [ RunTime:0.000492s ]
[ 2011-02-24T15:01:41+08:00 ] SQL: SELECT COUNT(*) AS tp_count FROM `fl_topic` WHERE rootid=286 LIMIT 1  [ RunTime:0.001056s ]
[ 2011-02-24T15:01:41+08:00 ] SQL: SELECT nickname,homepage,avatar FROM `fl_user` WHERE id='1' LIMIT 1  [ RunTime:0.000329s ]
[ 2011-02-24T15:01:41+08:00 ] SQL: SELECT COUNT(*) AS tp_count FROM `fl_topic` WHERE rootid=285 LIMIT 1  [ RunTime:0.000820s ]
[ 2011-02-24T15:01:41+08:00 ] SQL: SELECT nickname,homepage,avatar FROM `fl_user` WHERE id='1' LIMIT 1  [ RunTime:0.000232s ]
[ 2011-02-24T15:01:41+08:00 ] SQL: SELECT COUNT(*) AS tp_count FROM `fl_topic` WHERE rootid=284 LIMIT 1  [ RunTime:0.000796s ]
[ 2011-02-24T15:01:41+08:00 ] SQL: SELECT nickname,homepage,avatar FROM `fl_user` WHERE id='1' LIMIT 1  [ RunTime:0.000242s ]
[ 2011-02-24T15:01:41+08:00 ] SQL: SELECT COUNT(*) AS tp_count FROM `fl_topic` WHERE rootid=283 LIMIT 1  [ RunTime:0.000763s ]
[ 2011-02-24T15:01:41+08:00 ] SQL: SELECT nickname,homepage,avatar FROM `fl_user` WHERE id='1' LIMIT 1  [ RunTime:0.000249s ]
[ 2011-02-24T15:01:41+08:00 ] SQL: SELECT COUNT(*) AS tp_count FROM `fl_topic` WHERE rootid=282 LIMIT 1  [ RunTime:0.000793s ]
[ 2011-02-24T15:01:41+08:00 ] SQL: SELECT nickname,homepage,avatar FROM `fl_user` WHERE id='1' LIMIT 1  [ RunTime:0.000242s ]
[ 2011-02-24T15:22:09+08:00 ] SQL: SHOW COLUMNS FROM fl_tag [ RunTime:0.089071s ]
[ 2011-02-24T15:22:09+08:00 ] SQL: SHOW COLUMNS FROM fl_tag [ RunTime:0.088601s ]
[ 2011-02-24T15:22:09+08:00 ] SQL: SHOW COLUMNS FROM fl_topic [ RunTime:0.099558s ]
[ 2011-02-24T15:22:09+08:00 ] SQL: SHOW COLUMNS FROM fl_topic [ RunTime:0.080390s ]
[ 2011-02-24T15:22:09+08:00 ] SQL: SHOW COLUMNS FROM fl_user [ RunTime:0.102128s ]
[ 2011-02-24T15:22:09+08:00 ] SQL: SHOW COLUMNS FROM fl_user [ RunTime:0.089702s ]
[ 2011-02-24T15:22:09+08:00 ] SQL: SELECT Tag.id AS id,Tag.tagname AS tagname,COUNT(Topic.id) AS count FROM fl_tag Tag  JOIN fl_topic Topic ON Tag.id=Topic.tagid  JOIN fl_user User ON Topic.uid=User.id WHERE Topic.status=1 GROUP BY Tag.id ORDER BY Count desc LIMIT 8  [ RunTime:0.058554s ]
[ 2011-02-24T15:22:09+08:00 ] SQL: SHOW COLUMNS FROM fl_news [ RunTime:0.033799s ]
[ 2011-02-24T15:22:09+08:00 ] SQL: SHOW COLUMNS FROM fl_news [ RunTime:0.081444s ]
[ 2011-02-24T15:22:09+08:00 ] SQL: SELECT * FROM `fl_news` ORDER BY id desc LIMIT 6  [ RunTime:0.052514s ]
[ 2011-02-24T15:22:09+08:00 ] SQL: SELECT * FROM `fl_user` WHERE userid='admin' LIMIT 1  [ RunTime:0.000494s ]
[ 2011-02-24T15:22:09+08:00 ] SQL: SELECT * FROM `fl_user` WHERE id='1' LIMIT 1  [ RunTime:0.000417s ]
[ 2011-02-24T15:22:09+08:00 ] SQL: SHOW COLUMNS FROM fl_follow [ RunTime:0.023917s ]
[ 2011-02-24T15:22:10+08:00 ] SQL: SELECT COUNT(*) AS tp_count FROM `fl_follow` WHERE objuid=1 LIMIT 1  [ RunTime:0.068412s ]
[ 2011-02-24T15:22:10+08:00 ] SQL: SELECT COUNT(*) AS tp_count FROM `fl_follow` WHERE uid=1 LIMIT 1  [ RunTime:0.000566s ]
[ 2011-02-24T15:22:10+08:00 ] SQL: SELECT COUNT(*) AS tp_count FROM `fl_topic` WHERE uid=1 and status=1 and (type="first" or type="transmit") LIMIT 1  [ RunTime:0.000404s ]
[ 2011-02-24T15:22:10+08:00 ] SQL: SHOW COLUMNS FROM fl_style [ RunTime:0.025676s ]
[ 2011-02-24T15:22:10+08:00 ] SQL: SELECT * FROM `fl_style` WHERE id=6 LIMIT 1  [ RunTime:0.052171s ]
[ 2011-02-24T15:22:10+08:00 ] NOTIC: [8] Undefined index:  uid FollowAction.class.php 第 17 行.
[ 2011-02-24T15:22:10+08:00 ] SQL: SELECT * FROM `fl_user` WHERE userid='admin' LIMIT 1  [ RunTime:0.000670s ]
[ 2011-02-24T15:22:10+08:00 ] SQL: SELECT * FROM `fl_follow` WHERE uid=1 [ RunTime:0.000950s ]
[ 2011-02-24T15:22:10+08:00 ] SQL: SELECT COUNT(*) AS tp_count FROM `fl_user` WHERE  instr('2,4,6,',id) and status=1 LIMIT 1  [ RunTime:0.000806s ]
[ 2011-02-24T15:22:10+08:00 ] SQL: SELECT * FROM `fl_user` WHERE  instr('2,4,6,',id) and status=1 ORDER BY id desc LIMIT 0,20  [ RunTime:0.001738s ]
[ 2011-02-24T15:22:10+08:00 ] SQL: SELECT * FROM `fl_topic` WHERE status=1 and uid=6 ORDER BY id desc LIMIT 1  [ RunTime:0.001612s ]
[ 2011-02-24T15:22:10+08:00 ] SQL: SELECT COUNT(*) AS tp_count FROM `fl_follow` WHERE objuid=6 LIMIT 1  [ RunTime:0.000766s ]
[ 2011-02-24T15:22:10+08:00 ] SQL: SELECT COUNT(*) AS tp_count FROM `fl_follow` WHERE uid=6 LIMIT 1  [ RunTime:0.000903s ]
[ 2011-02-24T15:22:10+08:00 ] SQL: SELECT * FROM `fl_topic` WHERE status=1 and uid=4 ORDER BY id desc LIMIT 1  [ RunTime:0.001693s ]
[ 2011-02-24T15:22:10+08:00 ] SQL: SELECT COUNT(*) AS tp_count FROM `fl_follow` WHERE objuid=4 LIMIT 1  [ RunTime:0.000737s ]
[ 2011-02-24T15:22:10+08:00 ] SQL: SELECT COUNT(*) AS tp_count FROM `fl_follow` WHERE uid=4 LIMIT 1  [ RunTime:0.000643s ]
[ 2011-02-24T15:22:10+08:00 ] SQL: SELECT * FROM `fl_topic` WHERE status=1 and uid=2 ORDER BY id desc LIMIT 1  [ RunTime:0.001616s ]
[ 2011-02-24T15:22:10+08:00 ] SQL: SELECT COUNT(*) AS tp_count FROM `fl_follow` WHERE objuid=2 LIMIT 1  [ RunTime:0.001486s ]
[ 2011-02-24T15:22:10+08:00 ] SQL: SELECT COUNT(*) AS tp_count FROM `fl_follow` WHERE uid=2 LIMIT 1  [ RunTime:0.000853s ]
