[ 2011-02-20T12:31:28+08:00 ] SQL: SHOW COLUMNS FROM fl_user [ RunTime:0.056390s ]
[ 2011-02-20T12:31:28+08:00 ] SQL: SHOW COLUMNS FROM fl_user [ RunTime:0.054697s ]
[ 2011-02-20T12:31:28+08:00 ] SQL: SELECT * FROM `fl_user` WHERE userid='admin' LIMIT 1  [ RunTime:0.038208s ]
[ 2011-02-20T12:31:28+08:00 ] SQL: SHOW COLUMNS FROM fl_tag [ RunTime:0.061303s ]
[ 2011-02-20T12:31:28+08:00 ] SQL: SHOW COLUMNS FROM fl_tag [ RunTime:0.129252s ]
[ 2011-02-20T12:31:28+08:00 ] SQL: SHOW COLUMNS FROM fl_topic [ RunTime:0.139645s ]
[ 2011-02-20T12:31:28+08:00 ] SQL: SHOW COLUMNS FROM fl_topic [ RunTime:0.043039s ]
[ 2011-02-20T12:31:28+08:00 ] SQL: SHOW COLUMNS FROM fl_user [ RunTime:0.044280s ]
[ 2011-02-20T12:31:28+08:00 ] SQL: SELECT Tag.id AS id,Tag.tagname AS tagname,COUNT(Topic.id) AS count FROM fl_tag Tag  JOIN fl_topic Topic ON Tag.id=Topic.tagid  JOIN fl_user User ON Topic.uid=User.id WHERE Topic.status=1 GROUP BY Tag.id ORDER BY Count desc LIMIT 8  [ RunTime:0.071577s ]
[ 2011-02-20T12:31:28+08:00 ] SQL: SHOW COLUMNS FROM fl_news [ RunTime:0.057375s ]
[ 2011-02-20T12:31:28+08:00 ] SQL: SHOW COLUMNS FROM fl_news [ RunTime:0.041781s ]
[ 2011-02-20T12:31:28+08:00 ] SQL: SELECT * FROM `fl_news` ORDER BY id desc LIMIT 6  [ RunTime:0.034431s ]
[ 2011-02-20T12:31:28+08:00 ] SQL: SELECT * FROM `fl_user` WHERE userid='admin' LIMIT 1  [ RunTime:0.000584s ]
[ 2011-02-20T12:31:28+08:00 ] SQL: SELECT * FROM `fl_user` WHERE id='1' LIMIT 1  [ RunTime:0.001070s ]
[ 2011-02-20T12:31:28+08:00 ] SQL: SHOW COLUMNS FROM fl_follow [ RunTime:0.068236s ]
[ 2011-02-20T12:31:29+08:00 ] SQL: SELECT COUNT(*) AS tp_count FROM `fl_follow` WHERE objuid=1 LIMIT 1  [ RunTime:0.029115s ]
[ 2011-02-20T12:31:29+08:00 ] SQL: SELECT COUNT(*) AS tp_count FROM `fl_follow` WHERE uid=1 LIMIT 1  [ RunTime:0.000534s ]
[ 2011-02-20T12:31:29+08:00 ] SQL: SELECT COUNT(*) AS tp_count FROM `fl_topic` WHERE uid=1 and status=1 and (type="first" or type="transmit") LIMIT 1  [ RunTime:0.003099s ]
[ 2011-02-20T12:31:29+08:00 ] SQL: SHOW COLUMNS FROM fl_style [ RunTime:0.080338s ]
[ 2011-02-20T12:31:29+08:00 ] SQL: SELECT * FROM `fl_style` WHERE id=4 LIMIT 1  [ RunTime:0.027948s ]
[ 2011-02-20T12:31:29+08:00 ] SQL: SELECT * FROM `fl_user` WHERE userid='admin' LIMIT 1  [ RunTime:0.000708s ]
[ 2011-02-20T12:31:29+08:00 ] SQL: SELECT * FROM `fl_follow` WHERE uid=1 [ RunTime:0.000640s ]
[ 2011-02-20T12:31:29+08:00 ] SQL: SELECT COUNT(*) AS tp_count FROM `fl_topic` WHERE  instr('2,4,6,7,9,1',uid) and status=1 and (type='first' or type='transmit') LIMIT 1  [ RunTime:0.012263s ]
[ 2011-02-20T12:31:29+08:00 ] SQL: SELECT * FROM `fl_topic` WHERE  instr('2,4,6,7,9,1',uid) and status=1 and (type='first' or type='transmit') ORDER BY id desc LIMIT 0,20  [ RunTime:0.001017s ]
[ 2011-02-20T12:31:29+08:00 ] SQL: SELECT COUNT(*) AS tp_count FROM `fl_topic` WHERE rootid=296 LIMIT 1  [ RunTime:0.000735s ]
[ 2011-02-20T12:31:29+08:00 ] SQL: SELECT nickname,homepage,avatar FROM `fl_user` WHERE id='1' LIMIT 1  [ RunTime:0.000515s ]
[ 2011-02-20T12:31:29+08:00 ] SQL: SELECT COUNT(*) AS tp_count FROM `fl_topic` WHERE rootid=295 LIMIT 1  [ RunTime:0.000673s ]
[ 2011-02-20T12:31:29+08:00 ] SQL: SELECT nickname,homepage,avatar FROM `fl_user` WHERE id='2' LIMIT 1  [ RunTime:0.000532s ]
[ 2011-02-20T12:31:29+08:00 ] SQL: SHOW COLUMNS FROM fl_image [ RunTime:0.054172s ]
[ 2011-02-20T12:31:29+08:00 ] SQL: SELECT * FROM `fl_image` WHERE id='30' LIMIT 1  [ RunTime:0.047491s ]
[ 2011-02-20T12:31:29+08:00 ] SQL: SELECT COUNT(*) AS tp_count FROM `fl_topic` WHERE rootid=293 LIMIT 1  [ RunTime:0.000735s ]
[ 2011-02-20T12:31:29+08:00 ] SQL: SELECT nickname,homepage,avatar FROM `fl_user` WHERE id='2' LIMIT 1  [ RunTime:0.000295s ]
[ 2011-02-20T12:31:29+08:00 ] SQL: SELECT COUNT(*) AS tp_count FROM `fl_topic` WHERE rootid=292 LIMIT 1  [ RunTime:0.000642s ]
[ 2011-02-20T12:31:29+08:00 ] SQL: SELECT nickname,homepage,avatar FROM `fl_user` WHERE id='2' LIMIT 1  [ RunTime:0.000314s ]
[ 2011-02-20T12:31:29+08:00 ] SQL: SELECT COUNT(*) AS tp_count FROM `fl_topic` WHERE rootid=291 LIMIT 1  [ RunTime:0.000625s ]
[ 2011-02-20T12:31:29+08:00 ] SQL: SELECT nickname,homepage,avatar FROM `fl_user` WHERE id='2' LIMIT 1  [ RunTime:0.000279s ]
[ 2011-02-20T12:31:29+08:00 ] SQL: SELECT * FROM `fl_image` WHERE id='29' LIMIT 1  [ RunTime:0.000514s ]
[ 2011-02-20T12:31:29+08:00 ] SQL: SELECT COUNT(*) AS tp_count FROM `fl_topic` WHERE rootid=290 LIMIT 1  [ RunTime:0.000762s ]
[ 2011-02-20T12:31:29+08:00 ] SQL: SELECT nickname,homepage,avatar FROM `fl_user` WHERE id='2' LIMIT 1  [ RunTime:0.000852s ]
[ 2011-02-20T12:31:29+08:00 ] SQL: SELECT COUNT(*) AS tp_count FROM `fl_topic` WHERE rootid=289 LIMIT 1  [ RunTime:0.001048s ]
[ 2011-02-20T12:31:29+08:00 ] SQL: SELECT nickname,homepage,avatar FROM `fl_user` WHERE id='2' LIMIT 1  [ RunTime:0.000312s ]
[ 2011-02-20T12:31:29+08:00 ] SQL: SELECT COUNT(*) AS tp_count FROM `fl_topic` WHERE rootid=288 LIMIT 1  [ RunTime:0.000666s ]
[ 2011-02-20T12:31:29+08:00 ] SQL: SELECT nickname,homepage,avatar FROM `fl_user` WHERE id='1' LIMIT 1  [ RunTime:0.000357s ]
[ 2011-02-20T12:31:29+08:00 ] SQL: SELECT * FROM `fl_image` WHERE id='28' LIMIT 1  [ RunTime:0.000463s ]
[ 2011-02-20T12:31:29+08:00 ] SQL: SELECT COUNT(*) AS tp_count FROM `fl_topic` WHERE rootid=286 LIMIT 1  [ RunTime:0.000649s ]
[ 2011-02-20T12:31:29+08:00 ] SQL: SELECT nickname,homepage,avatar FROM `fl_user` WHERE id='1' LIMIT 1  [ RunTime:0.000296s ]
[ 2011-02-20T12:31:29+08:00 ] SQL: SELECT COUNT(*) AS tp_count FROM `fl_topic` WHERE rootid=285 LIMIT 1  [ RunTime:0.000627s ]
[ 2011-02-20T12:31:29+08:00 ] SQL: SELECT nickname,homepage,avatar FROM `fl_user` WHERE id='1' LIMIT 1  [ RunTime:0.000298s ]
[ 2011-02-20T12:31:29+08:00 ] SQL: SELECT COUNT(*) AS tp_count FROM `fl_topic` WHERE rootid=284 LIMIT 1  [ RunTime:0.000830s ]
[ 2011-02-20T12:31:29+08:00 ] SQL: SELECT nickname,homepage,avatar FROM `fl_user` WHERE id='1' LIMIT 1  [ RunTime:0.000310s ]
[ 2011-02-20T12:31:29+08:00 ] SQL: SELECT COUNT(*) AS tp_count FROM `fl_topic` WHERE rootid=283 LIMIT 1  [ RunTime:0.000717s ]
[ 2011-02-20T12:31:29+08:00 ] SQL: SELECT nickname,homepage,avatar FROM `fl_user` WHERE id='1' LIMIT 1  [ RunTime:0.000301s ]
[ 2011-02-20T12:31:29+08:00 ] SQL: SELECT COUNT(*) AS tp_count FROM `fl_topic` WHERE rootid=282 LIMIT 1  [ RunTime:0.000639s ]
[ 2011-02-20T12:31:29+08:00 ] SQL: SELECT nickname,homepage,avatar FROM `fl_user` WHERE id='1' LIMIT 1  [ RunTime:0.000287s ]
[ 2011-02-20T12:31:29+08:00 ] SQL: SELECT COUNT(*) AS tp_count FROM `fl_topic` WHERE rootid=281 LIMIT 1  [ RunTime:0.000640s ]
[ 2011-02-20T12:31:29+08:00 ] SQL: SELECT nickname,homepage,avatar FROM `fl_user` WHERE id='1' LIMIT 1  [ RunTime:0.000333s ]
[ 2011-02-20T12:31:29+08:00 ] SQL: SELECT COUNT(*) AS tp_count FROM `fl_topic` WHERE rootid=280 LIMIT 1  [ RunTime:0.000653s ]
[ 2011-02-20T12:31:29+08:00 ] SQL: SELECT nickname,homepage,avatar FROM `fl_user` WHERE id='1' LIMIT 1  [ RunTime:0.000301s ]
[ 2011-02-20T12:31:29+08:00 ] SQL: SELECT COUNT(*) AS tp_count FROM `fl_topic` WHERE rootid=279 LIMIT 1  [ RunTime:0.000926s ]
[ 2011-02-20T12:31:29+08:00 ] SQL: SELECT nickname,homepage,avatar FROM `fl_user` WHERE id='1' LIMIT 1  [ RunTime:0.000356s ]
[ 2011-02-20T12:31:29+08:00 ] SQL: SELECT COUNT(*) AS tp_count FROM `fl_topic` WHERE rootid=278 LIMIT 1  [ RunTime:0.000721s ]
[ 2011-02-20T12:31:29+08:00 ] SQL: SELECT nickname,homepage,avatar FROM `fl_user` WHERE id='1' LIMIT 1  [ RunTime:0.000310s ]
[ 2011-02-20T12:31:29+08:00 ] SQL: SELECT COUNT(*) AS tp_count FROM `fl_topic` WHERE rootid=277 LIMIT 1  [ RunTime:0.000637s ]
[ 2011-02-20T12:31:29+08:00 ] SQL: SELECT nickname,homepage,avatar FROM `fl_user` WHERE id='2' LIMIT 1  [ RunTime:0.000298s ]
[ 2011-02-20T12:31:29+08:00 ] SQL: SELECT COUNT(*) AS tp_count FROM `fl_topic` WHERE rootid=275 LIMIT 1  [ RunTime:0.000686s ]
[ 2011-02-20T12:31:29+08:00 ] SQL: SELECT nickname,homepage,avatar FROM `fl_user` WHERE id='1' LIMIT 1  [ RunTime:0.000309s ]
[ 2011-02-20T12:31:29+08:00 ] SQL: SELECT COUNT(*) AS tp_count FROM `fl_topic` WHERE rootid=273 LIMIT 1  [ RunTime:0.000663s ]
[ 2011-02-20T12:31:29+08:00 ] SQL: SELECT nickname,homepage,avatar FROM `fl_user` WHERE id='1' LIMIT 1  [ RunTime:0.000303s ]
[ 2011-02-20T15:13:53+08:00 ] SQL: SHOW COLUMNS FROM fl_tag [ RunTime:0.046560s ]
[ 2011-02-20T15:13:53+08:00 ] SQL: SHOW COLUMNS FROM fl_tag [ RunTime:0.025701s ]
[ 2011-02-20T15:13:53+08:00 ] SQL: SHOW COLUMNS FROM fl_topic [ RunTime:0.026111s ]
[ 2011-02-20T15:13:53+08:00 ] SQL: SHOW COLUMNS FROM fl_topic [ RunTime:0.045877s ]
[ 2011-02-20T15:13:53+08:00 ] SQL: SHOW COLUMNS FROM fl_user [ RunTime:0.048434s ]
[ 2011-02-20T15:13:53+08:00 ] SQL: SHOW COLUMNS FROM fl_user [ RunTime:0.056018s ]
[ 2011-02-20T15:13:53+08:00 ] SQL: SELECT Tag.id AS id,Tag.tagname AS tagname,COUNT(Topic.id) AS count FROM fl_tag Tag  JOIN fl_topic Topic ON Tag.id=Topic.tagid  JOIN fl_user User ON Topic.uid=User.id WHERE Topic.status=1 GROUP BY Tag.id ORDER BY Count desc LIMIT 8  [ RunTime:0.033284s ]
[ 2011-02-20T15:13:53+08:00 ] SQL: SHOW COLUMNS FROM fl_news [ RunTime:0.038763s ]
[ 2011-02-20T15:13:54+08:00 ] SQL: SHOW COLUMNS FROM fl_news [ RunTime:0.047027s ]
[ 2011-02-20T15:13:54+08:00 ] SQL: SELECT * FROM `fl_news` ORDER BY id desc LIMIT 6  [ RunTime:0.034613s ]
[ 2011-02-20T15:13:54+08:00 ] SQL: SELECT * FROM `fl_user` WHERE userid='admin' LIMIT 1  [ RunTime:0.000328s ]
[ 2011-02-20T15:13:54+08:00 ] SQL: SELECT * FROM `fl_user` WHERE id='1' LIMIT 1  [ RunTime:0.000295s ]
[ 2011-02-20T15:13:54+08:00 ] SQL: SHOW COLUMNS FROM fl_follow [ RunTime:0.014308s ]
[ 2011-02-20T15:13:54+08:00 ] SQL: SELECT COUNT(*) AS tp_count FROM `fl_follow` WHERE objuid=1 LIMIT 1  [ RunTime:0.029955s ]
[ 2011-02-20T15:13:54+08:00 ] SQL: SELECT COUNT(*) AS tp_count FROM `fl_follow` WHERE uid=1 LIMIT 1  [ RunTime:0.000200s ]
[ 2011-02-20T15:13:54+08:00 ] SQL: SELECT COUNT(*) AS tp_count FROM `fl_topic` WHERE uid=1 and status=1 and (type="first" or type="transmit") LIMIT 1  [ RunTime:0.000178s ]
[ 2011-02-20T15:13:54+08:00 ] SQL: SHOW COLUMNS FROM fl_style [ RunTime:0.078907s ]
[ 2011-02-20T15:13:54+08:00 ] SQL: SELECT * FROM `fl_style` WHERE id=4 LIMIT 1  [ RunTime:0.029557s ]
[ 2011-02-20T15:13:54+08:00 ] SQL: SHOW COLUMNS FROM fl_tag [ RunTime:0.014618s ]
[ 2011-02-20T15:13:54+08:00 ] SQL: SELECT * FROM `fl_tag` WHERE id='19' LIMIT 1  [ RunTime:0.031552s ]
[ 2011-02-20T15:13:54+08:00 ] SQL: SELECT COUNT(*) AS tp_count FROM fl_tag Tag  JOIN fl_topic Topic ON Tag.id=Topic.tagid  JOIN fl_user User ON Topic.uid=User.id WHERE id=19 LIMIT 1  [ RunTime:0.055086s ]
[ 2011-02-20T15:13:54+08:00 ] SQL: SELECT Tag.tagname AS tagname,Topic.id AS topic_id,Topic.create_time AS create_time,Topic.from AS topic_from,Topic.content AS content,User.nickname AS nickname,User.avatar AS avatar,User.homepage AS homepage FROM fl_tag Tag  JOIN fl_topic Topic ON Tag.id=Topic.tagid  JOIN fl_user User ON Topic.uid=User.id WHERE Topic.status=1 and Tag.id=19 ORDER BY Topic.id desc LIMIT 0,20  [ RunTime:0.071360s ]
[ 2011-02-20T15:13:54+08:00 ] NOTIC: [8] Undefined index:  rootid d301cf73f3309980e5aafc404836eecf.php 第 213 行.
[ 2011-02-20T15:13:54+08:00 ] NOTIC: [8] Undefined index:  imgid d301cf73f3309980e5aafc404836eecf.php 第 217 行.
[ 2011-02-20T15:13:54+08:00 ] NOTIC: [8] Undefined index:  rootid d301cf73f3309980e5aafc404836eecf.php 第 222 行.
[ 2011-02-20T15:13:54+08:00 ] NOTIC: [8] Undefined index:  count d301cf73f3309980e5aafc404836eecf.php 第 236 行.
[ 2011-02-20T15:13:54+08:00 ] NOTIC: [8] Undefined index:  uid d301cf73f3309980e5aafc404836eecf.php 第 241 行.
[ 2011-02-20T19:35:03+08:00 ] ERR: (ThinkException) 非法操作upload
[ 2011-02-20T19:36:45+08:00 ] SQL: SHOW COLUMNS FROM fl_tag [ RunTime:0.238055s ]
[ 2011-02-20T19:36:45+08:00 ] SQL: SHOW COLUMNS FROM fl_tag [ RunTime:0.068566s ]
[ 2011-02-20T19:36:45+08:00 ] SQL: SHOW COLUMNS FROM fl_topic [ RunTime:0.031919s ]
[ 2011-02-20T19:36:45+08:00 ] SQL: SHOW COLUMNS FROM fl_topic [ RunTime:0.071565s ]
[ 2011-02-20T19:36:45+08:00 ] SQL: SHOW COLUMNS FROM fl_user [ RunTime:0.109667s ]
[ 2011-02-20T19:36:45+08:00 ] SQL: SHOW COLUMNS FROM fl_user [ RunTime:0.062731s ]
[ 2011-02-20T19:36:45+08:00 ] SQL: SELECT Tag.id AS id,Tag.tagname AS tagname,COUNT(Topic.id) AS count FROM fl_tag Tag  JOIN fl_topic Topic ON Tag.id=Topic.tagid  JOIN fl_user User ON Topic.uid=User.id WHERE Topic.status=1 GROUP BY Tag.id ORDER BY Count desc LIMIT 8  [ RunTime:0.072481s ]
[ 2011-02-20T19:36:45+08:00 ] SQL: SHOW COLUMNS FROM fl_news [ RunTime:0.035949s ]
[ 2011-02-20T19:36:45+08:00 ] SQL: SHOW COLUMNS FROM fl_news [ RunTime:0.055181s ]
[ 2011-02-20T19:36:45+08:00 ] SQL: SELECT * FROM `fl_news` ORDER BY id desc LIMIT 6  [ RunTime:0.056474s ]
[ 2011-02-20T19:36:45+08:00 ] SQL: SELECT * FROM `fl_user` WHERE userid='admin' LIMIT 1  [ RunTime:0.000662s ]
[ 2011-02-20T19:36:45+08:00 ] SQL: SELECT * FROM `fl_user` WHERE id='1' LIMIT 1  [ RunTime:0.000634s ]
[ 2011-02-20T19:36:45+08:00 ] SQL: SHOW COLUMNS FROM fl_follow [ RunTime:0.017063s ]
[ 2011-02-20T19:36:46+08:00 ] SQL: SELECT COUNT(*) AS tp_count FROM `fl_follow` WHERE objuid=1 LIMIT 1  [ RunTime:0.096651s ]
[ 2011-02-20T19:36:46+08:00 ] SQL: SELECT COUNT(*) AS tp_count FROM `fl_follow` WHERE uid=1 LIMIT 1  [ RunTime:0.000581s ]
[ 2011-02-20T19:36:46+08:00 ] SQL: SELECT COUNT(*) AS tp_count FROM `fl_topic` WHERE uid=1 and status=1 and (type="first" or type="transmit") LIMIT 1  [ RunTime:0.003338s ]
[ 2011-02-20T19:36:46+08:00 ] SQL: SHOW COLUMNS FROM fl_style [ RunTime:0.018285s ]
[ 2011-02-20T19:36:46+08:00 ] SQL: SELECT * FROM `fl_style` WHERE id=4 LIMIT 1  [ RunTime:0.040841s ]
[ 2011-02-20T19:36:46+08:00 ] SQL: SELECT * FROM `fl_user` WHERE userid='admin' LIMIT 1  [ RunTime:0.001087s ]
[ 2011-02-20T19:36:46+08:00 ] SQL: SELECT * FROM `fl_follow` WHERE uid=1 [ RunTime:0.000789s ]
[ 2011-02-20T19:36:46+08:00 ] SQL: SELECT COUNT(*) AS tp_count FROM `fl_topic` WHERE  instr('2,4,6,7,9,1',uid) and status=1 and (type='first' or type='transmit') LIMIT 1  [ RunTime:0.001535s ]
[ 2011-02-20T19:36:46+08:00 ] SQL: SELECT * FROM `fl_topic` WHERE  instr('2,4,6,7,9,1',uid) and status=1 and (type='first' or type='transmit') ORDER BY id desc LIMIT 0,20  [ RunTime:0.001523s ]
[ 2011-02-20T19:36:46+08:00 ] SQL: SHOW COLUMNS FROM fl_user [ RunTime:0.077255s ]
[ 2011-02-20T19:36:46+08:00 ] SQL: SELECT COUNT(*) AS tp_count FROM `fl_topic` WHERE rootid=300 LIMIT 1  [ RunTime:0.412522s ]
[ 2011-02-20T19:36:46+08:00 ] SQL: SELECT nickname,homepage,avatar FROM `fl_user` WHERE id='1' LIMIT 1  [ RunTime:0.000519s ]
[ 2011-02-20T19:36:46+08:00 ] SQL: SELECT COUNT(*) AS tp_count FROM `fl_topic` WHERE rootid=299 LIMIT 1  [ RunTime:0.001058s ]
[ 2011-02-20T19:36:46+08:00 ] SQL: SELECT nickname,homepage,avatar FROM `fl_user` WHERE id='1' LIMIT 1  [ RunTime:0.000668s ]
[ 2011-02-20T19:36:46+08:00 ] SQL: SELECT COUNT(*) AS tp_count FROM `fl_topic` WHERE rootid=298 LIMIT 1  [ RunTime:0.000847s ]
[ 2011-02-20T19:36:46+08:00 ] SQL: SELECT nickname,homepage,avatar FROM `fl_user` WHERE id='1' LIMIT 1  [ RunTime:0.000527s ]
[ 2011-02-20T19:36:46+08:00 ] SQL: SELECT COUNT(*) AS tp_count FROM `fl_topic` WHERE rootid=297 LIMIT 1  [ RunTime:0.000823s ]
[ 2011-02-20T19:36:46+08:00 ] SQL: SELECT nickname,homepage,avatar FROM `fl_user` WHERE id='1' LIMIT 1  [ RunTime:0.000512s ]
[ 2011-02-20T19:36:46+08:00 ] SQL: SELECT COUNT(*) AS tp_count FROM `fl_topic` WHERE rootid=296 LIMIT 1  [ RunTime:0.001151s ]
[ 2011-02-20T19:36:46+08:00 ] SQL: SELECT nickname,homepage,avatar FROM `fl_user` WHERE id='1' LIMIT 1  [ RunTime:0.001106s ]
[ 2011-02-20T19:36:46+08:00 ] SQL: SELECT COUNT(*) AS tp_count FROM `fl_topic` WHERE rootid=295 LIMIT 1  [ RunTime:0.001141s ]
[ 2011-02-20T19:36:46+08:00 ] SQL: SELECT nickname,homepage,avatar FROM `fl_user` WHERE id='2' LIMIT 1  [ RunTime:0.000519s ]
[ 2011-02-20T19:36:46+08:00 ] SQL: SHOW COLUMNS FROM fl_image [ RunTime:0.054906s ]
[ 2011-02-20T19:36:46+08:00 ] SQL: SELECT * FROM `fl_image` WHERE id='30' LIMIT 1  [ RunTime:0.045563s ]
[ 2011-02-20T19:36:46+08:00 ] SQL: SELECT COUNT(*) AS tp_count FROM `fl_topic` WHERE rootid=293 LIMIT 1  [ RunTime:0.001001s ]
[ 2011-02-20T19:36:46+08:00 ] SQL: SELECT nickname,homepage,avatar FROM `fl_user` WHERE id='2' LIMIT 1  [ RunTime:0.000499s ]
[ 2011-02-20T19:36:46+08:00 ] SQL: SELECT COUNT(*) AS tp_count FROM `fl_topic` WHERE rootid=292 LIMIT 1  [ RunTime:0.000876s ]
[ 2011-02-20T19:36:46+08:00 ] SQL: SELECT nickname,homepage,avatar FROM `fl_user` WHERE id='2' LIMIT 1  [ RunTime:0.000591s ]
[ 2011-02-20T19:36:46+08:00 ] SQL: SELECT COUNT(*) AS tp_count FROM `fl_topic` WHERE rootid=291 LIMIT 1  [ RunTime:0.000901s ]
[ 2011-02-20T19:36:46+08:00 ] SQL: SELECT nickname,homepage,avatar FROM `fl_user` WHERE id='2' LIMIT 1  [ RunTime:0.000491s ]
[ 2011-02-20T19:36:46+08:00 ] SQL: SELECT * FROM `fl_image` WHERE id='29' LIMIT 1  [ RunTime:0.000430s ]
[ 2011-02-20T19:36:46+08:00 ] SQL: SELECT COUNT(*) AS tp_count FROM `fl_topic` WHERE rootid=290 LIMIT 1  [ RunTime:0.000890s ]
[ 2011-02-20T19:36:46+08:00 ] SQL: SELECT nickname,homepage,avatar FROM `fl_user` WHERE id='2' LIMIT 1  [ RunTime:0.001595s ]
[ 2011-02-20T19:36:46+08:00 ] SQL: SELECT COUNT(*) AS tp_count FROM `fl_topic` WHERE rootid=289 LIMIT 1  [ RunTime:0.001382s ]
[ 2011-02-20T19:36:46+08:00 ] SQL: SELECT nickname,homepage,avatar FROM `fl_user` WHERE id='2' LIMIT 1  [ RunTime:0.000563s ]
[ 2011-02-20T19:36:46+08:00 ] SQL: SELECT COUNT(*) AS tp_count FROM `fl_topic` WHERE rootid=288 LIMIT 1  [ RunTime:0.001241s ]
[ 2011-02-20T19:36:46+08:00 ] SQL: SELECT nickname,homepage,avatar FROM `fl_user` WHERE id='1' LIMIT 1  [ RunTime:0.001545s ]
[ 2011-02-20T19:36:46+08:00 ] SQL: SELECT * FROM `fl_image` WHERE id='28' LIMIT 1  [ RunTime:0.000572s ]
[ 2011-02-20T19:36:46+08:00 ] SQL: SELECT COUNT(*) AS tp_count FROM `fl_topic` WHERE rootid=286 LIMIT 1  [ RunTime:0.000888s ]
[ 2011-02-20T19:36:46+08:00 ] SQL: SELECT nickname,homepage,avatar FROM `fl_user` WHERE id='1' LIMIT 1  [ RunTime:0.000757s ]
[ 2011-02-20T19:36:46+08:00 ] SQL: SELECT COUNT(*) AS tp_count FROM `fl_topic` WHERE rootid=285 LIMIT 1  [ RunTime:0.000834s ]
[ 2011-02-20T19:36:46+08:00 ] SQL: SELECT nickname,homepage,avatar FROM `fl_user` WHERE id='1' LIMIT 1  [ RunTime:0.000485s ]
[ 2011-02-20T19:36:46+08:00 ] SQL: SELECT COUNT(*) AS tp_count FROM `fl_topic` WHERE rootid=284 LIMIT 1  [ RunTime:0.000835s ]
[ 2011-02-20T19:36:46+08:00 ] SQL: SELECT nickname,homepage,avatar FROM `fl_user` WHERE id='1' LIMIT 1  [ RunTime:0.000475s ]
[ 2011-02-20T19:36:46+08:00 ] SQL: SELECT COUNT(*) AS tp_count FROM `fl_topic` WHERE rootid=283 LIMIT 1  [ RunTime:0.000921s ]
[ 2011-02-20T19:36:46+08:00 ] SQL: SELECT nickname,homepage,avatar FROM `fl_user` WHERE id='1' LIMIT 1  [ RunTime:0.000509s ]
[ 2011-02-20T19:36:46+08:00 ] SQL: SELECT COUNT(*) AS tp_count FROM `fl_topic` WHERE rootid=282 LIMIT 1  [ RunTime:0.000878s ]
[ 2011-02-20T19:36:46+08:00 ] SQL: SELECT nickname,homepage,avatar FROM `fl_user` WHERE id='1' LIMIT 1  [ RunTime:0.000479s ]
[ 2011-02-20T19:36:46+08:00 ] SQL: SELECT COUNT(*) AS tp_count FROM `fl_topic` WHERE rootid=281 LIMIT 1  [ RunTime:0.001070s ]
[ 2011-02-20T19:36:46+08:00 ] SQL: SELECT nickname,homepage,avatar FROM `fl_user` WHERE id='1' LIMIT 1  [ RunTime:0.000745s ]
[ 2011-02-20T19:36:46+08:00 ] SQL: SELECT COUNT(*) AS tp_count FROM `fl_topic` WHERE rootid=280 LIMIT 1  [ RunTime:0.000928s ]
[ 2011-02-20T19:36:46+08:00 ] SQL: SELECT nickname,homepage,avatar FROM `fl_user` WHERE id='1' LIMIT 1  [ RunTime:0.000485s ]
[ 2011-02-20T19:36:46+08:00 ] SQL: SELECT COUNT(*) AS tp_count FROM `fl_topic` WHERE rootid=279 LIMIT 1  [ RunTime:0.000896s ]
[ 2011-02-20T19:36:46+08:00 ] SQL: SELECT nickname,homepage,avatar FROM `fl_user` WHERE id='1' LIMIT 1  [ RunTime:0.000599s ]
[ 2011-02-20T19:38:32+08:00 ] SQL: SHOW COLUMNS FROM fl_tag [ RunTime:0.118411s ]
[ 2011-02-20T19:38:32+08:00 ] SQL: SHOW COLUMNS FROM fl_tag [ RunTime:0.089998s ]
[ 2011-02-20T19:38:32+08:00 ] SQL: SHOW COLUMNS FROM fl_topic [ RunTime:0.060062s ]
[ 2011-02-20T19:38:32+08:00 ] SQL: SHOW COLUMNS FROM fl_topic [ RunTime:0.066295s ]
[ 2011-02-20T19:38:32+08:00 ] SQL: SHOW COLUMNS FROM fl_user [ RunTime:0.060359s ]
[ 2011-02-20T19:38:32+08:00 ] SQL: SHOW COLUMNS FROM fl_user [ RunTime:0.099084s ]
[ 2011-02-20T19:38:32+08:00 ] SQL: SELECT Tag.id AS id,Tag.tagname AS tagname,COUNT(Topic.id) AS count FROM fl_tag Tag  JOIN fl_topic Topic ON Tag.id=Topic.tagid  JOIN fl_user User ON Topic.uid=User.id WHERE Topic.status=1 GROUP BY Tag.id ORDER BY Count desc LIMIT 8  [ RunTime:0.045411s ]
[ 2011-02-20T19:38:32+08:00 ] SQL: SHOW COLUMNS FROM fl_news [ RunTime:0.022453s ]
[ 2011-02-20T19:38:32+08:00 ] SQL: SHOW COLUMNS FROM fl_news [ RunTime:0.060313s ]
[ 2011-02-20T19:38:32+08:00 ] SQL: SELECT * FROM `fl_news` ORDER BY id desc LIMIT 6  [ RunTime:0.135171s ]
[ 2011-02-20T19:38:32+08:00 ] SQL: SELECT * FROM `fl_user` WHERE userid='admin' LIMIT 1  [ RunTime:0.000635s ]
[ 2011-02-20T19:38:32+08:00 ] SQL: SELECT * FROM `fl_user` WHERE id='1' LIMIT 1  [ RunTime:0.000431s ]
[ 2011-02-20T19:38:32+08:00 ] SQL: SHOW COLUMNS FROM fl_follow [ RunTime:0.019145s ]
[ 2011-02-20T19:38:32+08:00 ] SQL: SELECT COUNT(*) AS tp_count FROM `fl_follow` WHERE objuid=1 LIMIT 1  [ RunTime:0.036508s ]
[ 2011-02-20T19:38:32+08:00 ] SQL: SELECT COUNT(*) AS tp_count FROM `fl_follow` WHERE uid=1 LIMIT 1  [ RunTime:0.000251s ]
[ 2011-02-20T19:38:32+08:00 ] SQL: SELECT COUNT(*) AS tp_count FROM `fl_topic` WHERE uid=1 and status=1 and (type="first" or type="transmit") LIMIT 1  [ RunTime:0.000219s ]
[ 2011-02-20T19:38:32+08:00 ] SQL: SHOW COLUMNS FROM fl_style [ RunTime:0.019265s ]
[ 2011-02-20T19:38:32+08:00 ] SQL: SELECT * FROM `fl_style` WHERE id=4 LIMIT 1  [ RunTime:0.034972s ]
[ 2011-02-20T19:38:32+08:00 ] SQL: SELECT * FROM `fl_user` WHERE userid='admin' LIMIT 1  [ RunTime:0.001282s ]
[ 2011-02-20T19:38:32+08:00 ] SQL: SELECT * FROM `fl_follow` WHERE uid=1 [ RunTime:0.000504s ]
[ 2011-02-20T19:38:32+08:00 ] SQL: SELECT COUNT(*) AS tp_count FROM `fl_topic` WHERE  instr('2,4,6,7,9,1',uid) and status=1 and (type='first' or type='transmit') LIMIT 1  [ RunTime:0.000598s ]
[ 2011-02-20T19:38:32+08:00 ] SQL: SELECT * FROM `fl_topic` WHERE  instr('2,4,6,7,9,1',uid) and status=1 and (type='first' or type='transmit') ORDER BY id desc LIMIT 0,20  [ RunTime:0.000825s ]
[ 2011-02-20T19:38:32+08:00 ] SQL: SHOW COLUMNS FROM fl_user [ RunTime:0.030274s ]
[ 2011-02-20T19:38:32+08:00 ] SQL: SELECT COUNT(*) AS tp_count FROM `fl_topic` WHERE rootid=300 LIMIT 1  [ RunTime:0.040402s ]
[ 2011-02-20T19:38:32+08:00 ] SQL: SELECT nickname,homepage,avatar FROM `fl_user` WHERE id='1' LIMIT 1  [ RunTime:0.000987s ]
[ 2011-02-20T19:38:32+08:00 ] SQL: SELECT COUNT(*) AS tp_count FROM `fl_topic` WHERE rootid=299 LIMIT 1  [ RunTime:0.000519s ]
[ 2011-02-20T19:38:32+08:00 ] SQL: SELECT nickname,homepage,avatar FROM `fl_user` WHERE id='1' LIMIT 1  [ RunTime:0.000510s ]
[ 2011-02-20T19:38:32+08:00 ] SQL: SELECT COUNT(*) AS tp_count FROM `fl_topic` WHERE rootid=298 LIMIT 1  [ RunTime:0.000787s ]
[ 2011-02-20T19:38:32+08:00 ] SQL: SELECT nickname,homepage,avatar FROM `fl_user` WHERE id='1' LIMIT 1  [ RunTime:0.000877s ]
[ 2011-02-20T19:38:32+08:00 ] SQL: SELECT COUNT(*) AS tp_count FROM `fl_topic` WHERE rootid=297 LIMIT 1  [ RunTime:0.000816s ]
[ 2011-02-20T19:38:32+08:00 ] SQL: SELECT nickname,homepage,avatar FROM `fl_user` WHERE id='1' LIMIT 1  [ RunTime:0.000984s ]
[ 2011-02-20T19:38:32+08:00 ] SQL: SELECT COUNT(*) AS tp_count FROM `fl_topic` WHERE rootid=296 LIMIT 1  [ RunTime:0.000455s ]
[ 2011-02-20T19:38:32+08:00 ] SQL: SELECT nickname,homepage,avatar FROM `fl_user` WHERE id='1' LIMIT 1  [ RunTime:0.000223s ]
[ 2011-02-20T19:38:32+08:00 ] SQL: SELECT COUNT(*) AS tp_count FROM `fl_topic` WHERE rootid=295 LIMIT 1  [ RunTime:0.000248s ]
[ 2011-02-20T19:38:32+08:00 ] SQL: SELECT nickname,homepage,avatar FROM `fl_user` WHERE id='2' LIMIT 1  [ RunTime:0.000210s ]
[ 2011-02-20T19:38:32+08:00 ] SQL: SHOW COLUMNS FROM fl_image [ RunTime:0.017261s ]
[ 2011-02-20T19:38:33+08:00 ] SQL: SELECT * FROM `fl_image` WHERE id='30' LIMIT 1  [ RunTime:0.068668s ]
[ 2011-02-20T19:38:33+08:00 ] SQL: SELECT COUNT(*) AS tp_count FROM `fl_topic` WHERE rootid=293 LIMIT 1  [ RunTime:0.000258s ]
[ 2011-02-20T19:38:33+08:00 ] SQL: SELECT nickname,homepage,avatar FROM `fl_user` WHERE id='2' LIMIT 1  [ RunTime:0.000493s ]
[ 2011-02-20T19:38:33+08:00 ] SQL: SELECT COUNT(*) AS tp_count FROM `fl_topic` WHERE rootid=292 LIMIT 1  [ RunTime:0.000311s ]
[ 2011-02-20T19:38:33+08:00 ] SQL: SELECT nickname,homepage,avatar FROM `fl_user` WHERE id='2' LIMIT 1  [ RunTime:0.000295s ]
[ 2011-02-20T19:38:33+08:00 ] SQL: SELECT COUNT(*) AS tp_count FROM `fl_topic` WHERE rootid=291 LIMIT 1  [ RunTime:0.000250s ]
[ 2011-02-20T19:38:33+08:00 ] SQL: SELECT nickname,homepage,avatar FROM `fl_user` WHERE id='2' LIMIT 1  [ RunTime:0.000216s ]
[ 2011-02-20T19:38:33+08:00 ] SQL: SELECT * FROM `fl_image` WHERE id='29' LIMIT 1  [ RunTime:0.000244s ]
[ 2011-02-20T19:38:33+08:00 ] SQL: SELECT COUNT(*) AS tp_count FROM `fl_topic` WHERE rootid=290 LIMIT 1  [ RunTime:0.000217s ]
[ 2011-02-20T19:38:33+08:00 ] SQL: SELECT nickname,homepage,avatar FROM `fl_user` WHERE id='2' LIMIT 1  [ RunTime:0.000321s ]
[ 2011-02-20T19:38:33+08:00 ] SQL: SELECT COUNT(*) AS tp_count FROM `fl_topic` WHERE rootid=289 LIMIT 1  [ RunTime:0.000245s ]
[ 2011-02-20T19:38:33+08:00 ] SQL: SELECT nickname,homepage,avatar FROM `fl_user` WHERE id='2' LIMIT 1  [ RunTime:0.000294s ]
[ 2011-02-20T19:38:33+08:00 ] SQL: SELECT COUNT(*) AS tp_count FROM `fl_topic` WHERE rootid=288 LIMIT 1  [ RunTime:0.000272s ]
[ 2011-02-20T19:38:33+08:00 ] SQL: SELECT nickname,homepage,avatar FROM `fl_user` WHERE id='1' LIMIT 1  [ RunTime:0.000235s ]
[ 2011-02-20T19:38:33+08:00 ] SQL: SELECT * FROM `fl_image` WHERE id='28' LIMIT 1  [ RunTime:0.000217s ]
[ 2011-02-20T19:38:33+08:00 ] SQL: SELECT COUNT(*) AS tp_count FROM `fl_topic` WHERE rootid=286 LIMIT 1  [ RunTime:0.000262s ]
[ 2011-02-20T19:38:33+08:00 ] SQL: SELECT nickname,homepage,avatar FROM `fl_user` WHERE id='1' LIMIT 1  [ RunTime:0.000217s ]
[ 2011-02-20T19:38:33+08:00 ] SQL: SELECT COUNT(*) AS tp_count FROM `fl_topic` WHERE rootid=285 LIMIT 1  [ RunTime:0.000237s ]
[ 2011-02-20T19:38:33+08:00 ] SQL: SELECT nickname,homepage,avatar FROM `fl_user` WHERE id='1' LIMIT 1  [ RunTime:0.000212s ]
[ 2011-02-20T19:38:33+08:00 ] SQL: SELECT COUNT(*) AS tp_count FROM `fl_topic` WHERE rootid=284 LIMIT 1  [ RunTime:0.000262s ]
[ 2011-02-20T19:38:33+08:00 ] SQL: SELECT nickname,homepage,avatar FROM `fl_user` WHERE id='1' LIMIT 1  [ RunTime:0.000224s ]
[ 2011-02-20T19:38:33+08:00 ] SQL: SELECT COUNT(*) AS tp_count FROM `fl_topic` WHERE rootid=283 LIMIT 1  [ RunTime:0.000265s ]
[ 2011-02-20T19:38:33+08:00 ] SQL: SELECT nickname,homepage,avatar FROM `fl_user` WHERE id='1' LIMIT 1  [ RunTime:0.000227s ]
[ 2011-02-20T19:38:33+08:00 ] SQL: SELECT COUNT(*) AS tp_count FROM `fl_topic` WHERE rootid=282 LIMIT 1  [ RunTime:0.000246s ]
[ 2011-02-20T19:38:33+08:00 ] SQL: SELECT nickname,homepage,avatar FROM `fl_user` WHERE id='1' LIMIT 1  [ RunTime:0.000216s ]
[ 2011-02-20T19:38:33+08:00 ] SQL: SELECT COUNT(*) AS tp_count FROM `fl_topic` WHERE rootid=281 LIMIT 1  [ RunTime:0.000337s ]
[ 2011-02-20T19:38:33+08:00 ] SQL: SELECT nickname,homepage,avatar FROM `fl_user` WHERE id='1' LIMIT 1  [ RunTime:0.000304s ]
[ 2011-02-20T19:38:33+08:00 ] SQL: SELECT COUNT(*) AS tp_count FROM `fl_topic` WHERE rootid=280 LIMIT 1  [ RunTime:0.000226s ]
[ 2011-02-20T19:38:33+08:00 ] SQL: SELECT nickname,homepage,avatar FROM `fl_user` WHERE id='1' LIMIT 1  [ RunTime:0.000249s ]
[ 2011-02-20T19:38:33+08:00 ] SQL: SELECT COUNT(*) AS tp_count FROM `fl_topic` WHERE rootid=279 LIMIT 1  [ RunTime:0.000220s ]
[ 2011-02-20T19:38:33+08:00 ] SQL: SELECT nickname,homepage,avatar FROM `fl_user` WHERE id='1' LIMIT 1  [ RunTime:0.000403s ]
