[ 2011-03-12T12:02:50+08:00 ] SQL: SHOW COLUMNS FROM fl_topic [ RunTime:0.076239s ]
[ 2011-03-12T12:02:50+08:00 ] SQL: SELECT * FROM `fl_topic` WHERE status=1 and type="first" ORDER BY id desc LIMIT 6  [ RunTime:0.086228s ]
[ 2011-03-12T12:02:50+08:00 ] SQL: SHOW COLUMNS FROM fl_user [ RunTime:0.061249s ]
[ 2011-03-12T12:02:50+08:00 ] SQL: SHOW COLUMNS FROM fl_user [ RunTime:0.070830s ]
[ 2011-03-12T12:02:50+08:00 ] SQL: SELECT nickname,homepage,avatar FROM `fl_user` WHERE id='1' LIMIT 1  [ RunTime:0.055248s ]
[ 2011-03-12T12:02:50+08:00 ] SQL: SELECT nickname,homepage,avatar FROM `fl_user` WHERE id='1' LIMIT 1  [ RunTime:0.000523s ]
[ 2011-03-12T12:02:50+08:00 ] SQL: SELECT nickname,homepage,avatar FROM `fl_user` WHERE id='1' LIMIT 1  [ RunTime:0.000252s ]
[ 2011-03-12T12:02:50+08:00 ] SQL: SELECT nickname,homepage,avatar FROM `fl_user` WHERE id='1' LIMIT 1  [ RunTime:0.000216s ]
[ 2011-03-12T12:02:50+08:00 ] SQL: SELECT nickname,homepage,avatar FROM `fl_user` WHERE id='1' LIMIT 1  [ RunTime:0.000187s ]
[ 2011-03-12T12:02:50+08:00 ] SQL: SELECT nickname,homepage,avatar FROM `fl_user` WHERE id='1' LIMIT 1  [ RunTime:0.000209s ]
[ 2011-03-12T12:02:57+08:00 ] NOTIC: [8] Undefined index:  rememberme GlobalAction.class.php 第 94 行.
[ 2011-03-12T12:02:57+08:00 ] SQL: SHOW COLUMNS FROM fl_user [ RunTime:0.066646s ]
[ 2011-03-12T12:02:57+08:00 ] SQL: SELECT * FROM `fl_user` WHERE ( `userid` = 'admin' ) AND ( `password` = '21232f297a57a5a743894a0e4a801fc3' ) LIMIT 1  [ RunTime:0.061510s ]
[ 2011-03-12T12:02:57+08:00 ] SQL: UPDATE `fl_user` SET `login_time`=1299902577,`login_ip`='127.0.0.1' WHERE id=1 [ RunTime:0.039034s ]
[ 2011-03-12T12:02:59+08:00 ] SQL: SHOW COLUMNS FROM fl_tag [ RunTime:0.219006s ]
[ 2011-03-12T12:02:59+08:00 ] SQL: SHOW COLUMNS FROM fl_tag [ RunTime:0.260893s ]
[ 2011-03-12T12:02:59+08:00 ] SQL: SHOW COLUMNS FROM fl_topic [ RunTime:0.049768s ]
[ 2011-03-12T12:02:59+08:00 ] SQL: SHOW COLUMNS FROM fl_topic [ RunTime:0.051479s ]
[ 2011-03-12T12:02:59+08:00 ] SQL: SHOW COLUMNS FROM fl_user [ RunTime:0.068110s ]
[ 2011-03-12T12:02:59+08:00 ] SQL: SHOW COLUMNS FROM fl_user [ RunTime:0.062321s ]
[ 2011-03-12T12:03:00+08:00 ] SQL: SELECT Tag.id AS id,Tag.tagname AS tagname,COUNT(Topic.id) AS count FROM fl_tag Tag  JOIN fl_topic Topic ON Tag.id=Topic.tagid  JOIN fl_user User ON Topic.uid=User.id WHERE Topic.status=1 GROUP BY Tag.id ORDER BY Count desc LIMIT 8  [ RunTime:0.129791s ]
[ 2011-03-12T12:03:00+08:00 ] SQL: SHOW COLUMNS FROM fl_user [ RunTime:0.036993s ]
[ 2011-03-12T12:03:00+08:00 ] SQL: SHOW COLUMNS FROM fl_follow [ RunTime:0.122298s ]
[ 2011-03-12T12:03:00+08:00 ] SQL: SHOW COLUMNS FROM fl_follow [ RunTime:0.053058s ]
[ 2011-03-12T12:03:00+08:00 ] SQL: SELECT User.id AS id,User.nickname AS nickname,User.homepage AS homepage,User.avatar AS avatar,COUNT(Follow.id) AS count FROM fl_user User  JOIN fl_follow Follow ON User.id=Follow.objuid WHERE User.status=1 GROUP BY User.id ORDER BY Count desc LIMIT 3  [ RunTime:0.037206s ]
[ 2011-03-12T12:03:00+08:00 ] SQL: SHOW COLUMNS FROM fl_news [ RunTime:0.055668s ]
[ 2011-03-12T12:03:00+08:00 ] SQL: SHOW COLUMNS FROM fl_news [ RunTime:0.051582s ]
[ 2011-03-12T12:03:00+08:00 ] SQL: SELECT * FROM `fl_news` ORDER BY id desc LIMIT 6  [ RunTime:0.044242s ]
[ 2011-03-12T12:03:00+08:00 ] SQL: SELECT * FROM `fl_user` WHERE userid='admin' LIMIT 1  [ RunTime:0.000656s ]
[ 2011-03-12T12:03:00+08:00 ] SQL: SELECT * FROM `fl_user` WHERE id='1' LIMIT 1  [ RunTime:0.000527s ]
[ 2011-03-12T12:03:00+08:00 ] SQL: SELECT COUNT(*) AS tp_count FROM `fl_follow` WHERE objuid=1 LIMIT 1  [ RunTime:0.022362s ]
[ 2011-03-12T12:03:00+08:00 ] SQL: SELECT COUNT(*) AS tp_count FROM `fl_follow` WHERE uid=1 LIMIT 1  [ RunTime:0.000405s ]
[ 2011-03-12T12:03:00+08:00 ] SQL: SELECT COUNT(*) AS tp_count FROM `fl_topic` WHERE uid=1 and status=1 and (type="first" or type="transmit") LIMIT 1  [ RunTime:0.004254s ]
[ 2011-03-12T12:03:00+08:00 ] SQL: SHOW COLUMNS FROM fl_style [ RunTime:0.052584s ]
[ 2011-03-12T12:03:00+08:00 ] SQL: SELECT * FROM `fl_style` WHERE id=4 LIMIT 1  [ RunTime:0.039176s ]
[ 2011-03-12T12:03:00+08:00 ] SQL: SELECT * FROM `fl_user` WHERE userid='admin' LIMIT 1  [ RunTime:0.000655s ]
[ 2011-03-12T12:03:00+08:00 ] SQL: SELECT * FROM `fl_follow` WHERE uid=1 [ RunTime:0.001014s ]
[ 2011-03-12T12:03:00+08:00 ] SQL: SELECT COUNT(*) AS tp_count FROM `fl_topic` WHERE  instr('2,4,6,8,7,1',uid) and status=1 and (type='first' or type='transmit' or type='dialog') LIMIT 1  [ RunTime:0.030216s ]
[ 2011-03-12T12:03:00+08:00 ] SQL: SELECT * FROM `fl_topic` WHERE  instr('2,4,6,8,7,1',uid) and status=1 and (type='first' or type='transmit' or type='dialog') ORDER BY id desc LIMIT 0,20  [ RunTime:0.001553s ]
[ 2011-03-12T12:03:00+08:00 ] SQL: SHOW COLUMNS FROM fl_user [ RunTime:0.015443s ]
[ 2011-03-12T12:03:00+08:00 ] SQL: SELECT COUNT(*) AS tp_count FROM `fl_topic` WHERE status=1 and rootid=374 and (type='comment' or type='transmit') LIMIT 1  [ RunTime:0.037647s ]
[ 2011-03-12T12:03:00+08:00 ] SQL: SELECT nickname,homepage,avatar FROM `fl_user` WHERE id='1' LIMIT 1  [ RunTime:0.000392s ]
[ 2011-03-12T12:03:00+08:00 ] SQL: SELECT COUNT(*) AS tp_count FROM `fl_topic` WHERE status=1 and rootid=373 and (type='comment' or type='transmit') LIMIT 1  [ RunTime:0.000913s ]
[ 2011-03-12T12:03:00+08:00 ] SQL: SELECT nickname,homepage,avatar FROM `fl_user` WHERE id='1' LIMIT 1  [ RunTime:0.000198s ]
[ 2011-03-12T12:03:00+08:00 ] SQL: SELECT COUNT(*) AS tp_count FROM `fl_topic` WHERE status=1 and rootid=372 and (type='comment' or type='transmit') LIMIT 1  [ RunTime:0.000726s ]
[ 2011-03-12T12:03:00+08:00 ] SQL: SELECT nickname,homepage,avatar FROM `fl_user` WHERE id='1' LIMIT 1  [ RunTime:0.000221s ]
[ 2011-03-12T12:03:00+08:00 ] SQL: SHOW COLUMNS FROM fl_topic [ RunTime:0.014810s ]
[ 2011-03-12T12:03:00+08:00 ] SQL: SELECT * FROM `fl_topic` WHERE id='4' LIMIT 1  [ RunTime:0.036588s ]
[ 2011-03-12T12:03:00+08:00 ] SQL: SELECT nickname,homepage FROM `fl_user` WHERE id='1' LIMIT 1  [ RunTime:0.000374s ]
[ 2011-03-12T12:03:00+08:00 ] SQL: SELECT COUNT(*) AS tp_count FROM `fl_topic` WHERE status=1 and rootid=371 and (type='comment' or type='transmit') LIMIT 1  [ RunTime:0.000735s ]
[ 2011-03-12T12:03:00+08:00 ] SQL: SELECT nickname,homepage,avatar FROM `fl_user` WHERE id='1' LIMIT 1  [ RunTime:0.000216s ]
[ 2011-03-12T12:03:00+08:00 ] SQL: SELECT * FROM `fl_topic` WHERE id='370' LIMIT 1  [ RunTime:0.000353s ]
[ 2011-03-12T12:03:00+08:00 ] SQL: SELECT nickname,homepage FROM `fl_user` WHERE id='1' LIMIT 1  [ RunTime:0.000182s ]
[ 2011-03-12T12:03:00+08:00 ] SQL: SELECT COUNT(*) AS tp_count FROM `fl_topic` WHERE status=1 and rootid=370 and (type='comment' or type='transmit') LIMIT 1  [ RunTime:0.000587s ]
[ 2011-03-12T12:03:00+08:00 ] SQL: SELECT nickname,homepage,avatar FROM `fl_user` WHERE id='1' LIMIT 1  [ RunTime:0.000168s ]
[ 2011-03-12T12:03:00+08:00 ] SQL: SELECT * FROM `fl_topic` WHERE id='368' LIMIT 1  [ RunTime:0.000369s ]
[ 2011-03-12T12:03:00+08:00 ] SQL: SELECT nickname,homepage FROM `fl_user` WHERE id='1' LIMIT 1  [ RunTime:0.000177s ]
[ 2011-03-12T12:03:00+08:00 ] SQL: SELECT COUNT(*) AS tp_count FROM `fl_topic` WHERE status=1 and rootid=369 and (type='comment' or type='transmit') LIMIT 1  [ RunTime:0.000582s ]
[ 2011-03-12T12:03:00+08:00 ] SQL: SELECT nickname,homepage,avatar FROM `fl_user` WHERE id='1' LIMIT 1  [ RunTime:0.000168s ]
[ 2011-03-12T12:03:00+08:00 ] SQL: SELECT * FROM `fl_topic` WHERE id='368' LIMIT 1  [ RunTime:0.000199s ]
[ 2011-03-12T12:03:00+08:00 ] SQL: SELECT nickname,homepage FROM `fl_user` WHERE id='1' LIMIT 1  [ RunTime:0.000158s ]
[ 2011-03-12T12:03:00+08:00 ] SQL: SELECT COUNT(*) AS tp_count FROM `fl_topic` WHERE status=1 and rootid=368 and (type='comment' or type='transmit') LIMIT 1  [ RunTime:0.000679s ]
[ 2011-03-12T12:03:00+08:00 ] SQL: SELECT nickname,homepage,avatar FROM `fl_user` WHERE id='1' LIMIT 1  [ RunTime:0.000363s ]
[ 2011-03-12T12:03:00+08:00 ] SQL: SELECT * FROM `fl_topic` WHERE id='367' LIMIT 1  [ RunTime:0.000430s ]
[ 2011-03-12T12:03:00+08:00 ] SQL: SELECT nickname,homepage FROM `fl_user` WHERE id='1' LIMIT 1  [ RunTime:0.000193s ]
[ 2011-03-12T12:03:00+08:00 ] SQL: SELECT COUNT(*) AS tp_count FROM `fl_topic` WHERE status=1 and rootid=367 and (type='comment' or type='transmit') LIMIT 1  [ RunTime:0.000887s ]
[ 2011-03-12T12:03:00+08:00 ] SQL: SELECT nickname,homepage,avatar FROM `fl_user` WHERE id='1' LIMIT 1  [ RunTime:0.000211s ]
[ 2011-03-12T12:03:00+08:00 ] SQL: SELECT * FROM `fl_topic` WHERE id='366' LIMIT 1  [ RunTime:0.000404s ]
[ 2011-03-12T12:03:00+08:00 ] SQL: SELECT nickname,homepage FROM `fl_user` WHERE id='1' LIMIT 1  [ RunTime:0.000198s ]
[ 2011-03-12T12:03:00+08:00 ] SQL: SELECT COUNT(*) AS tp_count FROM `fl_topic` WHERE status=1 and rootid=362 and (type='comment' or type='transmit') LIMIT 1  [ RunTime:0.000621s ]
[ 2011-03-12T12:03:00+08:00 ] SQL: SELECT nickname,homepage,avatar FROM `fl_user` WHERE id='1' LIMIT 1  [ RunTime:0.000172s ]
[ 2011-03-12T12:03:00+08:00 ] SQL: SELECT * FROM `fl_topic` WHERE id='354' LIMIT 1  [ RunTime:0.000398s ]
[ 2011-03-12T12:03:00+08:00 ] SQL: SELECT nickname,homepage FROM `fl_user` WHERE id='1' LIMIT 1  [ RunTime:0.000184s ]
[ 2011-03-12T12:03:00+08:00 ] SQL: SELECT COUNT(*) AS tp_count FROM `fl_topic` WHERE status=1 and rootid=354 and (type='comment' or type='transmit') LIMIT 1  [ RunTime:0.000639s ]
[ 2011-03-12T12:03:00+08:00 ] SQL: SELECT COUNT(*) AS tp_count FROM `fl_topic` WHERE status=1 and rootid=361 and (type='comment' or type='transmit') LIMIT 1  [ RunTime:0.000608s ]
[ 2011-03-12T12:03:00+08:00 ] SQL: SELECT nickname,homepage,avatar FROM `fl_user` WHERE id='1' LIMIT 1  [ RunTime:0.000172s ]
[ 2011-03-12T12:03:00+08:00 ] SQL: SELECT * FROM `fl_topic` WHERE id='339' LIMIT 1  [ RunTime:0.000670s ]
[ 2011-03-12T12:03:00+08:00 ] SQL: SELECT nickname,homepage FROM `fl_user` WHERE id='1' LIMIT 1  [ RunTime:0.000221s ]
[ 2011-03-12T12:03:00+08:00 ] SQL: SELECT COUNT(*) AS tp_count FROM `fl_topic` WHERE status=1 and rootid=339 and (type='comment' or type='transmit') LIMIT 1  [ RunTime:0.000609s ]
[ 2011-03-12T12:03:00+08:00 ] SQL: SELECT COUNT(*) AS tp_count FROM `fl_topic` WHERE status=1 and rootid=360 and (type='comment' or type='transmit') LIMIT 1  [ RunTime:0.000632s ]
[ 2011-03-12T12:03:00+08:00 ] SQL: SELECT nickname,homepage,avatar FROM `fl_user` WHERE id='1' LIMIT 1  [ RunTime:0.000205s ]
[ 2011-03-12T12:03:00+08:00 ] SQL: SELECT * FROM `fl_topic` WHERE id='339' LIMIT 1  [ RunTime:0.000211s ]
[ 2011-03-12T12:03:00+08:00 ] SQL: SELECT nickname,homepage FROM `fl_user` WHERE id='1' LIMIT 1  [ RunTime:0.000171s ]
[ 2011-03-12T12:03:00+08:00 ] SQL: SELECT COUNT(*) AS tp_count FROM `fl_topic` WHERE status=1 and rootid=339 and (type='comment' or type='transmit') LIMIT 1  [ RunTime:0.000175s ]
[ 2011-03-12T12:03:00+08:00 ] SQL: SELECT COUNT(*) AS tp_count FROM `fl_topic` WHERE status=1 and rootid=358 and (type='comment' or type='transmit') LIMIT 1  [ RunTime:0.000716s ]
[ 2011-03-12T12:03:00+08:00 ] SQL: SELECT nickname,homepage,avatar FROM `fl_user` WHERE id='1' LIMIT 1  [ RunTime:0.000191s ]
[ 2011-03-12T12:03:00+08:00 ] SQL: SHOW COLUMNS FROM fl_image [ RunTime:0.049197s ]
[ 2011-03-12T12:03:00+08:00 ] SQL: SELECT * FROM `fl_image` WHERE id='31' LIMIT 1  [ RunTime:0.041839s ]
[ 2011-03-12T12:03:00+08:00 ] SQL: SELECT COUNT(*) AS tp_count FROM `fl_topic` WHERE status=1 and rootid=357 and (type='comment' or type='transmit') LIMIT 1  [ RunTime:0.002053s ]
[ 2011-03-12T12:03:00+08:00 ] SQL: SELECT nickname,homepage,avatar FROM `fl_user` WHERE id='1' LIMIT 1  [ RunTime:0.000350s ]
[ 2011-03-12T12:03:00+08:00 ] SQL: SELECT * FROM `fl_topic` WHERE id='354' LIMIT 1  [ RunTime:0.000187s ]
[ 2011-03-12T12:03:00+08:00 ] SQL: SELECT nickname,homepage FROM `fl_user` WHERE id='1' LIMIT 1  [ RunTime:0.000171s ]
[ 2011-03-12T12:03:00+08:00 ] SQL: SELECT COUNT(*) AS tp_count FROM `fl_topic` WHERE status=1 and rootid=354 and (type='comment' or type='transmit') LIMIT 1  [ RunTime:0.000163s ]
[ 2011-03-12T12:03:00+08:00 ] SQL: SELECT COUNT(*) AS tp_count FROM `fl_topic` WHERE status=1 and rootid=356 and (type='comment' or type='transmit') LIMIT 1  [ RunTime:0.000726s ]
[ 2011-03-12T12:03:00+08:00 ] SQL: SELECT nickname,homepage,avatar FROM `fl_user` WHERE id='1' LIMIT 1  [ RunTime:0.000193s ]
[ 2011-03-12T12:03:00+08:00 ] SQL: SELECT * FROM `fl_topic` WHERE id='354' LIMIT 1  [ RunTime:0.000181s ]
[ 2011-03-12T12:03:00+08:00 ] SQL: SELECT nickname,homepage FROM `fl_user` WHERE id='1' LIMIT 1  [ RunTime:0.000159s ]
[ 2011-03-12T12:03:00+08:00 ] SQL: SELECT COUNT(*) AS tp_count FROM `fl_topic` WHERE status=1 and rootid=354 and (type='comment' or type='transmit') LIMIT 1  [ RunTime:0.000229s ]
[ 2011-03-12T12:03:00+08:00 ] SQL: SELECT COUNT(*) AS tp_count FROM `fl_topic` WHERE status=1 and rootid=354 and (type='comment' or type='transmit') LIMIT 1  [ RunTime:0.000189s ]
[ 2011-03-12T12:03:00+08:00 ] SQL: SELECT nickname,homepage,avatar FROM `fl_user` WHERE id='1' LIMIT 1  [ RunTime:0.000158s ]
[ 2011-03-12T12:03:00+08:00 ] SQL: SELECT COUNT(*) AS tp_count FROM `fl_topic` WHERE status=1 and rootid=353 and (type='comment' or type='transmit') LIMIT 1  [ RunTime:0.000666s ]
[ 2011-03-12T12:03:00+08:00 ] SQL: SELECT nickname,homepage,avatar FROM `fl_user` WHERE id='1' LIMIT 1  [ RunTime:0.000202s ]
[ 2011-03-12T12:03:00+08:00 ] SQL: SELECT * FROM `fl_topic` WHERE id='337' LIMIT 1  [ RunTime:0.000369s ]
[ 2011-03-12T12:03:00+08:00 ] SQL: SELECT nickname,homepage FROM `fl_user` WHERE id='1' LIMIT 1  [ RunTime:0.000175s ]
[ 2011-03-12T12:03:00+08:00 ] SQL: SELECT COUNT(*) AS tp_count FROM `fl_topic` WHERE status=1 and rootid=337 and (type='comment' or type='transmit') LIMIT 1  [ RunTime:0.000576s ]
[ 2011-03-12T12:03:00+08:00 ] SQL: SELECT COUNT(*) AS tp_count FROM `fl_topic` WHERE status=1 and rootid=352 and (type='comment' or type='transmit') LIMIT 1  [ RunTime:0.000859s ]
[ 2011-03-12T12:03:00+08:00 ] SQL: SELECT nickname,homepage,avatar FROM `fl_user` WHERE id='1' LIMIT 1  [ RunTime:0.000559s ]
[ 2011-03-12T12:03:00+08:00 ] SQL: SELECT * FROM `fl_topic` WHERE id='337' LIMIT 1  [ RunTime:0.000213s ]
[ 2011-03-12T12:03:00+08:00 ] SQL: SELECT nickname,homepage FROM `fl_user` WHERE id='1' LIMIT 1  [ RunTime:0.000187s ]
[ 2011-03-12T12:03:00+08:00 ] SQL: SELECT COUNT(*) AS tp_count FROM `fl_topic` WHERE status=1 and rootid=337 and (type='comment' or type='transmit') LIMIT 1  [ RunTime:0.000164s ]
[ 2011-03-12T12:03:00+08:00 ] SQL: SELECT COUNT(*) AS tp_count FROM `fl_topic` WHERE status=1 and rootid=351 and (type='comment' or type='transmit') LIMIT 1  [ RunTime:0.000697s ]
[ 2011-03-12T12:03:00+08:00 ] SQL: SELECT nickname,homepage,avatar FROM `fl_user` WHERE id='1' LIMIT 1  [ RunTime:0.000179s ]
[ 2011-03-12T12:03:00+08:00 ] SQL: SELECT * FROM `fl_topic` WHERE id='348' LIMIT 1  [ RunTime:0.000395s ]
[ 2011-03-12T12:03:00+08:00 ] SQL: SELECT nickname,homepage FROM `fl_user` WHERE id='1' LIMIT 1  [ RunTime:0.000169s ]
[ 2011-03-12T12:03:00+08:00 ] SQL: SELECT COUNT(*) AS tp_count FROM `fl_topic` WHERE status=1 and rootid=348 and (type='comment' or type='transmit') LIMIT 1  [ RunTime:0.000772s ]
[ 2011-03-12T12:03:00+08:00 ] SQL: SELECT COUNT(*) AS tp_count FROM `fl_topic` WHERE status=1 and rootid=350 and (type='comment' or type='transmit') LIMIT 1  [ RunTime:0.000580s ]
[ 2011-03-12T12:03:00+08:00 ] SQL: SELECT nickname,homepage,avatar FROM `fl_user` WHERE id='1' LIMIT 1  [ RunTime:0.000204s ]
[ 2011-03-12T12:03:00+08:00 ] SQL: SELECT * FROM `fl_topic` WHERE id='175' LIMIT 1  [ RunTime:0.000407s ]
[ 2011-03-12T12:03:00+08:00 ] SQL: SELECT nickname,homepage FROM `fl_user` WHERE id='1' LIMIT 1  [ RunTime:0.000169s ]
[ 2011-03-12T12:03:00+08:00 ] SQL: SELECT COUNT(*) AS tp_count FROM `fl_topic` WHERE status=1 and rootid=175 and (type='comment' or type='transmit') LIMIT 1  [ RunTime:0.000586s ]
[ 2011-03-12T12:03:00+08:00 ] SQL: SELECT COUNT(*) AS tp_count FROM `fl_topic` WHERE status=1 and rootid=348 and (type='comment' or type='transmit') LIMIT 1  [ RunTime:0.000173s ]
[ 2011-03-12T12:03:00+08:00 ] SQL: SELECT nickname,homepage,avatar FROM `fl_user` WHERE id='1' LIMIT 1  [ RunTime:0.000333s ]
[ 2011-03-12T12:03:11+08:00 ] SQL: SHOW COLUMNS FROM fl_tag [ RunTime:0.077532s ]
[ 2011-03-12T12:03:11+08:00 ] SQL: SHOW COLUMNS FROM fl_tag [ RunTime:0.068373s ]
[ 2011-03-12T12:03:12+08:00 ] SQL: SHOW COLUMNS FROM fl_topic [ RunTime:0.068473s ]
[ 2011-03-12T12:03:12+08:00 ] SQL: SHOW COLUMNS FROM fl_topic [ RunTime:0.051829s ]
[ 2011-03-12T12:03:12+08:00 ] SQL: SHOW COLUMNS FROM fl_user [ RunTime:0.051643s ]
[ 2011-03-12T12:03:12+08:00 ] SQL: SHOW COLUMNS FROM fl_user [ RunTime:0.051196s ]
[ 2011-03-12T12:03:12+08:00 ] SQL: SELECT Tag.id AS id,Tag.tagname AS tagname,COUNT(Topic.id) AS count FROM fl_tag Tag  JOIN fl_topic Topic ON Tag.id=Topic.tagid  JOIN fl_user User ON Topic.uid=User.id WHERE Topic.status=1 GROUP BY Tag.id ORDER BY Count desc LIMIT 8  [ RunTime:0.037875s ]
[ 2011-03-12T12:03:12+08:00 ] SQL: SHOW COLUMNS FROM fl_user [ RunTime:0.030258s ]
[ 2011-03-12T12:03:12+08:00 ] SQL: SHOW COLUMNS FROM fl_follow [ RunTime:0.043442s ]
[ 2011-03-12T12:03:12+08:00 ] SQL: SHOW COLUMNS FROM fl_follow [ RunTime:0.047462s ]
[ 2011-03-12T12:03:12+08:00 ] SQL: SELECT User.id AS id,User.nickname AS nickname,User.homepage AS homepage,User.avatar AS avatar,COUNT(Follow.id) AS count FROM fl_user User  JOIN fl_follow Follow ON User.id=Follow.objuid WHERE User.status=1 GROUP BY User.id ORDER BY Count desc LIMIT 3  [ RunTime:0.033507s ]
[ 2011-03-12T12:03:12+08:00 ] SQL: SHOW COLUMNS FROM fl_news [ RunTime:0.030218s ]
[ 2011-03-12T12:03:12+08:00 ] SQL: SHOW COLUMNS FROM fl_news [ RunTime:0.053249s ]
[ 2011-03-12T12:03:12+08:00 ] SQL: SELECT * FROM `fl_news` ORDER BY id desc LIMIT 6  [ RunTime:0.034620s ]
[ 2011-03-12T12:03:12+08:00 ] SQL: SELECT * FROM `fl_user` WHERE userid='admin' LIMIT 1  [ RunTime:0.000453s ]
[ 2011-03-12T12:03:12+08:00 ] SQL: SELECT * FROM `fl_user` WHERE id='1' LIMIT 1  [ RunTime:0.000423s ]
[ 2011-03-12T12:03:12+08:00 ] SQL: SELECT COUNT(*) AS tp_count FROM `fl_follow` WHERE objuid=1 LIMIT 1  [ RunTime:0.000309s ]
[ 2011-03-12T12:03:12+08:00 ] SQL: SELECT COUNT(*) AS tp_count FROM `fl_follow` WHERE uid=1 LIMIT 1  [ RunTime:0.000255s ]
[ 2011-03-12T12:03:12+08:00 ] SQL: SELECT COUNT(*) AS tp_count FROM `fl_topic` WHERE uid=1 and status=1 and (type="first" or type="transmit") LIMIT 1  [ RunTime:0.000294s ]
[ 2011-03-12T12:03:12+08:00 ] SQL: SHOW COLUMNS FROM fl_style [ RunTime:0.014318s ]
[ 2011-03-12T12:03:12+08:00 ] SQL: SELECT * FROM `fl_style` WHERE id=4 LIMIT 1  [ RunTime:0.048513s ]
[ 2011-03-12T12:03:12+08:00 ] SQL: SELECT * FROM `fl_user` WHERE userid='admin' LIMIT 1  [ RunTime:0.001075s ]
[ 2011-03-12T12:03:12+08:00 ] SQL: SELECT * FROM `fl_follow` WHERE uid=1 [ RunTime:0.000668s ]
[ 2011-03-12T12:03:12+08:00 ] SQL: SELECT COUNT(*) AS tp_count FROM `fl_topic` WHERE  instr('2,4,6,8,7,1',uid) and status=1 and (type='first' or type='transmit' or type='dialog') LIMIT 1  [ RunTime:0.000701s ]
[ 2011-03-12T12:03:12+08:00 ] SQL: SELECT * FROM `fl_topic` WHERE  instr('2,4,6,8,7,1',uid) and status=1 and (type='first' or type='transmit' or type='dialog') ORDER BY id desc LIMIT 0,20  [ RunTime:0.000691s ]
[ 2011-03-12T12:03:12+08:00 ] SQL: SHOW COLUMNS FROM fl_user [ RunTime:0.058752s ]
[ 2011-03-12T12:03:12+08:00 ] SQL: SELECT COUNT(*) AS tp_count FROM `fl_topic` WHERE status=1 and rootid=374 and (type='comment' or type='transmit') LIMIT 1  [ RunTime:0.047236s ]
[ 2011-03-12T12:03:12+08:00 ] SQL: SELECT nickname,homepage,avatar FROM `fl_user` WHERE id='1' LIMIT 1  [ RunTime:0.000859s ]
[ 2011-03-12T12:03:12+08:00 ] SQL: SELECT COUNT(*) AS tp_count FROM `fl_topic` WHERE status=1 and rootid=373 and (type='comment' or type='transmit') LIMIT 1  [ RunTime:0.000629s ]
[ 2011-03-12T12:03:12+08:00 ] SQL: SELECT nickname,homepage,avatar FROM `fl_user` WHERE id='1' LIMIT 1  [ RunTime:0.000381s ]
[ 2011-03-12T12:03:12+08:00 ] SQL: SELECT COUNT(*) AS tp_count FROM `fl_topic` WHERE status=1 and rootid=372 and (type='comment' or type='transmit') LIMIT 1  [ RunTime:0.000332s ]
[ 2011-03-12T12:03:12+08:00 ] SQL: SELECT nickname,homepage,avatar FROM `fl_user` WHERE id='1' LIMIT 1  [ RunTime:0.000595s ]
[ 2011-03-12T12:03:12+08:00 ] SQL: SHOW COLUMNS FROM fl_topic [ RunTime:0.023528s ]
[ 2011-03-12T12:03:12+08:00 ] SQL: SELECT * FROM `fl_topic` WHERE id='4' LIMIT 1  [ RunTime:0.039257s ]
[ 2011-03-12T12:03:12+08:00 ] SQL: SELECT nickname,homepage FROM `fl_user` WHERE id='1' LIMIT 1  [ RunTime:0.000320s ]
[ 2011-03-12T12:03:12+08:00 ] SQL: SELECT COUNT(*) AS tp_count FROM `fl_topic` WHERE status=1 and rootid=371 and (type='comment' or type='transmit') LIMIT 1  [ RunTime:0.000354s ]
[ 2011-03-12T12:03:12+08:00 ] SQL: SELECT nickname,homepage,avatar FROM `fl_user` WHERE id='1' LIMIT 1  [ RunTime:0.000349s ]
[ 2011-03-12T12:03:12+08:00 ] SQL: SELECT * FROM `fl_topic` WHERE id='370' LIMIT 1  [ RunTime:0.000312s ]
[ 2011-03-12T12:03:12+08:00 ] SQL: SELECT nickname,homepage FROM `fl_user` WHERE id='1' LIMIT 1  [ RunTime:0.000685s ]
[ 2011-03-12T12:03:12+08:00 ] SQL: SELECT COUNT(*) AS tp_count FROM `fl_topic` WHERE status=1 and rootid=370 and (type='comment' or type='transmit') LIMIT 1  [ RunTime:0.001771s ]
[ 2011-03-12T12:03:12+08:00 ] SQL: SELECT nickname,homepage,avatar FROM `fl_user` WHERE id='1' LIMIT 1  [ RunTime:0.000582s ]
[ 2011-03-12T12:03:12+08:00 ] SQL: SELECT * FROM `fl_topic` WHERE id='368' LIMIT 1  [ RunTime:0.000303s ]
[ 2011-03-12T12:03:12+08:00 ] SQL: SELECT nickname,homepage FROM `fl_user` WHERE id='1' LIMIT 1  [ RunTime:0.000293s ]
[ 2011-03-12T12:03:12+08:00 ] SQL: SELECT COUNT(*) AS tp_count FROM `fl_topic` WHERE status=1 and rootid=369 and (type='comment' or type='transmit') LIMIT 1  [ RunTime:0.000279s ]
[ 2011-03-12T12:03:12+08:00 ] SQL: SELECT nickname,homepage,avatar FROM `fl_user` WHERE id='1' LIMIT 1  [ RunTime:0.000265s ]
[ 2011-03-12T12:03:12+08:00 ] SQL: SELECT * FROM `fl_topic` WHERE id='368' LIMIT 1  [ RunTime:0.000268s ]
[ 2011-03-12T12:03:12+08:00 ] SQL: SELECT nickname,homepage FROM `fl_user` WHERE id='1' LIMIT 1  [ RunTime:0.000278s ]
[ 2011-03-12T12:03:12+08:00 ] SQL: SELECT COUNT(*) AS tp_count FROM `fl_topic` WHERE status=1 and rootid=368 and (type='comment' or type='transmit') LIMIT 1  [ RunTime:0.000281s ]
[ 2011-03-12T12:03:12+08:00 ] SQL: SELECT nickname,homepage,avatar FROM `fl_user` WHERE id='1' LIMIT 1  [ RunTime:0.000267s ]
[ 2011-03-12T12:03:12+08:00 ] SQL: SELECT * FROM `fl_topic` WHERE id='367' LIMIT 1  [ RunTime:0.000269s ]
[ 2011-03-12T12:03:12+08:00 ] SQL: SELECT nickname,homepage FROM `fl_user` WHERE id='1' LIMIT 1  [ RunTime:0.000290s ]
[ 2011-03-12T12:03:12+08:00 ] SQL: SELECT COUNT(*) AS tp_count FROM `fl_topic` WHERE status=1 and rootid=367 and (type='comment' or type='transmit') LIMIT 1  [ RunTime:0.000272s ]
[ 2011-03-12T12:03:12+08:00 ] SQL: SELECT nickname,homepage,avatar FROM `fl_user` WHERE id='1' LIMIT 1  [ RunTime:0.000431s ]
[ 2011-03-12T12:03:12+08:00 ] SQL: SELECT * FROM `fl_topic` WHERE id='366' LIMIT 1  [ RunTime:0.000321s ]
[ 2011-03-12T12:03:12+08:00 ] SQL: SELECT nickname,homepage FROM `fl_user` WHERE id='1' LIMIT 1  [ RunTime:0.000332s ]
[ 2011-03-12T12:03:12+08:00 ] SQL: SELECT COUNT(*) AS tp_count FROM `fl_topic` WHERE status=1 and rootid=362 and (type='comment' or type='transmit') LIMIT 1  [ RunTime:0.000621s ]
[ 2011-03-12T12:03:12+08:00 ] SQL: SELECT nickname,homepage,avatar FROM `fl_user` WHERE id='1' LIMIT 1  [ RunTime:0.000438s ]
[ 2011-03-12T12:03:12+08:00 ] SQL: SELECT * FROM `fl_topic` WHERE id='354' LIMIT 1  [ RunTime:0.000346s ]
[ 2011-03-12T12:03:12+08:00 ] SQL: SELECT nickname,homepage FROM `fl_user` WHERE id='1' LIMIT 1  [ RunTime:0.000265s ]
[ 2011-03-12T12:03:12+08:00 ] SQL: SELECT COUNT(*) AS tp_count FROM `fl_topic` WHERE status=1 and rootid=354 and (type='comment' or type='transmit') LIMIT 1  [ RunTime:0.000286s ]
[ 2011-03-12T12:03:12+08:00 ] SQL: SELECT COUNT(*) AS tp_count FROM `fl_topic` WHERE status=1 and rootid=361 and (type='comment' or type='transmit') LIMIT 1  [ RunTime:0.000294s ]
[ 2011-03-12T12:03:12+08:00 ] SQL: SELECT nickname,homepage,avatar FROM `fl_user` WHERE id='1' LIMIT 1  [ RunTime:0.000269s ]
[ 2011-03-12T12:03:12+08:00 ] SQL: SELECT * FROM `fl_topic` WHERE id='339' LIMIT 1  [ RunTime:0.000301s ]
[ 2011-03-12T12:03:12+08:00 ] SQL: SELECT nickname,homepage FROM `fl_user` WHERE id='1' LIMIT 1  [ RunTime:0.000317s ]
[ 2011-03-12T12:03:12+08:00 ] SQL: SELECT COUNT(*) AS tp_count FROM `fl_topic` WHERE status=1 and rootid=339 and (type='comment' or type='transmit') LIMIT 1  [ RunTime:0.000309s ]
[ 2011-03-12T12:03:12+08:00 ] SQL: SELECT COUNT(*) AS tp_count FROM `fl_topic` WHERE status=1 and rootid=360 and (type='comment' or type='transmit') LIMIT 1  [ RunTime:0.000267s ]
[ 2011-03-12T12:03:12+08:00 ] SQL: SELECT nickname,homepage,avatar FROM `fl_user` WHERE id='1' LIMIT 1  [ RunTime:0.000265s ]
[ 2011-03-12T12:03:12+08:00 ] SQL: SELECT * FROM `fl_topic` WHERE id='339' LIMIT 1  [ RunTime:0.000268s ]
[ 2011-03-12T12:03:12+08:00 ] SQL: SELECT nickname,homepage FROM `fl_user` WHERE id='1' LIMIT 1  [ RunTime:0.000266s ]
[ 2011-03-12T12:03:12+08:00 ] SQL: SELECT COUNT(*) AS tp_count FROM `fl_topic` WHERE status=1 and rootid=339 and (type='comment' or type='transmit') LIMIT 1  [ RunTime:0.000271s ]
[ 2011-03-12T12:03:12+08:00 ] SQL: SELECT COUNT(*) AS tp_count FROM `fl_topic` WHERE status=1 and rootid=358 and (type='comment' or type='transmit') LIMIT 1  [ RunTime:0.000266s ]
[ 2011-03-12T12:03:12+08:00 ] SQL: SELECT nickname,homepage,avatar FROM `fl_user` WHERE id='1' LIMIT 1  [ RunTime:0.000257s ]
[ 2011-03-12T12:03:12+08:00 ] SQL: SHOW COLUMNS FROM fl_image [ RunTime:0.016921s ]
[ 2011-03-12T12:03:12+08:00 ] SQL: SELECT * FROM `fl_image` WHERE id='31' LIMIT 1  [ RunTime:0.035477s ]
[ 2011-03-12T12:03:12+08:00 ] SQL: SELECT COUNT(*) AS tp_count FROM `fl_topic` WHERE status=1 and rootid=357 and (type='comment' or type='transmit') LIMIT 1  [ RunTime:0.000322s ]
[ 2011-03-12T12:03:12+08:00 ] SQL: SELECT nickname,homepage,avatar FROM `fl_user` WHERE id='1' LIMIT 1  [ RunTime:0.000276s ]
[ 2011-03-12T12:03:12+08:00 ] SQL: SELECT * FROM `fl_topic` WHERE id='354' LIMIT 1  [ RunTime:0.000289s ]
[ 2011-03-12T12:03:12+08:00 ] SQL: SELECT nickname,homepage FROM `fl_user` WHERE id='1' LIMIT 1  [ RunTime:0.000254s ]
[ 2011-03-12T12:03:12+08:00 ] SQL: SELECT COUNT(*) AS tp_count FROM `fl_topic` WHERE status=1 and rootid=354 and (type='comment' or type='transmit') LIMIT 1  [ RunTime:0.000276s ]
[ 2011-03-12T12:03:12+08:00 ] SQL: SELECT COUNT(*) AS tp_count FROM `fl_topic` WHERE status=1 and rootid=356 and (type='comment' or type='transmit') LIMIT 1  [ RunTime:0.000257s ]
[ 2011-03-12T12:03:12+08:00 ] SQL: SELECT nickname,homepage,avatar FROM `fl_user` WHERE id='1' LIMIT 1  [ RunTime:0.000602s ]
[ 2011-03-12T12:03:12+08:00 ] SQL: SELECT * FROM `fl_topic` WHERE id='354' LIMIT 1  [ RunTime:0.000437s ]
[ 2011-03-12T12:03:12+08:00 ] SQL: SELECT nickname,homepage FROM `fl_user` WHERE id='1' LIMIT 1  [ RunTime:0.000405s ]
[ 2011-03-12T12:03:12+08:00 ] SQL: SELECT COUNT(*) AS tp_count FROM `fl_topic` WHERE status=1 and rootid=354 and (type='comment' or type='transmit') LIMIT 1  [ RunTime:0.000295s ]
[ 2011-03-12T12:03:12+08:00 ] SQL: SELECT COUNT(*) AS tp_count FROM `fl_topic` WHERE status=1 and rootid=354 and (type='comment' or type='transmit') LIMIT 1  [ RunTime:0.000294s ]
[ 2011-03-12T12:03:12+08:00 ] SQL: SELECT nickname,homepage,avatar FROM `fl_user` WHERE id='1' LIMIT 1  [ RunTime:0.000258s ]
[ 2011-03-12T12:03:12+08:00 ] SQL: SELECT COUNT(*) AS tp_count FROM `fl_topic` WHERE status=1 and rootid=353 and (type='comment' or type='transmit') LIMIT 1  [ RunTime:0.000504s ]
[ 2011-03-12T12:03:12+08:00 ] SQL: SELECT nickname,homepage,avatar FROM `fl_user` WHERE id='1' LIMIT 1  [ RunTime:0.000500s ]
[ 2011-03-12T12:03:12+08:00 ] SQL: SELECT * FROM `fl_topic` WHERE id='337' LIMIT 1  [ RunTime:0.000305s ]
[ 2011-03-12T12:03:12+08:00 ] SQL: SELECT nickname,homepage FROM `fl_user` WHERE id='1' LIMIT 1  [ RunTime:0.000305s ]
[ 2011-03-12T12:03:12+08:00 ] SQL: SELECT COUNT(*) AS tp_count FROM `fl_topic` WHERE status=1 and rootid=337 and (type='comment' or type='transmit') LIMIT 1  [ RunTime:0.000266s ]
[ 2011-03-12T12:03:12+08:00 ] SQL: SELECT COUNT(*) AS tp_count FROM `fl_topic` WHERE status=1 and rootid=352 and (type='comment' or type='transmit') LIMIT 1  [ RunTime:0.000281s ]
[ 2011-03-12T12:03:12+08:00 ] SQL: SELECT nickname,homepage,avatar FROM `fl_user` WHERE id='1' LIMIT 1  [ RunTime:0.000256s ]
[ 2011-03-12T12:03:12+08:00 ] SQL: SELECT * FROM `fl_topic` WHERE id='337' LIMIT 1  [ RunTime:0.000270s ]
[ 2011-03-12T12:03:12+08:00 ] SQL: SELECT nickname,homepage FROM `fl_user` WHERE id='1' LIMIT 1  [ RunTime:0.000252s ]
[ 2011-03-12T12:03:12+08:00 ] SQL: SELECT COUNT(*) AS tp_count FROM `fl_topic` WHERE status=1 and rootid=337 and (type='comment' or type='transmit') LIMIT 1  [ RunTime:0.000275s ]
[ 2011-03-12T12:03:12+08:00 ] SQL: SELECT COUNT(*) AS tp_count FROM `fl_topic` WHERE status=1 and rootid=351 and (type='comment' or type='transmit') LIMIT 1  [ RunTime:0.000255s ]
[ 2011-03-12T12:03:12+08:00 ] SQL: SELECT nickname,homepage,avatar FROM `fl_user` WHERE id='1' LIMIT 1  [ RunTime:0.000280s ]
[ 2011-03-12T12:03:12+08:00 ] SQL: SELECT * FROM `fl_topic` WHERE id='348' LIMIT 1  [ RunTime:0.000268s ]
[ 2011-03-12T12:03:12+08:00 ] SQL: SELECT nickname,homepage FROM `fl_user` WHERE id='1' LIMIT 1  [ RunTime:0.000284s ]
[ 2011-03-12T12:03:12+08:00 ] SQL: SELECT COUNT(*) AS tp_count FROM `fl_topic` WHERE status=1 and rootid=348 and (type='comment' or type='transmit') LIMIT 1  [ RunTime:0.000294s ]
[ 2011-03-12T12:03:12+08:00 ] SQL: SELECT COUNT(*) AS tp_count FROM `fl_topic` WHERE status=1 and rootid=350 and (type='comment' or type='transmit') LIMIT 1  [ RunTime:0.000646s ]
[ 2011-03-12T12:03:12+08:00 ] SQL: SELECT nickname,homepage,avatar FROM `fl_user` WHERE id='1' LIMIT 1  [ RunTime:0.001725s ]
[ 2011-03-12T12:03:12+08:00 ] SQL: SELECT * FROM `fl_topic` WHERE id='175' LIMIT 1  [ RunTime:0.000768s ]
[ 2011-03-12T12:03:12+08:00 ] SQL: SELECT nickname,homepage FROM `fl_user` WHERE id='1' LIMIT 1  [ RunTime:0.000957s ]
[ 2011-03-12T12:03:12+08:00 ] SQL: SELECT COUNT(*) AS tp_count FROM `fl_topic` WHERE status=1 and rootid=175 and (type='comment' or type='transmit') LIMIT 1  [ RunTime:0.000398s ]
[ 2011-03-12T12:03:12+08:00 ] SQL: SELECT COUNT(*) AS tp_count FROM `fl_topic` WHERE status=1 and rootid=348 and (type='comment' or type='transmit') LIMIT 1  [ RunTime:0.000268s ]
[ 2011-03-12T12:03:12+08:00 ] SQL: SELECT nickname,homepage,avatar FROM `fl_user` WHERE id='1' LIMIT 1  [ RunTime:0.000369s ]
[ 2011-03-12T16:27:26+08:00 ] SQL: SHOW COLUMNS FROM fl_topic [ RunTime:0.122463s ]
[ 2011-03-12T16:27:26+08:00 ] SQL: SELECT * FROM `fl_topic` WHERE status=1 and type="first" ORDER BY id desc LIMIT 6  [ RunTime:0.044973s ]
[ 2011-03-12T16:27:26+08:00 ] SQL: SHOW COLUMNS FROM fl_user [ RunTime:0.064775s ]
[ 2011-03-12T16:27:26+08:00 ] SQL: SHOW COLUMNS FROM fl_user [ RunTime:0.086052s ]
[ 2011-03-12T16:27:26+08:00 ] SQL: SELECT nickname,homepage,avatar FROM `fl_user` WHERE id='1' LIMIT 1  [ RunTime:0.048467s ]
[ 2011-03-12T16:27:26+08:00 ] SQL: SELECT nickname,homepage,avatar FROM `fl_user` WHERE id='1' LIMIT 1  [ RunTime:0.000462s ]
[ 2011-03-12T16:27:26+08:00 ] SQL: SELECT nickname,homepage,avatar FROM `fl_user` WHERE id='1' LIMIT 1  [ RunTime:0.000176s ]
[ 2011-03-12T16:27:26+08:00 ] SQL: SELECT nickname,homepage,avatar FROM `fl_user` WHERE id='1' LIMIT 1  [ RunTime:0.000182s ]
[ 2011-03-12T16:27:26+08:00 ] SQL: SELECT nickname,homepage,avatar FROM `fl_user` WHERE id='1' LIMIT 1  [ RunTime:0.000166s ]
[ 2011-03-12T16:27:26+08:00 ] SQL: SELECT nickname,homepage,avatar FROM `fl_user` WHERE id='1' LIMIT 1  [ RunTime:0.000139s ]
[ 2011-03-12T16:27:29+08:00 ] NOTIC: [8] Undefined index:  rememberme GlobalAction.class.php 第 94 行.
[ 2011-03-12T16:27:29+08:00 ] SQL: SHOW COLUMNS FROM fl_user [ RunTime:0.029507s ]
[ 2011-03-12T16:27:29+08:00 ] SQL: SELECT * FROM `fl_user` WHERE ( `userid` = 'admin' ) AND ( `password` = '21232f297a57a5a743894a0e4a801fc3' ) LIMIT 1  [ RunTime:0.093765s ]
[ 2011-03-12T16:27:29+08:00 ] SQL: UPDATE `fl_user` SET `login_time`=1299918449,`login_ip`='127.0.0.1' WHERE id=1 [ RunTime:0.066030s ]
[ 2011-03-12T16:27:31+08:00 ] SQL: SHOW COLUMNS FROM fl_tag [ RunTime:0.124392s ]
[ 2011-03-12T16:27:31+08:00 ] SQL: SHOW COLUMNS FROM fl_tag [ RunTime:0.055053s ]
[ 2011-03-12T16:27:31+08:00 ] SQL: SHOW COLUMNS FROM fl_topic [ RunTime:0.077995s ]
[ 2011-03-12T16:27:31+08:00 ] SQL: SHOW COLUMNS FROM fl_topic [ RunTime:0.054049s ]
[ 2011-03-12T16:27:31+08:00 ] SQL: SHOW COLUMNS FROM fl_user [ RunTime:0.062161s ]
[ 2011-03-12T16:27:31+08:00 ] SQL: SHOW COLUMNS FROM fl_user [ RunTime:0.067815s ]
[ 2011-03-12T16:27:31+08:00 ] SQL: SELECT Tag.id AS id,Tag.tagname AS tagname,COUNT(Topic.id) AS count FROM fl_tag Tag  JOIN fl_topic Topic ON Tag.id=Topic.tagid  JOIN fl_user User ON Topic.uid=User.id WHERE Topic.status=1 GROUP BY Tag.id ORDER BY Count desc LIMIT 8  [ RunTime:0.148698s ]
[ 2011-03-12T16:27:31+08:00 ] SQL: SHOW COLUMNS FROM fl_user [ RunTime:0.019692s ]
[ 2011-03-12T16:27:32+08:00 ] SQL: SHOW COLUMNS FROM fl_follow [ RunTime:0.120637s ]
[ 2011-03-12T16:27:32+08:00 ] SQL: SHOW COLUMNS FROM fl_follow [ RunTime:0.054310s ]
[ 2011-03-12T16:27:32+08:00 ] SQL: SELECT User.id AS id,User.nickname AS nickname,User.homepage AS homepage,User.avatar AS avatar,COUNT(Follow.id) AS count FROM fl_user User  JOIN fl_follow Follow ON User.id=Follow.objuid WHERE User.status=1 GROUP BY User.id ORDER BY Count desc LIMIT 3  [ RunTime:0.041219s ]
[ 2011-03-12T16:27:32+08:00 ] SQL: SHOW COLUMNS FROM fl_news [ RunTime:0.051325s ]
[ 2011-03-12T16:27:32+08:00 ] SQL: SHOW COLUMNS FROM fl_news [ RunTime:0.053269s ]
[ 2011-03-12T16:27:32+08:00 ] SQL: SELECT * FROM `fl_news` ORDER BY id desc LIMIT 6  [ RunTime:0.038776s ]
[ 2011-03-12T16:27:32+08:00 ] SQL: SELECT * FROM `fl_user` WHERE userid='admin' LIMIT 1  [ RunTime:0.000745s ]
[ 2011-03-12T16:27:32+08:00 ] SQL: SELECT * FROM `fl_user` WHERE id='1' LIMIT 1  [ RunTime:0.000617s ]
[ 2011-03-12T16:27:32+08:00 ] SQL: SELECT COUNT(*) AS tp_count FROM `fl_follow` WHERE objuid=1 LIMIT 1  [ RunTime:0.000264s ]
[ 2011-03-12T16:27:32+08:00 ] SQL: SELECT COUNT(*) AS tp_count FROM `fl_follow` WHERE uid=1 LIMIT 1  [ RunTime:0.000453s ]
[ 2011-03-12T16:27:32+08:00 ] SQL: SELECT COUNT(*) AS tp_count FROM `fl_topic` WHERE uid=1 and status=1 and (type="first" or type="transmit") LIMIT 1  [ RunTime:0.000228s ]
[ 2011-03-12T16:27:32+08:00 ] SQL: SHOW COLUMNS FROM fl_style [ RunTime:0.058194s ]
[ 2011-03-12T16:27:32+08:00 ] SQL: SELECT * FROM `fl_style` WHERE id=4 LIMIT 1  [ RunTime:0.044245s ]
[ 2011-03-12T16:27:32+08:00 ] SQL: SELECT * FROM `fl_user` WHERE userid='admin' LIMIT 1  [ RunTime:0.000787s ]
[ 2011-03-12T16:27:32+08:00 ] SQL: SELECT * FROM `fl_follow` WHERE uid=1 [ RunTime:0.000243s ]
[ 2011-03-12T16:27:32+08:00 ] SQL: SELECT COUNT(*) AS tp_count FROM `fl_topic` WHERE  instr('2,4,6,8,7,1',uid) and status=1 and (type='first' or type='transmit' or type='dialog') LIMIT 1  [ RunTime:0.015103s ]
[ 2011-03-12T16:27:32+08:00 ] SQL: SELECT * FROM `fl_topic` WHERE  instr('2,4,6,8,7,1',uid) and status=1 and (type='first' or type='transmit' or type='dialog') ORDER BY id desc LIMIT 0,20  [ RunTime:0.000453s ]
[ 2011-03-12T16:27:32+08:00 ] SQL: SHOW COLUMNS FROM fl_user [ RunTime:0.018031s ]
[ 2011-03-12T16:27:32+08:00 ] SQL: SELECT COUNT(*) AS tp_count FROM `fl_topic` WHERE status=1 and rootid=374 and (type='comment' or type='transmit') LIMIT 1  [ RunTime:0.039832s ]
[ 2011-03-12T16:27:32+08:00 ] SQL: SELECT nickname,homepage,avatar FROM `fl_user` WHERE id='1' LIMIT 1  [ RunTime:0.000500s ]
[ 2011-03-12T16:27:32+08:00 ] SQL: SELECT COUNT(*) AS tp_count FROM `fl_topic` WHERE status=1 and rootid=373 and (type='comment' or type='transmit') LIMIT 1  [ RunTime:0.000327s ]
[ 2011-03-12T16:27:32+08:00 ] SQL: SELECT nickname,homepage,avatar FROM `fl_user` WHERE id='1' LIMIT 1  [ RunTime:0.000582s ]
[ 2011-03-12T16:27:32+08:00 ] SQL: SELECT COUNT(*) AS tp_count FROM `fl_topic` WHERE status=1 and rootid=372 and (type='comment' or type='transmit') LIMIT 1  [ RunTime:0.000413s ]
[ 2011-03-12T16:27:32+08:00 ] SQL: SELECT nickname,homepage,avatar FROM `fl_user` WHERE id='1' LIMIT 1  [ RunTime:0.000553s ]
[ 2011-03-12T16:27:32+08:00 ] SQL: SHOW COLUMNS FROM fl_topic [ RunTime:0.017095s ]
[ 2011-03-12T16:27:32+08:00 ] SQL: SELECT * FROM `fl_topic` WHERE id='4' LIMIT 1  [ RunTime:0.038524s ]
[ 2011-03-12T16:27:32+08:00 ] SQL: SELECT nickname,homepage FROM `fl_user` WHERE id='1' LIMIT 1  [ RunTime:0.000492s ]
[ 2011-03-12T16:27:32+08:00 ] SQL: SELECT COUNT(*) AS tp_count FROM `fl_topic` WHERE status=1 and rootid=371 and (type='comment' or type='transmit') LIMIT 1  [ RunTime:0.000234s ]
[ 2011-03-12T16:27:32+08:00 ] SQL: SELECT nickname,homepage,avatar FROM `fl_user` WHERE id='1' LIMIT 1  [ RunTime:0.000249s ]
[ 2011-03-12T16:27:32+08:00 ] SQL: SELECT * FROM `fl_topic` WHERE id='370' LIMIT 1  [ RunTime:0.000241s ]
[ 2011-03-12T16:27:32+08:00 ] SQL: SELECT nickname,homepage FROM `fl_user` WHERE id='1' LIMIT 1  [ RunTime:0.000342s ]
[ 2011-03-12T16:27:32+08:00 ] SQL: SELECT COUNT(*) AS tp_count FROM `fl_topic` WHERE status=1 and rootid=370 and (type='comment' or type='transmit') LIMIT 1  [ RunTime:0.000280s ]
[ 2011-03-12T16:27:32+08:00 ] SQL: SELECT nickname,homepage,avatar FROM `fl_user` WHERE id='1' LIMIT 1  [ RunTime:0.000208s ]
[ 2011-03-12T16:27:32+08:00 ] SQL: SELECT * FROM `fl_topic` WHERE id='368' LIMIT 1  [ RunTime:0.000212s ]
[ 2011-03-12T16:27:32+08:00 ] SQL: SELECT nickname,homepage FROM `fl_user` WHERE id='1' LIMIT 1  [ RunTime:0.000491s ]
[ 2011-03-12T16:27:32+08:00 ] SQL: SELECT COUNT(*) AS tp_count FROM `fl_topic` WHERE status=1 and rootid=369 and (type='comment' or type='transmit') LIMIT 1  [ RunTime:0.000272s ]
[ 2011-03-12T16:27:32+08:00 ] SQL: SELECT nickname,homepage,avatar FROM `fl_user` WHERE id='1' LIMIT 1  [ RunTime:0.000206s ]
[ 2011-03-12T16:27:32+08:00 ] SQL: SELECT * FROM `fl_topic` WHERE id='368' LIMIT 1  [ RunTime:0.000223s ]
[ 2011-03-12T16:27:32+08:00 ] SQL: SELECT nickname,homepage FROM `fl_user` WHERE id='1' LIMIT 1  [ RunTime:0.000273s ]
[ 2011-03-12T16:27:32+08:00 ] SQL: SELECT COUNT(*) AS tp_count FROM `fl_topic` WHERE status=1 and rootid=368 and (type='comment' or type='transmit') LIMIT 1  [ RunTime:0.000266s ]
[ 2011-03-12T16:27:32+08:00 ] SQL: SELECT nickname,homepage,avatar FROM `fl_user` WHERE id='1' LIMIT 1  [ RunTime:0.000207s ]
[ 2011-03-12T16:27:32+08:00 ] SQL: SELECT * FROM `fl_topic` WHERE id='367' LIMIT 1  [ RunTime:0.000263s ]
[ 2011-03-12T16:27:32+08:00 ] SQL: SELECT nickname,homepage FROM `fl_user` WHERE id='1' LIMIT 1  [ RunTime:0.000472s ]
[ 2011-03-12T16:27:32+08:00 ] SQL: SELECT COUNT(*) AS tp_count FROM `fl_topic` WHERE status=1 and rootid=367 and (type='comment' or type='transmit') LIMIT 1  [ RunTime:0.000505s ]
[ 2011-03-12T16:27:32+08:00 ] SQL: SELECT nickname,homepage,avatar FROM `fl_user` WHERE id='1' LIMIT 1  [ RunTime:0.000244s ]
[ 2011-03-12T16:27:32+08:00 ] SQL: SELECT * FROM `fl_topic` WHERE id='366' LIMIT 1  [ RunTime:0.000227s ]
[ 2011-03-12T16:27:32+08:00 ] SQL: SELECT nickname,homepage FROM `fl_user` WHERE id='1' LIMIT 1  [ RunTime:0.000244s ]
[ 2011-03-12T16:27:32+08:00 ] SQL: SELECT COUNT(*) AS tp_count FROM `fl_topic` WHERE status=1 and rootid=362 and (type='comment' or type='transmit') LIMIT 1  [ RunTime:0.000215s ]
[ 2011-03-12T16:27:32+08:00 ] SQL: SELECT nickname,homepage,avatar FROM `fl_user` WHERE id='1' LIMIT 1  [ RunTime:0.000226s ]
[ 2011-03-12T16:27:32+08:00 ] SQL: SELECT * FROM `fl_topic` WHERE id='354' LIMIT 1  [ RunTime:0.000222s ]
[ 2011-03-12T16:27:32+08:00 ] SQL: SELECT nickname,homepage FROM `fl_user` WHERE id='1' LIMIT 1  [ RunTime:0.000202s ]
[ 2011-03-12T16:27:32+08:00 ] SQL: SELECT COUNT(*) AS tp_count FROM `fl_topic` WHERE status=1 and rootid=354 and (type='comment' or type='transmit') LIMIT 1  [ RunTime:0.000226s ]
[ 2011-03-12T16:27:32+08:00 ] SQL: SELECT COUNT(*) AS tp_count FROM `fl_topic` WHERE status=1 and rootid=361 and (type='comment' or type='transmit') LIMIT 1  [ RunTime:0.000220s ]
[ 2011-03-12T16:27:32+08:00 ] SQL: SELECT nickname,homepage,avatar FROM `fl_user` WHERE id='1' LIMIT 1  [ RunTime:0.000217s ]
[ 2011-03-12T16:27:32+08:00 ] SQL: SELECT * FROM `fl_topic` WHERE id='339' LIMIT 1  [ RunTime:0.000215s ]
[ 2011-03-12T16:27:32+08:00 ] SQL: SELECT nickname,homepage FROM `fl_user` WHERE id='1' LIMIT 1  [ RunTime:0.000203s ]
[ 2011-03-12T16:27:32+08:00 ] SQL: SELECT COUNT(*) AS tp_count FROM `fl_topic` WHERE status=1 and rootid=339 and (type='comment' or type='transmit') LIMIT 1  [ RunTime:0.000217s ]
[ 2011-03-12T16:27:32+08:00 ] SQL: SELECT COUNT(*) AS tp_count FROM `fl_topic` WHERE status=1 and rootid=360 and (type='comment' or type='transmit') LIMIT 1  [ RunTime:0.000240s ]
[ 2011-03-12T16:27:32+08:00 ] SQL: SELECT nickname,homepage,avatar FROM `fl_user` WHERE id='1' LIMIT 1  [ RunTime:0.000213s ]
[ 2011-03-12T16:27:32+08:00 ] SQL: SELECT * FROM `fl_topic` WHERE id='339' LIMIT 1  [ RunTime:0.000228s ]
[ 2011-03-12T16:27:32+08:00 ] SQL: SELECT nickname,homepage FROM `fl_user` WHERE id='1' LIMIT 1  [ RunTime:0.000198s ]
[ 2011-03-12T16:27:32+08:00 ] SQL: SELECT COUNT(*) AS tp_count FROM `fl_topic` WHERE status=1 and rootid=339 and (type='comment' or type='transmit') LIMIT 1  [ RunTime:0.000240s ]
[ 2011-03-12T16:27:32+08:00 ] SQL: SELECT COUNT(*) AS tp_count FROM `fl_topic` WHERE status=1 and rootid=358 and (type='comment' or type='transmit') LIMIT 1  [ RunTime:0.000204s ]
[ 2011-03-12T16:27:32+08:00 ] SQL: SELECT nickname,homepage,avatar FROM `fl_user` WHERE id='1' LIMIT 1  [ RunTime:0.000342s ]
[ 2011-03-12T16:27:32+08:00 ] SQL: SHOW COLUMNS FROM fl_image [ RunTime:0.055440s ]
[ 2011-03-12T16:27:32+08:00 ] SQL: SELECT * FROM `fl_image` WHERE id='31' LIMIT 1  [ RunTime:0.043107s ]
[ 2011-03-12T16:27:32+08:00 ] SQL: SELECT COUNT(*) AS tp_count FROM `fl_topic` WHERE status=1 and rootid=357 and (type='comment' or type='transmit') LIMIT 1  [ RunTime:0.000281s ]
[ 2011-03-12T16:27:32+08:00 ] SQL: SELECT nickname,homepage,avatar FROM `fl_user` WHERE id='1' LIMIT 1  [ RunTime:0.000225s ]
[ 2011-03-12T16:27:32+08:00 ] SQL: SELECT * FROM `fl_topic` WHERE id='354' LIMIT 1  [ RunTime:0.000246s ]
[ 2011-03-12T16:27:32+08:00 ] SQL: SELECT nickname,homepage FROM `fl_user` WHERE id='1' LIMIT 1  [ RunTime:0.000215s ]
[ 2011-03-12T16:27:32+08:00 ] SQL: SELECT COUNT(*) AS tp_count FROM `fl_topic` WHERE status=1 and rootid=354 and (type='comment' or type='transmit') LIMIT 1  [ RunTime:0.000209s ]
[ 2011-03-12T16:27:32+08:00 ] SQL: SELECT COUNT(*) AS tp_count FROM `fl_topic` WHERE status=1 and rootid=356 and (type='comment' or type='transmit') LIMIT 1  [ RunTime:0.000249s ]
[ 2011-03-12T16:27:32+08:00 ] SQL: SELECT nickname,homepage,avatar FROM `fl_user` WHERE id='1' LIMIT 1  [ RunTime:0.000217s ]
[ 2011-03-12T16:27:32+08:00 ] SQL: SELECT * FROM `fl_topic` WHERE id='354' LIMIT 1  [ RunTime:0.000237s ]
[ 2011-03-12T16:27:32+08:00 ] SQL: SELECT nickname,homepage FROM `fl_user` WHERE id='1' LIMIT 1  [ RunTime:0.000209s ]
[ 2011-03-12T16:27:32+08:00 ] SQL: SELECT COUNT(*) AS tp_count FROM `fl_topic` WHERE status=1 and rootid=354 and (type='comment' or type='transmit') LIMIT 1  [ RunTime:0.000234s ]
[ 2011-03-12T16:27:32+08:00 ] SQL: SELECT COUNT(*) AS tp_count FROM `fl_topic` WHERE status=1 and rootid=354 and (type='comment' or type='transmit') LIMIT 1  [ RunTime:0.000201s ]
[ 2011-03-12T16:27:32+08:00 ] SQL: SELECT nickname,homepage,avatar FROM `fl_user` WHERE id='1' LIMIT 1  [ RunTime:0.000265s ]
[ 2011-03-12T16:27:32+08:00 ] SQL: SELECT COUNT(*) AS tp_count FROM `fl_topic` WHERE status=1 and rootid=353 and (type='comment' or type='transmit') LIMIT 1  [ RunTime:0.000212s ]
[ 2011-03-12T16:27:32+08:00 ] SQL: SELECT nickname,homepage,avatar FROM `fl_user` WHERE id='1' LIMIT 1  [ RunTime:0.000214s ]
[ 2011-03-12T16:27:32+08:00 ] SQL: SELECT * FROM `fl_topic` WHERE id='337' LIMIT 1  [ RunTime:0.001135s ]
[ 2011-03-12T16:27:32+08:00 ] SQL: SELECT nickname,homepage FROM `fl_user` WHERE id='1' LIMIT 1  [ RunTime:0.000432s ]
[ 2011-03-12T16:27:32+08:00 ] SQL: SELECT COUNT(*) AS tp_count FROM `fl_topic` WHERE status=1 and rootid=337 and (type='comment' or type='transmit') LIMIT 1  [ RunTime:0.000380s ]
[ 2011-03-12T16:27:32+08:00 ] SQL: SELECT COUNT(*) AS tp_count FROM `fl_topic` WHERE status=1 and rootid=352 and (type='comment' or type='transmit') LIMIT 1  [ RunTime:0.000329s ]
[ 2011-03-12T16:27:32+08:00 ] SQL: SELECT nickname,homepage,avatar FROM `fl_user` WHERE id='1' LIMIT 1  [ RunTime:0.000643s ]
[ 2011-03-12T16:27:32+08:00 ] SQL: SELECT * FROM `fl_topic` WHERE id='337' LIMIT 1  [ RunTime:0.000345s ]
[ 2011-03-12T16:27:32+08:00 ] SQL: SELECT nickname,homepage FROM `fl_user` WHERE id='1' LIMIT 1  [ RunTime:0.000207s ]
[ 2011-03-12T16:27:32+08:00 ] SQL: SELECT COUNT(*) AS tp_count FROM `fl_topic` WHERE status=1 and rootid=337 and (type='comment' or type='transmit') LIMIT 1  [ RunTime:0.000243s ]
[ 2011-03-12T16:27:32+08:00 ] SQL: SELECT COUNT(*) AS tp_count FROM `fl_topic` WHERE status=1 and rootid=351 and (type='comment' or type='transmit') LIMIT 1  [ RunTime:0.000217s ]
[ 2011-03-12T16:27:32+08:00 ] SQL: SELECT nickname,homepage,avatar FROM `fl_user` WHERE id='1' LIMIT 1  [ RunTime:0.000214s ]
[ 2011-03-12T16:27:32+08:00 ] SQL: SELECT * FROM `fl_topic` WHERE id='348' LIMIT 1  [ RunTime:0.000211s ]
[ 2011-03-12T16:27:32+08:00 ] SQL: SELECT nickname,homepage FROM `fl_user` WHERE id='1' LIMIT 1  [ RunTime:0.000238s ]
[ 2011-03-12T16:27:32+08:00 ] SQL: SELECT COUNT(*) AS tp_count FROM `fl_topic` WHERE status=1 and rootid=348 and (type='comment' or type='transmit') LIMIT 1  [ RunTime:0.000212s ]
[ 2011-03-12T16:27:32+08:00 ] SQL: SELECT COUNT(*) AS tp_count FROM `fl_topic` WHERE status=1 and rootid=350 and (type='comment' or type='transmit') LIMIT 1  [ RunTime:0.000196s ]
[ 2011-03-12T16:27:32+08:00 ] SQL: SELECT nickname,homepage,avatar FROM `fl_user` WHERE id='1' LIMIT 1  [ RunTime:0.000420s ]
[ 2011-03-12T16:27:32+08:00 ] SQL: SELECT * FROM `fl_topic` WHERE id='175' LIMIT 1  [ RunTime:0.000257s ]
[ 2011-03-12T16:27:32+08:00 ] SQL: SELECT nickname,homepage FROM `fl_user` WHERE id='1' LIMIT 1  [ RunTime:0.000207s ]
[ 2011-03-12T16:27:32+08:00 ] SQL: SELECT COUNT(*) AS tp_count FROM `fl_topic` WHERE status=1 and rootid=175 and (type='comment' or type='transmit') LIMIT 1  [ RunTime:0.000251s ]
[ 2011-03-12T16:27:32+08:00 ] SQL: SELECT COUNT(*) AS tp_count FROM `fl_topic` WHERE status=1 and rootid=348 and (type='comment' or type='transmit') LIMIT 1  [ RunTime:0.000259s ]
[ 2011-03-12T16:27:32+08:00 ] SQL: SELECT nickname,homepage,avatar FROM `fl_user` WHERE id='1' LIMIT 1  [ RunTime:0.000224s ]
