[ 2011-02-23T11:28:09+08:00 ] SQL: SHOW COLUMNS FROM fl_user [ RunTime:0.013428s ]
[ 2011-02-23T11:28:09+08:00 ] SQL: SHOW COLUMNS FROM fl_user [ RunTime:0.042372s ]
[ 2011-02-23T11:28:09+08:00 ] SQL: SELECT * FROM `fl_user` WHERE userid='admin' LIMIT 1  [ RunTime:0.038002s ]
[ 2011-02-23T11:28:09+08:00 ] SQL: SHOW COLUMNS FROM fl_tag [ RunTime:0.050201s ]
[ 2011-02-23T11:28:09+08:00 ] SQL: SHOW COLUMNS FROM fl_tag [ RunTime:0.039907s ]
[ 2011-02-23T11:28:09+08:00 ] SQL: SHOW COLUMNS FROM fl_topic [ RunTime:0.027445s ]
[ 2011-02-23T11:28:09+08:00 ] SQL: SHOW COLUMNS FROM fl_topic [ RunTime:0.038311s ]
[ 2011-02-23T11:28:10+08:00 ] SQL: SHOW COLUMNS FROM fl_user [ RunTime:0.041999s ]
[ 2011-02-23T11:28:10+08:00 ] SQL: SELECT Tag.id AS id,Tag.tagname AS tagname,COUNT(Topic.id) AS count FROM fl_tag Tag  JOIN fl_topic Topic ON Tag.id=Topic.tagid  JOIN fl_user User ON Topic.uid=User.id WHERE Topic.status=1 GROUP BY Tag.id ORDER BY Count desc LIMIT 8  [ RunTime:0.068200s ]
[ 2011-02-23T11:28:10+08:00 ] SQL: SHOW COLUMNS FROM fl_news [ RunTime:0.037184s ]
[ 2011-02-23T11:28:10+08:00 ] SQL: SHOW COLUMNS FROM fl_news [ RunTime:0.037818s ]
[ 2011-02-23T11:28:10+08:00 ] SQL: SELECT * FROM `fl_news` ORDER BY id desc LIMIT 6  [ RunTime:0.026187s ]
[ 2011-02-23T11:28:10+08:00 ] SQL: SELECT * FROM `fl_user` WHERE userid='admin' LIMIT 1  [ RunTime:0.000396s ]
[ 2011-02-23T11:28:10+08:00 ] SQL: SELECT * FROM `fl_user` WHERE id='1' LIMIT 1  [ RunTime:0.000468s ]
[ 2011-02-23T11:28:10+08:00 ] SQL: SHOW COLUMNS FROM fl_follow [ RunTime:0.012719s ]
[ 2011-02-23T11:28:10+08:00 ] SQL: SELECT COUNT(*) AS tp_count FROM `fl_follow` WHERE objuid=1 LIMIT 1  [ RunTime:0.025988s ]
[ 2011-02-23T11:28:10+08:00 ] SQL: SELECT COUNT(*) AS tp_count FROM `fl_follow` WHERE uid=1 LIMIT 1  [ RunTime:0.000581s ]
[ 2011-02-23T11:28:10+08:00 ] SQL: SELECT COUNT(*) AS tp_count FROM `fl_topic` WHERE uid=1 and status=1 and (type="first" or type="transmit") LIMIT 1  [ RunTime:0.002706s ]
[ 2011-02-23T11:28:10+08:00 ] SQL: SHOW COLUMNS FROM fl_style [ RunTime:0.085967s ]
[ 2011-02-23T11:28:10+08:00 ] SQL: SELECT * FROM `fl_style` WHERE id=4 LIMIT 1  [ RunTime:0.025788s ]
[ 2011-02-23T11:28:10+08:00 ] SQL: SELECT * FROM `fl_user` WHERE userid='admin' LIMIT 1  [ RunTime:0.000816s ]
[ 2011-02-23T11:28:10+08:00 ] SQL: SELECT * FROM `fl_follow` WHERE uid=1 [ RunTime:0.000430s ]
[ 2011-02-23T11:28:10+08:00 ] SQL: SELECT COUNT(*) AS tp_count FROM `fl_topic` WHERE  instr('2,4,6,1',uid) and status=1 and (type='first' or type='transmit') LIMIT 1  [ RunTime:0.000238s ]
[ 2011-02-23T11:28:10+08:00 ] SQL: SELECT * FROM `fl_topic` WHERE  instr('2,4,6,1',uid) and status=1 and (type='first' or type='transmit') ORDER BY id desc LIMIT 0,20  [ RunTime:0.000812s ]
[ 2011-02-23T11:28:10+08:00 ] SQL: SELECT COUNT(*) AS tp_count FROM `fl_topic` WHERE rootid=302 LIMIT 1  [ RunTime:0.000618s ]
[ 2011-02-23T11:28:10+08:00 ] SQL: SELECT nickname,homepage,avatar FROM `fl_user` WHERE id='1' LIMIT 1  [ RunTime:0.000415s ]
[ 2011-02-23T11:28:10+08:00 ] SQL: SELECT COUNT(*) AS tp_count FROM `fl_topic` WHERE rootid=301 LIMIT 1  [ RunTime:0.000600s ]
[ 2011-02-23T11:28:10+08:00 ] SQL: SELECT nickname,homepage,avatar FROM `fl_user` WHERE id='1' LIMIT 1  [ RunTime:0.000272s ]
[ 2011-02-23T11:28:10+08:00 ] SQL: SELECT COUNT(*) AS tp_count FROM `fl_topic` WHERE rootid=300 LIMIT 1  [ RunTime:0.000539s ]
[ 2011-02-23T11:28:10+08:00 ] SQL: SELECT nickname,homepage,avatar FROM `fl_user` WHERE id='1' LIMIT 1  [ RunTime:0.000253s ]
[ 2011-02-23T11:28:10+08:00 ] SQL: SELECT COUNT(*) AS tp_count FROM `fl_topic` WHERE rootid=299 LIMIT 1  [ RunTime:0.000546s ]
[ 2011-02-23T11:28:10+08:00 ] SQL: SELECT nickname,homepage,avatar FROM `fl_user` WHERE id='1' LIMIT 1  [ RunTime:0.000265s ]
[ 2011-02-23T11:28:10+08:00 ] SQL: SELECT COUNT(*) AS tp_count FROM `fl_topic` WHERE rootid=298 LIMIT 1  [ RunTime:0.000554s ]
[ 2011-02-23T11:28:10+08:00 ] SQL: SELECT nickname,homepage,avatar FROM `fl_user` WHERE id='1' LIMIT 1  [ RunTime:0.000255s ]
[ 2011-02-23T11:28:10+08:00 ] SQL: SELECT COUNT(*) AS tp_count FROM `fl_topic` WHERE rootid=297 LIMIT 1  [ RunTime:0.000668s ]
[ 2011-02-23T11:28:10+08:00 ] SQL: SELECT nickname,homepage,avatar FROM `fl_user` WHERE id='1' LIMIT 1  [ RunTime:0.000319s ]
[ 2011-02-23T11:28:10+08:00 ] SQL: SELECT COUNT(*) AS tp_count FROM `fl_topic` WHERE rootid=296 LIMIT 1  [ RunTime:0.000686s ]
[ 2011-02-23T11:28:10+08:00 ] SQL: SELECT nickname,homepage,avatar FROM `fl_user` WHERE id='1' LIMIT 1  [ RunTime:0.000280s ]
[ 2011-02-23T11:28:10+08:00 ] SQL: SELECT COUNT(*) AS tp_count FROM `fl_topic` WHERE rootid=295 LIMIT 1  [ RunTime:0.000574s ]
[ 2011-02-23T11:28:10+08:00 ] SQL: SELECT nickname,homepage,avatar FROM `fl_user` WHERE id='2' LIMIT 1  [ RunTime:0.000415s ]
[ 2011-02-23T11:28:10+08:00 ] SQL: SHOW COLUMNS FROM fl_image [ RunTime:0.047676s ]
[ 2011-02-23T11:28:10+08:00 ] SQL: SELECT * FROM `fl_image` WHERE id='30' LIMIT 1  [ RunTime:0.036701s ]
[ 2011-02-23T11:28:10+08:00 ] SQL: SELECT COUNT(*) AS tp_count FROM `fl_topic` WHERE rootid=293 LIMIT 1  [ RunTime:0.000742s ]
[ 2011-02-23T11:28:10+08:00 ] SQL: SELECT nickname,homepage,avatar FROM `fl_user` WHERE id='2' LIMIT 1  [ RunTime:0.000286s ]
[ 2011-02-23T11:28:10+08:00 ] SQL: SELECT COUNT(*) AS tp_count FROM `fl_topic` WHERE rootid=292 LIMIT 1  [ RunTime:0.000584s ]
[ 2011-02-23T11:28:10+08:00 ] SQL: SELECT nickname,homepage,avatar FROM `fl_user` WHERE id='2' LIMIT 1  [ RunTime:0.000298s ]
[ 2011-02-23T11:28:10+08:00 ] SQL: SELECT COUNT(*) AS tp_count FROM `fl_topic` WHERE rootid=291 LIMIT 1  [ RunTime:0.000563s ]
[ 2011-02-23T11:28:10+08:00 ] SQL: SELECT nickname,homepage,avatar FROM `fl_user` WHERE id='2' LIMIT 1  [ RunTime:0.000267s ]
[ 2011-02-23T11:28:10+08:00 ] SQL: SELECT * FROM `fl_image` WHERE id='29' LIMIT 1  [ RunTime:0.000379s ]
[ 2011-02-23T11:28:10+08:00 ] SQL: SELECT COUNT(*) AS tp_count FROM `fl_topic` WHERE rootid=290 LIMIT 1  [ RunTime:0.000600s ]
[ 2011-02-23T11:28:10+08:00 ] SQL: SELECT nickname,homepage,avatar FROM `fl_user` WHERE id='2' LIMIT 1  [ RunTime:0.000298s ]
[ 2011-02-23T11:28:10+08:00 ] SQL: SELECT COUNT(*) AS tp_count FROM `fl_topic` WHERE rootid=289 LIMIT 1  [ RunTime:0.000573s ]
[ 2011-02-23T11:28:10+08:00 ] SQL: SELECT nickname,homepage,avatar FROM `fl_user` WHERE id='2' LIMIT 1  [ RunTime:0.000259s ]
[ 2011-02-23T11:28:10+08:00 ] SQL: SELECT COUNT(*) AS tp_count FROM `fl_topic` WHERE rootid=288 LIMIT 1  [ RunTime:0.000551s ]
[ 2011-02-23T11:28:10+08:00 ] SQL: SELECT nickname,homepage,avatar FROM `fl_user` WHERE id='1' LIMIT 1  [ RunTime:0.000273s ]
[ 2011-02-23T11:28:10+08:00 ] SQL: SELECT * FROM `fl_image` WHERE id='28' LIMIT 1  [ RunTime:0.000371s ]
[ 2011-02-23T11:28:10+08:00 ] SQL: SELECT COUNT(*) AS tp_count FROM `fl_topic` WHERE rootid=286 LIMIT 1  [ RunTime:0.000593s ]
[ 2011-02-23T11:28:10+08:00 ] SQL: SELECT nickname,homepage,avatar FROM `fl_user` WHERE id='1' LIMIT 1  [ RunTime:0.000306s ]
[ 2011-02-23T11:28:10+08:00 ] SQL: SELECT COUNT(*) AS tp_count FROM `fl_topic` WHERE rootid=285 LIMIT 1  [ RunTime:0.001063s ]
[ 2011-02-23T11:28:10+08:00 ] SQL: SELECT nickname,homepage,avatar FROM `fl_user` WHERE id='1' LIMIT 1  [ RunTime:0.000390s ]
[ 2011-02-23T11:28:10+08:00 ] SQL: SELECT COUNT(*) AS tp_count FROM `fl_topic` WHERE rootid=284 LIMIT 1  [ RunTime:0.000654s ]
[ 2011-02-23T11:28:10+08:00 ] SQL: SELECT nickname,homepage,avatar FROM `fl_user` WHERE id='1' LIMIT 1  [ RunTime:0.000292s ]
[ 2011-02-23T11:28:10+08:00 ] SQL: SELECT COUNT(*) AS tp_count FROM `fl_topic` WHERE rootid=283 LIMIT 1  [ RunTime:0.000587s ]
[ 2011-02-23T11:28:10+08:00 ] SQL: SELECT nickname,homepage,avatar FROM `fl_user` WHERE id='1' LIMIT 1  [ RunTime:0.000285s ]
[ 2011-02-23T11:28:10+08:00 ] SQL: SELECT COUNT(*) AS tp_count FROM `fl_topic` WHERE rootid=282 LIMIT 1  [ RunTime:0.000563s ]
[ 2011-02-23T11:28:10+08:00 ] SQL: SELECT nickname,homepage,avatar FROM `fl_user` WHERE id='1' LIMIT 1  [ RunTime:0.000262s ]
[ 2011-02-23T11:28:10+08:00 ] SQL: SELECT COUNT(*) AS tp_count FROM `fl_topic` WHERE rootid=281 LIMIT 1  [ RunTime:0.000557s ]
[ 2011-02-23T11:28:10+08:00 ] SQL: SELECT nickname,homepage,avatar FROM `fl_user` WHERE id='1' LIMIT 1  [ RunTime:0.000255s ]
[ 2011-02-23T16:15:55+08:00 ] SQL: SHOW COLUMNS FROM fl_topic [ RunTime:0.088543s ]
[ 2011-02-23T16:15:55+08:00 ] SQL: SELECT * FROM `fl_topic` WHERE status=1 and type="first" ORDER BY id desc LIMIT 6  [ RunTime:0.190022s ]
[ 2011-02-23T16:15:56+08:00 ] SQL: SHOW COLUMNS FROM fl_user [ RunTime:0.061483s ]
[ 2011-02-23T16:15:56+08:00 ] SQL: SHOW COLUMNS FROM fl_user [ RunTime:0.104808s ]
[ 2011-02-23T16:15:56+08:00 ] SQL: SELECT nickname,homepage,avatar FROM `fl_user` WHERE id='1' LIMIT 1  [ RunTime:0.059495s ]
[ 2011-02-23T16:15:56+08:00 ] SQL: SELECT nickname,homepage,avatar FROM `fl_user` WHERE id='1' LIMIT 1  [ RunTime:0.000354s ]
[ 2011-02-23T16:15:56+08:00 ] SQL: SELECT nickname,homepage,avatar FROM `fl_user` WHERE id='1' LIMIT 1  [ RunTime:0.000420s ]
[ 2011-02-23T16:15:56+08:00 ] SQL: SELECT nickname,homepage,avatar FROM `fl_user` WHERE id='1' LIMIT 1  [ RunTime:0.000304s ]
[ 2011-02-23T16:15:56+08:00 ] SQL: SELECT nickname,homepage,avatar FROM `fl_user` WHERE id='1' LIMIT 1  [ RunTime:0.000317s ]
[ 2011-02-23T16:15:56+08:00 ] SQL: SELECT nickname,homepage,avatar FROM `fl_user` WHERE id='1' LIMIT 1  [ RunTime:0.000301s ]
[ 2011-02-23T16:17:05+08:00 ] SQL: SHOW COLUMNS FROM fl_user [ RunTime:0.028172s ]
[ 2011-02-23T16:17:05+08:00 ] SQL: SELECT * FROM `fl_user` WHERE ( `userid` = 'admin' ) AND ( `password` = '21232f297a57a5a743894a0e4a801fc3' ) LIMIT 1  [ RunTime:0.085083s ]
[ 2011-02-23T16:17:05+08:00 ] SQL: UPDATE `fl_user` SET `login_time`=1298449025,`login_ip`='127.0.0.1' WHERE id=1 [ RunTime:0.044026s ]
[ 2011-02-23T16:17:07+08:00 ] SQL: SHOW COLUMNS FROM fl_tag [ RunTime:0.172668s ]
[ 2011-02-23T16:17:07+08:00 ] SQL: SHOW COLUMNS FROM fl_tag [ RunTime:0.104429s ]
[ 2011-02-23T16:17:07+08:00 ] SQL: SHOW COLUMNS FROM fl_topic [ RunTime:0.053860s ]
[ 2011-02-23T16:17:08+08:00 ] SQL: SHOW COLUMNS FROM fl_topic [ RunTime:0.086760s ]
[ 2011-02-23T16:17:08+08:00 ] SQL: SHOW COLUMNS FROM fl_user [ RunTime:0.097440s ]
[ 2011-02-23T16:17:08+08:00 ] SQL: SHOW COLUMNS FROM fl_user [ RunTime:0.078636s ]
[ 2011-02-23T16:17:08+08:00 ] SQL: SELECT Tag.id AS id,Tag.tagname AS tagname,COUNT(Topic.id) AS count FROM fl_tag Tag  JOIN fl_topic Topic ON Tag.id=Topic.tagid  JOIN fl_user User ON Topic.uid=User.id WHERE Topic.status=1 GROUP BY Tag.id ORDER BY Count desc LIMIT 8  [ RunTime:0.103962s ]
[ 2011-02-23T16:17:08+08:00 ] SQL: SHOW COLUMNS FROM fl_news [ RunTime:0.089973s ]
[ 2011-02-23T16:17:08+08:00 ] SQL: SHOW COLUMNS FROM fl_news [ RunTime:0.093894s ]
[ 2011-02-23T16:17:08+08:00 ] SQL: SELECT * FROM `fl_news` ORDER BY id desc LIMIT 6  [ RunTime:0.052264s ]
[ 2011-02-23T16:17:08+08:00 ] SQL: SELECT * FROM `fl_user` WHERE userid='admin' LIMIT 1  [ RunTime:0.000984s ]
[ 2011-02-23T16:17:08+08:00 ] SQL: SELECT * FROM `fl_user` WHERE id='1' LIMIT 1  [ RunTime:0.001027s ]
[ 2011-02-23T16:17:08+08:00 ] SQL: SHOW COLUMNS FROM fl_follow [ RunTime:0.086035s ]
[ 2011-02-23T16:17:08+08:00 ] SQL: SELECT COUNT(*) AS tp_count FROM `fl_follow` WHERE objuid=1 LIMIT 1  [ RunTime:0.058775s ]
[ 2011-02-23T16:17:08+08:00 ] SQL: SELECT COUNT(*) AS tp_count FROM `fl_follow` WHERE uid=1 LIMIT 1  [ RunTime:0.000410s ]
[ 2011-02-23T16:17:08+08:00 ] SQL: SELECT COUNT(*) AS tp_count FROM `fl_topic` WHERE uid=1 and status=1 and (type="first" or type="transmit") LIMIT 1  [ RunTime:0.000453s ]
[ 2011-02-23T16:17:08+08:00 ] SQL: SHOW COLUMNS FROM fl_style [ RunTime:0.047505s ]
[ 2011-02-23T16:17:08+08:00 ] SQL: SELECT * FROM `fl_style` WHERE id=4 LIMIT 1  [ RunTime:0.048699s ]
[ 2011-02-23T16:17:08+08:00 ] SQL: SELECT * FROM `fl_user` WHERE userid='admin' LIMIT 1  [ RunTime:0.001470s ]
[ 2011-02-23T16:17:08+08:00 ] SQL: SELECT * FROM `fl_follow` WHERE uid=1 [ RunTime:0.000719s ]
[ 2011-02-23T16:17:08+08:00 ] SQL: SELECT COUNT(*) AS tp_count FROM `fl_topic` WHERE  instr('2,4,6,1',uid) and status=1 and (type='first' or type='transmit') LIMIT 1  [ RunTime:0.000664s ]
[ 2011-02-23T16:17:08+08:00 ] SQL: SELECT * FROM `fl_topic` WHERE  instr('2,4,6,1',uid) and status=1 and (type='first' or type='transmit') ORDER BY id desc LIMIT 0,20  [ RunTime:0.000897s ]
[ 2011-02-23T16:17:08+08:00 ] SQL: SHOW COLUMNS FROM fl_user [ RunTime:0.037593s ]
[ 2011-02-23T16:17:09+08:00 ] SQL: SELECT COUNT(*) AS tp_count FROM `fl_topic` WHERE rootid=302 LIMIT 1  [ RunTime:0.061002s ]
[ 2011-02-23T16:17:09+08:00 ] SQL: SELECT nickname,homepage,avatar FROM `fl_user` WHERE id='1' LIMIT 1  [ RunTime:0.000881s ]
[ 2011-02-23T16:17:09+08:00 ] SQL: SELECT COUNT(*) AS tp_count FROM `fl_topic` WHERE rootid=301 LIMIT 1  [ RunTime:0.000494s ]
[ 2011-02-23T16:17:09+08:00 ] SQL: SELECT nickname,homepage,avatar FROM `fl_user` WHERE id='1' LIMIT 1  [ RunTime:0.000391s ]
[ 2011-02-23T16:17:09+08:00 ] SQL: SELECT COUNT(*) AS tp_count FROM `fl_topic` WHERE rootid=300 LIMIT 1  [ RunTime:0.000391s ]
[ 2011-02-23T16:17:09+08:00 ] SQL: SELECT nickname,homepage,avatar FROM `fl_user` WHERE id='1' LIMIT 1  [ RunTime:0.000354s ]
[ 2011-02-23T16:17:09+08:00 ] SQL: SELECT COUNT(*) AS tp_count FROM `fl_topic` WHERE rootid=299 LIMIT 1  [ RunTime:0.000350s ]
[ 2011-02-23T16:17:09+08:00 ] SQL: SELECT nickname,homepage,avatar FROM `fl_user` WHERE id='1' LIMIT 1  [ RunTime:0.000372s ]
[ 2011-02-23T16:17:09+08:00 ] SQL: SELECT COUNT(*) AS tp_count FROM `fl_topic` WHERE rootid=298 LIMIT 1  [ RunTime:0.000507s ]
[ 2011-02-23T16:17:09+08:00 ] SQL: SELECT nickname,homepage,avatar FROM `fl_user` WHERE id='1' LIMIT 1  [ RunTime:0.000358s ]
[ 2011-02-23T16:17:09+08:00 ] SQL: SELECT COUNT(*) AS tp_count FROM `fl_topic` WHERE rootid=297 LIMIT 1  [ RunTime:0.000359s ]
[ 2011-02-23T16:17:09+08:00 ] SQL: SELECT nickname,homepage,avatar FROM `fl_user` WHERE id='1' LIMIT 1  [ RunTime:0.001128s ]
[ 2011-02-23T16:17:09+08:00 ] SQL: SELECT COUNT(*) AS tp_count FROM `fl_topic` WHERE rootid=296 LIMIT 1  [ RunTime:0.000988s ]
[ 2011-02-23T16:17:09+08:00 ] SQL: SELECT nickname,homepage,avatar FROM `fl_user` WHERE id='1' LIMIT 1  [ RunTime:0.000467s ]
[ 2011-02-23T16:17:09+08:00 ] SQL: SELECT COUNT(*) AS tp_count FROM `fl_topic` WHERE rootid=295 LIMIT 1  [ RunTime:0.000360s ]
[ 2011-02-23T16:17:09+08:00 ] SQL: SELECT nickname,homepage,avatar FROM `fl_user` WHERE id='2' LIMIT 1  [ RunTime:0.000627s ]
[ 2011-02-23T16:17:09+08:00 ] SQL: SHOW COLUMNS FROM fl_image [ RunTime:0.071729s ]
[ 2011-02-23T16:17:09+08:00 ] SQL: SELECT * FROM `fl_image` WHERE id='30' LIMIT 1  [ RunTime:0.050893s ]
[ 2011-02-23T16:17:09+08:00 ] SQL: SELECT COUNT(*) AS tp_count FROM `fl_topic` WHERE rootid=293 LIMIT 1  [ RunTime:0.000419s ]
[ 2011-02-23T16:17:09+08:00 ] SQL: SELECT nickname,homepage,avatar FROM `fl_user` WHERE id='2' LIMIT 1  [ RunTime:0.000443s ]
[ 2011-02-23T16:17:09+08:00 ] SQL: SELECT COUNT(*) AS tp_count FROM `fl_topic` WHERE rootid=292 LIMIT 1  [ RunTime:0.000816s ]
[ 2011-02-23T16:17:09+08:00 ] SQL: SELECT nickname,homepage,avatar FROM `fl_user` WHERE id='2' LIMIT 1  [ RunTime:0.000503s ]
[ 2011-02-23T16:17:09+08:00 ] SQL: SELECT COUNT(*) AS tp_count FROM `fl_topic` WHERE rootid=291 LIMIT 1  [ RunTime:0.000471s ]
[ 2011-02-23T16:17:09+08:00 ] SQL: SELECT nickname,homepage,avatar FROM `fl_user` WHERE id='2' LIMIT 1  [ RunTime:0.000527s ]
[ 2011-02-23T16:17:09+08:00 ] SQL: SELECT * FROM `fl_image` WHERE id='29' LIMIT 1  [ RunTime:0.000416s ]
[ 2011-02-23T16:17:09+08:00 ] SQL: SELECT COUNT(*) AS tp_count FROM `fl_topic` WHERE rootid=290 LIMIT 1  [ RunTime:0.000403s ]
[ 2011-02-23T16:17:09+08:00 ] SQL: SELECT nickname,homepage,avatar FROM `fl_user` WHERE id='2' LIMIT 1  [ RunTime:0.000475s ]
[ 2011-02-23T16:17:09+08:00 ] SQL: SELECT COUNT(*) AS tp_count FROM `fl_topic` WHERE rootid=289 LIMIT 1  [ RunTime:0.000373s ]
[ 2011-02-23T16:17:09+08:00 ] SQL: SELECT nickname,homepage,avatar FROM `fl_user` WHERE id='2' LIMIT 1  [ RunTime:0.000338s ]
[ 2011-02-23T16:17:09+08:00 ] SQL: SELECT COUNT(*) AS tp_count FROM `fl_topic` WHERE rootid=288 LIMIT 1  [ RunTime:0.000480s ]
[ 2011-02-23T16:17:09+08:00 ] SQL: SELECT nickname,homepage,avatar FROM `fl_user` WHERE id='1' LIMIT 1  [ RunTime:0.000433s ]
[ 2011-02-23T16:17:09+08:00 ] SQL: SELECT * FROM `fl_image` WHERE id='28' LIMIT 1  [ RunTime:0.000844s ]
[ 2011-02-23T16:17:09+08:00 ] SQL: SELECT COUNT(*) AS tp_count FROM `fl_topic` WHERE rootid=286 LIMIT 1  [ RunTime:0.000457s ]
[ 2011-02-23T16:17:09+08:00 ] SQL: SELECT nickname,homepage,avatar FROM `fl_user` WHERE id='1' LIMIT 1  [ RunTime:0.000345s ]
[ 2011-02-23T16:17:09+08:00 ] SQL: SELECT COUNT(*) AS tp_count FROM `fl_topic` WHERE rootid=285 LIMIT 1  [ RunTime:0.000377s ]
[ 2011-02-23T16:17:09+08:00 ] SQL: SELECT nickname,homepage,avatar FROM `fl_user` WHERE id='1' LIMIT 1  [ RunTime:0.000369s ]
[ 2011-02-23T16:17:09+08:00 ] SQL: SELECT COUNT(*) AS tp_count FROM `fl_topic` WHERE rootid=284 LIMIT 1  [ RunTime:0.000478s ]
[ 2011-02-23T16:17:09+08:00 ] SQL: SELECT nickname,homepage,avatar FROM `fl_user` WHERE id='1' LIMIT 1  [ RunTime:0.000440s ]
[ 2011-02-23T16:17:09+08:00 ] SQL: SELECT COUNT(*) AS tp_count FROM `fl_topic` WHERE rootid=283 LIMIT 1  [ RunTime:0.000578s ]
[ 2011-02-23T16:17:09+08:00 ] SQL: SELECT nickname,homepage,avatar FROM `fl_user` WHERE id='1' LIMIT 1  [ RunTime:0.000435s ]
[ 2011-02-23T16:17:09+08:00 ] SQL: SELECT COUNT(*) AS tp_count FROM `fl_topic` WHERE rootid=282 LIMIT 1  [ RunTime:0.001071s ]
[ 2011-02-23T16:17:09+08:00 ] SQL: SELECT nickname,homepage,avatar FROM `fl_user` WHERE id='1' LIMIT 1  [ RunTime:0.001170s ]
[ 2011-02-23T16:17:09+08:00 ] SQL: SELECT COUNT(*) AS tp_count FROM `fl_topic` WHERE rootid=281 LIMIT 1  [ RunTime:0.000513s ]
[ 2011-02-23T16:17:09+08:00 ] SQL: SELECT nickname,homepage,avatar FROM `fl_user` WHERE id='1' LIMIT 1  [ RunTime:0.000426s ]
[ 2011-02-23T16:18:28+08:00 ] SQL: SHOW COLUMNS FROM fl_tag [ RunTime:0.168187s ]
[ 2011-02-23T16:18:28+08:00 ] SQL: SHOW COLUMNS FROM fl_tag [ RunTime:0.125210s ]
[ 2011-02-23T16:18:28+08:00 ] SQL: SHOW COLUMNS FROM fl_topic [ RunTime:0.121965s ]
[ 2011-02-23T16:18:28+08:00 ] SQL: SHOW COLUMNS FROM fl_topic [ RunTime:0.178558s ]
[ 2011-02-23T16:18:28+08:00 ] SQL: SHOW COLUMNS FROM fl_user [ RunTime:0.098880s ]
[ 2011-02-23T16:18:28+08:00 ] SQL: SHOW COLUMNS FROM fl_user [ RunTime:0.086973s ]
[ 2011-02-23T16:18:28+08:00 ] SQL: SELECT Tag.id AS id,Tag.tagname AS tagname,COUNT(Topic.id) AS count FROM fl_tag Tag  JOIN fl_topic Topic ON Tag.id=Topic.tagid  JOIN fl_user User ON Topic.uid=User.id WHERE Topic.status=1 GROUP BY Tag.id ORDER BY Count desc LIMIT 8  [ RunTime:0.069570s ]
[ 2011-02-23T16:18:28+08:00 ] SQL: SHOW COLUMNS FROM fl_news [ RunTime:0.038328s ]
[ 2011-02-23T16:18:28+08:00 ] SQL: SHOW COLUMNS FROM fl_news [ RunTime:0.092663s ]
[ 2011-02-23T16:18:29+08:00 ] SQL: SELECT * FROM `fl_news` ORDER BY id desc LIMIT 6  [ RunTime:0.067645s ]
[ 2011-02-23T16:18:29+08:00 ] SQL: SELECT * FROM `fl_user` WHERE userid='admin' LIMIT 1  [ RunTime:0.000661s ]
[ 2011-02-23T16:18:29+08:00 ] SQL: SELECT * FROM `fl_user` WHERE id='1' LIMIT 1  [ RunTime:0.000671s ]
[ 2011-02-23T16:18:29+08:00 ] SQL: SHOW COLUMNS FROM fl_follow [ RunTime:0.032535s ]
[ 2011-02-23T16:18:29+08:00 ] SQL: SELECT COUNT(*) AS tp_count FROM `fl_follow` WHERE objuid=1 LIMIT 1  [ RunTime:0.055580s ]
[ 2011-02-23T16:18:29+08:00 ] SQL: SELECT COUNT(*) AS tp_count FROM `fl_follow` WHERE uid=1 LIMIT 1  [ RunTime:0.000481s ]
[ 2011-02-23T16:18:29+08:00 ] SQL: SELECT COUNT(*) AS tp_count FROM `fl_topic` WHERE uid=1 and status=1 and (type="first" or type="transmit") LIMIT 1  [ RunTime:0.000539s ]
[ 2011-02-23T16:18:29+08:00 ] SQL: SHOW COLUMNS FROM fl_style [ RunTime:0.025812s ]
[ 2011-02-23T16:18:29+08:00 ] SQL: SELECT * FROM `fl_style` WHERE id=4 LIMIT 1  [ RunTime:0.054334s ]
[ 2011-02-23T16:18:29+08:00 ] SQL: SELECT * FROM `fl_user` WHERE userid='admin' LIMIT 1  [ RunTime:0.001327s ]
[ 2011-02-23T16:18:29+08:00 ] SQL: SELECT * FROM `fl_user` WHERE id='1' LIMIT 1  [ RunTime:0.001480s ]
[ 2011-02-23T16:18:29+08:00 ] SQL: SELECT * FROM `fl_user` WHERE userid='admin' LIMIT 1  [ RunTime:0.001973s ]
[ 2011-02-23T16:18:29+08:00 ] NOTIC: [8] Undefined index:  tid AjaxAction.class.php 第 66 行.
[ 2011-02-23T16:18:29+08:00 ] SQL: INSERT INTO `fl_topic` (`imgid`,`content`,`uid`,`create_time`,`rootid`,`tagid`,`status`) VALUES (0,'Rrrrrr','1',1298449109,0,0,1) [ RunTime:0.016829s ]
[ 2011-02-23T16:18:29+08:00 ] SQL: SHOW COLUMNS FROM fl_mention [ RunTime:0.075057s ]
[ 2011-02-23T16:18:29+08:00 ] SQL: SHOW COLUMNS FROM fl_user [ RunTime:0.082211s ]
[ 2011-02-23T16:18:29+08:00 ] SQL: SELECT nickname,homepage FROM `fl_user` WHERE id='1' LIMIT 1  [ RunTime:0.062798s ]
[ 2011-02-23T16:18:29+08:00 ] NOTIC: [8] Undefined index:  from AjaxAction.class.php 第 177 行.
[ 2011-02-23T16:24:09+08:00 ] SQL: SHOW COLUMNS FROM fl_tag [ RunTime:0.065867s ]
[ 2011-02-23T16:24:09+08:00 ] SQL: SHOW COLUMNS FROM fl_tag [ RunTime:0.043703s ]
[ 2011-02-23T16:24:09+08:00 ] SQL: SHOW COLUMNS FROM fl_topic [ RunTime:0.054544s ]
[ 2011-02-23T16:24:09+08:00 ] SQL: SHOW COLUMNS FROM fl_topic [ RunTime:0.043547s ]
[ 2011-02-23T16:24:09+08:00 ] SQL: SHOW COLUMNS FROM fl_user [ RunTime:0.054726s ]
[ 2011-02-23T16:24:09+08:00 ] SQL: SHOW COLUMNS FROM fl_user [ RunTime:0.048428s ]
[ 2011-02-23T16:24:09+08:00 ] SQL: SELECT Tag.id AS id,Tag.tagname AS tagname,COUNT(Topic.id) AS count FROM fl_tag Tag  JOIN fl_topic Topic ON Tag.id=Topic.tagid  JOIN fl_user User ON Topic.uid=User.id WHERE Topic.status=1 GROUP BY Tag.id ORDER BY Count desc LIMIT 8  [ RunTime:0.053643s ]
[ 2011-02-23T16:24:09+08:00 ] SQL: SHOW COLUMNS FROM fl_news [ RunTime:0.017252s ]
[ 2011-02-23T16:24:09+08:00 ] SQL: SHOW COLUMNS FROM fl_news [ RunTime:0.049767s ]
[ 2011-02-23T16:24:09+08:00 ] SQL: SELECT * FROM `fl_news` ORDER BY id desc LIMIT 6  [ RunTime:0.034069s ]
[ 2011-02-23T16:24:09+08:00 ] SQL: SELECT * FROM `fl_user` WHERE userid='admin' LIMIT 1  [ RunTime:0.000340s ]
[ 2011-02-23T16:24:09+08:00 ] SQL: SELECT * FROM `fl_user` WHERE id='1' LIMIT 1  [ RunTime:0.000271s ]
[ 2011-02-23T16:24:09+08:00 ] SQL: SHOW COLUMNS FROM fl_follow [ RunTime:0.014680s ]
[ 2011-02-23T16:24:09+08:00 ] SQL: SELECT COUNT(*) AS tp_count FROM `fl_follow` WHERE objuid=1 LIMIT 1  [ RunTime:0.030599s ]
[ 2011-02-23T16:24:09+08:00 ] SQL: SELECT COUNT(*) AS tp_count FROM `fl_follow` WHERE uid=1 LIMIT 1  [ RunTime:0.001751s ]
[ 2011-02-23T16:24:09+08:00 ] SQL: SELECT COUNT(*) AS tp_count FROM `fl_topic` WHERE uid=1 and status=1 and (type="first" or type="transmit") LIMIT 1  [ RunTime:0.049368s ]
[ 2011-02-23T16:24:09+08:00 ] SQL: SHOW COLUMNS FROM fl_style [ RunTime:0.014296s ]
[ 2011-02-23T16:24:09+08:00 ] SQL: SELECT * FROM `fl_style` WHERE id=4 LIMIT 1  [ RunTime:0.036686s ]
[ 2011-02-23T16:24:09+08:00 ] SQL: SELECT COUNT(*) AS tp_count FROM `fl_style` LIMIT 1  [ RunTime:0.017705s ]
[ 2011-02-23T16:24:09+08:00 ] SQL: SELECT * FROM `fl_style` LIMIT 0,20  [ RunTime:0.000371s ]
[ 2011-02-23T16:25:30+08:00 ] SQL: SHOW COLUMNS FROM fl_tag [ RunTime:0.468300s ]
[ 2011-02-23T16:25:31+08:00 ] SQL: SHOW COLUMNS FROM fl_tag [ RunTime:0.229155s ]
[ 2011-02-23T16:25:31+08:00 ] SQL: SHOW COLUMNS FROM fl_topic [ RunTime:0.063525s ]
[ 2011-02-23T16:25:31+08:00 ] SQL: SHOW COLUMNS FROM fl_topic [ RunTime:0.239878s ]
[ 2011-02-23T16:25:31+08:00 ] SQL: SHOW COLUMNS FROM fl_user [ RunTime:0.262230s ]
[ 2011-02-23T16:25:31+08:00 ] SQL: SHOW COLUMNS FROM fl_user [ RunTime:0.091578s ]
[ 2011-02-23T16:25:32+08:00 ] SQL: SELECT Tag.id AS id,Tag.tagname AS tagname,COUNT(Topic.id) AS count FROM fl_tag Tag  JOIN fl_topic Topic ON Tag.id=Topic.tagid  JOIN fl_user User ON Topic.uid=User.id WHERE Topic.status=1 GROUP BY Tag.id ORDER BY Count desc LIMIT 8  [ RunTime:0.451762s ]
[ 2011-02-23T16:25:32+08:00 ] SQL: SHOW COLUMNS FROM fl_news [ RunTime:0.220734s ]
[ 2011-02-23T16:25:32+08:00 ] SQL: SHOW COLUMNS FROM fl_news [ RunTime:0.142638s ]
[ 2011-02-23T16:25:32+08:00 ] SQL: SELECT * FROM `fl_news` ORDER BY id desc LIMIT 6  [ RunTime:0.050711s ]
[ 2011-02-23T16:25:32+08:00 ] SQL: SELECT * FROM `fl_user` WHERE userid='admin' LIMIT 1  [ RunTime:0.001320s ]
[ 2011-02-23T16:25:32+08:00 ] SQL: SELECT * FROM `fl_user` WHERE id='1' LIMIT 1  [ RunTime:0.000748s ]
[ 2011-02-23T16:25:32+08:00 ] SQL: SHOW COLUMNS FROM fl_follow [ RunTime:0.044287s ]
[ 2011-02-23T16:25:32+08:00 ] SQL: SELECT COUNT(*) AS tp_count FROM `fl_follow` WHERE objuid=1 LIMIT 1  [ RunTime:0.070540s ]
[ 2011-02-23T16:25:32+08:00 ] SQL: SELECT COUNT(*) AS tp_count FROM `fl_follow` WHERE uid=1 LIMIT 1  [ RunTime:0.000718s ]
[ 2011-02-23T16:25:32+08:00 ] SQL: SELECT COUNT(*) AS tp_count FROM `fl_topic` WHERE uid=1 and status=1 and (type="first" or type="transmit") LIMIT 1  [ RunTime:0.000865s ]
[ 2011-02-23T16:25:32+08:00 ] SQL: SHOW COLUMNS FROM fl_style [ RunTime:0.024613s ]
[ 2011-02-23T16:25:33+08:00 ] SQL: SELECT * FROM `fl_style` WHERE id=4 LIMIT 1  [ RunTime:0.238324s ]
[ 2011-02-23T16:25:33+08:00 ] SQL: SELECT * FROM `fl_style` WHERE id = 6 LIMIT 1  [ RunTime:0.000915s ]
[ 2011-02-23T16:25:33+08:00 ] SQL: SHOW COLUMNS FROM fl_user [ RunTime:0.092916s ]
[ 2011-02-23T16:25:33+08:00 ] SQL: SELECT * FROM `fl_user` WHERE userid='admin' LIMIT 1  [ RunTime:0.063031s ]
[ 2011-02-23T16:25:33+08:00 ] SQL: UPDATE `fl_user` SET `styleid`='6' WHERE id=1 [ RunTime:0.001299s ]
[ 2011-02-23T16:25:51+08:00 ] SQL: SHOW COLUMNS FROM fl_tag [ RunTime:0.109950s ]
[ 2011-02-23T16:25:51+08:00 ] SQL: SHOW COLUMNS FROM fl_tag [ RunTime:0.073924s ]
[ 2011-02-23T16:25:51+08:00 ] SQL: SHOW COLUMNS FROM fl_topic [ RunTime:0.082260s ]
[ 2011-02-23T16:25:51+08:00 ] SQL: SHOW COLUMNS FROM fl_topic [ RunTime:0.073584s ]
[ 2011-02-23T16:25:51+08:00 ] SQL: SHOW COLUMNS FROM fl_user [ RunTime:0.074745s ]
[ 2011-02-23T16:25:51+08:00 ] SQL: SHOW COLUMNS FROM fl_user [ RunTime:0.084823s ]
[ 2011-02-23T16:25:51+08:00 ] SQL: SELECT Tag.id AS id,Tag.tagname AS tagname,COUNT(Topic.id) AS count FROM fl_tag Tag  JOIN fl_topic Topic ON Tag.id=Topic.tagid  JOIN fl_user User ON Topic.uid=User.id WHERE Topic.status=1 GROUP BY Tag.id ORDER BY Count desc LIMIT 8  [ RunTime:0.057304s ]
[ 2011-02-23T16:25:51+08:00 ] SQL: SHOW COLUMNS FROM fl_news [ RunTime:0.039655s ]
[ 2011-02-23T16:25:51+08:00 ] SQL: SHOW COLUMNS FROM fl_news [ RunTime:0.074033s ]
[ 2011-02-23T16:25:51+08:00 ] SQL: SELECT * FROM `fl_news` ORDER BY id desc LIMIT 6  [ RunTime:0.076420s ]
[ 2011-02-23T16:25:51+08:00 ] SQL: SELECT * FROM `fl_user` WHERE userid='admin' LIMIT 1  [ RunTime:0.001621s ]
[ 2011-02-23T16:25:51+08:00 ] SQL: SELECT * FROM `fl_user` WHERE id='1' LIMIT 1  [ RunTime:0.002134s ]
[ 2011-02-23T16:25:51+08:00 ] SQL: SHOW COLUMNS FROM fl_follow [ RunTime:0.025115s ]
[ 2011-02-23T16:25:51+08:00 ] SQL: SELECT COUNT(*) AS tp_count FROM `fl_follow` WHERE objuid=1 LIMIT 1  [ RunTime:0.050172s ]
[ 2011-02-23T16:25:51+08:00 ] SQL: SELECT COUNT(*) AS tp_count FROM `fl_follow` WHERE uid=1 LIMIT 1  [ RunTime:0.000404s ]
[ 2011-02-23T16:25:51+08:00 ] SQL: SELECT COUNT(*) AS tp_count FROM `fl_topic` WHERE uid=1 and status=1 and (type="first" or type="transmit") LIMIT 1  [ RunTime:0.000362s ]
[ 2011-02-23T16:25:51+08:00 ] SQL: SHOW COLUMNS FROM fl_style [ RunTime:0.025893s ]
[ 2011-02-23T16:25:51+08:00 ] SQL: SELECT * FROM `fl_style` WHERE id=6 LIMIT 1  [ RunTime:0.049311s ]
[ 2011-02-23T16:25:51+08:00 ] SQL: SELECT * FROM `fl_user` WHERE userid='admin' LIMIT 1  [ RunTime:0.002586s ]
[ 2011-02-23T16:25:51+08:00 ] SQL: SELECT * FROM `fl_follow` WHERE uid=1 [ RunTime:0.001850s ]
[ 2011-02-23T16:25:52+08:00 ] SQL: SELECT COUNT(*) AS tp_count FROM `fl_topic` WHERE  instr('2,4,6,1',uid) and status=1 and (type='first' or type='transmit') LIMIT 1  [ RunTime:0.019753s ]
[ 2011-02-23T16:25:52+08:00 ] SQL: SELECT * FROM `fl_topic` WHERE  instr('2,4,6,1',uid) and status=1 and (type='first' or type='transmit') ORDER BY id desc LIMIT 0,20  [ RunTime:0.004232s ]
[ 2011-02-23T16:25:52+08:00 ] SQL: SHOW COLUMNS FROM fl_user [ RunTime:0.029930s ]
[ 2011-02-23T16:25:52+08:00 ] SQL: SELECT COUNT(*) AS tp_count FROM `fl_topic` WHERE rootid=304 LIMIT 1  [ RunTime:0.050781s ]
[ 2011-02-23T16:25:52+08:00 ] SQL: SELECT nickname,homepage,avatar FROM `fl_user` WHERE id='1' LIMIT 1  [ RunTime:0.000634s ]
[ 2011-02-23T16:25:52+08:00 ] SQL: SELECT COUNT(*) AS tp_count FROM `fl_topic` WHERE rootid=302 LIMIT 1  [ RunTime:0.001024s ]
[ 2011-02-23T16:25:52+08:00 ] SQL: SELECT nickname,homepage,avatar FROM `fl_user` WHERE id='1' LIMIT 1  [ RunTime:0.000647s ]
[ 2011-02-23T16:25:52+08:00 ] SQL: SELECT COUNT(*) AS tp_count FROM `fl_topic` WHERE rootid=301 LIMIT 1  [ RunTime:0.001006s ]
[ 2011-02-23T16:25:52+08:00 ] SQL: SELECT nickname,homepage,avatar FROM `fl_user` WHERE id='1' LIMIT 1  [ RunTime:0.000367s ]
[ 2011-02-23T16:25:52+08:00 ] SQL: SELECT COUNT(*) AS tp_count FROM `fl_topic` WHERE rootid=300 LIMIT 1  [ RunTime:0.001116s ]
[ 2011-02-23T16:25:52+08:00 ] SQL: SELECT nickname,homepage,avatar FROM `fl_user` WHERE id='1' LIMIT 1  [ RunTime:0.000418s ]
[ 2011-02-23T16:25:52+08:00 ] SQL: SELECT COUNT(*) AS tp_count FROM `fl_topic` WHERE rootid=299 LIMIT 1  [ RunTime:0.001065s ]
[ 2011-02-23T16:25:52+08:00 ] SQL: SELECT nickname,homepage,avatar FROM `fl_user` WHERE id='1' LIMIT 1  [ RunTime:0.001338s ]
[ 2011-02-23T16:25:52+08:00 ] SQL: SELECT COUNT(*) AS tp_count FROM `fl_topic` WHERE rootid=298 LIMIT 1  [ RunTime:0.002437s ]
[ 2011-02-23T16:25:52+08:00 ] SQL: SELECT nickname,homepage,avatar FROM `fl_user` WHERE id='1' LIMIT 1  [ RunTime:0.000580s ]
[ 2011-02-23T16:25:52+08:00 ] SQL: SELECT COUNT(*) AS tp_count FROM `fl_topic` WHERE rootid=297 LIMIT 1  [ RunTime:0.001189s ]
[ 2011-02-23T16:25:52+08:00 ] SQL: SELECT nickname,homepage,avatar FROM `fl_user` WHERE id='1' LIMIT 1  [ RunTime:0.000449s ]
[ 2011-02-23T16:25:52+08:00 ] SQL: SELECT COUNT(*) AS tp_count FROM `fl_topic` WHERE rootid=296 LIMIT 1  [ RunTime:0.001064s ]
[ 2011-02-23T16:25:52+08:00 ] SQL: SELECT nickname,homepage,avatar FROM `fl_user` WHERE id='1' LIMIT 1  [ RunTime:0.001498s ]
[ 2011-02-23T16:25:52+08:00 ] SQL: SELECT COUNT(*) AS tp_count FROM `fl_topic` WHERE rootid=295 LIMIT 1  [ RunTime:0.001049s ]
[ 2011-02-23T16:25:52+08:00 ] SQL: SELECT nickname,homepage,avatar FROM `fl_user` WHERE id='2' LIMIT 1  [ RunTime:0.000705s ]
[ 2011-02-23T16:25:52+08:00 ] SQL: SHOW COLUMNS FROM fl_image [ RunTime:0.026440s ]
[ 2011-02-23T16:25:52+08:00 ] SQL: SELECT * FROM `fl_image` WHERE id='30' LIMIT 1  [ RunTime:0.046499s ]
[ 2011-02-23T16:25:52+08:00 ] SQL: SELECT COUNT(*) AS tp_count FROM `fl_topic` WHERE rootid=293 LIMIT 1  [ RunTime:0.000974s ]
[ 2011-02-23T16:25:52+08:00 ] SQL: SELECT nickname,homepage,avatar FROM `fl_user` WHERE id='2' LIMIT 1  [ RunTime:0.000931s ]
[ 2011-02-23T16:25:52+08:00 ] SQL: SELECT COUNT(*) AS tp_count FROM `fl_topic` WHERE rootid=292 LIMIT 1  [ RunTime:0.001440s ]
[ 2011-02-23T16:25:52+08:00 ] SQL: SELECT nickname,homepage,avatar FROM `fl_user` WHERE id='2' LIMIT 1  [ RunTime:0.000708s ]
[ 2011-02-23T16:25:52+08:00 ] SQL: SELECT COUNT(*) AS tp_count FROM `fl_topic` WHERE rootid=291 LIMIT 1  [ RunTime:0.000988s ]
[ 2011-02-23T16:25:52+08:00 ] SQL: SELECT nickname,homepage,avatar FROM `fl_user` WHERE id='2' LIMIT 1  [ RunTime:0.000369s ]
[ 2011-02-23T16:25:52+08:00 ] SQL: SELECT * FROM `fl_image` WHERE id='29' LIMIT 1  [ RunTime:0.000366s ]
[ 2011-02-23T16:25:52+08:00 ] SQL: SELECT COUNT(*) AS tp_count FROM `fl_topic` WHERE rootid=290 LIMIT 1  [ RunTime:0.000902s ]
[ 2011-02-23T16:25:52+08:00 ] SQL: SELECT nickname,homepage,avatar FROM `fl_user` WHERE id='2' LIMIT 1  [ RunTime:0.000383s ]
[ 2011-02-23T16:25:52+08:00 ] SQL: SELECT COUNT(*) AS tp_count FROM `fl_topic` WHERE rootid=289 LIMIT 1  [ RunTime:0.000951s ]
[ 2011-02-23T16:25:52+08:00 ] SQL: SELECT nickname,homepage,avatar FROM `fl_user` WHERE id='2' LIMIT 1  [ RunTime:0.000583s ]
[ 2011-02-23T16:25:52+08:00 ] SQL: SELECT COUNT(*) AS tp_count FROM `fl_topic` WHERE rootid=288 LIMIT 1  [ RunTime:0.001275s ]
[ 2011-02-23T16:25:52+08:00 ] SQL: SELECT nickname,homepage,avatar FROM `fl_user` WHERE id='1' LIMIT 1  [ RunTime:0.000443s ]
[ 2011-02-23T16:25:52+08:00 ] SQL: SELECT * FROM `fl_image` WHERE id='28' LIMIT 1  [ RunTime:0.000428s ]
[ 2011-02-23T16:25:52+08:00 ] SQL: SELECT COUNT(*) AS tp_count FROM `fl_topic` WHERE rootid=286 LIMIT 1  [ RunTime:0.001051s ]
[ 2011-02-23T16:25:52+08:00 ] SQL: SELECT nickname,homepage,avatar FROM `fl_user` WHERE id='1' LIMIT 1  [ RunTime:0.000417s ]
[ 2011-02-23T16:25:52+08:00 ] SQL: SELECT COUNT(*) AS tp_count FROM `fl_topic` WHERE rootid=285 LIMIT 1  [ RunTime:0.001713s ]
[ 2011-02-23T16:25:52+08:00 ] SQL: SELECT nickname,homepage,avatar FROM `fl_user` WHERE id='1' LIMIT 1  [ RunTime:0.000695s ]
[ 2011-02-23T16:25:52+08:00 ] SQL: SELECT COUNT(*) AS tp_count FROM `fl_topic` WHERE rootid=284 LIMIT 1  [ RunTime:0.002345s ]
[ 2011-02-23T16:25:52+08:00 ] SQL: SELECT nickname,homepage,avatar FROM `fl_user` WHERE id='1' LIMIT 1  [ RunTime:0.000420s ]
[ 2011-02-23T16:25:52+08:00 ] SQL: SELECT COUNT(*) AS tp_count FROM `fl_topic` WHERE rootid=283 LIMIT 1  [ RunTime:0.001054s ]
[ 2011-02-23T16:25:52+08:00 ] SQL: SELECT nickname,homepage,avatar FROM `fl_user` WHERE id='1' LIMIT 1  [ RunTime:0.000399s ]
[ 2011-02-23T16:25:52+08:00 ] SQL: SELECT COUNT(*) AS tp_count FROM `fl_topic` WHERE rootid=282 LIMIT 1  [ RunTime:0.003424s ]
[ 2011-02-23T16:25:52+08:00 ] SQL: SELECT nickname,homepage,avatar FROM `fl_user` WHERE id='1' LIMIT 1  [ RunTime:0.001756s ]
