[ 2011-03-29T15:17:41+08:00 ] SQL: SHOW COLUMNS FROM fl_topic [ RunTime:0.046860s ]
[ 2011-03-29T15:17:41+08:00 ] SQL: SELECT * FROM `fl_topic` WHERE status=1 and type="first" ORDER BY id desc LIMIT 6  [ RunTime:0.060991s ]
[ 2011-03-29T15:17:41+08:00 ] SQL: SHOW COLUMNS FROM fl_user [ RunTime:0.039284s ]
[ 2011-03-29T15:17:41+08:00 ] SQL: SHOW COLUMNS FROM fl_user [ RunTime:0.047071s ]
[ 2011-03-29T15:17:41+08:00 ] SQL: SELECT nickname,homepage,avatar FROM `fl_user` WHERE id='1' LIMIT 1  [ RunTime:0.045456s ]
[ 2011-03-29T15:17:41+08:00 ] SQL: SELECT nickname,homepage,avatar FROM `fl_user` WHERE id='1' LIMIT 1  [ RunTime:0.000209s ]
[ 2011-03-29T15:17:41+08:00 ] SQL: SELECT nickname,homepage,avatar FROM `fl_user` WHERE id='1' LIMIT 1  [ RunTime:0.000167s ]
[ 2011-03-29T15:17:41+08:00 ] SQL: SELECT nickname,homepage,avatar FROM `fl_user` WHERE id='1' LIMIT 1  [ RunTime:0.000162s ]
[ 2011-03-29T15:17:41+08:00 ] SQL: SELECT nickname,homepage,avatar FROM `fl_user` WHERE id='6' LIMIT 1  [ RunTime:0.000382s ]
[ 2011-03-29T15:17:41+08:00 ] SQL: SELECT nickname,homepage,avatar FROM `fl_user` WHERE id='1' LIMIT 1  [ RunTime:0.000198s ]
[ 2011-03-29T15:17:45+08:00 ] NOTIC: [8] Undefined index:  rememberme GlobalAction.class.php 第 94 行.
[ 2011-03-29T15:17:45+08:00 ] SQL: SHOW COLUMNS FROM fl_user [ RunTime:0.015447s ]
[ 2011-03-29T15:17:45+08:00 ] SQL: SELECT * FROM `fl_user` WHERE ( `userid` = 'admin' ) AND ( `password` = '21232f297a57a5a743894a0e4a801fc3' ) LIMIT 1  [ RunTime:0.031816s ]
[ 2011-03-29T15:17:45+08:00 ] SQL: UPDATE `fl_user` SET `login_time`=1301383065,`login_ip`='127.0.0.1' WHERE id=1 [ RunTime:0.000733s ]
[ 2011-03-29T15:17:47+08:00 ] SQL: SHOW COLUMNS FROM fl_tag [ RunTime:0.080166s ]
[ 2011-03-29T15:17:47+08:00 ] SQL: SHOW COLUMNS FROM fl_tag [ RunTime:0.047552s ]
[ 2011-03-29T15:17:47+08:00 ] SQL: SHOW COLUMNS FROM fl_topic [ RunTime:0.031840s ]
[ 2011-03-29T15:17:47+08:00 ] SQL: SHOW COLUMNS FROM fl_topic [ RunTime:0.044384s ]
[ 2011-03-29T15:17:47+08:00 ] SQL: SHOW COLUMNS FROM fl_user [ RunTime:0.042387s ]
[ 2011-03-29T15:17:47+08:00 ] SQL: SHOW COLUMNS FROM fl_user [ RunTime:0.048399s ]
[ 2011-03-29T15:17:47+08:00 ] SQL: SELECT Tag.id AS id,Tag.tagname AS tagname,COUNT(Topic.id) AS count FROM fl_tag Tag  JOIN fl_topic Topic ON Tag.id=Topic.tagid  JOIN fl_user User ON Topic.uid=User.id WHERE Topic.status=1 GROUP BY Tag.id ORDER BY Count desc LIMIT 8  [ RunTime:0.053314s ]
[ 2011-03-29T15:17:47+08:00 ] SQL: SHOW COLUMNS FROM fl_user [ RunTime:0.014345s ]
[ 2011-03-29T15:17:47+08:00 ] SQL: SHOW COLUMNS FROM fl_follow [ RunTime:0.104575s ]
[ 2011-03-29T15:17:47+08:00 ] SQL: SHOW COLUMNS FROM fl_follow [ RunTime:0.063075s ]
[ 2011-03-29T15:17:47+08:00 ] SQL: SELECT User.id AS id,User.nickname AS nickname,User.homepage AS homepage,User.avatar AS avatar,COUNT(Follow.id) AS count FROM fl_user User  JOIN fl_follow Follow ON User.id=Follow.objuid WHERE User.status=1 GROUP BY User.id ORDER BY Count desc LIMIT 3  [ RunTime:0.030694s ]
[ 2011-03-29T15:17:47+08:00 ] SQL: SHOW COLUMNS FROM fl_news [ RunTime:0.074270s ]
[ 2011-03-29T15:17:47+08:00 ] SQL: SHOW COLUMNS FROM fl_news [ RunTime:0.041389s ]
[ 2011-03-29T15:17:47+08:00 ] SQL: SELECT * FROM `fl_news` ORDER BY id desc LIMIT 6  [ RunTime:0.030022s ]
[ 2011-03-29T15:17:47+08:00 ] SQL: SELECT * FROM `fl_user` WHERE userid='admin' LIMIT 1  [ RunTime:0.000498s ]
[ 2011-03-29T15:17:47+08:00 ] SQL: SELECT * FROM `fl_user` WHERE id='1' LIMIT 1  [ RunTime:0.000402s ]
[ 2011-03-29T15:17:47+08:00 ] SQL: SELECT COUNT(*) AS tp_count FROM `fl_follow` WHERE objuid=1 LIMIT 1  [ RunTime:0.000428s ]
[ 2011-03-29T15:17:47+08:00 ] SQL: SELECT COUNT(*) AS tp_count FROM `fl_follow` WHERE uid=1 LIMIT 1  [ RunTime:0.000349s ]
[ 2011-03-29T15:17:47+08:00 ] SQL: SELECT COUNT(*) AS tp_count FROM `fl_topic` WHERE uid=1 and status=1 and (type="first" or type="transmit") LIMIT 1  [ RunTime:0.003630s ]
[ 2011-03-29T15:17:47+08:00 ] SQL: SHOW COLUMNS FROM fl_style [ RunTime:0.064667s ]
[ 2011-03-29T15:17:47+08:00 ] SQL: SELECT * FROM `fl_style` WHERE id=2 LIMIT 1  [ RunTime:0.028315s ]
[ 2011-03-29T15:17:47+08:00 ] SQL: SELECT * FROM `fl_user` WHERE userid='admin' LIMIT 1  [ RunTime:0.000491s ]
[ 2011-03-29T15:17:47+08:00 ] SQL: SELECT * FROM `fl_follow` WHERE uid=1 [ RunTime:0.000518s ]
[ 2011-03-29T15:17:47+08:00 ] SQL: SELECT COUNT(*) AS tp_count FROM `fl_topic` WHERE  instr('2,4,6,8,7,1',uid) and status=1 and (type='first' or type='transmit' or type='dialog') LIMIT 1  [ RunTime:0.012683s ]
[ 2011-03-29T15:17:47+08:00 ] SQL: SELECT * FROM `fl_topic` WHERE  instr('2,4,6,8,7,1',uid) and status=1 and (type='first' or type='transmit' or type='dialog') ORDER BY id desc LIMIT 0,20  [ RunTime:0.000786s ]
[ 2011-03-29T15:17:47+08:00 ] SQL: SHOW COLUMNS FROM fl_user [ RunTime:0.014011s ]
[ 2011-03-29T15:17:48+08:00 ] SQL: SELECT COUNT(*) AS tp_count FROM `fl_topic` WHERE status=1 and rootid=419 and (type='comment' or type='transmit') LIMIT 1  [ RunTime:0.030638s ]
[ 2011-03-29T15:17:48+08:00 ] SQL: SELECT nickname,homepage,avatar FROM `fl_user` WHERE id='1' LIMIT 1  [ RunTime:0.000378s ]
[ 2011-03-29T15:17:48+08:00 ] SQL: SHOW COLUMNS FROM fl_topic [ RunTime:0.013816s ]
[ 2011-03-29T15:17:48+08:00 ] SQL: SELECT * FROM `fl_topic` WHERE id='397' LIMIT 1  [ RunTime:0.029435s ]
[ 2011-03-29T15:17:48+08:00 ] SQL: SELECT nickname,homepage FROM `fl_user` WHERE id='1' LIMIT 1  [ RunTime:0.000371s ]
[ 2011-03-29T15:17:48+08:00 ] SQL: SELECT COUNT(*) AS tp_count FROM `fl_topic` WHERE status=1 and rootid=418 and (type='comment' or type='transmit') LIMIT 1  [ RunTime:0.000564s ]
[ 2011-03-29T15:17:48+08:00 ] SQL: SELECT nickname,homepage,avatar FROM `fl_user` WHERE id='1' LIMIT 1  [ RunTime:0.000176s ]
[ 2011-03-29T15:17:48+08:00 ] SQL: SELECT * FROM `fl_topic` WHERE id='397' LIMIT 1  [ RunTime:0.000174s ]
[ 2011-03-29T15:17:48+08:00 ] SQL: SELECT nickname,homepage FROM `fl_user` WHERE id='1' LIMIT 1  [ RunTime:0.000173s ]
[ 2011-03-29T15:17:48+08:00 ] SQL: SELECT COUNT(*) AS tp_count FROM `fl_topic` WHERE status=1 and rootid=397 and (type='comment' or type='transmit') LIMIT 1  [ RunTime:0.000539s ]
[ 2011-03-29T15:17:48+08:00 ] SQL: SELECT COUNT(*) AS tp_count FROM `fl_topic` WHERE status=1 and rootid=417 and (type='comment' or type='transmit') LIMIT 1  [ RunTime:0.000527s ]
[ 2011-03-29T15:17:48+08:00 ] SQL: SELECT nickname,homepage,avatar FROM `fl_user` WHERE id='1' LIMIT 1  [ RunTime:0.000179s ]
[ 2011-03-29T15:17:48+08:00 ] SQL: SELECT * FROM `fl_topic` WHERE id='348' LIMIT 1  [ RunTime:0.000323s ]
[ 2011-03-29T15:17:48+08:00 ] SQL: SELECT nickname,homepage FROM `fl_user` WHERE id='1' LIMIT 1  [ RunTime:0.000187s ]
[ 2011-03-29T15:17:48+08:00 ] SQL: SELECT COUNT(*) AS tp_count FROM `fl_topic` WHERE status=1 and rootid=348 and (type='comment' or type='transmit') LIMIT 1  [ RunTime:0.000540s ]
[ 2011-03-29T15:17:48+08:00 ] SQL: SELECT COUNT(*) AS tp_count FROM `fl_topic` WHERE status=1 and rootid=416 and (type='comment' or type='transmit') LIMIT 1  [ RunTime:0.000512s ]
[ 2011-03-29T15:17:48+08:00 ] SQL: SELECT nickname,homepage,avatar FROM `fl_user` WHERE id='1' LIMIT 1  [ RunTime:0.000187s ]
[ 2011-03-29T15:17:48+08:00 ] SQL: SHOW COLUMNS FROM fl_image [ RunTime:0.048848s ]
[ 2011-03-29T15:17:48+08:00 ] SQL: SELECT * FROM `fl_image` WHERE id='33' LIMIT 1  [ RunTime:0.045885s ]
[ 2011-03-29T15:17:48+08:00 ] SQL: SELECT COUNT(*) AS tp_count FROM `fl_topic` WHERE status=1 and rootid=401 and (type='comment' or type='transmit') LIMIT 1  [ RunTime:0.000670s ]
[ 2011-03-29T15:17:48+08:00 ] SQL: SELECT nickname,homepage,avatar FROM `fl_user` WHERE id='1' LIMIT 1  [ RunTime:0.000393s ]
[ 2011-03-29T15:17:48+08:00 ] SQL: SELECT * FROM `fl_image` WHERE id='32' LIMIT 1  [ RunTime:0.000363s ]
[ 2011-03-29T15:17:48+08:00 ] SQL: SELECT COUNT(*) AS tp_count FROM `fl_topic` WHERE status=1 and rootid=400 and (type='comment' or type='transmit') LIMIT 1  [ RunTime:0.000552s ]
[ 2011-03-29T15:17:48+08:00 ] SQL: SELECT nickname,homepage,avatar FROM `fl_user` WHERE id='1' LIMIT 1  [ RunTime:0.000178s ]
[ 2011-03-29T15:17:48+08:00 ] SQL: SELECT * FROM `fl_topic` WHERE id='397' LIMIT 1  [ RunTime:0.000169s ]
[ 2011-03-29T15:17:48+08:00 ] SQL: SELECT nickname,homepage FROM `fl_user` WHERE id='1' LIMIT 1  [ RunTime:0.000257s ]
[ 2011-03-29T15:17:48+08:00 ] SQL: SELECT COUNT(*) AS tp_count FROM `fl_topic` WHERE status=1 and rootid=397 and (type='comment' or type='transmit') LIMIT 1  [ RunTime:0.000207s ]
[ 2011-03-29T15:17:48+08:00 ] SQL: SELECT COUNT(*) AS tp_count FROM `fl_topic` WHERE status=1 and rootid=399 and (type='comment' or type='transmit') LIMIT 1  [ RunTime:0.000799s ]
[ 2011-03-29T15:17:48+08:00 ] SQL: SELECT nickname,homepage,avatar FROM `fl_user` WHERE id='1' LIMIT 1  [ RunTime:0.000205s ]
[ 2011-03-29T15:17:48+08:00 ] SQL: SELECT * FROM `fl_topic` WHERE id='397' LIMIT 1  [ RunTime:0.000180s ]
[ 2011-03-29T15:17:48+08:00 ] SQL: SELECT nickname,homepage FROM `fl_user` WHERE id='1' LIMIT 1  [ RunTime:0.000190s ]
[ 2011-03-29T15:17:48+08:00 ] SQL: SELECT COUNT(*) AS tp_count FROM `fl_topic` WHERE status=1 and rootid=397 and (type='comment' or type='transmit') LIMIT 1  [ RunTime:0.000191s ]
[ 2011-03-29T15:17:48+08:00 ] SQL: SELECT COUNT(*) AS tp_count FROM `fl_topic` WHERE status=1 and rootid=398 and (type='comment' or type='transmit') LIMIT 1  [ RunTime:0.000796s ]
[ 2011-03-29T15:17:48+08:00 ] SQL: SELECT nickname,homepage,avatar FROM `fl_user` WHERE id='1' LIMIT 1  [ RunTime:0.000267s ]
[ 2011-03-29T15:17:48+08:00 ] SQL: SELECT * FROM `fl_topic` WHERE id='397' LIMIT 1  [ RunTime:0.000180s ]
[ 2011-03-29T15:17:48+08:00 ] SQL: SELECT nickname,homepage FROM `fl_user` WHERE id='1' LIMIT 1  [ RunTime:0.000158s ]
[ 2011-03-29T15:17:48+08:00 ] SQL: SELECT COUNT(*) AS tp_count FROM `fl_topic` WHERE status=1 and rootid=397 and (type='comment' or type='transmit') LIMIT 1  [ RunTime:0.000207s ]
[ 2011-03-29T15:17:48+08:00 ] SQL: SELECT COUNT(*) AS tp_count FROM `fl_topic` WHERE status=1 and rootid=397 and (type='comment' or type='transmit') LIMIT 1  [ RunTime:0.000160s ]
[ 2011-03-29T15:17:48+08:00 ] SQL: SELECT nickname,homepage,avatar FROM `fl_user` WHERE id='1' LIMIT 1  [ RunTime:0.000181s ]
[ 2011-03-29T15:17:48+08:00 ] SQL: SELECT COUNT(*) AS tp_count FROM `fl_topic` WHERE status=1 and rootid=396 and (type='comment' or type='transmit') LIMIT 1  [ RunTime:0.000600s ]
[ 2011-03-29T15:17:48+08:00 ] SQL: SELECT nickname,homepage,avatar FROM `fl_user` WHERE id='1' LIMIT 1  [ RunTime:0.000186s ]
[ 2011-03-29T15:17:48+08:00 ] SQL: SELECT * FROM `fl_topic` WHERE id='175' LIMIT 1  [ RunTime:0.000320s ]
[ 2011-03-29T15:17:48+08:00 ] SQL: SELECT nickname,homepage FROM `fl_user` WHERE id='1' LIMIT 1  [ RunTime:0.000180s ]
[ 2011-03-29T15:17:48+08:00 ] SQL: SELECT COUNT(*) AS tp_count FROM `fl_topic` WHERE status=1 and rootid=175 and (type='comment' or type='transmit') LIMIT 1  [ RunTime:0.000556s ]
[ 2011-03-29T15:17:48+08:00 ] SQL: SELECT COUNT(*) AS tp_count FROM `fl_topic` WHERE status=1 and rootid=395 and (type='comment' or type='transmit') LIMIT 1  [ RunTime:0.000522s ]
[ 2011-03-29T15:17:48+08:00 ] SQL: SELECT nickname,homepage,avatar FROM `fl_user` WHERE id='1' LIMIT 1  [ RunTime:0.000315s ]
[ 2011-03-29T15:17:48+08:00 ] SQL: SELECT COUNT(*) AS tp_count FROM `fl_topic` WHERE status=1 and rootid=393 and (type='comment' or type='transmit') LIMIT 1  [ RunTime:0.000632s ]
[ 2011-03-29T15:17:48+08:00 ] SQL: SELECT nickname,homepage,avatar FROM `fl_user` WHERE id='6' LIMIT 1  [ RunTime:0.000323s ]
[ 2011-03-29T15:17:48+08:00 ] SQL: SELECT COUNT(*) AS tp_count FROM `fl_topic` WHERE status=1 and rootid=392 and (type='comment' or type='transmit') LIMIT 1  [ RunTime:0.000578s ]
[ 2011-03-29T15:17:48+08:00 ] SQL: SELECT nickname,homepage,avatar FROM `fl_user` WHERE id='1' LIMIT 1  [ RunTime:0.000177s ]
[ 2011-03-29T15:17:48+08:00 ] SQL: SELECT COUNT(*) AS tp_count FROM `fl_topic` WHERE status=1 and rootid=391 and (type='comment' or type='transmit') LIMIT 1  [ RunTime:0.000521s ]
[ 2011-03-29T15:17:48+08:00 ] SQL: SELECT nickname,homepage,avatar FROM `fl_user` WHERE id='1' LIMIT 1  [ RunTime:0.000174s ]
[ 2011-03-29T15:17:48+08:00 ] SQL: SELECT COUNT(*) AS tp_count FROM `fl_topic` WHERE status=1 and rootid=390 and (type='comment' or type='transmit') LIMIT 1  [ RunTime:0.000529s ]
[ 2011-03-29T15:17:48+08:00 ] SQL: SELECT nickname,homepage,avatar FROM `fl_user` WHERE id='6' LIMIT 1  [ RunTime:0.000173s ]
[ 2011-03-29T15:17:48+08:00 ] SQL: SELECT COUNT(*) AS tp_count FROM `fl_topic` WHERE status=1 and rootid=389 and (type='comment' or type='transmit') LIMIT 1  [ RunTime:0.000550s ]
[ 2011-03-29T15:17:48+08:00 ] SQL: SELECT nickname,homepage,avatar FROM `fl_user` WHERE id='1' LIMIT 1  [ RunTime:0.000175s ]
[ 2011-03-29T15:17:48+08:00 ] SQL: SELECT COUNT(*) AS tp_count FROM `fl_topic` WHERE status=1 and rootid=388 and (type='comment' or type='transmit') LIMIT 1  [ RunTime:0.000533s ]
[ 2011-03-29T15:17:48+08:00 ] SQL: SELECT nickname,homepage,avatar FROM `fl_user` WHERE id='1' LIMIT 1  [ RunTime:0.000172s ]
[ 2011-03-29T15:17:48+08:00 ] SQL: SELECT COUNT(*) AS tp_count FROM `fl_topic` WHERE status=1 and rootid=387 and (type='comment' or type='transmit') LIMIT 1  [ RunTime:0.000538s ]
[ 2011-03-29T15:17:48+08:00 ] SQL: SELECT nickname,homepage,avatar FROM `fl_user` WHERE id='1' LIMIT 1  [ RunTime:0.000353s ]
[ 2011-03-29T15:17:48+08:00 ] SQL: SELECT COUNT(*) AS tp_count FROM `fl_topic` WHERE status=1 and rootid=386 and (type='comment' or type='transmit') LIMIT 1  [ RunTime:0.000672s ]
[ 2011-03-29T15:17:48+08:00 ] SQL: SELECT nickname,homepage,avatar FROM `fl_user` WHERE id='1' LIMIT 1  [ RunTime:0.000192s ]
[ 2011-03-29T15:17:48+08:00 ] SQL: SELECT * FROM `fl_topic` WHERE id='348' LIMIT 1  [ RunTime:0.000185s ]
[ 2011-03-29T15:17:48+08:00 ] SQL: SELECT nickname,homepage FROM `fl_user` WHERE id='1' LIMIT 1  [ RunTime:0.000178s ]
[ 2011-03-29T15:17:48+08:00 ] SQL: SELECT COUNT(*) AS tp_count FROM `fl_topic` WHERE status=1 and rootid=348 and (type='comment' or type='transmit') LIMIT 1  [ RunTime:0.000173s ]
[ 2011-03-29T15:17:48+08:00 ] SQL: SELECT COUNT(*) AS tp_count FROM `fl_topic` WHERE status=1 and rootid=385 and (type='comment' or type='transmit') LIMIT 1  [ RunTime:0.000541s ]
[ 2011-03-29T15:17:48+08:00 ] SQL: SELECT nickname,homepage,avatar FROM `fl_user` WHERE id='1' LIMIT 1  [ RunTime:0.000181s ]
[ 2011-03-29T15:17:48+08:00 ] SQL: SELECT * FROM `fl_topic` WHERE id='348' LIMIT 1  [ RunTime:0.000175s ]
[ 2011-03-29T15:17:48+08:00 ] SQL: SELECT nickname,homepage FROM `fl_user` WHERE id='1' LIMIT 1  [ RunTime:0.000170s ]
[ 2011-03-29T15:17:48+08:00 ] SQL: SELECT COUNT(*) AS tp_count FROM `fl_topic` WHERE status=1 and rootid=348 and (type='comment' or type='transmit') LIMIT 1  [ RunTime:0.000182s ]
[ 2011-03-29T15:17:58+08:00 ] SQL: SHOW COLUMNS FROM fl_tag [ RunTime:0.043210s ]
[ 2011-03-29T15:17:58+08:00 ] SQL: SHOW COLUMNS FROM fl_tag [ RunTime:0.048343s ]
[ 2011-03-29T15:17:58+08:00 ] SQL: SHOW COLUMNS FROM fl_topic [ RunTime:0.051941s ]
[ 2011-03-29T15:17:58+08:00 ] SQL: SHOW COLUMNS FROM fl_topic [ RunTime:0.040627s ]
[ 2011-03-29T15:17:58+08:00 ] SQL: SHOW COLUMNS FROM fl_user [ RunTime:0.061834s ]
[ 2011-03-29T15:17:58+08:00 ] SQL: SHOW COLUMNS FROM fl_user [ RunTime:0.045371s ]
[ 2011-03-29T15:17:58+08:00 ] SQL: SELECT Tag.id AS id,Tag.tagname AS tagname,COUNT(Topic.id) AS count FROM fl_tag Tag  JOIN fl_topic Topic ON Tag.id=Topic.tagid  JOIN fl_user User ON Topic.uid=User.id WHERE Topic.status=1 GROUP BY Tag.id ORDER BY Count desc LIMIT 8  [ RunTime:0.033718s ]
[ 2011-03-29T15:17:58+08:00 ] SQL: SHOW COLUMNS FROM fl_user [ RunTime:0.018813s ]
[ 2011-03-29T15:17:58+08:00 ] SQL: SHOW COLUMNS FROM fl_follow [ RunTime:0.053344s ]
[ 2011-03-29T15:17:58+08:00 ] SQL: SHOW COLUMNS FROM fl_follow [ RunTime:0.050479s ]
[ 2011-03-29T15:17:58+08:00 ] SQL: SELECT User.id AS id,User.nickname AS nickname,User.homepage AS homepage,User.avatar AS avatar,COUNT(Follow.id) AS count FROM fl_user User  JOIN fl_follow Follow ON User.id=Follow.objuid WHERE User.status=1 GROUP BY User.id ORDER BY Count desc LIMIT 3  [ RunTime:0.027817s ]
[ 2011-03-29T15:17:58+08:00 ] SQL: SHOW COLUMNS FROM fl_news [ RunTime:0.015029s ]
[ 2011-03-29T15:17:58+08:00 ] SQL: SHOW COLUMNS FROM fl_news [ RunTime:0.042322s ]
[ 2011-03-29T15:17:58+08:00 ] SQL: SELECT * FROM `fl_news` ORDER BY id desc LIMIT 6  [ RunTime:0.053461s ]
[ 2011-03-29T15:17:58+08:00 ] SQL: SELECT * FROM `fl_user` WHERE userid='admin' LIMIT 1  [ RunTime:0.001232s ]
[ 2011-03-29T15:17:58+08:00 ] SQL: SELECT * FROM `fl_user` WHERE id='1' LIMIT 1  [ RunTime:0.000564s ]
[ 2011-03-29T15:17:58+08:00 ] SQL: SELECT COUNT(*) AS tp_count FROM `fl_follow` WHERE objuid=1 LIMIT 1  [ RunTime:0.000482s ]
[ 2011-03-29T15:17:58+08:00 ] SQL: SELECT COUNT(*) AS tp_count FROM `fl_follow` WHERE uid=1 LIMIT 1  [ RunTime:0.000418s ]
[ 2011-03-29T15:17:58+08:00 ] SQL: SELECT COUNT(*) AS tp_count FROM `fl_topic` WHERE uid=1 and status=1 and (type="first" or type="transmit") LIMIT 1  [ RunTime:0.000408s ]
[ 2011-03-29T15:17:58+08:00 ] SQL: SHOW COLUMNS FROM fl_style [ RunTime:0.014349s ]
[ 2011-03-29T15:17:58+08:00 ] SQL: SELECT * FROM `fl_style` WHERE id=2 LIMIT 1  [ RunTime:0.042087s ]
[ 2011-03-29T15:17:58+08:00 ] SQL: SHOW COLUMNS FROM fl_topic [ RunTime:0.015072s ]
[ 2011-03-29T15:17:58+08:00 ] SQL: SELECT * FROM `fl_topic` WHERE id='397' LIMIT 1  [ RunTime:0.029992s ]
[ 2011-03-29T15:17:58+08:00 ] SQL: select t.id,t.content,t.create_time,t.from,u.nickname,u.homepage from fl_topic t,fl_user u where t.rootid=397 and t.uid=u.id order by id desc [ RunTime:0.017579s ]
