[ 2011-02-25T19:15:38+08:00 ] SQL: SHOW COLUMNS FROM fl_user [ RunTime:0.008424s ]
[ 2011-02-25T19:15:38+08:00 ] SQL: SHOW COLUMNS FROM fl_user [ RunTime:0.008046s ]
[ 2011-02-25T19:15:38+08:00 ] SQL: SELECT * FROM `fl_user` WHERE userid='admin' LIMIT 1  [ RunTime:0.007261s ]
[ 2011-02-25T19:15:38+08:00 ] SQL: SHOW COLUMNS FROM fl_tag [ RunTime:0.139132s ]
[ 2011-02-25T19:15:38+08:00 ] SQL: SHOW COLUMNS FROM fl_tag [ RunTime:0.016126s ]
[ 2011-02-25T19:15:38+08:00 ] SQL: SHOW COLUMNS FROM fl_topic [ RunTime:0.008244s ]
[ 2011-02-25T19:15:38+08:00 ] SQL: SHOW COLUMNS FROM fl_topic [ RunTime:0.015764s ]
[ 2011-02-25T19:15:38+08:00 ] SQL: SHOW COLUMNS FROM fl_user [ RunTime:0.015126s ]
[ 2011-02-25T19:15:38+08:00 ] SQL: SELECT Tag.id AS id,Tag.tagname AS tagname,COUNT(Topic.id) AS count FROM fl_tag Tag  JOIN fl_topic Topic ON Tag.id=Topic.tagid  JOIN fl_user User ON Topic.uid=User.id WHERE Topic.status=1 GROUP BY Tag.id ORDER BY Count desc LIMIT 8  [ RunTime:0.013015s ]
[ 2011-02-25T19:15:38+08:00 ] SQL: SHOW COLUMNS FROM fl_news [ RunTime:0.077790s ]
[ 2011-02-25T19:15:38+08:00 ] SQL: SHOW COLUMNS FROM fl_news [ RunTime:0.016868s ]
[ 2011-02-25T19:15:38+08:00 ] SQL: SELECT * FROM `fl_news` ORDER BY id desc LIMIT 6  [ RunTime:0.010025s ]
[ 2011-02-25T19:15:38+08:00 ] SQL: SELECT * FROM `fl_user` WHERE userid='admin' LIMIT 1  [ RunTime:0.000687s ]
[ 2011-02-25T19:15:38+08:00 ] SQL: SELECT * FROM `fl_user` WHERE id='1' LIMIT 1  [ RunTime:0.000765s ]
[ 2011-02-25T19:15:38+08:00 ] SQL: SHOW COLUMNS FROM fl_follow [ RunTime:0.007502s ]
[ 2011-02-25T19:15:38+08:00 ] SQL: SELECT COUNT(*) AS tp_count FROM `fl_follow` WHERE objuid=1 LIMIT 1  [ RunTime:0.008090s ]
[ 2011-02-25T19:15:38+08:00 ] SQL: SELECT COUNT(*) AS tp_count FROM `fl_follow` WHERE uid=1 LIMIT 1  [ RunTime:0.001082s ]
[ 2011-02-25T19:15:38+08:00 ] SQL: SELECT COUNT(*) AS tp_count FROM `fl_topic` WHERE uid=1 and status=1 and (type="first" or type="transmit") LIMIT 1  [ RunTime:0.003437s ]
[ 2011-02-25T19:15:39+08:00 ] SQL: SHOW COLUMNS FROM fl_style [ RunTime:0.327720s ]
[ 2011-02-25T19:15:39+08:00 ] SQL: SELECT * FROM `fl_style` WHERE id=6 LIMIT 1  [ RunTime:0.045626s ]
[ 2011-02-25T19:15:39+08:00 ] SQL: SELECT * FROM `fl_user` WHERE userid='admin' LIMIT 1  [ RunTime:0.000974s ]
[ 2011-02-25T19:15:39+08:00 ] SQL: SELECT * FROM `fl_follow` WHERE uid=1 [ RunTime:0.000547s ]
[ 2011-02-25T19:15:39+08:00 ] SQL: SELECT COUNT(*) AS tp_count FROM `fl_topic` WHERE  instr('2,4,6,1',uid) and status=1 and (type='first' or type='transmit') LIMIT 1  [ RunTime:0.000707s ]
[ 2011-02-25T19:15:39+08:00 ] SQL: SELECT * FROM `fl_topic` WHERE  instr('2,4,6,1',uid) and status=1 and (type='first' or type='transmit') ORDER BY id desc LIMIT 0,20  [ RunTime:0.000625s ]
[ 2011-02-25T19:15:39+08:00 ] SQL: SELECT COUNT(*) AS tp_count FROM `fl_topic` WHERE rootid=304 LIMIT 1  [ RunTime:0.001199s ]
[ 2011-02-25T19:15:39+08:00 ] SQL: SELECT nickname,homepage,avatar FROM `fl_user` WHERE id='1' LIMIT 1  [ RunTime:0.000786s ]
[ 2011-02-25T19:15:39+08:00 ] SQL: SELECT COUNT(*) AS tp_count FROM `fl_topic` WHERE rootid=302 LIMIT 1  [ RunTime:0.001404s ]
[ 2011-02-25T19:15:39+08:00 ] SQL: SELECT nickname,homepage,avatar FROM `fl_user` WHERE id='1' LIMIT 1  [ RunTime:0.000587s ]
[ 2011-02-25T19:15:39+08:00 ] SQL: SELECT COUNT(*) AS tp_count FROM `fl_topic` WHERE rootid=301 LIMIT 1  [ RunTime:0.000982s ]
[ 2011-02-25T19:15:39+08:00 ] SQL: SELECT nickname,homepage,avatar FROM `fl_user` WHERE id='1' LIMIT 1  [ RunTime:0.001125s ]
[ 2011-02-25T19:15:39+08:00 ] SQL: SELECT COUNT(*) AS tp_count FROM `fl_topic` WHERE rootid=300 LIMIT 1  [ RunTime:0.001007s ]
[ 2011-02-25T19:15:39+08:00 ] SQL: SELECT nickname,homepage,avatar FROM `fl_user` WHERE id='1' LIMIT 1  [ RunTime:0.000555s ]
[ 2011-02-25T19:15:39+08:00 ] SQL: SELECT COUNT(*) AS tp_count FROM `fl_topic` WHERE rootid=299 LIMIT 1  [ RunTime:0.001260s ]
[ 2011-02-25T19:15:39+08:00 ] SQL: SELECT nickname,homepage,avatar FROM `fl_user` WHERE id='1' LIMIT 1  [ RunTime:0.000536s ]
[ 2011-02-25T19:15:39+08:00 ] SQL: SELECT COUNT(*) AS tp_count FROM `fl_topic` WHERE rootid=298 LIMIT 1  [ RunTime:0.001010s ]
[ 2011-02-25T19:15:39+08:00 ] SQL: SELECT nickname,homepage,avatar FROM `fl_user` WHERE id='1' LIMIT 1  [ RunTime:0.000504s ]
[ 2011-02-25T19:15:39+08:00 ] SQL: SELECT COUNT(*) AS tp_count FROM `fl_topic` WHERE rootid=297 LIMIT 1  [ RunTime:0.000895s ]
[ 2011-02-25T19:15:39+08:00 ] SQL: SELECT nickname,homepage,avatar FROM `fl_user` WHERE id='1' LIMIT 1  [ RunTime:0.000482s ]
[ 2011-02-25T19:15:39+08:00 ] SQL: SELECT COUNT(*) AS tp_count FROM `fl_topic` WHERE rootid=296 LIMIT 1  [ RunTime:0.000783s ]
[ 2011-02-25T19:15:39+08:00 ] SQL: SELECT nickname,homepage,avatar FROM `fl_user` WHERE id='1' LIMIT 1  [ RunTime:0.000497s ]
[ 2011-02-25T19:15:39+08:00 ] SQL: SELECT COUNT(*) AS tp_count FROM `fl_topic` WHERE rootid=295 LIMIT 1  [ RunTime:0.000822s ]
[ 2011-02-25T19:15:39+08:00 ] SQL: SELECT nickname,homepage,avatar FROM `fl_user` WHERE id='2' LIMIT 1  [ RunTime:0.000687s ]
[ 2011-02-25T19:15:39+08:00 ] SQL: SHOW COLUMNS FROM fl_image [ RunTime:0.048025s ]
[ 2011-02-25T19:15:39+08:00 ] SQL: SELECT * FROM `fl_image` WHERE id='30' LIMIT 1  [ RunTime:0.014424s ]
[ 2011-02-25T19:15:39+08:00 ] SQL: SELECT COUNT(*) AS tp_count FROM `fl_topic` WHERE rootid=293 LIMIT 1  [ RunTime:0.001156s ]
[ 2011-02-25T19:15:39+08:00 ] SQL: SELECT nickname,homepage,avatar FROM `fl_user` WHERE id='2' LIMIT 1  [ RunTime:0.000480s ]
[ 2011-02-25T19:15:39+08:00 ] SQL: SELECT COUNT(*) AS tp_count FROM `fl_topic` WHERE rootid=292 LIMIT 1  [ RunTime:0.000984s ]
[ 2011-02-25T19:15:39+08:00 ] SQL: SELECT nickname,homepage,avatar FROM `fl_user` WHERE id='2' LIMIT 1  [ RunTime:0.000998s ]
[ 2011-02-25T19:15:39+08:00 ] SQL: SELECT COUNT(*) AS tp_count FROM `fl_topic` WHERE rootid=291 LIMIT 1  [ RunTime:0.001242s ]
[ 2011-02-25T19:15:39+08:00 ] SQL: SELECT nickname,homepage,avatar FROM `fl_user` WHERE id='2' LIMIT 1  [ RunTime:0.000830s ]
[ 2011-02-25T19:15:39+08:00 ] SQL: SELECT * FROM `fl_image` WHERE id='29' LIMIT 1  [ RunTime:0.000801s ]
[ 2011-02-25T19:15:39+08:00 ] SQL: SELECT COUNT(*) AS tp_count FROM `fl_topic` WHERE rootid=290 LIMIT 1  [ RunTime:0.001111s ]
[ 2011-02-25T19:15:39+08:00 ] SQL: SELECT nickname,homepage,avatar FROM `fl_user` WHERE id='2' LIMIT 1  [ RunTime:0.000559s ]
[ 2011-02-25T19:15:39+08:00 ] SQL: SELECT COUNT(*) AS tp_count FROM `fl_topic` WHERE rootid=289 LIMIT 1  [ RunTime:0.001138s ]
[ 2011-02-25T19:15:39+08:00 ] SQL: SELECT nickname,homepage,avatar FROM `fl_user` WHERE id='2' LIMIT 1  [ RunTime:0.000610s ]
[ 2011-02-25T19:15:39+08:00 ] SQL: SELECT COUNT(*) AS tp_count FROM `fl_topic` WHERE rootid=288 LIMIT 1  [ RunTime:0.000894s ]
[ 2011-02-25T19:15:39+08:00 ] SQL: SELECT nickname,homepage,avatar FROM `fl_user` WHERE id='1' LIMIT 1  [ RunTime:0.000557s ]
[ 2011-02-25T19:15:39+08:00 ] SQL: SELECT * FROM `fl_image` WHERE id='28' LIMIT 1  [ RunTime:0.000750s ]
[ 2011-02-25T19:15:39+08:00 ] SQL: SELECT COUNT(*) AS tp_count FROM `fl_topic` WHERE rootid=286 LIMIT 1  [ RunTime:0.000941s ]
[ 2011-02-25T19:15:39+08:00 ] SQL: SELECT nickname,homepage,avatar FROM `fl_user` WHERE id='1' LIMIT 1  [ RunTime:0.000753s ]
[ 2011-02-25T19:15:39+08:00 ] SQL: SELECT COUNT(*) AS tp_count FROM `fl_topic` WHERE rootid=285 LIMIT 1  [ RunTime:0.001465s ]
[ 2011-02-25T19:15:39+08:00 ] SQL: SELECT nickname,homepage,avatar FROM `fl_user` WHERE id='1' LIMIT 1  [ RunTime:0.000557s ]
[ 2011-02-25T19:15:39+08:00 ] SQL: SELECT COUNT(*) AS tp_count FROM `fl_topic` WHERE rootid=284 LIMIT 1  [ RunTime:0.000986s ]
[ 2011-02-25T19:15:39+08:00 ] SQL: SELECT nickname,homepage,avatar FROM `fl_user` WHERE id='1' LIMIT 1  [ RunTime:0.000579s ]
[ 2011-02-25T19:15:39+08:00 ] SQL: SELECT COUNT(*) AS tp_count FROM `fl_topic` WHERE rootid=283 LIMIT 1  [ RunTime:0.000946s ]
[ 2011-02-25T19:15:39+08:00 ] SQL: SELECT nickname,homepage,avatar FROM `fl_user` WHERE id='1' LIMIT 1  [ RunTime:0.000485s ]
[ 2011-02-25T19:15:39+08:00 ] SQL: SELECT COUNT(*) AS tp_count FROM `fl_topic` WHERE rootid=282 LIMIT 1  [ RunTime:0.000830s ]
[ 2011-02-25T19:15:39+08:00 ] SQL: SELECT nickname,homepage,avatar FROM `fl_user` WHERE id='1' LIMIT 1  [ RunTime:0.000501s ]
[ 2011-02-25T20:37:16+08:00 ] SQL: SHOW COLUMNS FROM fl_tag [ RunTime:0.068466s ]
[ 2011-02-25T20:37:16+08:00 ] SQL: SHOW COLUMNS FROM fl_tag [ RunTime:0.008566s ]
[ 2011-02-25T20:37:16+08:00 ] SQL: SHOW COLUMNS FROM fl_topic [ RunTime:0.007852s ]
[ 2011-02-25T20:37:16+08:00 ] SQL: SHOW COLUMNS FROM fl_topic [ RunTime:0.014593s ]
[ 2011-02-25T20:37:16+08:00 ] SQL: SHOW COLUMNS FROM fl_user [ RunTime:0.007915s ]
[ 2011-02-25T20:37:16+08:00 ] SQL: SHOW COLUMNS FROM fl_user [ RunTime:0.019712s ]
[ 2011-02-25T20:37:16+08:00 ] SQL: SELECT Tag.id AS id,Tag.tagname AS tagname,COUNT(Topic.id) AS count FROM fl_tag Tag  JOIN fl_topic Topic ON Tag.id=Topic.tagid  JOIN fl_user User ON Topic.uid=User.id WHERE Topic.status=1 GROUP BY Tag.id ORDER BY Count desc LIMIT 8  [ RunTime:0.023274s ]
[ 2011-02-25T20:37:16+08:00 ] SQL: SHOW COLUMNS FROM fl_news [ RunTime:0.036753s ]
[ 2011-02-25T20:37:16+08:00 ] SQL: SHOW COLUMNS FROM fl_news [ RunTime:0.029209s ]
[ 2011-02-25T20:37:16+08:00 ] SQL: SELECT * FROM `fl_news` ORDER BY id desc LIMIT 6  [ RunTime:0.008021s ]
[ 2011-02-25T20:37:16+08:00 ] SQL: SELECT * FROM `fl_user` WHERE userid='admin' LIMIT 1  [ RunTime:0.000439s ]
[ 2011-02-25T20:37:16+08:00 ] SQL: SELECT * FROM `fl_user` WHERE id='1' LIMIT 1  [ RunTime:0.000483s ]
[ 2011-02-25T20:37:16+08:00 ] SQL: SHOW COLUMNS FROM fl_follow [ RunTime:0.021872s ]
[ 2011-02-25T20:37:16+08:00 ] SQL: SELECT COUNT(*) AS tp_count FROM `fl_follow` WHERE objuid=1 LIMIT 1  [ RunTime:0.008004s ]
[ 2011-02-25T20:37:16+08:00 ] SQL: SELECT COUNT(*) AS tp_count FROM `fl_follow` WHERE uid=1 LIMIT 1  [ RunTime:0.000328s ]
[ 2011-02-25T20:37:16+08:00 ] SQL: SELECT COUNT(*) AS tp_count FROM `fl_topic` WHERE uid=1 and status=1 and (type="first" or type="transmit") LIMIT 1  [ RunTime:0.000253s ]
[ 2011-02-25T20:37:16+08:00 ] SQL: SHOW COLUMNS FROM fl_style [ RunTime:0.148043s ]
[ 2011-02-25T20:37:16+08:00 ] SQL: SELECT * FROM `fl_style` WHERE id=6 LIMIT 1  [ RunTime:0.007874s ]
[ 2011-02-25T20:37:16+08:00 ] SQL: SELECT * FROM `fl_user` WHERE userid='admin' LIMIT 1  [ RunTime:0.000686s ]
[ 2011-02-25T20:37:16+08:00 ] SQL: SELECT * FROM `fl_follow` WHERE uid=1 [ RunTime:0.000352s ]
[ 2011-02-25T20:37:16+08:00 ] SQL: SELECT COUNT(*) AS tp_count FROM `fl_topic` WHERE  instr('2,4,6,1',uid) and status=1 and (type='first' or type='transmit') LIMIT 1  [ RunTime:0.000277s ]
[ 2011-02-25T20:37:16+08:00 ] SQL: SELECT * FROM `fl_topic` WHERE  instr('2,4,6,1',uid) and status=1 and (type='first' or type='transmit') ORDER BY id desc LIMIT 0,20  [ RunTime:0.000414s ]
[ 2011-02-25T20:37:16+08:00 ] SQL: SHOW COLUMNS FROM fl_user [ RunTime:0.008520s ]
[ 2011-02-25T20:37:16+08:00 ] SQL: SELECT COUNT(*) AS tp_count FROM `fl_topic` WHERE rootid=304 LIMIT 1  [ RunTime:0.007805s ]
[ 2011-02-25T20:37:16+08:00 ] SQL: SELECT nickname,homepage,avatar FROM `fl_user` WHERE id='1' LIMIT 1  [ RunTime:0.000304s ]
[ 2011-02-25T20:37:16+08:00 ] SQL: SELECT COUNT(*) AS tp_count FROM `fl_topic` WHERE rootid=302 LIMIT 1  [ RunTime:0.000334s ]
[ 2011-02-25T20:37:16+08:00 ] SQL: SELECT nickname,homepage,avatar FROM `fl_user` WHERE id='1' LIMIT 1  [ RunTime:0.000293s ]
[ 2011-02-25T20:37:16+08:00 ] SQL: SELECT COUNT(*) AS tp_count FROM `fl_topic` WHERE rootid=301 LIMIT 1  [ RunTime:0.000316s ]
[ 2011-02-25T20:37:16+08:00 ] SQL: SELECT nickname,homepage,avatar FROM `fl_user` WHERE id='1' LIMIT 1  [ RunTime:0.000276s ]
[ 2011-02-25T20:37:16+08:00 ] SQL: SELECT COUNT(*) AS tp_count FROM `fl_topic` WHERE rootid=300 LIMIT 1  [ RunTime:0.000894s ]
[ 2011-02-25T20:37:16+08:00 ] SQL: SELECT nickname,homepage,avatar FROM `fl_user` WHERE id='1' LIMIT 1  [ RunTime:0.000889s ]
[ 2011-02-25T20:37:16+08:00 ] SQL: SELECT COUNT(*) AS tp_count FROM `fl_topic` WHERE rootid=299 LIMIT 1  [ RunTime:0.000599s ]
[ 2011-02-25T20:37:16+08:00 ] SQL: SELECT nickname,homepage,avatar FROM `fl_user` WHERE id='1' LIMIT 1  [ RunTime:0.000542s ]
[ 2011-02-25T20:37:16+08:00 ] SQL: SELECT COUNT(*) AS tp_count FROM `fl_topic` WHERE rootid=298 LIMIT 1  [ RunTime:0.000323s ]
[ 2011-02-25T20:37:16+08:00 ] SQL: SELECT nickname,homepage,avatar FROM `fl_user` WHERE id='1' LIMIT 1  [ RunTime:0.000262s ]
[ 2011-02-25T20:37:16+08:00 ] SQL: SELECT COUNT(*) AS tp_count FROM `fl_topic` WHERE rootid=297 LIMIT 1  [ RunTime:0.000273s ]
[ 2011-02-25T20:37:16+08:00 ] SQL: SELECT nickname,homepage,avatar FROM `fl_user` WHERE id='1' LIMIT 1  [ RunTime:0.000275s ]
[ 2011-02-25T20:37:16+08:00 ] SQL: SELECT COUNT(*) AS tp_count FROM `fl_topic` WHERE rootid=296 LIMIT 1  [ RunTime:0.000253s ]
[ 2011-02-25T20:37:16+08:00 ] SQL: SELECT nickname,homepage,avatar FROM `fl_user` WHERE id='1' LIMIT 1  [ RunTime:0.000287s ]
[ 2011-02-25T20:37:16+08:00 ] SQL: SELECT COUNT(*) AS tp_count FROM `fl_topic` WHERE rootid=295 LIMIT 1  [ RunTime:0.000345s ]
[ 2011-02-25T20:37:16+08:00 ] SQL: SELECT nickname,homepage,avatar FROM `fl_user` WHERE id='2' LIMIT 1  [ RunTime:0.000338s ]
[ 2011-02-25T20:37:16+08:00 ] SQL: SHOW COLUMNS FROM fl_image [ RunTime:0.031285s ]
[ 2011-02-25T20:37:17+08:00 ] SQL: SELECT * FROM `fl_image` WHERE id='30' LIMIT 1  [ RunTime:0.007123s ]
[ 2011-02-25T20:37:17+08:00 ] SQL: SELECT COUNT(*) AS tp_count FROM `fl_topic` WHERE rootid=293 LIMIT 1  [ RunTime:0.000301s ]
[ 2011-02-25T20:37:17+08:00 ] SQL: SELECT nickname,homepage,avatar FROM `fl_user` WHERE id='2' LIMIT 1  [ RunTime:0.000234s ]
[ 2011-02-25T20:37:17+08:00 ] SQL: SELECT COUNT(*) AS tp_count FROM `fl_topic` WHERE rootid=292 LIMIT 1  [ RunTime:0.000292s ]
[ 2011-02-25T20:37:17+08:00 ] SQL: SELECT nickname,homepage,avatar FROM `fl_user` WHERE id='2' LIMIT 1  [ RunTime:0.000229s ]
[ 2011-02-25T20:37:17+08:00 ] SQL: SELECT COUNT(*) AS tp_count FROM `fl_topic` WHERE rootid=291 LIMIT 1  [ RunTime:0.000418s ]
[ 2011-02-25T20:37:17+08:00 ] SQL: SELECT nickname,homepage,avatar FROM `fl_user` WHERE id='2' LIMIT 1  [ RunTime:0.000448s ]
[ 2011-02-25T20:37:17+08:00 ] SQL: SELECT * FROM `fl_image` WHERE id='29' LIMIT 1  [ RunTime:0.000276s ]
[ 2011-02-25T20:37:17+08:00 ] SQL: SELECT COUNT(*) AS tp_count FROM `fl_topic` WHERE rootid=290 LIMIT 1  [ RunTime:0.000322s ]
[ 2011-02-25T20:37:17+08:00 ] SQL: SELECT nickname,homepage,avatar FROM `fl_user` WHERE id='2' LIMIT 1  [ RunTime:0.000254s ]
[ 2011-02-25T20:37:17+08:00 ] SQL: SELECT COUNT(*) AS tp_count FROM `fl_topic` WHERE rootid=289 LIMIT 1  [ RunTime:0.000314s ]
[ 2011-02-25T20:37:17+08:00 ] SQL: SELECT nickname,homepage,avatar FROM `fl_user` WHERE id='2' LIMIT 1  [ RunTime:0.000361s ]
[ 2011-02-25T20:37:17+08:00 ] SQL: SELECT COUNT(*) AS tp_count FROM `fl_topic` WHERE rootid=288 LIMIT 1  [ RunTime:0.000287s ]
[ 2011-02-25T20:37:17+08:00 ] SQL: SELECT nickname,homepage,avatar FROM `fl_user` WHERE id='1' LIMIT 1  [ RunTime:0.000266s ]
[ 2011-02-25T20:37:17+08:00 ] SQL: SELECT * FROM `fl_image` WHERE id='28' LIMIT 1  [ RunTime:0.000236s ]
[ 2011-02-25T20:37:17+08:00 ] SQL: SELECT COUNT(*) AS tp_count FROM `fl_topic` WHERE rootid=286 LIMIT 1  [ RunTime:0.000252s ]
[ 2011-02-25T20:37:17+08:00 ] SQL: SELECT nickname,homepage,avatar FROM `fl_user` WHERE id='1' LIMIT 1  [ RunTime:0.000232s ]
[ 2011-02-25T20:37:17+08:00 ] SQL: SELECT COUNT(*) AS tp_count FROM `fl_topic` WHERE rootid=285 LIMIT 1  [ RunTime:0.000254s ]
[ 2011-02-25T20:37:17+08:00 ] SQL: SELECT nickname,homepage,avatar FROM `fl_user` WHERE id='1' LIMIT 1  [ RunTime:0.000237s ]
[ 2011-02-25T20:37:17+08:00 ] SQL: SELECT COUNT(*) AS tp_count FROM `fl_topic` WHERE rootid=284 LIMIT 1  [ RunTime:0.000327s ]
[ 2011-02-25T20:37:17+08:00 ] SQL: SELECT nickname,homepage,avatar FROM `fl_user` WHERE id='1' LIMIT 1  [ RunTime:0.000261s ]
[ 2011-02-25T20:37:17+08:00 ] SQL: SELECT COUNT(*) AS tp_count FROM `fl_topic` WHERE rootid=283 LIMIT 1  [ RunTime:0.000255s ]
[ 2011-02-25T20:37:17+08:00 ] SQL: SELECT nickname,homepage,avatar FROM `fl_user` WHERE id='1' LIMIT 1  [ RunTime:0.000226s ]
[ 2011-02-25T20:37:17+08:00 ] SQL: SELECT COUNT(*) AS tp_count FROM `fl_topic` WHERE rootid=282 LIMIT 1  [ RunTime:0.000623s ]
[ 2011-02-25T20:37:17+08:00 ] SQL: SELECT nickname,homepage,avatar FROM `fl_user` WHERE id='1' LIMIT 1  [ RunTime:0.000408s ]
[ 2011-02-25T20:37:27+08:00 ] SQL: SHOW COLUMNS FROM fl_tag [ RunTime:0.008038s ]
[ 2011-02-25T20:37:27+08:00 ] SQL: SHOW COLUMNS FROM fl_tag [ RunTime:0.008310s ]
[ 2011-02-25T20:37:27+08:00 ] SQL: SHOW COLUMNS FROM fl_topic [ RunTime:0.010488s ]
[ 2011-02-25T20:37:27+08:00 ] SQL: SHOW COLUMNS FROM fl_topic [ RunTime:0.014922s ]
[ 2011-02-25T20:37:27+08:00 ] SQL: SHOW COLUMNS FROM fl_user [ RunTime:0.015845s ]
[ 2011-02-25T20:37:27+08:00 ] SQL: SHOW COLUMNS FROM fl_user [ RunTime:0.015817s ]
[ 2011-02-25T20:37:27+08:00 ] SQL: SELECT Tag.id AS id,Tag.tagname AS tagname,COUNT(Topic.id) AS count FROM fl_tag Tag  JOIN fl_topic Topic ON Tag.id=Topic.tagid  JOIN fl_user User ON Topic.uid=User.id WHERE Topic.status=1 GROUP BY Tag.id ORDER BY Count desc LIMIT 8  [ RunTime:0.006877s ]
[ 2011-02-25T20:37:27+08:00 ] SQL: SHOW COLUMNS FROM fl_news [ RunTime:0.006973s ]
[ 2011-02-25T20:37:27+08:00 ] SQL: SHOW COLUMNS FROM fl_news [ RunTime:0.015817s ]
[ 2011-02-25T20:37:27+08:00 ] SQL: SELECT * FROM `fl_news` ORDER BY id desc LIMIT 6  [ RunTime:0.007432s ]
[ 2011-02-25T20:37:27+08:00 ] SQL: SELECT * FROM `fl_user` WHERE userid='admin' LIMIT 1  [ RunTime:0.000401s ]
[ 2011-02-25T20:37:27+08:00 ] SQL: SELECT * FROM `fl_user` WHERE id='1' LIMIT 1  [ RunTime:0.000212s ]
[ 2011-02-25T20:37:27+08:00 ] SQL: SHOW COLUMNS FROM fl_follow [ RunTime:0.006960s ]
[ 2011-02-25T20:37:27+08:00 ] SQL: SELECT COUNT(*) AS tp_count FROM `fl_follow` WHERE objuid=1 LIMIT 1  [ RunTime:0.007131s ]
[ 2011-02-25T20:37:27+08:00 ] SQL: SELECT COUNT(*) AS tp_count FROM `fl_follow` WHERE uid=1 LIMIT 1  [ RunTime:0.000186s ]
[ 2011-02-25T20:37:27+08:00 ] SQL: SELECT COUNT(*) AS tp_count FROM `fl_topic` WHERE uid=1 and status=1 and (type="first" or type="transmit") LIMIT 1  [ RunTime:0.000203s ]
[ 2011-02-25T20:37:27+08:00 ] SQL: SHOW COLUMNS FROM fl_style [ RunTime:0.007248s ]
[ 2011-02-25T20:37:27+08:00 ] SQL: SELECT * FROM `fl_style` WHERE id=6 LIMIT 1  [ RunTime:0.007530s ]
[ 2011-02-25T21:57:02+08:00 ] SQL: SHOW COLUMNS FROM fl_tag [ RunTime:0.046519s ]
[ 2011-02-25T21:57:02+08:00 ] SQL: SHOW COLUMNS FROM fl_tag [ RunTime:0.008172s ]
[ 2011-02-25T21:57:02+08:00 ] SQL: SHOW COLUMNS FROM fl_topic [ RunTime:0.014710s ]
[ 2011-02-25T21:57:02+08:00 ] SQL: SHOW COLUMNS FROM fl_topic [ RunTime:0.016957s ]
[ 2011-02-25T21:57:02+08:00 ] SQL: SHOW COLUMNS FROM fl_user [ RunTime:0.028760s ]
[ 2011-02-25T21:57:02+08:00 ] SQL: SHOW COLUMNS FROM fl_user [ RunTime:0.015762s ]
[ 2011-02-25T21:57:02+08:00 ] SQL: SELECT Tag.id AS id,Tag.tagname AS tagname,COUNT(Topic.id) AS count FROM fl_tag Tag  JOIN fl_topic Topic ON Tag.id=Topic.tagid  JOIN fl_user User ON Topic.uid=User.id WHERE Topic.status=1 GROUP BY Tag.id ORDER BY Count desc LIMIT 8  [ RunTime:0.030581s ]
[ 2011-02-25T21:57:02+08:00 ] SQL: SHOW COLUMNS FROM fl_news [ RunTime:0.051868s ]
[ 2011-02-25T21:57:02+08:00 ] SQL: SHOW COLUMNS FROM fl_news [ RunTime:0.015573s ]
[ 2011-02-25T21:57:02+08:00 ] SQL: SELECT * FROM `fl_news` ORDER BY id desc LIMIT 6  [ RunTime:0.008186s ]
[ 2011-02-25T21:57:02+08:00 ] SQL: SELECT * FROM `fl_user` WHERE userid='admin' LIMIT 1  [ RunTime:0.000442s ]
[ 2011-02-25T21:57:02+08:00 ] SQL: SELECT * FROM `fl_user` WHERE id='1' LIMIT 1  [ RunTime:0.000811s ]
[ 2011-02-25T21:57:02+08:00 ] SQL: SHOW COLUMNS FROM fl_follow [ RunTime:0.041235s ]
[ 2011-02-25T21:57:02+08:00 ] SQL: SELECT COUNT(*) AS tp_count FROM `fl_follow` WHERE objuid=1 LIMIT 1  [ RunTime:0.008092s ]
[ 2011-02-25T21:57:02+08:00 ] SQL: SELECT COUNT(*) AS tp_count FROM `fl_follow` WHERE uid=1 LIMIT 1  [ RunTime:0.000605s ]
[ 2011-02-25T21:57:02+08:00 ] SQL: SELECT COUNT(*) AS tp_count FROM `fl_topic` WHERE uid=1 and status=1 and (type="first" or type="transmit") LIMIT 1  [ RunTime:0.000315s ]
[ 2011-02-25T21:57:02+08:00 ] SQL: SHOW COLUMNS FROM fl_style [ RunTime:0.167813s ]
[ 2011-02-25T21:57:02+08:00 ] SQL: SELECT * FROM `fl_style` WHERE id=6 LIMIT 1  [ RunTime:0.008292s ]
[ 2011-02-25T21:57:02+08:00 ] SQL: SELECT * FROM `fl_user` WHERE userid='admin' LIMIT 1  [ RunTime:0.000797s ]
[ 2011-02-25T21:57:02+08:00 ] SQL: SELECT * FROM `fl_follow` WHERE uid=1 [ RunTime:0.000248s ]
[ 2011-02-25T21:57:02+08:00 ] SQL: SELECT COUNT(*) AS tp_count FROM `fl_topic` WHERE  instr('2,4,6,1',uid) and status=1 and (type='first' or type='transmit') LIMIT 1  [ RunTime:0.000209s ]
[ 2011-02-25T21:57:02+08:00 ] SQL: SELECT * FROM `fl_topic` WHERE  instr('2,4,6,1',uid) and status=1 and (type='first' or type='transmit') ORDER BY id desc LIMIT 0,20  [ RunTime:0.000417s ]
[ 2011-02-25T21:57:02+08:00 ] SQL: SHOW COLUMNS FROM fl_user [ RunTime:0.008774s ]
[ 2011-02-25T21:57:02+08:00 ] SQL: SELECT COUNT(*) AS tp_count FROM `fl_topic` WHERE rootid=304 LIMIT 1  [ RunTime:0.008640s ]
[ 2011-02-25T21:57:02+08:00 ] SQL: SELECT nickname,homepage,avatar FROM `fl_user` WHERE id='1' LIMIT 1  [ RunTime:0.000323s ]
[ 2011-02-25T21:57:02+08:00 ] SQL: SELECT COUNT(*) AS tp_count FROM `fl_topic` WHERE rootid=302 LIMIT 1  [ RunTime:0.000362s ]
[ 2011-02-25T21:57:02+08:00 ] SQL: SELECT nickname,homepage,avatar FROM `fl_user` WHERE id='1' LIMIT 1  [ RunTime:0.000315s ]
[ 2011-02-25T21:57:02+08:00 ] SQL: SELECT COUNT(*) AS tp_count FROM `fl_topic` WHERE rootid=301 LIMIT 1  [ RunTime:0.000336s ]
[ 2011-02-25T21:57:02+08:00 ] SQL: SELECT nickname,homepage,avatar FROM `fl_user` WHERE id='1' LIMIT 1  [ RunTime:0.000290s ]
[ 2011-02-25T21:57:02+08:00 ] SQL: SELECT COUNT(*) AS tp_count FROM `fl_topic` WHERE rootid=300 LIMIT 1  [ RunTime:0.000248s ]
[ 2011-02-25T21:57:02+08:00 ] SQL: SELECT nickname,homepage,avatar FROM `fl_user` WHERE id='1' LIMIT 1  [ RunTime:0.000248s ]
[ 2011-02-25T21:57:02+08:00 ] SQL: SELECT COUNT(*) AS tp_count FROM `fl_topic` WHERE rootid=299 LIMIT 1  [ RunTime:0.000282s ]
[ 2011-02-25T21:57:02+08:00 ] SQL: SELECT nickname,homepage,avatar FROM `fl_user` WHERE id='1' LIMIT 1  [ RunTime:0.000268s ]
[ 2011-02-25T21:57:02+08:00 ] SQL: SELECT COUNT(*) AS tp_count FROM `fl_topic` WHERE rootid=298 LIMIT 1  [ RunTime:0.000362s ]
[ 2011-02-25T21:57:02+08:00 ] SQL: SELECT nickname,homepage,avatar FROM `fl_user` WHERE id='1' LIMIT 1  [ RunTime:0.001230s ]
[ 2011-02-25T21:57:02+08:00 ] SQL: SELECT COUNT(*) AS tp_count FROM `fl_topic` WHERE rootid=297 LIMIT 1  [ RunTime:0.001065s ]
[ 2011-02-25T21:57:02+08:00 ] SQL: SELECT nickname,homepage,avatar FROM `fl_user` WHERE id='1' LIMIT 1  [ RunTime:0.001099s ]
[ 2011-02-25T21:57:02+08:00 ] SQL: SELECT COUNT(*) AS tp_count FROM `fl_topic` WHERE rootid=296 LIMIT 1  [ RunTime:0.001366s ]
[ 2011-02-25T21:57:02+08:00 ] SQL: SELECT nickname,homepage,avatar FROM `fl_user` WHERE id='1' LIMIT 1  [ RunTime:0.000410s ]
[ 2011-02-25T21:57:02+08:00 ] SQL: SELECT COUNT(*) AS tp_count FROM `fl_topic` WHERE rootid=295 LIMIT 1  [ RunTime:0.001044s ]
[ 2011-02-25T21:57:02+08:00 ] SQL: SELECT nickname,homepage,avatar FROM `fl_user` WHERE id='2' LIMIT 1  [ RunTime:0.000742s ]
[ 2011-02-25T21:57:03+08:00 ] SQL: SHOW COLUMNS FROM fl_image [ RunTime:0.057256s ]
[ 2011-02-25T21:57:03+08:00 ] SQL: SELECT * FROM `fl_image` WHERE id='30' LIMIT 1  [ RunTime:0.011542s ]
[ 2011-02-25T21:57:03+08:00 ] SQL: SELECT COUNT(*) AS tp_count FROM `fl_topic` WHERE rootid=293 LIMIT 1  [ RunTime:0.000748s ]
[ 2011-02-25T21:57:03+08:00 ] SQL: SELECT nickname,homepage,avatar FROM `fl_user` WHERE id='2' LIMIT 1  [ RunTime:0.000697s ]
[ 2011-02-25T21:57:03+08:00 ] SQL: SELECT COUNT(*) AS tp_count FROM `fl_topic` WHERE rootid=292 LIMIT 1  [ RunTime:0.000338s ]
[ 2011-02-25T21:57:03+08:00 ] SQL: SELECT nickname,homepage,avatar FROM `fl_user` WHERE id='2' LIMIT 1  [ RunTime:0.000216s ]
[ 2011-02-25T21:57:03+08:00 ] SQL: SELECT COUNT(*) AS tp_count FROM `fl_topic` WHERE rootid=291 LIMIT 1  [ RunTime:0.000689s ]
[ 2011-02-25T21:57:03+08:00 ] SQL: SELECT nickname,homepage,avatar FROM `fl_user` WHERE id='2' LIMIT 1  [ RunTime:0.000533s ]
[ 2011-02-25T21:57:03+08:00 ] SQL: SELECT * FROM `fl_image` WHERE id='29' LIMIT 1  [ RunTime:0.000320s ]
[ 2011-02-25T21:57:03+08:00 ] SQL: SELECT COUNT(*) AS tp_count FROM `fl_topic` WHERE rootid=290 LIMIT 1  [ RunTime:0.000357s ]
[ 2011-02-25T21:57:03+08:00 ] SQL: SELECT nickname,homepage,avatar FROM `fl_user` WHERE id='2' LIMIT 1  [ RunTime:0.000283s ]
[ 2011-02-25T21:57:03+08:00 ] SQL: SELECT COUNT(*) AS tp_count FROM `fl_topic` WHERE rootid=289 LIMIT 1  [ RunTime:0.000345s ]
[ 2011-02-25T21:57:03+08:00 ] SQL: SELECT nickname,homepage,avatar FROM `fl_user` WHERE id='2' LIMIT 1  [ RunTime:0.000254s ]
[ 2011-02-25T21:57:03+08:00 ] SQL: SELECT COUNT(*) AS tp_count FROM `fl_topic` WHERE rootid=288 LIMIT 1  [ RunTime:0.000261s ]
[ 2011-02-25T21:57:03+08:00 ] SQL: SELECT nickname,homepage,avatar FROM `fl_user` WHERE id='1' LIMIT 1  [ RunTime:0.000313s ]
[ 2011-02-25T21:57:03+08:00 ] SQL: SELECT * FROM `fl_image` WHERE id='28' LIMIT 1  [ RunTime:0.000247s ]
[ 2011-02-25T21:57:03+08:00 ] SQL: SELECT COUNT(*) AS tp_count FROM `fl_topic` WHERE rootid=286 LIMIT 1  [ RunTime:0.000327s ]
[ 2011-02-25T21:57:03+08:00 ] SQL: SELECT nickname,homepage,avatar FROM `fl_user` WHERE id='1' LIMIT 1  [ RunTime:0.001509s ]
[ 2011-02-25T21:57:03+08:00 ] SQL: SELECT COUNT(*) AS tp_count FROM `fl_topic` WHERE rootid=285 LIMIT 1  [ RunTime:0.000507s ]
[ 2011-02-25T21:57:03+08:00 ] SQL: SELECT nickname,homepage,avatar FROM `fl_user` WHERE id='1' LIMIT 1  [ RunTime:0.000199s ]
[ 2011-02-25T21:57:03+08:00 ] SQL: SELECT COUNT(*) AS tp_count FROM `fl_topic` WHERE rootid=284 LIMIT 1  [ RunTime:0.000282s ]
[ 2011-02-25T21:57:03+08:00 ] SQL: SELECT nickname,homepage,avatar FROM `fl_user` WHERE id='1' LIMIT 1  [ RunTime:0.000229s ]
[ 2011-02-25T21:57:03+08:00 ] SQL: SELECT COUNT(*) AS tp_count FROM `fl_topic` WHERE rootid=283 LIMIT 1  [ RunTime:0.000210s ]
[ 2011-02-25T21:57:03+08:00 ] SQL: SELECT nickname,homepage,avatar FROM `fl_user` WHERE id='1' LIMIT 1  [ RunTime:0.000398s ]
[ 2011-02-25T21:57:03+08:00 ] SQL: SELECT COUNT(*) AS tp_count FROM `fl_topic` WHERE rootid=282 LIMIT 1  [ RunTime:0.000457s ]
[ 2011-02-25T21:57:03+08:00 ] SQL: SELECT nickname,homepage,avatar FROM `fl_user` WHERE id='1' LIMIT 1  [ RunTime:0.000222s ]
[ 2011-02-25T21:57:10+08:00 ] SQL: SHOW COLUMNS FROM fl_tag [ RunTime:0.007275s ]
[ 2011-02-25T21:57:10+08:00 ] SQL: SHOW COLUMNS FROM fl_tag [ RunTime:0.021856s ]
[ 2011-02-25T21:57:10+08:00 ] SQL: SHOW COLUMNS FROM fl_topic [ RunTime:0.018425s ]
[ 2011-02-25T21:57:10+08:00 ] SQL: SHOW COLUMNS FROM fl_topic [ RunTime:0.018936s ]
[ 2011-02-25T21:57:10+08:00 ] SQL: SHOW COLUMNS FROM fl_user [ RunTime:0.015563s ]
[ 2011-02-25T21:57:10+08:00 ] SQL: SHOW COLUMNS FROM fl_user [ RunTime:0.017781s ]
[ 2011-02-25T21:57:10+08:00 ] SQL: SELECT Tag.id AS id,Tag.tagname AS tagname,COUNT(Topic.id) AS count FROM fl_tag Tag  JOIN fl_topic Topic ON Tag.id=Topic.tagid  JOIN fl_user User ON Topic.uid=User.id WHERE Topic.status=1 GROUP BY Tag.id ORDER BY Count desc LIMIT 8  [ RunTime:0.007503s ]
[ 2011-02-25T21:57:10+08:00 ] SQL: SHOW COLUMNS FROM fl_news [ RunTime:0.006950s ]
[ 2011-02-25T21:57:10+08:00 ] SQL: SHOW COLUMNS FROM fl_news [ RunTime:0.014023s ]
[ 2011-02-25T21:57:10+08:00 ] SQL: SELECT * FROM `fl_news` ORDER BY id desc LIMIT 6  [ RunTime:0.007671s ]
[ 2011-02-25T21:57:10+08:00 ] SQL: SELECT * FROM `fl_user` WHERE userid='admin' LIMIT 1  [ RunTime:0.000325s ]
[ 2011-02-25T21:57:10+08:00 ] SQL: SELECT * FROM `fl_user` WHERE id='1' LIMIT 1  [ RunTime:0.000279s ]
[ 2011-02-25T21:57:10+08:00 ] SQL: SHOW COLUMNS FROM fl_follow [ RunTime:0.007516s ]
[ 2011-02-25T21:57:10+08:00 ] SQL: SELECT COUNT(*) AS tp_count FROM `fl_follow` WHERE objuid=1 LIMIT 1  [ RunTime:0.008083s ]
[ 2011-02-25T21:57:10+08:00 ] SQL: SELECT COUNT(*) AS tp_count FROM `fl_follow` WHERE uid=1 LIMIT 1  [ RunTime:0.000244s ]
[ 2011-02-25T21:57:10+08:00 ] SQL: SELECT COUNT(*) AS tp_count FROM `fl_topic` WHERE uid=1 and status=1 and (type="first" or type="transmit") LIMIT 1  [ RunTime:0.000226s ]
[ 2011-02-25T21:57:10+08:00 ] SQL: SHOW COLUMNS FROM fl_style [ RunTime:0.006742s ]
[ 2011-02-25T21:57:10+08:00 ] SQL: SELECT * FROM `fl_style` WHERE id=6 LIMIT 1  [ RunTime:0.007768s ]
[ 2011-02-25T21:57:10+08:00 ] SQL: SELECT * FROM `fl_user` WHERE userid='admin' LIMIT 1  [ RunTime:0.000637s ]
[ 2011-02-25T21:57:10+08:00 ] SQL: SELECT * FROM `fl_follow` WHERE uid=1 [ RunTime:0.000402s ]
[ 2011-02-25T21:57:10+08:00 ] SQL: SELECT COUNT(*) AS tp_count FROM `fl_topic` WHERE  instr('2,4,6,1',uid) and status=1 and (type='first' or type='transmit') LIMIT 1  [ RunTime:0.000303s ]
[ 2011-02-25T21:57:10+08:00 ] SQL: SELECT * FROM `fl_topic` WHERE  instr('2,4,6,1',uid) and status=1 and (type='first' or type='transmit') ORDER BY id desc LIMIT 20,20  [ RunTime:0.258823s ]
[ 2011-02-25T21:57:10+08:00 ] SQL: SHOW COLUMNS FROM fl_user [ RunTime:0.021156s ]
[ 2011-02-25T21:57:10+08:00 ] SQL: SELECT COUNT(*) AS tp_count FROM `fl_topic` WHERE rootid=281 LIMIT 1  [ RunTime:0.054104s ]
[ 2011-02-25T21:57:10+08:00 ] SQL: SELECT nickname,homepage,avatar FROM `fl_user` WHERE id='1' LIMIT 1  [ RunTime:0.000222s ]
[ 2011-02-25T21:57:10+08:00 ] SQL: SELECT COUNT(*) AS tp_count FROM `fl_topic` WHERE rootid=280 LIMIT 1  [ RunTime:0.000625s ]
[ 2011-02-25T21:57:10+08:00 ] SQL: SELECT nickname,homepage,avatar FROM `fl_user` WHERE id='1' LIMIT 1  [ RunTime:0.000214s ]
[ 2011-02-25T21:57:10+08:00 ] SQL: SELECT COUNT(*) AS tp_count FROM `fl_topic` WHERE rootid=279 LIMIT 1  [ RunTime:0.000657s ]
[ 2011-02-25T21:57:10+08:00 ] SQL: SELECT nickname,homepage,avatar FROM `fl_user` WHERE id='1' LIMIT 1  [ RunTime:0.000227s ]
[ 2011-02-25T21:57:10+08:00 ] SQL: SELECT COUNT(*) AS tp_count FROM `fl_topic` WHERE rootid=278 LIMIT 1  [ RunTime:0.022264s ]
[ 2011-02-25T21:57:10+08:00 ] SQL: SELECT nickname,homepage,avatar FROM `fl_user` WHERE id='1' LIMIT 1  [ RunTime:0.000238s ]
[ 2011-02-25T21:57:10+08:00 ] SQL: SELECT COUNT(*) AS tp_count FROM `fl_topic` WHERE rootid=277 LIMIT 1  [ RunTime:0.000935s ]
[ 2011-02-25T21:57:10+08:00 ] SQL: SELECT nickname,homepage,avatar FROM `fl_user` WHERE id='2' LIMIT 1  [ RunTime:0.000515s ]
[ 2011-02-25T21:57:10+08:00 ] SQL: SELECT COUNT(*) AS tp_count FROM `fl_topic` WHERE rootid=275 LIMIT 1  [ RunTime:0.000973s ]
[ 2011-02-25T21:57:10+08:00 ] SQL: SELECT nickname,homepage,avatar FROM `fl_user` WHERE id='1' LIMIT 1  [ RunTime:0.000261s ]
[ 2011-02-25T21:57:10+08:00 ] SQL: SELECT COUNT(*) AS tp_count FROM `fl_topic` WHERE rootid=273 LIMIT 1  [ RunTime:0.000648s ]
[ 2011-02-25T21:57:10+08:00 ] SQL: SELECT nickname,homepage,avatar FROM `fl_user` WHERE id='1' LIMIT 1  [ RunTime:0.000262s ]
[ 2011-02-25T21:57:10+08:00 ] SQL: SELECT COUNT(*) AS tp_count FROM `fl_topic` WHERE rootid=271 LIMIT 1  [ RunTime:0.000705s ]
[ 2011-02-25T21:57:10+08:00 ] SQL: SELECT nickname,homepage,avatar FROM `fl_user` WHERE id='1' LIMIT 1  [ RunTime:0.000226s ]
[ 2011-02-25T21:57:10+08:00 ] SQL: SELECT COUNT(*) AS tp_count FROM `fl_topic` WHERE rootid=270 LIMIT 1  [ RunTime:0.000874s ]
[ 2011-02-25T21:57:10+08:00 ] SQL: SELECT nickname,homepage,avatar FROM `fl_user` WHERE id='1' LIMIT 1  [ RunTime:0.000683s ]
[ 2011-02-25T21:57:10+08:00 ] SQL: SELECT COUNT(*) AS tp_count FROM `fl_topic` WHERE rootid=269 LIMIT 1  [ RunTime:0.001112s ]
[ 2011-02-25T21:57:10+08:00 ] SQL: SELECT nickname,homepage,avatar FROM `fl_user` WHERE id='1' LIMIT 1  [ RunTime:0.000358s ]
[ 2011-02-25T21:57:10+08:00 ] SQL: SELECT COUNT(*) AS tp_count FROM `fl_topic` WHERE rootid=268 LIMIT 1  [ RunTime:0.000687s ]
[ 2011-02-25T21:57:10+08:00 ] SQL: SELECT nickname,homepage,avatar FROM `fl_user` WHERE id='1' LIMIT 1  [ RunTime:0.000231s ]
[ 2011-02-25T21:57:10+08:00 ] SQL: SELECT COUNT(*) AS tp_count FROM `fl_topic` WHERE rootid=267 LIMIT 1  [ RunTime:0.000704s ]
[ 2011-02-25T21:57:10+08:00 ] SQL: SELECT nickname,homepage,avatar FROM `fl_user` WHERE id='1' LIMIT 1  [ RunTime:0.000440s ]
[ 2011-02-25T21:57:10+08:00 ] SQL: SELECT COUNT(*) AS tp_count FROM `fl_topic` WHERE rootid=266 LIMIT 1  [ RunTime:0.000767s ]
[ 2011-02-25T21:57:10+08:00 ] SQL: SELECT nickname,homepage,avatar FROM `fl_user` WHERE id='1' LIMIT 1  [ RunTime:0.000232s ]
[ 2011-02-25T21:57:10+08:00 ] SQL: SELECT COUNT(*) AS tp_count FROM `fl_topic` WHERE rootid=264 LIMIT 1  [ RunTime:0.000601s ]
[ 2011-02-25T21:57:10+08:00 ] SQL: SELECT nickname,homepage,avatar FROM `fl_user` WHERE id='1' LIMIT 1  [ RunTime:0.000681s ]
[ 2011-02-25T21:57:10+08:00 ] SQL: SELECT COUNT(*) AS tp_count FROM `fl_topic` WHERE rootid=261 LIMIT 1  [ RunTime:0.000867s ]
[ 2011-02-25T21:57:10+08:00 ] SQL: SELECT nickname,homepage,avatar FROM `fl_user` WHERE id='1' LIMIT 1  [ RunTime:0.000234s ]
[ 2011-02-25T21:57:10+08:00 ] SQL: SELECT COUNT(*) AS tp_count FROM `fl_topic` WHERE rootid=260 LIMIT 1  [ RunTime:0.000660s ]
[ 2011-02-25T21:57:10+08:00 ] SQL: SELECT nickname,homepage,avatar FROM `fl_user` WHERE id='1' LIMIT 1  [ RunTime:0.000214s ]
[ 2011-02-25T21:57:10+08:00 ] SQL: SELECT COUNT(*) AS tp_count FROM `fl_topic` WHERE rootid=259 LIMIT 1  [ RunTime:0.000597s ]
[ 2011-02-25T21:57:10+08:00 ] SQL: SELECT nickname,homepage,avatar FROM `fl_user` WHERE id='1' LIMIT 1  [ RunTime:0.000461s ]
[ 2011-02-25T21:57:10+08:00 ] SQL: SELECT COUNT(*) AS tp_count FROM `fl_topic` WHERE rootid=255 LIMIT 1  [ RunTime:0.000816s ]
[ 2011-02-25T21:57:10+08:00 ] SQL: SELECT nickname,homepage,avatar FROM `fl_user` WHERE id='1' LIMIT 1  [ RunTime:0.000214s ]
[ 2011-02-25T21:57:10+08:00 ] SQL: SHOW COLUMNS FROM fl_topic [ RunTime:0.008279s ]
[ 2011-02-25T21:57:10+08:00 ] SQL: SELECT * FROM `fl_topic` WHERE id='241' LIMIT 1  [ RunTime:0.019112s ]
[ 2011-02-25T21:57:10+08:00 ] SQL: SELECT nickname,homepage FROM `fl_user` WHERE id='9' LIMIT 1  [ RunTime:0.011767s ]
[ 2011-02-25T21:57:10+08:00 ] SQL: SELECT COUNT(*) AS tp_count FROM `fl_topic` WHERE rootid=241 LIMIT 1  [ RunTime:0.001108s ]
[ 2011-02-25T21:57:10+08:00 ] SQL: SELECT COUNT(*) AS tp_count FROM `fl_topic` WHERE rootid=254 LIMIT 1  [ RunTime:0.000967s ]
[ 2011-02-25T21:57:10+08:00 ] SQL: SELECT nickname,homepage,avatar FROM `fl_user` WHERE id='1' LIMIT 1  [ RunTime:0.000277s ]
[ 2011-02-25T21:57:10+08:00 ] SQL: SHOW COLUMNS FROM fl_image [ RunTime:0.007578s ]
[ 2011-02-25T21:57:10+08:00 ] SQL: SELECT * FROM `fl_image` WHERE id='27' LIMIT 1  [ RunTime:0.019003s ]
[ 2011-02-25T21:57:10+08:00 ] SQL: SELECT COUNT(*) AS tp_count FROM `fl_topic` WHERE rootid=253 LIMIT 1  [ RunTime:0.000691s ]
[ 2011-02-25T21:57:10+08:00 ] SQL: SELECT nickname,homepage,avatar FROM `fl_user` WHERE id='1' LIMIT 1  [ RunTime:0.000209s ]
[ 2011-02-25T21:57:10+08:00 ] SQL: SELECT * FROM `fl_topic` WHERE id='241' LIMIT 1  [ RunTime:0.001218s ]
[ 2011-02-25T21:57:10+08:00 ] SQL: SELECT nickname,homepage FROM `fl_user` WHERE id='9' LIMIT 1  [ RunTime:0.000473s ]
[ 2011-02-25T21:57:10+08:00 ] SQL: SELECT COUNT(*) AS tp_count FROM `fl_topic` WHERE rootid=241 LIMIT 1  [ RunTime:0.000235s ]
[ 2011-02-25T21:57:15+08:00 ] SQL: SHOW COLUMNS FROM fl_tag [ RunTime:0.007772s ]
[ 2011-02-25T21:57:15+08:00 ] SQL: SHOW COLUMNS FROM fl_tag [ RunTime:0.016515s ]
[ 2011-02-25T21:57:15+08:00 ] SQL: SHOW COLUMNS FROM fl_topic [ RunTime:0.013920s ]
[ 2011-02-25T21:57:15+08:00 ] SQL: SHOW COLUMNS FROM fl_topic [ RunTime:0.015036s ]
[ 2011-02-25T21:57:15+08:00 ] SQL: SHOW COLUMNS FROM fl_user [ RunTime:0.019088s ]
[ 2011-02-25T21:57:15+08:00 ] SQL: SHOW COLUMNS FROM fl_user [ RunTime:0.024257s ]
[ 2011-02-25T21:57:15+08:00 ] SQL: SELECT Tag.id AS id,Tag.tagname AS tagname,COUNT(Topic.id) AS count FROM fl_tag Tag  JOIN fl_topic Topic ON Tag.id=Topic.tagid  JOIN fl_user User ON Topic.uid=User.id WHERE Topic.status=1 GROUP BY Tag.id ORDER BY Count desc LIMIT 8  [ RunTime:0.009536s ]
[ 2011-02-25T21:57:15+08:00 ] SQL: SHOW COLUMNS FROM fl_news [ RunTime:0.009938s ]
[ 2011-02-25T21:57:15+08:00 ] SQL: SHOW COLUMNS FROM fl_news [ RunTime:0.013786s ]
[ 2011-02-25T21:57:15+08:00 ] SQL: SELECT * FROM `fl_news` ORDER BY id desc LIMIT 6  [ RunTime:0.007774s ]
[ 2011-02-25T21:57:15+08:00 ] SQL: SELECT * FROM `fl_user` WHERE userid='admin' LIMIT 1  [ RunTime:0.000480s ]
[ 2011-02-25T21:57:15+08:00 ] SQL: SELECT * FROM `fl_user` WHERE id='1' LIMIT 1  [ RunTime:0.000312s ]
[ 2011-02-25T21:57:15+08:00 ] SQL: SHOW COLUMNS FROM fl_follow [ RunTime:0.007510s ]
[ 2011-02-25T21:57:15+08:00 ] SQL: SELECT COUNT(*) AS tp_count FROM `fl_follow` WHERE objuid=1 LIMIT 1  [ RunTime:0.009484s ]
[ 2011-02-25T21:57:15+08:00 ] SQL: SELECT COUNT(*) AS tp_count FROM `fl_follow` WHERE uid=1 LIMIT 1  [ RunTime:0.000425s ]
[ 2011-02-25T21:57:15+08:00 ] SQL: SELECT COUNT(*) AS tp_count FROM `fl_topic` WHERE uid=1 and status=1 and (type="first" or type="transmit") LIMIT 1  [ RunTime:0.000296s ]
[ 2011-02-25T21:57:15+08:00 ] SQL: SHOW COLUMNS FROM fl_style [ RunTime:0.007046s ]
[ 2011-02-25T21:57:15+08:00 ] SQL: SELECT * FROM `fl_style` WHERE id=6 LIMIT 1  [ RunTime:0.008212s ]
[ 2011-02-25T21:57:15+08:00 ] SQL: SHOW COLUMNS FROM fl_topic [ RunTime:0.007501s ]
[ 2011-02-25T21:57:15+08:00 ] SQL: SELECT * FROM `fl_topic` WHERE id='241' LIMIT 1  [ RunTime:0.006934s ]
[ 2011-02-25T21:57:15+08:00 ] SQL: SELECT COUNT(*) AS tp_count FROM `fl_topic` WHERE rootid=241 and type="transmit" LIMIT 1  [ RunTime:0.001259s ]
[ 2011-02-25T21:57:15+08:00 ] SQL: SELECT COUNT(*) AS tp_count FROM `fl_topic` WHERE rootid=241 and type="comment" LIMIT 1  [ RunTime:0.000901s ]
[ 2011-02-25T21:57:15+08:00 ] SQL: SHOW COLUMNS FROM fl_user [ RunTime:0.007768s ]
[ 2011-02-25T21:57:15+08:00 ] SQL: SELECT * FROM `fl_user` WHERE id='9' LIMIT 1  [ RunTime:0.008458s ]
[ 2011-02-25T21:57:15+08:00 ] SQL: select t.id,t.uid,u.nickname,u.avatar,t.imgid,t.type,t.rootid, u.homepage,t.create_time ,t.content,t.from from fl_user u,fl_topic t where t.uid=u.id and t.rootid=241 and (t.type='transmit' or t.type='comment')  order by id desc limit 0,10 [ RunTime:0.036943s ]
[ 2011-02-25T21:57:15+08:00 ] NOTIC: [8] Undefined variable: id TopicAction.class.php 第 68 行.
[ 2011-02-25T21:57:15+08:00 ] SQL: SELECT COUNT(*) AS tp_count FROM `fl_topic` WHERE rootid= LIMIT 1  [ RunTime:0.017435s ]
[ 2011-02-25T21:57:15+08:00 ] NOTIC: [8] Undefined variable: id TopicAction.class.php 第 68 行.
[ 2011-02-25T21:57:15+08:00 ] SQL: SELECT COUNT(*) AS tp_count FROM `fl_topic` WHERE rootid= LIMIT 1  [ RunTime:0.000650s ]
[ 2011-02-25T21:57:15+08:00 ] NOTIC: [8] Undefined variable: id TopicAction.class.php 第 68 行.
[ 2011-02-25T21:57:15+08:00 ] SQL: SELECT COUNT(*) AS tp_count FROM `fl_topic` WHERE rootid= LIMIT 1  [ RunTime:0.000544s ]
[ 2011-02-25T21:57:15+08:00 ] NOTIC: [8] Undefined variable: id TopicAction.class.php 第 68 行.
[ 2011-02-25T21:57:15+08:00 ] SQL: SELECT COUNT(*) AS tp_count FROM `fl_topic` WHERE rootid= LIMIT 1  [ RunTime:0.000306s ]
